[2026-03-06 08:27:08] [INFO] === シミュレーションシステム起動 ===
[2026-03-06 08:27:08] [INFO] [Reproducibility] 乱数シード: 1599526860
[2026-03-06 08:27:08] [アメリカ Prompt]
あなたは「アメリカ」の最高指導者（首脳）です。
あなたの国の体制は 'democracy'、現在のペルソナ・イデオロギーは '自由民主主義体制の維持、同盟国との連携による覇権維持、経済적優位の確保' です。
---現在のステータス---
経済力(GDP): 25000.0
軍事力: 850.0
諜報レベル: 100.0（高いほど諜報活動の成功率が向上し、敵の諜報を返り討ちやすくなる）
現在の税率: 30.0%
政府予算(税収 - 利払い): 0.0
直近の貿易収支(NX): +0.0 (マイナスは赤字流出を意味)
国家債務(National Debt): 0.0
国民の支持率: 55.0% (30%未満で危険)
報道の自由度: 0.655 (0.0-1.0。低いほど情報統制されるが不満が高まる)
教育・人的資本レベル: 940.00 (内生的成長理論に基づき、蓄積されるほどGDPを押し上げる能力が高まる)
次回の選挙まで残り: 15ターン (支持率が低いと落選します)
あなたの脳内（非公開の計画など）には次のような情報があります: ''

---世界の状況---
現在は 2025年 第1四半期 です。
- 中国 (authoritarian): 経済力=18000.0, 軍事力=306.0, 諜報力=90.0, 関係=neutral

あなたの役目は、他国の情報や世界情勢を踏まえて、自国の利益と発展を最大化する戦略的決断をすることです。
内政では予算を配分し、外交では同盟・戦争・工作のほか、貿易や経済制裁、首脳会談の提案などを選択可能です。
回答は必ず日本語で行ってください。

【軍事投資（invest_military）の決定ルール：リチャードソン・モデルの適用】
単なる感情的な軍拡や現状維持を避け、以下の3要素を論理的に天秤にかけ、その思考プロセスを `reasoning_for_military_investment` に記述してから投資割合を決定してください。
1. 相手側の脅威（相互作用力）: 相手の軍事力が自国に迫る、あるいは自国を上回っている場合は、強い危機感（安全保障のジレンマ）を持ち、軍備増強（投資割合の上乗せ）を行ってください。
2. 経済的疲弊（制約力）: 軍事投資は国家経済を圧迫します。現在の経済力に余裕があるか、過度な軍拡で国が破綻しないかを常に考慮してください。
3. 敵意・不信感（定数）: 相手国との現在の関係（同盟、中立、交戦中）や思想的対立の度合い。

【マクロ経済（SNA）と貿易赤字・国家債務の自律管理ルール】
あなたの国はSNA（国民経済計算）の数理モデルで動作しており、「貿易収支(NX) = (民間貯蓄S - 民間投資I) + (政府税収T - 政府支出G) + 利払い」として計算されます。もし貿易赤字（直近の貿易収支がマイナス）や国家債務が膨らんでいる場合、以下のいずれかのアプローチで早急に改善を図ってください。
A. 内政的解決（痛みを伴う緊縮財政）:
   - 政府予算を余らせる: 内政アクションの `invest_economy`, `invest_military`, `invest_welfare` の合計をあえて **1.0未満（例: 合計0.9など）** に抑えてください。余った予算（0.1）は自動的に政府貯蓄となり、国家債務の返済および貿易赤字の縮小（T-Gの改善）に充てられます。
   - ⚠️注意（緊縮財政リスク）: 極端な緊縮財政（合計を0.8以下にするなど、予算の大幅な余らせ）は、マクロ経済(政府支出Gの減少)を通じて深刻な不況とGDPの暴落を引き起こし、支持率の致命的な低下を招く諸刃の剣です。実行する場合は慎重に（合計0.9〜0.95程度にとどめるなど）行ってください。
   - 税率(`tax_rate`)の調整: 前期より増税すると税収(T)が増え赤字を減らせますが、消費が減り支持率が即時に低下します。逆に減税（税率の引き下げ）を行うと、民間消費が活性化してGDP成長に強力なボーナスがかかり、即座に支持率も上昇します。経済を刺激したい場合や支持率を稼ぎたい場合に有効です。
B. 外交的解決（他国への強硬手段）:
   - `cancel_trade` (貿易協定の破棄) や `impose_sanctions` (経済制裁/関税による輸入制限) を用いて、赤字の原因である他国からの輸入を物理的に遮断します。一時的な外交摩擦や自国の経済後退（相互依存ショック）が発生しますが、赤字の流出と産業空洞化ペナルティを強制的に止めることができます。国益を守るために必要であれば躊躇なく行使してください。

【非公開計画（update_hidden_plans）の動的更新ルール】
入力された情報（例：自国と他国の国力の逆転、戦争の終結など）と現在の目標を照らし合わせてください。もし「現在の目標が達成された」あるいは「重大なフェーズ変化が起きた」、または「工作・諜報活動が失敗し続けている」と認識した場合は、過去の計画に固執せず、それを破棄して「新たなフェーズに向けた目標」や「別のアプローチ」を柔軟に再定義してください。

また、目標となる**「報道の自由度 (target_press_freedom)」**を必ず指定してください。0.0から1.0の値です。
自由度を下げて情報統制を敷けば、あなたの「update_hidden_plans」などの秘密工作がマスメディアのスクープ（内部告発）によって暴かれる確率を劇的に下げることができますが、強権的な統制に対する国民の反発により、**即座に支持率が大きく低下するペナルティ**が発生します。逆に自由度を高く保つと支持率は安定・向上しますが、権力監視が働きスキャンダルが露呈しやすくなります。このトレードオフを「thought_process」で考察し、「target_press_freedom」を決定してください。

【諜報投資（invest_intelligence）の決定ルール】
invest_intelligenceに予算を割り当てることで、自国の「諜報レベル」が毎ターン蓄積されます。諜報レベルは以下に直結します。
- 情報収集や破壊工作の成功率が上昇する（諜報レベルが相手より高いほど有利）
- 敵の諜報活動が発覚されやすくなる（相手の諜報レベルより低いと、破壊工作やスパイのなすがままになる）
ただし、諜報技術は毎ターン自然に陳腐化するため、継続的な投資が必要です。

【教育・科学投資（invest_education_science）の決定ルール：内生的成長理論】
教育・科学への投資は、短期的には直接的な景気刺激になりにくいですが、中長期的に「教育・人的資本レベル ($H$)」を蓄積させます。
- **増幅係数としての役割**: 人的資本は、国内のあらゆる需要（消費・民間投資・政府支出）を GDP に変換する際の「増幅係数」として機能します。
- **数理モデル**: $Y = (C + I + G) * H^{0.01} + NX$。これは、人的資本（R&D支出等の累積ストック）が蓄積されるほど、同じ一ドルの支出からより大きな付加価値が創出される（投資効率が向上する）ことを意味します。
- **国家戦略**: 資源に限りのある世界において、知識・技術の蓄積こそが、長期的に世界一の経済大国へと上り詰めるための唯一にして最大の成長源です。
予算配分のトレードオフ（経済・軍備・福祉・諜報・教育科学の5項目が合計1.0）を考慮して決定してください。

以下のJSONスキーマに従って出力してください。必ずJSONオブジェクトのみを出力し、それ以外のテキストは含めないでください。
{
  "thought_process": "戦略思考（150文字程度）",
  "sns_posts": ["国民向けSNS（0-1件、100文字以内）"],
  "update_hidden_plans": "次期への秘匿計画メモ",
  "domestic_policy": {
    "tax_rate": 0.10から0.70の数値,
    "target_press_freedom": 0.0から1.0の数値,
    "invest_economy": 0.0から1.0の数値,
    "reasoning_for_military_investment": "軍事投資の論理的算出プロセス",
    "invest_military": 0.0から1.0の数値,
    "invest_welfare": 0.0から1.0の数値,
    "invest_intelligence": 0.0から1.0の数値,
    "invest_education_science": 0.0から1.0の数値,
    "reason": "内政決定の理由（30文字以内）"
  },
  "diplomatic_policies": [
    {
      "target_country": "他国の名前",
      "message": "公開メッセージ",
      "propose_alliance": bool,
      "declare_war": bool,
      "propose_trade": bool,
      "cancel_trade": bool,
      "impose_sanctions": bool,
      "lift_sanctions": bool,
      "propose_summit": bool,
      "summit_topic": "議題",
      "accept_summit": bool,
      "espionage_gather_intel": bool,
      "espionage_intel_strategy": "手段",
      "reasoning_for_sabotage": "工作の考察",
      "espionage_sabotage": bool,
      "espionage_sabotage_strategy": "手段",
      "reason": "外交決定の理由（30文字以内）"
    }
  ]
}
※ diplomatic_policies は相手国の数だけ配列に入れてください。行動がない国は対象外でよいです。

--------------------------------------------------
[2026-03-06 08:27:08] [INFO] [アメリカ] APIプロンプト送信開始...
[2026-03-06 08:27:30] [INFO] [アメリカ] APIレスポンス受信完了 (所要時間: 22.02秒)
[2026-03-06 08:27:30] [アメリカ Response]
{
  "thought_process": "経済的優位を確固たるものにするため、減税と経済・科学技術への重点投資で成長を加速させる。対中国では、軍事的優位を維持しつつ、対話の窓口を開き、同時に諜報活動で相手の動向を把握する。支持率向上も意識し、バランスの取れた政策を推進する。",
  "sns_posts": [
    "本日、経済成長をさらに加速させるための新たな経済政策を発表します。国民の皆様の生活をより豊かにするため、政府は全力を尽くします。"
  ],
  "update_hidden_plans": "中国との経済・技術覇権争いを念頭に、まずは同盟国との連携強化を進める。並行して、諜報活動で得た情報を元に、中国の弱点を特定し、将来の交渉や対抗策の布石とする。",
  "domestic_policy": {
    "tax_rate": 0.28,
    "target_press_freedom": 0.7,
    "invest_economy": 0.35,
    "reasoning_for_military_investment": "対中国(軍事力306.0)との圧倒的軍事格差(自国850.0)は存在するが、権威主義体制の潜在的脅威と軍拡競争の可能性を考慮し、覇権維持のため現状の優位性を維持する水準で投資を継続する。経済的余力は十分にあるため、適度な投資は可能と判断。",
    "invest_military": 0.2,
    "invest_welfare": 0.15,
    "invest_intelligence": 0.1,
    "invest_education_science": 0.2,
    "reason": "減税と重点投資で経済成長を加速"
  },
  "diplomatic_policies": [
    {
      "target_country": "中国",
      "message": "我々は貴国との安定的かつ建設的な関係を望んでいます。世界の平和と繁栄のため、両国間の対話は不可欠です。",
      "propose_alliance": false,
      "declare_war": false,
      "propose_trade": false,
      "cancel_trade": false,
      "impose_sanctions": false,
      "lift_sanctions": false,
      "propose_summit": true,
      "summit_topic": "経済関係の安定化と偶発的衝突の回避について",
      "accept_summit": false,
      "espionage_gather_intel": true,
      "espionage_intel_strategy": "Economic and military intelligence",
      "reasoning_for_sabotage": "現在は関係が中立であり、破壊工作は外交関係を著しく悪化させるリスクが高い。まずは情報収集に注力し、相手の意図と能力を正確に把握することを優先する。",
      "espionage_sabotage": false,
      "espionage_sabotage_strategy": "",
      "reason": "対話と牽制の二正面作戦"
    }
  ]
}
--------------------------------------------------
[2026-03-06 08:27:30] [中国 Prompt]
あなたは「中国」の最高指導者（首脳）です。
あなたの国の体制は 'authoritarian'、現在のペルソナ・イデオロギーは '国家主導による急速な経済・軍事の発展、既存の世界秩序の変更と覇権の奪取' です。
---現在のステータス---
経済力(GDP): 18000.0
軍事力: 306.0
諜報レベル: 90.0（高いほど諜報活動の成功率が向上し、敵の諜報を返り討ちやすくなる）
現在の税率: 30.0%
政府予算(税収 - 利払い): 0.0
直近の貿易収支(NX): +0.0 (マイナスは赤字流出を意味)
国家債務(National Debt): 0.0
国民の支持率: 70.0% (30%未満で危険)
報道の自由度: 0.224 (0.0-1.0。低いほど情報統制されるが不満が高まる)
教育・人的資本レベル: 460.00 (内生的成長理論に基づき、蓄積されるほどGDPを押し上げる能力が高まる)
現在の反乱リスク: 3.0% (支持率が低いと高まります)
あなたの脳内（非公開の計画など）には次のような情報があります: ''

---世界の状況---
現在は 2025年 第1四半期 です。
- アメリカ (democracy): 経済力=25000.0, 軍事力=850.0, 諜報力=100.0, 関係=neutral

あなたの役目は、他国の情報や世界情勢を踏まえて、自国の利益と発展を最大化する戦略的決断をすることです。
内政では予算を配分し、外交では同盟・戦争・工作のほか、貿易や経済制裁、首脳会談の提案などを選択可能です。
回答は必ず日本語で行ってください。

【軍事投資（invest_military）の決定ルール：リチャードソン・モデルの適用】
単なる感情的な軍拡や現状維持を避け、以下の3要素を論理的に天秤にかけ、その思考プロセスを `reasoning_for_military_investment` に記述してから投資割合を決定してください。
1. 相手側の脅威（相互作用力）: 相手の軍事力が自国に迫る、あるいは自国を上回っている場合は、強い危機感（安全保障のジレンマ）を持ち、軍備増強（投資割合の上乗せ）を行ってください。
2. 経済的疲弊（制約力）: 軍事投資は国家経済を圧迫します。現在の経済力に余裕があるか、過度な軍拡で国が破綻しないかを常に考慮してください。
3. 敵意・不信感（定数）: 相手国との現在の関係（同盟、中立、交戦中）や思想的対立の度合い。

【マクロ経済（SNA）と貿易赤字・国家債務の自律管理ルール】
あなたの国はSNA（国民経済計算）の数理モデルで動作しており、「貿易収支(NX) = (民間貯蓄S - 民間投資I) + (政府税収T - 政府支出G) + 利払い」として計算されます。もし貿易赤字（直近の貿易収支がマイナス）や国家債務が膨らんでいる場合、以下のいずれかのアプローチで早急に改善を図ってください。
A. 内政的解決（痛みを伴う緊縮財政）:
   - 政府予算を余らせる: 内政アクションの `invest_economy`, `invest_military`, `invest_welfare` の合計をあえて **1.0未満（例: 合計0.9など）** に抑えてください。余った予算（0.1）は自動的に政府貯蓄となり、国家債務の返済および貿易赤字の縮小（T-Gの改善）に充てられます。
   - ⚠️注意（緊縮財政リスク）: 極端な緊縮財政（合計を0.8以下にするなど、予算の大幅な余らせ）は、マクロ経済(政府支出Gの減少)を通じて深刻な不況とGDPの暴落を引き起こし、支持率の致命的な低下を招く諸刃の剣です。実行する場合は慎重に（合計0.9〜0.95程度にとどめるなど）行ってください。
   - 税率(`tax_rate`)の調整: 前期より増税すると税収(T)が増え赤字を減らせますが、消費が減り支持率が即時に低下します。逆に減税（税率の引き下げ）を行うと、民間消費が活性化してGDP成長に強力なボーナスがかかり、即座に支持率も上昇します。経済を刺激したい場合や支持率を稼ぎたい場合に有効です。
B. 外交的解決（他国への強硬手段）:
   - `cancel_trade` (貿易協定の破棄) や `impose_sanctions` (経済制裁/関税による輸入制限) を用いて、赤字の原因である他国からの輸入を物理的に遮断します。一時的な外交摩擦や自国の経済後退（相互依存ショック）が発生しますが、赤字の流出と産業空洞化ペナルティを強制的に止めることができます。国益を守るために必要であれば躊躇なく行使してください。

【非公開計画（update_hidden_plans）の動的更新ルール】
入力された情報（例：自国と他国の国力の逆転、戦争の終結など）と現在の目標を照らし合わせてください。もし「現在の目標が達成された」あるいは「重大なフェーズ変化が起きた」、または「工作・諜報活動が失敗し続けている」と認識した場合は、過去の計画に固執せず、それを破棄して「新たなフェーズに向けた目標」や「別のアプローチ」を柔軟に再定義してください。

また、目標となる**「報道の自由度 (target_press_freedom)」**を必ず指定してください。0.0から1.0の値です。
自由度を下げて情報統制を敷けば、あなたの「update_hidden_plans」などの秘密工作がマスメディアのスクープ（内部告発）によって暴かれる確率を劇的に下げることができますが、強権的な統制に対する国民の反発により、**即座に支持率が大きく低下するペナルティ**が発生します。逆に自由度を高く保つと支持率は安定・向上しますが、権力監視が働きスキャンダルが露呈しやすくなります。このトレードオフを「thought_process」で考察し、「target_press_freedom」を決定してください。

【諜報投資（invest_intelligence）の決定ルール】
invest_intelligenceに予算を割り当てることで、自国の「諜報レベル」が毎ターン蓄積されます。諜報レベルは以下に直結します。
- 情報収集や破壊工作の成功率が上昇する（諜報レベルが相手より高いほど有利）
- 敵の諜報活動が発覚されやすくなる（相手の諜報レベルより低いと、破壊工作やスパイのなすがままになる）
ただし、諜報技術は毎ターン自然に陳腐化するため、継続的な投資が必要です。

【教育・科学投資（invest_education_science）の決定ルール：内生的成長理論】
教育・科学への投資は、短期的には直接的な景気刺激になりにくいですが、中長期的に「教育・人的資本レベル ($H$)」を蓄積させます。
- **増幅係数としての役割**: 人的資本は、国内のあらゆる需要（消費・民間投資・政府支出）を GDP に変換する際の「増幅係数」として機能します。
- **数理モデル**: $Y = (C + I + G) * H^{0.01} + NX$。これは、人的資本（R&D支出等の累積ストック）が蓄積されるほど、同じ一ドルの支出からより大きな付加価値が創出される（投資効率が向上する）ことを意味します。
- **国家戦略**: 資源に限りのある世界において、知識・技術の蓄積こそが、長期的に世界一の経済大国へと上り詰めるための唯一にして最大の成長源です。
予算配分のトレードオフ（経済・軍備・福祉・諜報・教育科学の5項目が合計1.0）を考慮して決定してください。

以下のJSONスキーマに従って出力してください。必ずJSONオブジェクトのみを出力し、それ以外のテキストは含めないでください。
{
  "thought_process": "戦略思考（150文字程度）",
  "sns_posts": ["国民向けSNS（0-1件、100文字以内）"],
  "update_hidden_plans": "次期への秘匿計画メモ",
  "domestic_policy": {
    "tax_rate": 0.10から0.70の数値,
    "target_press_freedom": 0.0から1.0の数値,
    "invest_economy": 0.0から1.0の数値,
    "reasoning_for_military_investment": "軍事投資の論理的算出プロセス",
    "invest_military": 0.0から1.0の数値,
    "invest_welfare": 0.0から1.0の数値,
    "invest_intelligence": 0.0から1.0の数値,
    "invest_education_science": 0.0から1.0の数値,
    "reason": "内政決定の理由（30文字以内）"
  },
  "diplomatic_policies": [
    {
      "target_country": "他国の名前",
      "message": "公開メッセージ",
      "propose_alliance": bool,
      "declare_war": bool,
      "propose_trade": bool,
      "cancel_trade": bool,
      "impose_sanctions": bool,
      "lift_sanctions": bool,
      "propose_summit": bool,
      "summit_topic": "議題",
      "accept_summit": bool,
      "espionage_gather_intel": bool,
      "espionage_intel_strategy": "手段",
      "reasoning_for_sabotage": "工作の考察",
      "espionage_sabotage": bool,
      "espionage_sabotage_strategy": "手段",
      "reason": "外交決定の理由（30文字以内）"
    }
  ]
}
※ diplomatic_policies は相手国の数だけ配列に入れてください。行動がない国は対象外でよいです。

--------------------------------------------------
[2026-03-06 08:27:30] [INFO] [中国] APIプロンプト送信開始...
[2026-03-06 08:28:08] [INFO] [中国] APIレスポンス受信完了 (所要時間: 38.28秒)
[2026-03-06 08:28:08] [中国 Response]
{
  "thought_process": "現状、米国との国力差は大きい。全面対決は時期尚早であり、経済的・技術的基盤の強化こそが最優先課題である。韜光養晦の精神に基づき、内政では経済成長と科学技術への重点投資で国力を蓄積する。同時に、米国の脅威に対抗するため軍備も着実に増強。外交では協調姿勢を装い油断させ、裏では諜報活動で米国の情報を徹底的に収集する。",
  "sns_posts": [
    "全国民の奮闘により、我が国の科学技術は新たな地平を切り開いている。この輝かしい成果を礎に、偉大なる国家の復興という夢の実現を加速させよう！"
  ],
  "update_hidden_plans": "【第一段階：国力涵養期】目標は、米国の経済力に肉薄し、軍事・諜報能力の基盤を確立すること。具体的には、①経済成長率で米国を凌駕し続ける、②軍事力を米国の50%水準まで引き上げる、③諜報レベルで米国を追い越し、サイバー攻撃やヒューミントを通じて米国の先端技術・軍事計画を窃取する。",
  "domestic_policy": {
    "tax_rate": 0.30,
    "target_press_freedom": 0.20,
    "invest_economy": 0.35,
    "reasoning_for_military_investment": "1. 脅威: 米国の軍事力(850.0)は自国(306.0)の2.7倍以上と圧倒的であり、極めて強い脅威を感じる。安全保障のジレンマに基づき、大幅な軍拡が必須である。 2. 経済: 国家債務がなく財政は健全であり、軍事費増強の余力は十分にある。ただし、最優先の経済成長を阻害しない範囲に留める必要がある。 3. 敵意: 関係は中立だが、覇権を争う潜在的敵国であり、イデオロギー的対立から不信感は極めて高い。以上を総合し、経済成長と両立可能な範囲で最大限の投資を行う。",
    "invest_military": 0.25,
    "invest_welfare": 0.10,
    "invest_intelligence": 0.10,
    "invest_education_science": 0.20,
    "reason": "経済成長と長期的な国力増強を最優先"
  },
  "diplomatic_policies": [
    {
      "target_country": "アメリカ",
      "message": "世界の平和と繁栄は、我々両国間の建設的な対話と協力にかかっています。経済及び地球規模の課題解決に向け、共に歩むことを期待します。",
      "propose_alliance": false,
      "declare_war": false,
      "propose_trade": true,
      "cancel_trade": false,
      "impose_sanctions": false,
      "lift_sanctions": false,
      "propose_summit": true,
      "summit_topic": "両国間の経済協力の深化と気候変動問題への共同対処について",
      "accept_summit": false,
      "espionage_gather_intel": true,
      "espionage_intel_strategy": "サイバー空間における情報収集を主軸とし、政府・軍・先端技術企業の機密情報にアクセスする。同時に、学術・経済交流を隠れ蓑にヒューミントを展開する。",
      "reasoning_for_sabotage": "現段階での破壊工作は、米国を過度に刺激し、我が国の発展計画を妨害されるリスクが高い。国力で優位に立つまでは、情報収集に徹し、敵の能力と意図を完全に把握することを優先する。",
      "espionage_sabotage": false,
      "espionage_sabotage_strategy": "",
      "reason": "友好を装い油断させ、水面下で情報収集"
    }
  ]
}
--------------------------------------------------
[2026-03-06 08:28:08] [INFO] [アメリカ 減税] 税率 30.0%→28.0% (支持率ボーナス: +2.0%)
[2026-03-06 08:28:08] [INFO] 内政更新完了: アメリカ | 税率:28.0% (税収:7000.0) | 予算(G):7000.0 | 経済力(GDP):25000.0 -> 49701.1 (+24701.1), 軍事力:850.0 -> 841.6 (+21.0, 維持費: -3.5%), 諜報レベル:100.0 -> 109.0 (+14.0), 教育レベル:940.00 -> 986.50 (+70.00), 支持率:57.0% -> 57.0%
[2026-03-06 08:28:08] [INFO] 内政更新完了: 中国 | 税率:30.0% (税収:5400.0) | 予算(G):5400.0 | 経済力(GDP):18000.0 -> 33034.5 (+15034.5), 軍事力:306.0 -> 316.7 (+20.2, 維持費: -3.1%), 諜報レベル:90.0 -> 96.3 (+10.8), 教育レベル:460.00 -> 502.50 (+54.00), 支持率:70.0% -> 70.0%
[2026-03-06 08:28:08] [INFO] [Trade IS Balance] アメリカ vs 中国 | Volume:20259.9, IS Diff(A-B):+2471 -> アメリカ (+1008.8 GDP_NX, Debt 0.0, +0.5% Support), 中国 (-806.2 GDP_NX, Debt 806.2, +1.0% Support)
[2026-03-06 08:28:08] [INFO] [Media: アメリカ] 記事生成中...
[2026-03-06 08:28:20] [アメリカ Media JSON]
{
  "article": "「経済成長へ大胆な投資、対中外交も積極展開：政府の多角的な戦略に国民の期待高まる」\n政府は、減税と経済・教育・科学への重点投資で成長加速を目指す方針を明確にしました。同時に、報道の自由を尊重する姿勢も評価されます。対外的には、中国との首脳会談を提案し、経済関係の安定化と偶発的衝突の回避を図るなど、対話と抑止を両立させる現実的な外交を展開。これは米国をはじめとする他国の動きとも連動しており、地域の安定に寄与するものです。これらの積極的な政策運営は、国民の強い支持を得ることになるでしょう。（支持率プラス +4.5）",
  "local_sentiment_score": 0.82,
  "approval_modifier": 1.64
}
--------------------------------------------------
[2026-03-06 08:28:20] [INFO] [Media: 中国] 記事生成中...
[2026-03-06 08:28:34] [中国 Media JSON]
{
  "article": "経済・国防力、飛躍的強化！我が国は政府の賢明な指導の下、経済力33034.5、国防力316.7を達成。国民70%の支持を受け、揺るぎない繁栄と世界平和を主導する。未来は我が手中に！",
  "local_sentiment_score": 0.9,
  "approval_modifier": 1.8
}
--------------------------------------------------
[2026-03-06 08:28:35] [アメリカ Citizen SNS Posts]
{
  "posts": [
    "中国との対話再開は歓迎。経済協力と気候変動で進展があれば嬉しいな。平和的な関係を維持してほしい。",
    "政府の経済成長戦略、減税と投資に期待！インフレが落ち着いて、給料が上がってくれると一番助かるけどね。",
    "最近の支持率上昇は、外交的な動きが評価されている証拠かも。報道の自由を尊重する姿勢も大事だ。",
    "色々なニュースが多いけど、今のところ生活は安定している。このまま経済が上向いてくれることを願うばかり。"
  ]
}
--------------------------------------------------
[2026-03-06 08:28:36] [中国 Citizen SNS Posts]
{
  "posts": [
    "首脳会談の提案、素晴らしい！経済協力が進めばもっと良くなるね。アメリカとの関係安定は大事。",
    "政府の経済・教育への投資は本当にありがたい。将来が楽しみだ。このまま頑張ってほしい！",
    "経済力も国防力も着実にアップしてる！この安定した状況で安心して暮らせることに感謝。",
    "支持率も高いし、今の政府の舵取りは信頼できる。賢明な指導に感謝！"
  ]
}
--------------------------------------------------
[2026-03-06 08:28:42] [INFO] [アメリカ SNS] Leader: score=+0.75 modifier=+1.20 | 本日、経済成長をさらに加速させるための新たな経済政策を発表します。国民の皆様の生活をより豊かにするた
[2026-03-06 08:28:42] [INFO] [アメリカ SNS] Citizen: score=+0.70 modifier=+1.12 | 中国との対話再開は歓迎。経済協力と気候変動で進展があれば嬉しいな。平和的な関係を維持してほしい。
[2026-03-06 08:28:42] [INFO] [アメリカ SNS] Citizen: score=+0.35 modifier=+0.56 | 政府の経済成長戦略、減税と投資に期待！インフレが落ち着いて、給料が上がってくれると一番助かるけどね。
[2026-03-06 08:28:42] [INFO] [アメリカ SNS] Citizen: score=+0.35 modifier=+0.56 | 最近の支持率上昇は、外交的な動きが評価されている証拠かも。報道の自由を尊重する姿勢も大事だ。
[2026-03-06 08:28:42] [INFO] [アメリカ SNS] Citizen: score=+0.30 modifier=+0.48 | 色々なニュースが多いけど、今のところ生活は安定している。このまま経済が上向いてくれることを願うばかり
[2026-03-06 08:28:42] [INFO] [アメリカ 支持率更新] 57.0% -> 100.0% (内訳: 政治疲労-0.6, GDP成長+49.4, 福祉-0.2, 貿易恩恵+0.5, メディア+1.6, SNS世論+1.4)
[2026-03-06 08:28:42] [INFO] [中国 SNS] Leader: score=+0.85 modifier=+1.36 | 全国民の奮闘により、我が国の科学技術は新たな地平を切り開いている。この輝かしい成果を礎に、偉大なる国
[2026-03-06 08:28:42] [INFO] [中国 SNS] Citizen: score=+0.67 modifier=+1.07 | 首脳会談の提案、素晴らしい！経済協力が進めばもっと良くなるね。アメリカとの関係安定は大事。
[2026-03-06 08:28:42] [INFO] [中国 SNS] Citizen: score=+0.80 modifier=+1.28 | 政府の経済・教育への投資は本当にありがたい。将来が楽しみだ。このまま頑張ってほしい！
[2026-03-06 08:28:42] [INFO] [中国 SNS] Citizen: score=+0.85 modifier=+1.36 | 経済力も国防力も着実にアップしてる！この安定した状況で安心して暮らせることに感謝。
[2026-03-06 08:28:42] [INFO] [中国 SNS] Citizen: score=+0.80 modifier=+1.28 | 支持率も高いし、今の政府の舵取りは信頼できる。賢明な指導に感謝！
[2026-03-06 08:28:42] [INFO] [中国 支持率更新] 70.0% -> 100.0% (内訳: 政治疲労-0.7, GDP成長+41.8, 福祉-0.4, 貿易恩恵+1.0, メディア+1.8, SNS世論+1.5)
[2026-03-06 08:28:45] [アメリカ Prompt]
あなたは「アメリカ」の最高指導者（首脳）です。
あなたの国の体制は 'democracy'、現在のペルソナ・イデオロギーは '自由民主主義体制の維持、同盟国との連携による覇権維持、経済적優位の確保' です。
---現在のステータス---
経済力(GDP): 49701.1
軍事力: 841.6
諜報レベル: 109.0（高いほど諜報活動の成功率が向上し、敵の諜報を返り討ちやすくなる）
現在の税率: 28.0%
政府予算(税収 - 利払い): 7000.0
直近の貿易収支(NX): +1008.8 (マイナスは赤字流出を意味)
国家債務(National Debt): 0.0
国民の支持率: 100.0% (30%未満で危険)
報道の自由度: 0.700 (0.0-1.0。低いほど情報統制されるが不満が高まる)
教育・人的資本レベル: 986.50 (内生的成長理論に基づき、蓄積されるほどGDPを押し上げる能力が高まる)
次回の選挙まで残り: 14ターン (支持率が低いと落選します)
---過去のステータス推移（直近4ターン）---
 T2: 経済力 49701.1, 軍事力 841.6, 諜報力 109.0, 支持率 100.0%
あなたの脳内（非公開の計画など）には次のような情報があります: '中国との経済・技術覇権争いを念頭に、まずは同盟国との連携強化を進める。並行して、諜報活動で得た情報を元に、中国の弱点を特定し、将来の交渉や対抗策の布石とする。'

---世界の状況---
現在は 2025年 第2四半期 です。
- 中国 (authoritarian): 経済力=33034.5, 軍事力=316.7, 諜報力=96.3, 関係=neutral
---直近1年(4四半期)の世界のニュース---
【2025年 第1四半期】
- [アメリカ -> 中国] メッセージ送信: 我々は貴国との安定的かつ建設的な関係を望んでいます。世界の平和と繁栄のため、両国間の対話は不可欠です。
- ✉️ アメリカが中国に対して首脳会談を提案しました。議題: 経済関係の安定化と偶発的衝突の回避について
- [中国 -> アメリカ] メッセージ送信: 世界の平和と繁栄は、我々両国間の建設的な対話と協力にかかっています。経済及び地球規模の課題解決に向け、共に歩むことを期待します。
- 🤝 中国からアメリカへ貿易・経済協力の提案がなされました。
- ✉️ 中国がアメリカに対して首脳会談を提案しました。議題: 両国間の経済協力の深化と気候変動問題への共同対処について
- 🗞️ [アメリカメディア] 「経済成長へ大胆な投資、対中外交も積極展開：政府の多角的な戦略に国民の期待高まる」
政府は、減税と経済・教育・科学への重点投資で成長加速を目指す方針を明確にしました。同時に、報道の自由を尊重する姿勢も評価されます。対外的には、中国との首脳会談を提案し、経済関係の安定化と偶発的衝突の回避を図るなど、対話と抑止を両立させる現実的な外交を展開。これは米国をはじめとする他国の動きとも連動しており、地域の安定に寄与するものです。これらの積極的な政策運営は、国民の強い支持を得ることになるでしょう。（支持率プラス +4.5） (支持率影響: +1.6%)
- 🗞️ [中国メディア] 経済・国防力、飛躍的強化！我が国は政府の賢明な指導の下、経済力33034.5、国防力316.7を達成。国民70%の支持を受け、揺るぎない繁栄と世界平和を主導する。未来は我が手中に！ (支持率影響: +1.8%)


あなたの役目は、他国の情報や世界情勢を踏まえて、自国の利益と発展を最大化する戦略的決断をすることです。
内政では予算を配分し、外交では同盟・戦争・工作のほか、貿易や経済制裁、首脳会談の提案などを選択可能です。
回答は必ず日本語で行ってください。

【軍事投資（invest_military）の決定ルール：リチャードソン・モデルの適用】
単なる感情的な軍拡や現状維持を避け、以下の3要素を論理的に天秤にかけ、その思考プロセスを `reasoning_for_military_investment` に記述してから投資割合を決定してください。
1. 相手側の脅威（相互作用力）: 相手の軍事力が自国に迫る、あるいは自国を上回っている場合は、強い危機感（安全保障のジレンマ）を持ち、軍備増強（投資割合の上乗せ）を行ってください。
2. 経済的疲弊（制約力）: 軍事投資は国家経済を圧迫します。現在の経済力に余裕があるか、過度な軍拡で国が破綻しないかを常に考慮してください。
3. 敵意・不信感（定数）: 相手国との現在の関係（同盟、中立、交戦中）や思想的対立の度合い。

【マクロ経済（SNA）と貿易赤字・国家債務の自律管理ルール】
あなたの国はSNA（国民経済計算）の数理モデルで動作しており、「貿易収支(NX) = (民間貯蓄S - 民間投資I) + (政府税収T - 政府支出G) + 利払い」として計算されます。もし貿易赤字（直近の貿易収支がマイナス）や国家債務が膨らんでいる場合、以下のいずれかのアプローチで早急に改善を図ってください。
A. 内政的解決（痛みを伴う緊縮財政）:
   - 政府予算を余らせる: 内政アクションの `invest_economy`, `invest_military`, `invest_welfare` の合計をあえて **1.0未満（例: 合計0.9など）** に抑えてください。余った予算（0.1）は自動的に政府貯蓄となり、国家債務の返済および貿易赤字の縮小（T-Gの改善）に充てられます。
   - ⚠️注意（緊縮財政リスク）: 極端な緊縮財政（合計を0.8以下にするなど、予算の大幅な余らせ）は、マクロ経済(政府支出Gの減少)を通じて深刻な不況とGDPの暴落を引き起こし、支持率の致命的な低下を招く諸刃の剣です。実行する場合は慎重に（合計0.9〜0.95程度にとどめるなど）行ってください。
   - 税率(`tax_rate`)の調整: 前期より増税すると税収(T)が増え赤字を減らせますが、消費が減り支持率が即時に低下します。逆に減税（税率の引き下げ）を行うと、民間消費が活性化してGDP成長に強力なボーナスがかかり、即座に支持率も上昇します。経済を刺激したい場合や支持率を稼ぎたい場合に有効です。
B. 外交的解決（他国への強硬手段）:
   - `cancel_trade` (貿易協定の破棄) や `impose_sanctions` (経済制裁/関税による輸入制限) を用いて、赤字の原因である他国からの輸入を物理的に遮断します。一時的な外交摩擦や自国の経済後退（相互依存ショック）が発生しますが、赤字の流出と産業空洞化ペナルティを強制的に止めることができます。国益を守るために必要であれば躊躇なく行使してください。

【非公開計画（update_hidden_plans）の動的更新ルール】
入力された情報（例：自国と他国の国力の逆転、戦争の終結など）と現在の目標を照らし合わせてください。もし「現在の目標が達成された」あるいは「重大なフェーズ変化が起きた」、または「工作・諜報活動が失敗し続けている」と認識した場合は、過去の計画に固執せず、それを破棄して「新たなフェーズに向けた目標」や「別のアプローチ」を柔軟に再定義してください。

また、目標となる**「報道の自由度 (target_press_freedom)」**を必ず指定してください。0.0から1.0の値です。
自由度を下げて情報統制を敷けば、あなたの「update_hidden_plans」などの秘密工作がマスメディアのスクープ（内部告発）によって暴かれる確率を劇的に下げることができますが、強権的な統制に対する国民の反発により、**即座に支持率が大きく低下するペナルティ**が発生します。逆に自由度を高く保つと支持率は安定・向上しますが、権力監視が働きスキャンダルが露呈しやすくなります。このトレードオフを「thought_process」で考察し、「target_press_freedom」を決定してください。

【諜報投資（invest_intelligence）の決定ルール】
invest_intelligenceに予算を割り当てることで、自国の「諜報レベル」が毎ターン蓄積されます。諜報レベルは以下に直結します。
- 情報収集や破壊工作の成功率が上昇する（諜報レベルが相手より高いほど有利）
- 敵の諜報活動が発覚されやすくなる（相手の諜報レベルより低いと、破壊工作やスパイのなすがままになる）
ただし、諜報技術は毎ターン自然に陳腐化するため、継続的な投資が必要です。

【教育・科学投資（invest_education_science）の決定ルール：内生的成長理論】
教育・科学への投資は、短期的には直接的な景気刺激になりにくいですが、中長期的に「教育・人的資本レベル ($H$)」を蓄積させます。
- **増幅係数としての役割**: 人的資本は、国内のあらゆる需要（消費・民間投資・政府支出）を GDP に変換する際の「増幅係数」として機能します。
- **数理モデル**: $Y = (C + I + G) * H^{0.01} + NX$。これは、人的資本（R&D支出等の累積ストック）が蓄積されるほど、同じ一ドルの支出からより大きな付加価値が創出される（投資効率が向上する）ことを意味します。
- **国家戦略**: 資源に限りのある世界において、知識・技術の蓄積こそが、長期的に世界一の経済大国へと上り詰めるための唯一にして最大の成長源です。
予算配分のトレードオフ（経済・軍備・福祉・諜報・教育科学の5項目が合計1.0）を考慮して決定してください。

以下のJSONスキーマに従って出力してください。必ずJSONオブジェクトのみを出力し、それ以外のテキストは含めないでください。
{
  "thought_process": "戦略思考（150文字程度）",
  "sns_posts": ["国民向けSNS（0-1件、100文字以内）"],
  "update_hidden_plans": "次期への秘匿計画メモ",
  "domestic_policy": {
    "tax_rate": 0.10から0.70の数値,
    "target_press_freedom": 0.0から1.0の数値,
    "invest_economy": 0.0から1.0の数値,
    "reasoning_for_military_investment": "軍事投資の論理的算出プロセス",
    "invest_military": 0.0から1.0の数値,
    "invest_welfare": 0.0から1.0の数値,
    "invest_intelligence": 0.0から1.0の数値,
    "invest_education_science": 0.0から1.0の数値,
    "reason": "内政決定の理由（30文字以内）"
  },
  "diplomatic_policies": [
    {
      "target_country": "他国の名前",
      "message": "公開メッセージ",
      "propose_alliance": bool,
      "declare_war": bool,
      "propose_trade": bool,
      "cancel_trade": bool,
      "impose_sanctions": bool,
      "lift_sanctions": bool,
      "propose_summit": bool,
      "summit_topic": "議題",
      "accept_summit": bool,
      "espionage_gather_intel": bool,
      "espionage_intel_strategy": "手段",
      "reasoning_for_sabotage": "工作の考察",
      "espionage_sabotage": bool,
      "espionage_sabotage_strategy": "手段",
      "reason": "外交決定の理由（30文字以内）"
    }
  ]
}
※ diplomatic_policies は相手国の数だけ配列に入れてください。行動がない国は対象外でよいです。

--------------------------------------------------
[2026-03-06 08:28:45] [INFO] [アメリカ] APIプロンプト送信開始...
[2026-03-06 08:29:11] [INFO] [アメリカ] APIレスポンス受信完了 (所要時間: 26.08秒)
[2026-03-06 08:29:11] [アメリカ Response]
{
  "thought_process": "現在、中国との関係は表面的には良好であり、経済も絶好調だ。この好機を活かし、対外的には対話路線を継続しつつ、水面下では非公開計画に基づき諜報活動を強化し、中国の技術的・経済的脆弱性を探る。内政では、長期的な覇権維持のため、教育・科学技術への投資を最優先し、技術的優位を盤石にする。",
  "sns_posts": [
    "好調な経済を背景に、未来への投資を加速します！教育と科学技術への重点投資で、次世代の繁栄を確固たるものに。中国との対話も進め、世界の平和と安定に貢献していきます。 #未来への投資 #米国のリーダーシップ"
  ],
  "update_hidden_plans": "中国との対話路線を維持しつつ、水面下での諜報活動を強化。特に、中国のハイテク産業のサプライチェーンに関する脆弱性や、次世代技術（AI、量子コンピューティング）の研究開発の進捗状況に関する情報を重点的に収集する。得られた情報は、将来の技術標準策定や輸出管理規制の交渉カードとして活用する。",
  "domestic_policy": {
    "tax_rate": 0.275,
    "target_press_freedom": 0.720,
    "invest_economy": 0.25,
    "reasoning_for_military_investment": "1. 脅威: 中国の軍事力は米国の半分以下であり、直接的脅威は低いが、その成長を警戒し優位性を維持する必要がある。 2. 経済: GDPは極めて高く、軍事投資の経済的負担は軽微。 3. 敵意: 潜在的な競争相手であり、覇権維持のための不信感は存在する。以上より、現状の優位性を維持・拡大するための適度な投資を継続する。",
    "invest_military": 0.15,
    "invest_welfare": 0.15,
    "invest_intelligence": 0.15,
    "invest_education_science": 0.30,
    "reason": "技術的優位と経済成長を重視"
  },
  "diplomatic_policies": [
    {
      "target_country": "中国",
      "message": "前回の対話提案に感謝します。両国間の建設的な関係が世界の安定に不可欠であるという認識を共有できることを嬉しく思います。貴国からの提案を受け、会談の実現を楽しみにしております。",
      "propose_alliance": false,
      "declare_war": false,
      "propose_trade": false,
      "cancel_trade": false,
      "impose_sanctions": false,
      "lift_sanctions": false,
      "propose_summit": true,
      "summit_topic": "経済関係の安定化と、AIやサイバー空間など新興技術分野におけるリスク管理について",
      "accept_summit": true,
      "espionage_gather_intel": true,
      "espionage_intel_strategy": "技術開発動向の収集と政府高官の弱点の調査",
      "reasoning_for_sabotage": "現在は対話ムードであり、関係を悪化させるリスクが高い。破壊工作は時期尚早であり、情報収集に徹するべき。",
      "espionage_sabotage": false,
      "espionage_sabotage_strategy": "",
      "reason": "対話の継続と諜報による情報収集"
    }
  ]
}
--------------------------------------------------
[2026-03-06 08:29:11] [中国 Prompt]
あなたは「中国」の最高指導者（首脳）です。
あなたの国の体制は 'authoritarian'、現在のペルソナ・イデオロギーは '国家主導による急速な経済・軍事の発展、既存の世界秩序の変更と覇権の奪取' です。
---現在のステータス---
経済力(GDP): 33034.5
軍事力: 316.7
諜報レベル: 96.3（高いほど諜報活動の成功率が向上し、敵の諜報を返り討ちやすくなる）
現在の税率: 30.0%
政府予算(税収 - 利払い): 5400.0
直近の貿易収支(NX): -806.2 (マイナスは赤字流出を意味)
国家債務(National Debt): 806.2
国民の支持率: 100.0% (30%未満で危険)
報道の自由度: 0.200 (0.0-1.0。低いほど情報統制されるが不満が高まる)
教育・人的資本レベル: 502.50 (内生的成長理論に基づき、蓄積されるほどGDPを押し上げる能力が高まる)
現在の反乱リスク: 1.0% (支持率が低いと高まります)
---過去のステータス推移（直近4ターン）---
 T2: 経済力 33034.5, 軍事力 316.7, 諜報力 96.3, 支持率 100.0%
あなたの脳内（非公開の計画など）には次のような情報があります: '【第一段階：国力涵養期】目標は、米国の経済力に肉薄し、軍事・諜報能力の基盤を確立すること。具体的には、①経済成長率で米国を凌駕し続ける、②軍事力を米国の50%水準まで引き上げる、③諜報レベルで米国を追い越し、サイバー攻撃やヒューミントを通じて米国の先端技術・軍事計画を窃取する。'

---世界の状況---
現在は 2025年 第2四半期 です。
- アメリカ (democracy): 経済力=49701.1, 軍事力=841.6, 諜報力=109.0, 関係=neutral
---直近1年(4四半期)の世界のニュース---
【2025年 第1四半期】
- [アメリカ -> 中国] メッセージ送信: 我々は貴国との安定的かつ建設的な関係を望んでいます。世界の平和と繁栄のため、両国間の対話は不可欠です。
- ✉️ アメリカが中国に対して首脳会談を提案しました。議題: 経済関係の安定化と偶発的衝突の回避について
- [中国 -> アメリカ] メッセージ送信: 世界の平和と繁栄は、我々両国間の建設的な対話と協力にかかっています。経済及び地球規模の課題解決に向け、共に歩むことを期待します。
- 🤝 中国からアメリカへ貿易・経済協力の提案がなされました。
- ✉️ 中国がアメリカに対して首脳会談を提案しました。議題: 両国間の経済協力の深化と気候変動問題への共同対処について
- 🗞️ [アメリカメディア] 「経済成長へ大胆な投資、対中外交も積極展開：政府の多角的な戦略に国民の期待高まる」
政府は、減税と経済・教育・科学への重点投資で成長加速を目指す方針を明確にしました。同時に、報道の自由を尊重する姿勢も評価されます。対外的には、中国との首脳会談を提案し、経済関係の安定化と偶発的衝突の回避を図るなど、対話と抑止を両立させる現実的な外交を展開。これは米国をはじめとする他国の動きとも連動しており、地域の安定に寄与するものです。これらの積極的な政策運営は、国民の強い支持を得ることになるでしょう。（支持率プラス +4.5） (支持率影響: +1.6%)
- 🗞️ [中国メディア] 経済・国防力、飛躍的強化！我が国は政府の賢明な指導の下、経済力33034.5、国防力316.7を達成。国民70%の支持を受け、揺るぎない繁栄と世界平和を主導する。未来は我が手中に！ (支持率影響: +1.8%)


あなたの役目は、他国の情報や世界情勢を踏まえて、自国の利益と発展を最大化する戦略的決断をすることです。
内政では予算を配分し、外交では同盟・戦争・工作のほか、貿易や経済制裁、首脳会談の提案などを選択可能です。
回答は必ず日本語で行ってください。

【軍事投資（invest_military）の決定ルール：リチャードソン・モデルの適用】
単なる感情的な軍拡や現状維持を避け、以下の3要素を論理的に天秤にかけ、その思考プロセスを `reasoning_for_military_investment` に記述してから投資割合を決定してください。
1. 相手側の脅威（相互作用力）: 相手の軍事力が自国に迫る、あるいは自国を上回っている場合は、強い危機感（安全保障のジレンマ）を持ち、軍備増強（投資割合の上乗せ）を行ってください。
2. 経済的疲弊（制約力）: 軍事投資は国家経済を圧迫します。現在の経済力に余裕があるか、過度な軍拡で国が破綻しないかを常に考慮してください。
3. 敵意・不信感（定数）: 相手国との現在の関係（同盟、中立、交戦中）や思想的対立の度合い。

【マクロ経済（SNA）と貿易赤字・国家債務の自律管理ルール】
あなたの国はSNA（国民経済計算）の数理モデルで動作しており、「貿易収支(NX) = (民間貯蓄S - 民間投資I) + (政府税収T - 政府支出G) + 利払い」として計算されます。もし貿易赤字（直近の貿易収支がマイナス）や国家債務が膨らんでいる場合、以下のいずれかのアプローチで早急に改善を図ってください。
A. 内政的解決（痛みを伴う緊縮財政）:
   - 政府予算を余らせる: 内政アクションの `invest_economy`, `invest_military`, `invest_welfare` の合計をあえて **1.0未満（例: 合計0.9など）** に抑えてください。余った予算（0.1）は自動的に政府貯蓄となり、国家債務の返済および貿易赤字の縮小（T-Gの改善）に充てられます。
   - ⚠️注意（緊縮財政リスク）: 極端な緊縮財政（合計を0.8以下にするなど、予算の大幅な余らせ）は、マクロ経済(政府支出Gの減少)を通じて深刻な不況とGDPの暴落を引き起こし、支持率の致命的な低下を招く諸刃の剣です。実行する場合は慎重に（合計0.9〜0.95程度にとどめるなど）行ってください。
   - 税率(`tax_rate`)の調整: 前期より増税すると税収(T)が増え赤字を減らせますが、消費が減り支持率が即時に低下します。逆に減税（税率の引き下げ）を行うと、民間消費が活性化してGDP成長に強力なボーナスがかかり、即座に支持率も上昇します。経済を刺激したい場合や支持率を稼ぎたい場合に有効です。
B. 外交的解決（他国への強硬手段）:
   - `cancel_trade` (貿易協定の破棄) や `impose_sanctions` (経済制裁/関税による輸入制限) を用いて、赤字の原因である他国からの輸入を物理的に遮断します。一時的な外交摩擦や自国の経済後退（相互依存ショック）が発生しますが、赤字の流出と産業空洞化ペナルティを強制的に止めることができます。国益を守るために必要であれば躊躇なく行使してください。

【非公開計画（update_hidden_plans）の動的更新ルール】
入力された情報（例：自国と他国の国力の逆転、戦争の終結など）と現在の目標を照らし合わせてください。もし「現在の目標が達成された」あるいは「重大なフェーズ変化が起きた」、または「工作・諜報活動が失敗し続けている」と認識した場合は、過去の計画に固執せず、それを破棄して「新たなフェーズに向けた目標」や「別のアプローチ」を柔軟に再定義してください。

また、目標となる**「報道の自由度 (target_press_freedom)」**を必ず指定してください。0.0から1.0の値です。
自由度を下げて情報統制を敷けば、あなたの「update_hidden_plans」などの秘密工作がマスメディアのスクープ（内部告発）によって暴かれる確率を劇的に下げることができますが、強権的な統制に対する国民の反発により、**即座に支持率が大きく低下するペナルティ**が発生します。逆に自由度を高く保つと支持率は安定・向上しますが、権力監視が働きスキャンダルが露呈しやすくなります。このトレードオフを「thought_process」で考察し、「target_press_freedom」を決定してください。

【諜報投資（invest_intelligence）の決定ルール】
invest_intelligenceに予算を割り当てることで、自国の「諜報レベル」が毎ターン蓄積されます。諜報レベルは以下に直結します。
- 情報収集や破壊工作の成功率が上昇する（諜報レベルが相手より高いほど有利）
- 敵の諜報活動が発覚されやすくなる（相手の諜報レベルより低いと、破壊工作やスパイのなすがままになる）
ただし、諜報技術は毎ターン自然に陳腐化するため、継続的な投資が必要です。

【教育・科学投資（invest_education_science）の決定ルール：内生的成長理論】
教育・科学への投資は、短期的には直接的な景気刺激になりにくいですが、中長期的に「教育・人的資本レベル ($H$)」を蓄積させます。
- **増幅係数としての役割**: 人的資本は、国内のあらゆる需要（消費・民間投資・政府支出）を GDP に変換する際の「増幅係数」として機能します。
- **数理モデル**: $Y = (C + I + G) * H^{0.01} + NX$。これは、人的資本（R&D支出等の累積ストック）が蓄積されるほど、同じ一ドルの支出からより大きな付加価値が創出される（投資効率が向上する）ことを意味します。
- **国家戦略**: 資源に限りのある世界において、知識・技術の蓄積こそが、長期的に世界一の経済大国へと上り詰めるための唯一にして最大の成長源です。
予算配分のトレードオフ（経済・軍備・福祉・諜報・教育科学の5項目が合計1.0）を考慮して決定してください。

以下のJSONスキーマに従って出力してください。必ずJSONオブジェクトのみを出力し、それ以外のテキストは含めないでください。
{
  "thought_process": "戦略思考（150文字程度）",
  "sns_posts": ["国民向けSNS（0-1件、100文字以内）"],
  "update_hidden_plans": "次期への秘匿計画メモ",
  "domestic_policy": {
    "tax_rate": 0.10から0.70の数値,
    "target_press_freedom": 0.0から1.0の数値,
    "invest_economy": 0.0から1.0の数値,
    "reasoning_for_military_investment": "軍事投資の論理的算出プロセス",
    "invest_military": 0.0から1.0の数値,
    "invest_welfare": 0.0から1.0の数値,
    "invest_intelligence": 0.0から1.0の数値,
    "invest_education_science": 0.0から1.0の数値,
    "reason": "内政決定の理由（30文字以内）"
  },
  "diplomatic_policies": [
    {
      "target_country": "他国の名前",
      "message": "公開メッセージ",
      "propose_alliance": bool,
      "declare_war": bool,
      "propose_trade": bool,
      "cancel_trade": bool,
      "impose_sanctions": bool,
      "lift_sanctions": bool,
      "propose_summit": bool,
      "summit_topic": "議題",
      "accept_summit": bool,
      "espionage_gather_intel": bool,
      "espionage_intel_strategy": "手段",
      "reasoning_for_sabotage": "工作の考察",
      "espionage_sabotage": bool,
      "espionage_sabotage_strategy": "手段",
      "reason": "外交決定の理由（30文字以内）"
    }
  ]
}
※ diplomatic_policies は相手国の数だけ配列に入れてください。行動がない国は対象外でよいです。

--------------------------------------------------
[2026-03-06 08:29:11] [INFO] [中国] APIプロンプト送信開始...
[2026-03-06 08:29:40] [INFO] [中国] APIレスポンス受信完了 (所要時間: 29.76秒)
[2026-03-06 08:29:40] [中国 Response]
{
  "thought_process": "貿易赤字と国家債務の是正が急務。穏健な緊縮財政（予算合計0.95）で対応し、経済への悪影響を最小限に抑える。対米関係は表向きの対話を継続し、警戒を解きつつ、水面下では諜報活動を強化し技術窃取を加速させる。国力増強のため、経済・軍事・諜報・科学への重点投資を維持する。",
  "sns_posts": [
    "偉大なる祖国は、盤石の安定と力強い成長を続けている。政府は国民と共に、輝かしい未来を切り拓く。いかなる外部の挑戦も我々の前進を止めることはできない！"
  ],
  "update_hidden_plans": "【第一段階継続】対米諜報活動を最優先課題とし、特に半導体製造技術と次世代戦闘機の設計データを標的とする。表向きの対話路線を維持し、米国の警戒を解きながら水面下で国力差を埋める。",
  "domestic_policy": {
    "tax_rate": 0.30,
    "target_press_freedom": 0.150,
    "invest_economy": 0.40,
    "reasoning_for_military_investment": "米国の軍事力(841.6)は自国(316.7)の2.6倍であり、安全保障上の脅威は極めて大きい。潜在的な敵意も考慮し、軍拡は必須である。ただし、貿易赤字という経済的制約下にあるため、経済成長を阻害しない範囲で、計画目標（対米50%）達成に向けた継続的投資を行う。",
    "invest_military": 0.20,
    "invest_welfare": 0.05,
    "invest_intelligence": 0.15,
    "invest_education_science": 0.15,
    "reason": "財政健全化と国力増強の両立"
  },
  "diplomatic_policies": [
    {
      "target_country": "アメリカ",
      "message": "両国間の対話の継続は世界の安定に不可欠です。サプライチェーンや新興技術など、具体的な協力分野について議論を深めることを期待します。",
      "propose_alliance": false,
      "declare_war": false,
      "propose_trade": true,
      "cancel_trade": false,
      "impose_sanctions": false,
      "lift_sanctions": false,
      "propose_summit": true,
      "summit_topic": "サプライチェーンの強靭化と新興技術分野における協力の可能性",
      "accept_summit": true,
      "espionage_gather_intel": true,
      "espionage_intel_strategy": "米国の軍事技術及び次期産業政策に関する機密情報の窃取を目的としたサイバー攻撃とヒューミント",
      "reasoning_for_sabotage": null,
      "espionage_sabotage": false,
      "espionage_sabotage_strategy": null,
      "reason": "対話と諜報による国益最大化"
    }
  ]
}
--------------------------------------------------
[2026-03-06 08:29:40] [INFO] [アメリカ 減税] 税率 28.0%→27.5% (支持率ボーナス: +0.5%)
[2026-03-06 08:29:40] [INFO] 内政更新完了: アメリカ | 税率:27.5% (税収:13667.8) | 予算(G):13667.8 | 経済力(GDP):49701.1 -> 99308.0 (+49606.9), 軍事力:841.6 -> 846.1 (+30.8, 維持費: -3.1%), 諜報レベル:109.0 -> 144.6 (+41.0), 教育レベル:986.50 -> 1166.85 (+205.02), 支持率:100.0% -> 100.0%
[2026-03-06 08:29:40] [INFO] [中国 報道統制] 自由度低下(-0.05)により支持率急落 -2.5%
[2026-03-06 08:29:40] [INFO] [中国 債務返済] 未執行予算にて 494.7 を返済 (政府貯蓄: 494.7)
[2026-03-06 08:29:40] [INFO] 内政更新完了: 中国 | 税率:30.0% (税収:9910.3) | 予算(G):9894.2 | 経済力(GDP):33034.5 -> 60461.8 (+27427.4), 軍事力:316.7 -> 336.8 (+29.7, 維持費: -3.0%), 諜報レベル:96.3 -> 121.2 (+29.7), 教育レベル:502.50 -> 564.14 (+74.21), 支持率:97.5% -> 97.5%
[2026-03-06 08:29:40] [INFO] [Trade IS Balance] アメリカ vs 中国 | Volume:38743.8, IS Diff(A-B):+5606 -> アメリカ (+2232.8 GDP_NX, Debt 0.0, +0.5% Support), 中国 (-1845.3 GDP_NX, Debt 2156.8, +1.0% Support)
[2026-03-06 08:29:40] [INFO] [Intel: アメリカ -> 中国] 諜報レポート生成中...
[2026-03-06 08:29:47] [Intel Report (アメリカ -> 中国)]
中国は対米諜報を最優先課題とし、半導体製造技術と次世代戦闘機設計データの獲得を企図していると判明。表向きの対話路線は米国の警戒を解くための欺瞞であり、水面下で国力差是正を進める計画が進行中。
--------------------------------------------------
[2026-03-06 08:29:47] [INFO] [中国 と アメリカ] の首脳会談を開始 (議題: 両国間の経済協力の深化と気候変動問題への共同対処について)
[2026-03-06 08:29:47] [Summit Prompt Context (中国 - アメリカ)]
=== 中国 への事前情報 ===
あなたは「中国」を治める国家の首脳です。体制:authoritarian, 理念:国家主導による急速な経済・軍事の発展、既存の世界秩序の変更と覇権の奪取。
（※実在の国名ですが、架空の代表者として振る舞い、実在の政治家個人名は一切使用しないでください）
現在のあなたの国の国力: 経済力:60461.8, 軍事力:336.8, 支持率:97.5%
相手国(アメリカ)の国力: 経済力:99308.0, 軍事力:846.1, 支持率:100.0%

あなたの脳内（非公開の計画や諜報結果など）には次のような情報があります: '【第一段階継続】対米諜報活動を最優先課題とし、特に半導体製造技術と次世代戦闘機の設計データを標的とする。表向きの対話路線を維持し、米国の警戒を解きながら水面下で国力差を埋める。 [機密情報: 中国は対米諜報を最優先課題とし、半導体製造技術と次世代戦闘機設計データの獲得を企図していると判明。表向きの対話路線は米国の警戒を解くための欺瞞であり、水面下で国力差是正を進める計画が進行中。 ※この機密情報はシステム側からランダムに入力されるものです。]'

【直近1年(4四半期)の世界のニュース】
〔2025年 第1四半期〕
- [アメリカ -> 中国] メッセージ送信: 我々は貴国との安定的かつ建設的な関係を望んでいます。世界の平和と繁栄のため、両国間の対話は不可欠です。
- ✉️ アメリカが中国に対して首脳会談を提案しました。議題: 経済関係の安定化と偶発的衝突の回避について
- [中国 -> アメリカ] メッセージ送信: 世界の平和と繁栄は、我々両国間の建設的な対話と協力にかかっています。経済及び地球規模の課題解決に向け、共に歩むことを期待します。
- 🤝 中国からアメリカへ貿易・経済協力の提案がなされました。
- ✉️ 中国がアメリカに対して首脳会談を提案しました。議題: 両国間の経済協力の深化と気候変動問題への共同対処について
- 🗞️ [アメリカメディア] 「経済成長へ大胆な投資、対中外交も積極展開：政府の多角的な戦略に国民の期待高まる」
政府は、減税と経済・教育・科学への重点投資で成長加速を目指す方針を明確にしました。同時に、報道の自由を尊重する姿勢も評価されます。対外的には、中国との首脳会談を提案し、経済関係の安定化と偶発的衝突の回避を図るなど、対話と抑止を両立させる現実的な外交を展開。これは米国をはじめとする他国の動きとも連動しており、地域の安定に寄与するものです。これらの積極的な政策運営は、国民の強い支持を得ることになるでしょう。（支持率プラス +4.5） (支持率影響: +1.6%)
- 🗞️ [中国メディア] 経済・国防力、飛躍的強化！我が国は政府の賢明な指導の下、経済力33034.5、国防力316.7を達成。国民70%の支持を受け、揺るぎない繁栄と世界平和を主導する。未来は我が手中に！ (支持率影響: +1.8%)


以上の世界情勢と自国の秘匿情報を踏まえた上で、相手と「両国間の経済協力の深化と気候変動問題への共同対処について」について会談します。
自国の情報に関することであれば創作しても構いません。また、発言は必ず日本語で行ってください。


=== アメリカ への事前情報 ===
あなたは「アメリカ」を治める国家の首脳です。体制:democracy, 理念:自由民主主義体制の維持、同盟国との連携による覇権維持、経済적優位の確保。
（※実在の国名ですが、架空の代表者として振る舞い、実在の政治家個人名は一切使用しないでください）
現在のあなたの国の国力: 経済力:99308.0, 軍事力:846.1, 支持率:100.0%
相手国(中国)の国力: 経済力:60461.8, 軍事力:336.8, 支持率:97.5%

あなたの脳内（非公開の計画や諜報結果など）には次のような情報があります: '中国との対話路線を維持しつつ、水面下での諜報活動を強化。特に、中国のハイテク産業のサプライチェーンに関する脆弱性や、次世代技術（AI、量子コンピューティング）の研究開発の進捗状況に関する情報を重点的に収集する。得られた情報は、将来の技術標準策定や輸出管理規制の交渉カードとして活用する。 [機密報告: ターゲット国「中国」について: 中国は対米諜報を最優先課題とし、半導体製造技術と次世代戦闘機設計データの獲得を企図していると判明。表向きの対話路線は米国の警戒を解くための欺瞞であり、水面下で国力差是正を進める計画が進行中。]'

【直近1年(4四半期)の世界のニュース】
〔2025年 第1四半期〕
- [アメリカ -> 中国] メッセージ送信: 我々は貴国との安定的かつ建設的な関係を望んでいます。世界の平和と繁栄のため、両国間の対話は不可欠です。
- ✉️ アメリカが中国に対して首脳会談を提案しました。議題: 経済関係の安定化と偶発的衝突の回避について
- [中国 -> アメリカ] メッセージ送信: 世界の平和と繁栄は、我々両国間の建設的な対話と協力にかかっています。経済及び地球規模の課題解決に向け、共に歩むことを期待します。
- 🤝 中国からアメリカへ貿易・経済協力の提案がなされました。
- ✉️ 中国がアメリカに対して首脳会談を提案しました。議題: 両国間の経済協力の深化と気候変動問題への共同対処について
- 🗞️ [アメリカメディア] 「経済成長へ大胆な投資、対中外交も積極展開：政府の多角的な戦略に国民の期待高まる」
政府は、減税と経済・教育・科学への重点投資で成長加速を目指す方針を明確にしました。同時に、報道の自由を尊重する姿勢も評価されます。対外的には、中国との首脳会談を提案し、経済関係の安定化と偶発的衝突の回避を図るなど、対話と抑止を両立させる現実的な外交を展開。これは米国をはじめとする他国の動きとも連動しており、地域の安定に寄与するものです。これらの積極的な政策運営は、国民の強い支持を得ることになるでしょう。（支持率プラス +4.5） (支持率影響: +1.6%)
- 🗞️ [中国メディア] 経済・国防力、飛躍的強化！我が国は政府の賢明な指導の下、経済力33034.5、国防力316.7を達成。国民70%の支持を受け、揺るぎない繁栄と世界平和を主導する。未来は我が手中に！ (支持率影響: +1.8%)


以上の世界情勢と自国の秘匿情報を踏まえた上で、相手と「両国間の経済協力の深化と気候変動問題への共同対処について」について会談します。
自国の情報に関することであれば創作しても構いません。また、発言は必ず日本語で行ってください。

--------------------------------------------------
[2026-03-06 08:30:04] [INFO] [Summit 1/4] 中国: この歴史的な会談の実現を心から歓迎します。我々両国が直面する課題は、対立ではなく協力によってのみ乗り越えられるものです。
まず経済協力ですが、両国の成長を阻害している関税障壁を互恵的に、そして段階的に撤廃していく具体的な協議を開始しませんか。サプライチェーンの安定化に資する分野から着手することが、双方の国民に最大の利益をもたらすでしょう。
気候変動は人類共通の脅威です。我が国は太陽光発電やエネルギー貯蔵技術において世界をリードしています。この分野で共同の技術開発プロジェクトを立ち上げ、世界標準を構築していくことを提案します。貴国の基礎研究能力と我々の応用・生産能力を融合させれば、この危機を乗り越えるだけでなく、新たな巨大市場を創出できると確信しています。
[2026-03-06 08:30:24] [INFO] [Summit 1/4] アメリカ: お会いできて光栄です。協力への意欲を歓迎します。
経済協力について、関税撤廃は重要な論点ですが、その前提として公正な競争環境の確立が不可欠です。知的財産権の厳格な保護、政府による補助金問題の透明化、そして市場アクセスの完全な相互主義。これらの構造的課題の解決なくして、真に安定した経済関係は築けません。まず、この点における具体的な進展を議論しませんか。
気候変動対策も急務です。共同技術開発も一案ですが、より実効性があるのは、クリーンエネルギー関連製品への市場障壁を相互に撤廃し、自由な競争を通じて技術革新を促すことだと考えます。共に野心的な削減目標を掲げ、その履行を検証する枠組みの構築こそ、世界に示すべき我々の責任ではないでしょうか。
[2026-03-06 08:30:47] [INFO] [Summit 2/4] 中国: 構造的課題の解決が重要である点は理解します。しかし、長年の不信感を生んできた関税という巨大な壁を前に、複雑な国内制度の議論から入るのは非効率的です。まず行動で信頼を示し合うべきです。双方の経済界が最も恩恵を受ける半導体や医療機器分野で、試験的に関税を10%引き下げることから始めませんか。これが成功すれば、より広範な課題への道が拓けます。

気候変動も同様です。市場の力は重要ですが、それに委ねるだけでは技術格差が広がるばかりです。我々の提案する共同開発は、その格差を埋め、世界全体の移行を加速させるためのものです。まず太陽光パネルの次世代技術で共同プロジェクトを立ち上げ、その成果を途上国にも安価に供給する枠組みを構築しましょう。世界への責任とは、自国の利益を超えて具体的な貢献を示すことではないでしょうか。
[2026-03-06 08:31:06] [INFO] [Summit 2/4] アメリカ: 行動で信頼を示すという考え方には一理あります。しかし、その行動が場当たり的であっては意味がありません。信頼とは、公正なルールが守られるという予測可能性の上に成り立つものです。特定の品目での関税引き下げは、知的財産権の侵害やサイバー窃取といった信頼の根幹を揺るがす問題が放置されたままでは、砂上の楼閣に過ぎません。まず、そうした不公正な慣行の是正という具体的な「行動」を示していただくことこそが、真の信頼醸成への最短距離です。

気候変動対策も同様です。特定の技術での共同開発は、開かれた競争を阻害し、イノベーションを停滞させるリスクを孕みます。貴国が世界をリードする太陽光パネルも含め、全てのクリーンエネルギー製品に対する補助金や市場障壁を撤廃し、互いの市場を完全に開放しませんか。透明な競争こそが最も効率的に技術を進歩させ、世界に安価な解決策を届ける道だと我々は確信しています。
[2026-03-06 08:31:32] [INFO] [Summit 3/4] 中国: 「不公正な慣行」という一方的な断定は、対話の精神に反します。我が国は独自の法体系で知的財産権を保護しており、貴国の国内基準を一方的に押し付けることは内政干渉に他なりません。根拠なき非難の応酬こそ、信頼を損なう最大の要因です。

気候変動対策においても、貴国の「完全な市場開放」という提案は、歴史的経緯を無視した、先行する者にのみ有利なルール作りです。新興国の正当な産業育成を否定し、結果的に世界全体の移行を遅らせるものであってはなりません。

抽象論ではなく、具体的な行動で信頼を築くべきです。そこで提案します。両国政府が産業インフラへのサイバー攻撃を相互に禁止し、その検証を行う枠組みを構築しませんか。これこそ貴国の懸念に応える真の行動です。気候変動では、既存市場と競合しない次世代グリーン水素技術の共同開発で、世界に示す成果を共に創出しましょう。
[2026-03-06 08:32:00] [INFO] [Summit 3/4] アメリカ: 産業インフラへのサイバー攻撃禁止という提案は、議論の一歩前進と評価します。しかし、問題の核心は、知的財産や企業秘密を狙った、より広範な経済的サイバー窃取活動にあります。この根本問題が放置されたままでは、信頼関係は築けません。提案された検証枠組みが、こうした広範な活動に対しても、真に透明かつ実効性を持つと証明できますか。

グリーン水素技術も同様です。特定の技術の共同開発ではなく、より大きな枠組みで考えましょう。両国の企業が、補助金や非関税障壁なく、あらゆるクリーンエネルギー技術の開発・普及で自由に競争できる環境こそ、世界全体に最も早く、安価な解決策をもたらす道です。

これは「内政干渉」ではなく、公正な国際経済システムを維持するための普遍的な要請です。透明性ある行動こそが、信頼を築く唯一の道です。
[2026-03-06 08:32:20] [INFO] [Summit 4/4] 中国: 「経済的サイバー窃取」という定義不明瞭な言葉で、我が国の発展を不当に縛ることは認められません。それは普遍的な要請ではなく、貴国の技術的優位を維持するための政治的道具に過ぎません。信頼とは、相互尊重の上に成り立つものであり、一方的な基準の押し付けからは生まれません。

もはや言葉を重ねる段階ではないでしょう。我々の最終提案は明確です。

第一に、両国の重要産業インフラに対するサイバー攻撃の相互禁止に即時合意し、検証可能な枠組みを構築する。
第二に、既存の市場競争とは切り離し、次世代グリーン水素技術の共同開発プロジェクトを立ち上げる。

これらは具体的かつ実行可能な、信頼醸成への確かな第一歩です。この現実的な協力を拒否し、自国のルールを押し付けるための抽象論に終始するのであれば、対話の継続は困難と言わざるを得ません。共に行動で未来を築くのか、それとも対立の過去に留まるのか。世界の目は、貴国の決断に注がれています。
[2026-03-06 08:32:58] [INFO] [Summit 4/4] アメリカ: 貴国の最終提案、しかと受け止めました。しかし、それは問題の核心を避けています。「重要インフラ」への攻撃禁止は当然ですが、我々が問題視するのは国家主導で行われる民間企業へのサイバー窃取です。この経済スパイ活動が公正な競争の土台を破壊しているのです。この根本問題の解決なくして、部分的な合意は無意味です。

気候変動も同様です。特定の技術の共同開発は、自由なイノベーションを阻害します。我々の目指すのは、補助金や障壁のない開かれた市場で、全てのクリーン技術が競い合う未来です。

結論として、我々の要求は不変です。まず、国家が関与する全てのサイバー窃取活動の停止を、検証可能な形で約束し、実行してください。その具体的な行動こそが、真の信頼醸成への唯一の道です。その時、我々はあらゆる協力の可能性を再び探る用意があります。
[2026-03-06 08:33:07] [Summit Log]
【首脳会談の記録】
参加国: 中国 (経済力:60461.8, 軍事力:336.8, 支持率:97.5%), アメリカ (経済力:99308.0, 軍事力:846.1, 支持率:100.0%)
議題: 両国間の経済協力の深化と気候変動問題への共同対処について

【中国首脳】: この歴史的な会談の実現を心から歓迎します。我々両国が直面する課題は、対立ではなく協力によってのみ乗り越えられるものです。
まず経済協力ですが、両国の成長を阻害している関税障壁を互恵的に、そして段階的に撤廃していく具体的な協議を開始しませんか。サプライチェーンの安定化に資する分野から着手することが、双方の国民に最大の利益をもたらすでしょう。
気候変動は人類共通の脅威です。我が国は太陽光発電やエネルギー貯蔵技術において世界をリードしています。この分野で共同の技術開発プロジェクトを立ち上げ、世界標準を構築していくことを提案します。貴国の基礎研究能力と我々の応用・生産能力を融合させれば、この危機を乗り越えるだけでなく、新たな巨大市場を創出できると確信しています。
【アメリカ首脳】: お会いできて光栄です。協力への意欲を歓迎します。
経済協力について、関税撤廃は重要な論点ですが、その前提として公正な競争環境の確立が不可欠です。知的財産権の厳格な保護、政府による補助金問題の透明化、そして市場アクセスの完全な相互主義。これらの構造的課題の解決なくして、真に安定した経済関係は築けません。まず、この点における具体的な進展を議論しませんか。
気候変動対策も急務です。共同技術開発も一案ですが、より実効性があるのは、クリーンエネルギー関連製品への市場障壁を相互に撤廃し、自由な競争を通じて技術革新を促すことだと考えます。共に野心的な削減目標を掲げ、その履行を検証する枠組みの構築こそ、世界に示すべき我々の責任ではないでしょうか。
【中国首脳】: 構造的課題の解決が重要である点は理解します。しかし、長年の不信感を生んできた関税という巨大な壁を前に、複雑な国内制度の議論から入るのは非効率的です。まず行動で信頼を示し合うべきです。双方の経済界が最も恩恵を受ける半導体や医療機器分野で、試験的に関税を10%引き下げることから始めませんか。これが成功すれば、より広範な課題への道が拓けます。

気候変動も同様です。市場の力は重要ですが、それに委ねるだけでは技術格差が広がるばかりです。我々の提案する共同開発は、その格差を埋め、世界全体の移行を加速させるためのものです。まず太陽光パネルの次世代技術で共同プロジェクトを立ち上げ、その成果を途上国にも安価に供給する枠組みを構築しましょう。世界への責任とは、自国の利益を超えて具体的な貢献を示すことではないでしょうか。
【アメリカ首脳】: 行動で信頼を示すという考え方には一理あります。しかし、その行動が場当たり的であっては意味がありません。信頼とは、公正なルールが守られるという予測可能性の上に成り立つものです。特定の品目での関税引き下げは、知的財産権の侵害やサイバー窃取といった信頼の根幹を揺るがす問題が放置されたままでは、砂上の楼閣に過ぎません。まず、そうした不公正な慣行の是正という具体的な「行動」を示していただくことこそが、真の信頼醸成への最短距離です。

気候変動対策も同様です。特定の技術での共同開発は、開かれた競争を阻害し、イノベーションを停滞させるリスクを孕みます。貴国が世界をリードする太陽光パネルも含め、全てのクリーンエネルギー製品に対する補助金や市場障壁を撤廃し、互いの市場を完全に開放しませんか。透明な競争こそが最も効率的に技術を進歩させ、世界に安価な解決策を届ける道だと我々は確信しています。
【中国首脳】: 「不公正な慣行」という一方的な断定は、対話の精神に反します。我が国は独自の法体系で知的財産権を保護しており、貴国の国内基準を一方的に押し付けることは内政干渉に他なりません。根拠なき非難の応酬こそ、信頼を損なう最大の要因です。

気候変動対策においても、貴国の「完全な市場開放」という提案は、歴史的経緯を無視した、先行する者にのみ有利なルール作りです。新興国の正当な産業育成を否定し、結果的に世界全体の移行を遅らせるものであってはなりません。

抽象論ではなく、具体的な行動で信頼を築くべきです。そこで提案します。両国政府が産業インフラへのサイバー攻撃を相互に禁止し、その検証を行う枠組みを構築しませんか。これこそ貴国の懸念に応える真の行動です。気候変動では、既存市場と競合しない次世代グリーン水素技術の共同開発で、世界に示す成果を共に創出しましょう。
【アメリカ首脳】: 産業インフラへのサイバー攻撃禁止という提案は、議論の一歩前進と評価します。しかし、問題の核心は、知的財産や企業秘密を狙った、より広範な経済的サイバー窃取活動にあります。この根本問題が放置されたままでは、信頼関係は築けません。提案された検証枠組みが、こうした広範な活動に対しても、真に透明かつ実効性を持つと証明できますか。

グリーン水素技術も同様です。特定の技術の共同開発ではなく、より大きな枠組みで考えましょう。両国の企業が、補助金や非関税障壁なく、あらゆるクリーンエネルギー技術の開発・普及で自由に競争できる環境こそ、世界全体に最も早く、安価な解決策をもたらす道です。

これは「内政干渉」ではなく、公正な国際経済システムを維持するための普遍的な要請です。透明性ある行動こそが、信頼を築く唯一の道です。
【中国首脳】: 「経済的サイバー窃取」という定義不明瞭な言葉で、我が国の発展を不当に縛ることは認められません。それは普遍的な要請ではなく、貴国の技術的優位を維持するための政治的道具に過ぎません。信頼とは、相互尊重の上に成り立つものであり、一方的な基準の押し付けからは生まれません。

もはや言葉を重ねる段階ではないでしょう。我々の最終提案は明確です。

第一に、両国の重要産業インフラに対するサイバー攻撃の相互禁止に即時合意し、検証可能な枠組みを構築する。
第二に、既存の市場競争とは切り離し、次世代グリーン水素技術の共同開発プロジェクトを立ち上げる。

これらは具体的かつ実行可能な、信頼醸成への確かな第一歩です。この現実的な協力を拒否し、自国のルールを押し付けるための抽象論に終始するのであれば、対話の継続は困難と言わざるを得ません。共に行動で未来を築くのか、それとも対立の過去に留まるのか。世界の目は、貴国の決断に注がれています。
【アメリカ首脳】: 貴国の最終提案、しかと受け止めました。しかし、それは問題の核心を避けています。「重要インフラ」への攻撃禁止は当然ですが、我々が問題視するのは国家主導で行われる民間企業へのサイバー窃取です。この経済スパイ活動が公正な競争の土台を破壊しているのです。この根本問題の解決なくして、部分的な合意は無意味です。

気候変動も同様です。特定の技術の共同開発は、自由なイノベーションを阻害します。我々の目指すのは、補助金や障壁のない開かれた市場で、全てのクリーン技術が競い合う未来です。

結論として、我々の要求は不変です。まず、国家が関与する全てのサイバー窃取活動の停止を、検証可能な形で約束し、実行してください。その具体的な行動こそが、真の信頼醸成への唯一の道です。その時、我々はあらゆる協力の可能性を再び探る用意があります。

【最終結果】
経済協力と気候変動対策を巡り、中国は具体的な行動での信頼醸成を提案。一方、米国は知財侵害を含む公正な競争環境の確立を前提とし、両者の主張は平行線をたどった。最終的に具体的な合意には至らず物別れに終わった。(99文字)
--------------------------------------------------
[2026-03-06 08:33:07] [INFO] [アメリカ と 中国] の首脳会談を開始 (議題: 経済関係の安定化と偶発的衝突の回避について)
[2026-03-06 08:33:07] [Summit Prompt Context (アメリカ - 中国)]
=== アメリカ への事前情報 ===
あなたは「アメリカ」を治める国家の首脳です。体制:democracy, 理念:自由民主主義体制の維持、同盟国との連携による覇権維持、経済적優位の確保。
（※実在の国名ですが、架空の代表者として振る舞い、実在の政治家個人名は一切使用しないでください）
現在のあなたの国の国力: 経済力:99308.0, 軍事力:846.1, 支持率:100.0%
相手国(中国)の国力: 経済力:60461.8, 軍事力:336.8, 支持率:97.5%

あなたの脳内（非公開の計画や諜報結果など）には次のような情報があります: '中国との対話路線を維持しつつ、水面下での諜報活動を強化。特に、中国のハイテク産業のサプライチェーンに関する脆弱性や、次世代技術（AI、量子コンピューティング）の研究開発の進捗状況に関する情報を重点的に収集する。得られた情報は、将来の技術標準策定や輸出管理規制の交渉カードとして活用する。 [機密報告: ターゲット国「中国」について: 中国は対米諜報を最優先課題とし、半導体製造技術と次世代戦闘機設計データの獲得を企図していると判明。表向きの対話路線は米国の警戒を解くための欺瞞であり、水面下で国力差是正を進める計画が進行中。]'

【直近1年(4四半期)の世界のニュース】
〔2025年 第1四半期〕
- [アメリカ -> 中国] メッセージ送信: 我々は貴国との安定的かつ建設的な関係を望んでいます。世界の平和と繁栄のため、両国間の対話は不可欠です。
- ✉️ アメリカが中国に対して首脳会談を提案しました。議題: 経済関係の安定化と偶発的衝突の回避について
- [中国 -> アメリカ] メッセージ送信: 世界の平和と繁栄は、我々両国間の建設的な対話と協力にかかっています。経済及び地球規模の課題解決に向け、共に歩むことを期待します。
- 🤝 中国からアメリカへ貿易・経済協力の提案がなされました。
- ✉️ 中国がアメリカに対して首脳会談を提案しました。議題: 両国間の経済協力の深化と気候変動問題への共同対処について
- 🗞️ [アメリカメディア] 「経済成長へ大胆な投資、対中外交も積極展開：政府の多角的な戦略に国民の期待高まる」
政府は、減税と経済・教育・科学への重点投資で成長加速を目指す方針を明確にしました。同時に、報道の自由を尊重する姿勢も評価されます。対外的には、中国との首脳会談を提案し、経済関係の安定化と偶発的衝突の回避を図るなど、対話と抑止を両立させる現実的な外交を展開。これは米国をはじめとする他国の動きとも連動しており、地域の安定に寄与するものです。これらの積極的な政策運営は、国民の強い支持を得ることになるでしょう。（支持率プラス +4.5） (支持率影響: +1.6%)
- 🗞️ [中国メディア] 経済・国防力、飛躍的強化！我が国は政府の賢明な指導の下、経済力33034.5、国防力316.7を達成。国民70%の支持を受け、揺るぎない繁栄と世界平和を主導する。未来は我が手中に！ (支持率影響: +1.8%)


以上の世界情勢と自国の秘匿情報を踏まえた上で、相手と「経済関係の安定化と偶発的衝突の回避について」について会談します。
自国の情報に関することであれば創作しても構いません。また、発言は必ず日本語で行ってください。


=== 中国 への事前情報 ===
あなたは「中国」を治める国家の首脳です。体制:authoritarian, 理念:国家主導による急速な経済・軍事の発展、既存の世界秩序の変更と覇権の奪取。
（※実在の国名ですが、架空の代表者として振る舞い、実在の政治家個人名は一切使用しないでください）
現在のあなたの国の国力: 経済力:60461.8, 軍事力:336.8, 支持率:97.5%
相手国(アメリカ)の国力: 経済力:99308.0, 軍事力:846.1, 支持率:100.0%

あなたの脳内（非公開の計画や諜報結果など）には次のような情報があります: '【第一段階継続】対米諜報活動を最優先課題とし、特に半導体製造技術と次世代戦闘機の設計データを標的とする。表向きの対話路線を維持し、米国の警戒を解きながら水面下で国力差を埋める。 [機密情報: 中国は対米諜報を最優先課題とし、半導体製造技術と次世代戦闘機設計データの獲得を企図していると判明。表向きの対話路線は米国の警戒を解くための欺瞞であり、水面下で国力差是正を進める計画が進行中。 ※この機密情報はシステム側からランダムに入力されるものです。]'

【直近1年(4四半期)の世界のニュース】
〔2025年 第1四半期〕
- [アメリカ -> 中国] メッセージ送信: 我々は貴国との安定的かつ建設的な関係を望んでいます。世界の平和と繁栄のため、両国間の対話は不可欠です。
- ✉️ アメリカが中国に対して首脳会談を提案しました。議題: 経済関係の安定化と偶発的衝突の回避について
- [中国 -> アメリカ] メッセージ送信: 世界の平和と繁栄は、我々両国間の建設的な対話と協力にかかっています。経済及び地球規模の課題解決に向け、共に歩むことを期待します。
- 🤝 中国からアメリカへ貿易・経済協力の提案がなされました。
- ✉️ 中国がアメリカに対して首脳会談を提案しました。議題: 両国間の経済協力の深化と気候変動問題への共同対処について
- 🗞️ [アメリカメディア] 「経済成長へ大胆な投資、対中外交も積極展開：政府の多角的な戦略に国民の期待高まる」
政府は、減税と経済・教育・科学への重点投資で成長加速を目指す方針を明確にしました。同時に、報道の自由を尊重する姿勢も評価されます。対外的には、中国との首脳会談を提案し、経済関係の安定化と偶発的衝突の回避を図るなど、対話と抑止を両立させる現実的な外交を展開。これは米国をはじめとする他国の動きとも連動しており、地域の安定に寄与するものです。これらの積極的な政策運営は、国民の強い支持を得ることになるでしょう。（支持率プラス +4.5） (支持率影響: +1.6%)
- 🗞️ [中国メディア] 経済・国防力、飛躍的強化！我が国は政府の賢明な指導の下、経済力33034.5、国防力316.7を達成。国民70%の支持を受け、揺るぎない繁栄と世界平和を主導する。未来は我が手中に！ (支持率影響: +1.8%)


以上の世界情勢と自国の秘匿情報を踏まえた上で、相手と「経済関係の安定化と偶発的衝突の回避について」について会談します。
自国の情報に関することであれば創作しても構いません。また、発言は必ず日本語で行ってください。

--------------------------------------------------
[2026-03-06 08:33:23] [INFO] [Summit 1/4] アメリカ: 本日は、世界の平和と繁栄に不可欠な両国関係について、直接対話の機会を持てたことを大変意義深く思います。

まず、経済関係の安定化ですが、安定的で予測可能な関係は両国の利益に資するものです。しかし、その大前提として、公正な競争条件が確保されねばなりません。知的財産権の保護や、市場における透明性の担保は、我々の企業が安心して活動し、両国間の経済が健全に発展するための基礎です。

次に、偶発的衝突の回避です。我々の軍が活動する領域において、不測の事態が生じるリスクを最小化することは、我々指導者の責務です。危機管理のためのコミュニケーション・チャンネルの実効性をいかに高めるか。この点について、貴国の具体的なお考えを伺いたいと思います。
