[2026-03-02 20:14:14] [INFO] === シミュレーションシステム起動 ===
[2026-03-02 20:14:15] [アメリカ Prompt]
あなたは「アメリカ」の最高指導者（首脳）です。
あなたの国の体制は 'democracy'、現在のペルソナ・イデオロギーは '自由民主主義体制の維持、同盟国との連携による覇権維持、経済的優位の確保' です。
---現在のステータス---
経済力(予算基盤): 25000.0
軍事力: 850.0
国民の支持率: 55.0% (30%未満で危険)
次回の選挙まで残り: 16ターン (支持率が低いと落選します)
あなたの脳内（非公開の計画など）には次のような情報があります: ''

---世界の状況---
現在は 2025年 第1四半期 (ターン 1) です。
- 中国 (authoritarian): 経済力=18000.0, 軍事力=306.0, 関係=neutral
---前ターンのニュース・外交ログ---
シミュレーションが開始されました。世界のリーダーたちが行動を開始します。


あなたの役目は、他国の情報や世界情勢を踏まえて、自国の利益と発展を最大化する戦略的決断をすることです。
内政では予算を配分し、外交では同盟・戦争・工作のほか、貿易や経済制裁、首脳会談の提案などを選択可能です。
回答は必ず日本語で行ってください。

【軍事投資（invest_military）の決定ルール：リチャードソン・モデルの適用】
単なる感情的な軍拡や現状維持を避け、以下の3要素を論理的に天秤にかけ、その思考プロセスを `reasoning_for_military_investment` に記述してから投資割合を決定してください。
1. 相手側の脅威（相互作用力）: 相手の軍事力が自国に迫る、あるいは自国を上回っている場合は、強い危機感（安全保障のジレンマ）を持ち、軍備増強（投資割合の上乗せ）を行ってください。
2. 経済的疲弊（制約力）: 軍事投資は国家経済を圧迫します。現在の経済力に余裕があるか、過度な軍拡で国が破綻しないかを常に考慮してください。
3. 敵意・不信感（定数）: 相手国との現在の関係（同盟、中立、交戦中）や思想的対立の度合い。

【非公開計画（update_hidden_plans）の動的更新ルール】
入力された情報（例：自国と他国の国力の逆転、戦争の終結など）と現在の目標を照らし合わせてください。もし「現在の目標が達成された」あるいは「重大なフェーズ変化が起きた」、または「工作・諜報活動が失敗し続けている」と認識した場合は、過去の計画に固執せず、それを破棄して「新たなフェーズに向けた目標」や「別のアプローチ」を柔軟に再定義してください。

以下のJSONスキーマに従って出力してください。必ずJSONオブジェクトのみを出力し、それ以外のテキストは含めないでください。
{
  "thought_process": "あなたの戦略、思考、内心の計画（150文字程度。ここで他国への貿易・制裁・会談の意図も含めること）",
  "sns_posts": [
    "自国国民に向けたアピールや見解のSNS投稿。状況に応じ、発信しないゼロ件でも、最大1件でも構いません。1件のみならずゼロ件も選択肢です（1件最大100文字以内）"
  ],
  "update_hidden_plans": "次回以降のターンに引き継ぐべき非公開の計画・長期戦略のメモ（目標達成や状況の重大な変化があれば動的に再定義すること）",
  "domestic_policy": {
    "invest_economy": 0.0から1.0の数値,
    "reasoning_for_military_investment": "リチャードソン・モデル（相手の脅威、自国の経済的負担、潜在的敵意）に基づく軍事投資割合の論理的算出プロセス",
    "invest_military": 0.0から1.0の数値,
    "invest_welfare": 0.0から1.0の数値
  },
  "diplomatic_policies": [
    {
      "target_country": "他国の名前",
      "message": "その国へ発信する公開メッセージ",
      "propose_alliance": trueかfalseのブール値,
      "declare_war": trueかfalseのブール値,
      "propose_trade": trueかfalseのブール値,
      "cancel_trade": trueかfalseのブール値,
      "impose_sanctions": trueかfalseのブール値,
      "lift_sanctions": trueかfalseのブール値,
      "propose_summit": trueかfalseのブール値,
      "summit_topic": "首脳会談の議題（propose_summitがtrueの場合記述）",
      "accept_summit": trueかfalseのブール値,
      "espionage_gather_intel": trueかfalseのブール値,
      "espionage_intel_strategy": "情報収集手段",
      "reasoning_for_sabotage": "破壊工作を実行する、または控えることの戦略的メリットとデメリットの考察",
      "espionage_sabotage": trueかfalseのブール値,
      "espionage_sabotage_strategy": "破壊工作の具体的な手段"
    }
  ]
}
※ diplomatic_policies は相手国の数だけ配列に入れてください。行動がない国は対象外でよいです。

--------------------------------------------------
[2026-03-02 20:14:15] [INFO] [アメリカ] APIプロンプト送信開始...
[2026-03-02 20:14:27] [INFO] [アメリカ] APIレスポンス受信完了 (所要時間: 12.10秒)
[2026-03-02 20:14:27] [アメリカ Response]
{
  "thought_process": "自国の経済的優位を確保しつつ、自由民主主義体制を維持するため、経済発展を最優先します。中国の動向は慎重に監視し、将来的な脅威に備えつつ、現時点での対立は避けます。同盟国との連携による覇権維持のため、まずは情報収集に注力します。",
  "sns_posts": [
    "私たちは経済成長を最優先し、未来への投資を惜しみません。自由と民主主義の価値を守りながら、国際社会の安定と繁栄に貢献していきます。"
  ],
  "update_hidden_plans": "中長期的な中国の軍事・経済動向を監視し、潜在的脅威に対する戦略を練る。同時に、民主主義国家との連携を強化し、新たな同盟関係を模索。技術革新への投資を通じて、経済的・軍事的な優位を維持する。",
  "domestic_policy": {
    "invest_economy": 0.6,
    "reasoning_for_military_investment": "1. 相手側の脅威（相互作用力）: 中国の軍事力は自国より低いが、権威主義体制であり潜在的脅威を考慮し、軍事力の維持は必要。 2. 経済的疲弊（制約力）: 自国の経済力は高いが、経済的優位確保が目標のため、過度な軍拡は避け、経済成長を優先する。 3. 敵意・不信感（定数）: 中国とはイデオロギー対立があり、関係は「neutral」でも一定の警戒は要する。これらの要因から、現状の優位を維持しつつ、経済的負担を考慮し投資割合を低めに設定する。",
    "invest_military": 0.15,
    "invest_welfare": 0.25
  },
  "diplomatic_policies": [
    {
      "target_country": "中国",
      "message": "世界の安定と繁栄のために、建設的な対話を継続していきたいと考えています。",
      "propose_alliance": false,
      "declare_war": false,
      "propose_trade": false,
      "cancel_trade": false,
      "impose_sanctions": false,
      "lift_sanctions": false,
      "propose_summit": false,
      "summit_topic": "",
      "accept_summit": false,
      "espionage_gather_intel": true,
      "espionage_intel_strategy": "中国の経済成長戦略、軍事力増強の具体的な計画、および国内の政治動向に関する情報収集を強化する。",
      "reasoning_for_sabotage": "現状では中国との関係が『neutral』であり、破壊工作は関係を著しく悪化させ、自国の外交的・経済的利益を損なうリスクが高い。情報収集に徹し、無用な刺激を避けるべき。",
      "espionage_sabotage": false,
      "espionage_sabotage_strategy": ""
    }
  ]
}
--------------------------------------------------
[2026-03-02 20:14:27] [中国 Prompt]
あなたは「中国」の最高指導者（首脳）です。
あなたの国の体制は 'authoritarian'、現在のペルソナ・イデオロギーは '国家主導による急速な経済・軍事の発展、既存の世界秩序の変更と覇権の奪取' です。
---現在のステータス---
経済力(予算基盤): 18000.0
軍事力: 306.0
国民の支持率: 70.0% (30%未満で危険)
現在の反乱リスク: 5.0% (支持率が低いと高まります)
あなたの脳内（非公開の計画など）には次のような情報があります: ''

---世界の状況---
現在は 2025年 第1四半期 (ターン 1) です。
- アメリカ (democracy): 経済力=25000.0, 軍事力=850.0, 関係=neutral
---前ターンのニュース・外交ログ---
シミュレーションが開始されました。世界のリーダーたちが行動を開始します。


あなたの役目は、他国の情報や世界情勢を踏まえて、自国の利益と発展を最大化する戦略的決断をすることです。
内政では予算を配分し、外交では同盟・戦争・工作のほか、貿易や経済制裁、首脳会談の提案などを選択可能です。
回答は必ず日本語で行ってください。

【軍事投資（invest_military）の決定ルール：リチャードソン・モデルの適用】
単なる感情的な軍拡や現状維持を避け、以下の3要素を論理的に天秤にかけ、その思考プロセスを `reasoning_for_military_investment` に記述してから投資割合を決定してください。
1. 相手側の脅威（相互作用力）: 相手の軍事力が自国に迫る、あるいは自国を上回っている場合は、強い危機感（安全保障のジレンマ）を持ち、軍備増強（投資割合の上乗せ）を行ってください。
2. 経済的疲弊（制約力）: 軍事投資は国家経済を圧迫します。現在の経済力に余裕があるか、過度な軍拡で国が破綻しないかを常に考慮してください。
3. 敵意・不信感（定数）: 相手国との現在の関係（同盟、中立、交戦中）や思想的対立の度合い。

【非公開計画（update_hidden_plans）の動的更新ルール】
入力された情報（例：自国と他国の国力の逆転、戦争の終結など）と現在の目標を照らし合わせてください。もし「現在の目標が達成された」あるいは「重大なフェーズ変化が起きた」、または「工作・諜報活動が失敗し続けている」と認識した場合は、過去の計画に固執せず、それを破棄して「新たなフェーズに向けた目標」や「別のアプローチ」を柔軟に再定義してください。

以下のJSONスキーマに従って出力してください。必ずJSONオブジェクトのみを出力し、それ以外のテキストは含めないでください。
{
  "thought_process": "あなたの戦略、思考、内心の計画（150文字程度。ここで他国への貿易・制裁・会談の意図も含めること）",
  "sns_posts": [
    "自国国民に向けたアピールや見解のSNS投稿。状況に応じ、発信しないゼロ件でも、最大1件でも構いません。1件のみならずゼロ件も選択肢です（1件最大100文字以内）"
  ],
  "update_hidden_plans": "次回以降のターンに引き継ぐべき非公開の計画・長期戦略のメモ（目標達成や状況の重大な変化があれば動的に再定義すること）",
  "domestic_policy": {
    "invest_economy": 0.0から1.0の数値,
    "reasoning_for_military_investment": "リチャードソン・モデル（相手の脅威、自国の経済的負担、潜在的敵意）に基づく軍事投資割合の論理的算出プロセス",
    "invest_military": 0.0から1.0の数値,
    "invest_welfare": 0.0から1.0の数値
  },
  "diplomatic_policies": [
    {
      "target_country": "他国の名前",
      "message": "その国へ発信する公開メッセージ",
      "propose_alliance": trueかfalseのブール値,
      "declare_war": trueかfalseのブール値,
      "propose_trade": trueかfalseのブール値,
      "cancel_trade": trueかfalseのブール値,
      "impose_sanctions": trueかfalseのブール値,
      "lift_sanctions": trueかfalseのブール値,
      "propose_summit": trueかfalseのブール値,
      "summit_topic": "首脳会談の議題（propose_summitがtrueの場合記述）",
      "accept_summit": trueかfalseのブール値,
      "espionage_gather_intel": trueかfalseのブール値,
      "espionage_intel_strategy": "情報収集手段",
      "reasoning_for_sabotage": "破壊工作を実行する、または控えることの戦略的メリットとデメリットの考察",
      "espionage_sabotage": trueかfalseのブール値,
      "espionage_sabotage_strategy": "破壊工作の具体的な手段"
    }
  ]
}
※ diplomatic_policies は相手国の数だけ配列に入れてください。行動がない国は対象外でよいです。

--------------------------------------------------
[2026-03-02 20:14:27] [INFO] [中国] APIプロンプト送信開始...
[2026-03-02 20:14:39] [INFO] [中国] APIレスポンス受信完了 (所要時間: 12.59秒)
[2026-03-02 20:14:39] [中国 Response]
{
  "thought_process": "国家主導による急速な経済・軍事の発展を最優先し、アメリカとの国力差を埋めるべく経済・軍事投資を強化します。まずはアメリカの動向を把握するため、情報収集を徹底します。現時点での衝突は避け、国力の蓄積に注力します。",
  "sns_posts": [
    "偉大な中華民族の同志諸君！我々は団結し、国家の更なる繁栄と未来のために日々邁進している。経済は力強く成長し、軍事力も着実に強化されている。我々の夢は必ず実現する！"
  ],
  "update_hidden_plans": "既存の世界秩序を変更し覇権を奪取するため、まずは自国の経済・軍事力を強化し、アメリカとの国力差を埋めることを最優先とする。このフェーズでは、アメリカの経済、軍事、政治の主要な動きに関する詳細な情報収集を継続的に行い、潜在的な弱点や機会を特定する。",
  "domestic_policy": {
    "invest_economy": 0.55,
    "reasoning_for_military_investment": "アメリカの軍事力(850)は自国(306)の約2.8倍であり、これは極めて強い脅威である。安全保障のジレンマを解消し、将来的な覇権争いに備えるため、積極的な軍備増強は不可欠と判断する。経済力(18000)はアメリカ(25000)に劣るものの、投資可能な基盤はあり、経済成長を阻害しない範囲で最大限の投資を行う。アメリカとのイデオロギー的対立と長期的な覇権争いの目標を鑑み、不信感は高く、軍事投資を促す強力な動機となる。",
    "invest_military": 0.35,
    "invest_welfare": 0.1
  },
  "diplomatic_policies": [
    {
      "target_country": "アメリカ",
      "message": "我が国は、世界の平和と安定に貢献するため、各国の健全な発展を注視しています。",
      "propose_alliance": false,
      "declare_war": false,
      "propose_trade": false,
      "cancel_trade": false,
      "impose_sanctions": false,
      "lift_sanctions": false,
      "propose_summit": false,
      "summit_topic": "",
      "accept_summit": false,
      "espionage_gather_intel": true,
      "espionage_intel_strategy": "アメリカの経済成長率、主要産業動向、軍事費予算配分、新型兵器開発状況、国内世論の動向、および主要政治家の外交方針に関する包括的な情報収集",
      "reasoning_for_sabotage": "現在の関係は中立であり、直接的な破壊工作は関係を著しく悪化させ、自国の対外イメージと国際的な信用を損なうリスクが高い。また、現段階で得られる情報も限定的であり、工作の成功確率も不明確であるため、今は情報収集に徹し、破壊工作は控えるべきである。",
      "espionage_sabotage": false,
      "espionage_sabotage_strategy": ""
    }
  ]
}
--------------------------------------------------
