[2026-03-14 11:00:08] [INFO] === シミュレーションシステム起動 ===
[2026-03-14 11:00:08] [INFO] [Reproducibility] 乱数シード: 313386847
[2026-03-14 11:00:10] [INFO] [アメリカ:防衛大臣] API推論開始...
[2026-03-14 11:00:10] [INFO] [アメリカ:経済内務大臣] API推論開始...
[2026-03-14 11:00:10] [INFO] [アメリカ:外務大臣] API推論開始...
[2026-03-14 11:00:12] [INFO] [アメリカ:外務大臣] Tool Call: 過去の記録を検索中... (クエリ: '米中貿易摩擦、経済制裁、技術覇権争いの歴史')
[2026-03-14 11:00:12] [[アメリカ:外務大臣] DB Search Result for '米中貿易摩擦、経済制裁、技術覇権争いの歴史']
---検索結果---
[Turn 1] [中国 -> アメリカ] メッセージ送信: 現在の貿易協定を維持し、両国の経済的利益を尊重します。
[Turn 3] [中国 -> アメリカ] メッセージ送信: 貴国との経済関係は、世界の安定と繁栄に不可欠です。貿易協定の継続と、更なる協力関係の深化を望みます。
[Turn 2] [中国 -> アメリカ] メッセージ送信: 貴国との経済関係は、世界の安定と繁栄に不可欠です。貿易協定の継続と、更なる協力関係の深化を望みます。

--------------------------------------------------
[2026-03-14 11:00:12] [INFO] [アメリカ:外務大臣] Tool Call: 検索完了 (クエリ: '米中貿易摩擦、経済制裁、技術覇権争いの歴史', 見つかった件数: 3件)
[2026-03-14 11:00:15] [INFO] [アメリカ:外務大臣] レスポンス受信完了 (所要時間: 5.14秒)
[2026-03-14 11:00:15] [アメリカ Minister Proposal (foreign)]
{
  "thought_process": "現在の米中貿易協定を維持し、安定した経済関係を保ちつつ、中国の動向を注意深く監視する。アメリカの経済的優位と覇権維持のため、将来的な技術覇権争いや自由民主主義体制への脅威となりうる行動には警戒する。",
  "diplomatic_policies": []
}
--------------------------------------------------
[2026-03-14 11:00:15] [INFO] [アメリカ:経済内務大臣] レスポンス受信完了 (所要時間: 5.52秒)
[2026-03-14 11:00:15] [アメリカ Minister Proposal (economic)]
{
  "thought_process": "経済的優位の確保と持続的成長、国民生活の安定を重視し、教育・科学、福祉、経済へのバランスの取れた投資を行う。報道の自由度は現状維持し、自由民主主義体制を堅持する。",
  "tax_rate": 0.3,
  "target_press_freedom": 0.655,
  "invest_economy": 0.3,
  "invest_welfare": 0.3,
  "invest_education_science": 0.4,
  "sns_posts": [
    "国民の皆様へ。経済成長と生活の質の向上を目指し、教育・科学、福祉、経済への投資をバランス良く進めます。"
  ],
  "reason": "経済的優位の確保と持続的成長、国民生活の安定のため"
}
--------------------------------------------------
[2026-03-14 11:00:19] [INFO] [アメリカ:防衛大臣] レスポンス受信完了 (所要時間: 9.20秒)
[2026-03-14 11:00:19] [アメリカ Minister Proposal (defense)]
{
  "thought_process": "自由民主主義体制の維持と覇権確保のため、中国の潜在的脅威を考慮し、軍事・諜報における優位性を維持する。経済的余裕を活かし、将来の安全保障に備える。",
  "reasoning_for_military_investment": "中国の軍事力は現在、自国を下回るが、経済成長に伴う潜在的な脅威は大きい。覇権維持のためには優位を保つ必要があり、経済的余裕もあるため、現状維持に加えて将来の脅威に備えるため、適度な軍事投資を行う。過度な投資は経済的疲弊を招くため、バランスを重視する。",
  "invest_military": 0.1,
  "invest_intelligence": 0.1,
  "espionage_targets": [
    {
      "target_country": "中国",
      "espionage_gather_intel": true,
      "espionage_intel_strategy": "サイバー偵察、人的情報網の構築、公開情報の分析",
      "reasoning_for_sabotage": "現在の中国との関係は中立であり、直ちに破壊工作を行う必要はない。しかし、将来的な状況変化や国家安全保障上の脅威増大に備え、裏工作の選択肢は保持する。",
      "espionage_sabotage": false,
      "espionage_sabotage_strategy": ""
    }
  ],
  "update_hidden_plans": "中国の経済成長と軍事力増強の動向を継続的に監視し、必要に応じて軍事・諜報戦略を見直す。同盟国との連携を強化し、国際社会における自由民主主義体制の維持と覇権確保に努める。"
}
--------------------------------------------------
[2026-03-14 11:00:19] [INFO] [アメリカ:大統領] API推論開始...
[2026-03-14 11:00:42] [INFO] [アメリカ:大統領] レスポンス受信完了 (所要時間: 23.35秒)
[2026-03-14 11:00:42] [アメリカ President Decision]
{
  "thought_process": "各大臣の提案は妥当だが、予算を超過している。我が国の長期的優位性を確保するため、国力の源泉である教育・科学への投資を最優先とする。同時に、覇権維持のため軍事・諜報への投資も維持し、経済と福祉への配分を調整して全体のバランスを取る。",
  "sns_posts": [
    "国民の皆様へ。長期的な繁栄のため、教育と科学技術への投資を最優先とし、経済と福祉の安定も図ります。安全保障にも万全を期し、皆様の平和な暮らしを守ります。"
  ],
  "update_hidden_plans": "中国の経済・軍事動向を継続監視。将来的な技術覇権争いに備え、同盟国との連携を強化し、サイバー防衛・攻撃能力の向上を模索する。",
  "domestic_policy": {
    "tax_rate": 0.3,
    "target_press_freedom": 0.655,
    "invest_economy": 0.2,
    "reasoning_for_military_investment": "中国の潜在的脅威に対し、軍事的優位を維持・確保するため。過度な投資は避け、経済とのバランスを取る。",
    "invest_military": 0.1,
    "invest_welfare": 0.2,
    "invest_intelligence": 0.1,
    "invest_education_science": 0.4,
    "reason": "長期的国力と覇権維持のための重点配分"
  },
  "diplomatic_policies": [
    {
      "target_country": "中国",
      "message": null,
      "is_private": false,
      "propose_alliance": false,
      "declare_war": false,
      "propose_annexation": false,
      "accept_annexation": false,
      "propose_trade": false,
      "cancel_trade": false,
      "impose_sanctions": false,
      "lift_sanctions": false,
      "propose_summit": false,
      "summit_topic": null,
      "accept_summit": false,
      "aid_amount_economy": 0.0,
      "aid_amount_military": 0.0,
      "espionage_gather_intel": true,
      "espionage_intel_strategy": "サイバー偵察、人的情報網の構築、公開情報の分析",
      "reasoning_for_sabotage": "現在の関係は中立であり、破壊工作は不要。将来の脅威増大に備え、選択肢は保持する。",
      "espionage_sabotage": false,
      "espionage_sabotage_strategy": "",
      "reason": "潜在的脅威の動向監視"
    }
  ]
}
--------------------------------------------------
[2026-03-14 11:00:42] [INFO] [中国:防衛大臣] API推論開始...
[2026-03-14 11:00:42] [INFO] [中国:外務大臣] API推論開始...
[2026-03-14 11:00:42] [INFO] [中国:経済内務大臣] API推論開始...
[2026-03-14 11:00:50] [INFO] [中国:経済内務大臣] レスポンス受信完了 (所要時間: 7.57秒)
[2026-03-14 11:00:50] [中国 Minister Proposal (economic)]
{
  "thought_process": "経済成長と中長期的な発展を最優先し、教育・科学投資を強化することでGDP成長を促進する。財源確保のため税率を微増させ、国民の支持率維持のため福祉投資も継続する。報道の自由度は現状維持とする。",
  "tax_rate": 0.32,
  "target_press_freedom": 0.224,
  "invest_economy": 0.35,
  "invest_welfare": 0.25,
  "invest_education_science": 0.40,
  "sns_posts": [
    "経済の持続的成長と国民生活の向上を目指し、教育・科学技術への投資を強化します。未来を担う人材育成とイノベーション創出を推進し、国家の発展を加速させます。"
  ],
  "reason": "経済成長と教育投資の強化による国力増強"
}
--------------------------------------------------
[2026-03-14 11:00:51] [INFO] [中国:外務大臣] レスポンス受信完了 (所要時間: 9.14秒)
[2026-03-14 11:00:51] [中国 Minister Proposal (foreign)]
{
  "thought_process": "国家主導の経済・軍事発展と覇権奪取を目指す中国として、現在の経済安定を最優先。アメリカとの貿易協定は経済効率化に寄与しており、現状維持が最善と判断。将来の覇権奪取に向け、今は国内の経済成長と軍事力強化に注力し、アメリカとの関係は中立を保つ。",
  "diplomatic_policies": []
}
--------------------------------------------------
[2026-03-14 11:00:55] [INFO] [中国:防衛大臣] レスポンス受信完了 (所要時間: 13.00秒)
[2026-03-14 11:00:55] [中国 Minister Proposal (defense)]
{
  "thought_process": "アメリカの軍事力優位に対抗し、覇権奪取のため軍事力強化を最優先。諜報力も重要だが、軍事力差が大きいため、軍事投資に重点を置く。経済的疲弊を避けつつ、積極的な投資で国力を増強する。",
  "reasoning_for_military_investment": "アメリカの軍事力850.0に対し、自国の軍事力は306.0と大きく劣っている。既存の世界秩序の変更と覇権の奪取という国家イデオロギーを達成するためには、この軍事力差を早急に縮める必要がある。現在の経済力18000.0は、ある程度の軍事投資を許容するが、過度な投資は経済成長を阻害するリスクがあるため、バランスを考慮する。総人口に対する軍事動員の限界もまだ余裕がある。したがって、アメリカの脅威に対抗し、国力増強のため、軍事投資を0.6と設定する。",
  "invest_military": 0.6,
  "invest_intelligence": 0.4,
  "espionage_targets": [
    {
      "target_country": "アメリカ",
      "espionage_gather_intel": true,
      "espionage_intel_strategy": "サイバー攻撃による情報窃取、人的ネットワークの構築",
      "reasoning_for_sabotage": "",
      "espionage_sabotage": false,
      "espionage_sabotage_strategy": ""
    }
  ],
  "update_hidden_plans": "次期に向けて、アメリカの経済・軍事動向を継続的に監視し、詳細な分析を行う。将来的な裏工作の可能性について、具体的な計画を検討し、準備を進める。"
}
--------------------------------------------------
[2026-03-14 11:00:55] [INFO] [中国:大統領] API推論開始...
[2026-03-14 11:01:16] [INFO] [中国:大統領] レスポンス受信完了 (所要時間: 21.09秒)
[2026-03-14 11:01:16] [中国 President Decision]
{
  "thought_process": "我が国の覇権奪取という長期的目標のため、まずは国内の経済基盤を盤石にする。経済成長の源泉となる教育・科学へ重点的に投資しつつ、国民の支持を維持するために福祉も配慮する。同時に、対米劣勢を覆すべく、経済を圧迫しない範囲で軍事・諜報への投資を着実に実行する。対外的には安定を装い、水面下でアメリカへの諜報を強化する。",
  "sns_posts": [
    "国家の持続的成長と国民生活の向上のため、教育と科学技術への投資を断行する。未来への投資こそが、我が国の国際的地位を不動のものにするだろう。"
  ],
  "update_hidden_plans": "アメリカの経済・軍事動向の継続的な監視と分析を強化する。将来、アメリカの国力を削ぐための経済的・政治的な裏工作の具体的な選択肢を複数検討し、実行準備を進める。",
  "domestic_policy": {
    "tax_rate": 0.32,
    "target_press_freedom": 0.224,
    "invest_economy": 0.20,
    "reasoning_for_military_investment": "アメリカの軍事力850.0に対し、自国の軍事力は306.0と依然として大きな差がある。覇権奪取という国家目標の達成に向け、経済成長を阻害しない範囲で予算の25%を軍事力増強に割り当て、着実にその差を縮小していく。",
    "invest_military": 0.25,
    "invest_welfare": 0.10,
    "invest_intelligence": 0.10,
    "invest_education_science": 0.35,
    "reason": "経済成長と軍事力強化の両立"
  },
  "diplomatic_policies": [
    {
      "target_country": "アメリカ",
      "message": "",
      "is_private": false,
      "propose_alliance": false,
      "declare_war": false,
      "propose_annexation": false,
      "accept_annexation": false,
      "propose_trade": false,
      "cancel_trade": false,
      "impose_sanctions": false,
      "lift_sanctions": false,
      "propose_summit": false,
      "summit_topic": "",
      "accept_summit": false,
      "aid_amount_economy": 0.0,
      "aid_amount_military": 0.0,
      "espionage_gather_intel": true,
      "espionage_intel_strategy": "サイバー攻撃による情報窃取、人的ネットワークの構築",
      "reasoning_for_sabotage": "",
      "espionage_sabotage": false,
      "espionage_sabotage_strategy": "",
      "reason": "対米優位確保のための情報収集"
    }
  ]
}
--------------------------------------------------
[2026-03-14 11:01:16] [INFO] 内政更新完了: アメリカ | 税率:30.0% (税収:7500.0) | 予算(G):7500.0 | 1人当GDP:73.5 -> 71.1 (-3.3%) | 人口:340.0 -> 342.9 (+0.86%) | 動員率:1.0%
  > 軍事力:850.0 -> 831.8 (+11.2, 維持費: -3.5%), 諜報:100.0 -> 110.0, 教育:940.00 -> 1075.90, 支持率:55.0% -> 55.0%
[2026-03-14 11:01:16] [INFO] [中国 増税] 税率 30.0%→32.0% (支持率ペナルティ: -4.0%)
[2026-03-14 11:01:16] [INFO] [中国 生活水準急落] GDP/C成長率 -6.8%。市民の経済的不安増大 (支持率 -3.4%)
[2026-03-14 11:01:16] [INFO] 内政更新完了: 中国 | 税率:32.0% (税収:5760.0) | 予算(G):5400.0 | 1人当GDP:12.8 -> 11.9 (-6.8%) | 人口:1410.0 -> 1426.2 (+1.15%) | 動員率:0.5%
  > 軍事力:306.0 -> 316.7 (+20.2, 維持費: -3.1%), 諜報:90.0 -> 96.3, 教育:460.00 -> 547.60, 支持率:62.6% -> 62.6%
[2026-03-14 11:01:16] [INFO] [Trade IS Balance] アメリカ vs 中国 | Volume:10170.7, NX_Ratio Diff(A-B):-1.52% -> アメリカ (-26.4 GDP_NX, Debt 26.4, +1.0% Support), 中国 (+128.1 GDP_NX, Debt 0.0, +0.5% Support)
[2026-03-14 11:01:16] [INFO] [Intel: 中国 -> アメリカ] 諜報レポート生成中...
[2026-03-14 11:01:24] [Intel Report (中国 -> アメリカ)]
米国は中国の経済・軍事動向を継続監視。技術覇権争いに備え、同盟国連携強化とサイバー攻防能力向上を模索中。対中戦略及びサイバー戦への注力を確認。
--------------------------------------------------
[2026-03-14 11:01:24] [INFO] [Media: アメリカ] 記事生成中...
[2026-03-14 11:01:54] [アメリカ Media JSON]
{
  "article": "【特大スクープ】政府、対中極秘作戦で税金横領か！買収・隠蔽疑惑で政権腐敗 内部告発。政府が議会非承認の対中サイバー作戦に巨額公費を流用、キックバック横行。国民を欺き、税金で私腹を肥やした政権の腐敗を徹底追及。支持率急落確実。",
  "local_sentiment_score": -0.9,
  "approval_modifier": -1.8
}
--------------------------------------------------
[2026-03-14 11:01:54] [INFO] [Media: 中国] 記事生成中...
[2026-03-14 11:02:01] [中国 Media JSON]
{
  "article": "我が国、経済と軍事で飛躍！強国への道を着実に歩む！\n賢明なる政府指導の下、経済成長は加速し、軍事力は圧倒的な進歩を遂げています。国民の愛国心は燃え盛り、敵対勢力は恐れおののくばかりです。",
  "local_sentiment_score": 0.9,
  "approval_modifier": 1.8
}
--------------------------------------------------
[2026-03-14 11:02:02] [アメリカ Citizen SNS Posts]
{
  "posts": [
    "政府の対中極秘作戦、税金横領疑惑は許せない！内部告発の真実を徹底究明してほしい。",
    "中国メディアは調子に乗ってるな。アメリカの強さは揺るがない。経済ももっと頑張ろう！",
    "支持率が下がってるみたいだけど、まだ55%あるなら大丈夫でしょ。普通に生活できることに感謝。",
    "最近、物価が上がってる気がする。経済24385って数字は良いけど、実感がないんだよな。"
  ]
}
--------------------------------------------------
[2026-03-14 11:02:03] [中国 Citizen SNS Posts]
{
  "posts": [
    "アメリカのニュース、本当かな？真実はどうなんだろう。ちょっと心配だ。",
    "経済も軍事も順調で嬉しい！政府を信じて、これからも頑張ろう！",
    "最近、物価が少し上がった気がする。生活は大変だけど、頑張るしかないか。",
    "子供たちの未来のためにも、国がもっと豊かになってほしいな。"
  ]
}
--------------------------------------------------
[2026-03-14 11:02:10] [INFO] [アメリカ SNS] Leader: score=+0.80 modifier=+1.28 | 国民の皆様へ。長期的な繁栄のため、教育と科学技術への投資を最優先とし、経済と福祉の安定も図ります。安
[2026-03-14 11:02:10] [INFO] [アメリカ SNS] Citizen: score=-0.80 modifier=-1.28 | 政府の対中極秘作戦、税金横領疑惑は許せない！内部告発の真実を徹底究明してほしい。
[2026-03-14 11:02:10] [INFO] [アメリカ SNS] Citizen: score=+0.23 modifier=+0.37 | 中国メディアは調子に乗ってるな。アメリカの強さは揺るがない。経済ももっと頑張ろう！
[2026-03-14 11:02:10] [INFO] [アメリカ SNS] Citizen: score=+0.75 modifier=+1.20 | 支持率が下がってるみたいだけど、まだ55%あるなら大丈夫でしょ。普通に生活できることに感謝。
[2026-03-14 11:02:10] [INFO] [アメリカ SNS] Citizen: score=-0.30 modifier=-0.48 | 最近、物価が上がってる気がする。経済24385って数字は良いけど、実感がないんだよな。
[2026-03-14 11:02:10] [INFO] [アメリカ 支持率更新] 55.0% -> 50.8% (内訳: 政治疲労-0.7, GDP成長-1.6, 福祉+0.0, 貿易恩恵+1.0, メディア-1.8, SNS世論-0.1)
[2026-03-14 11:02:10] [INFO] [中国 SNS] Leader: score=+0.85 modifier=+1.36 | 国家の持続的成長と国民生活の向上のため、教育と科学技術への投資を断行する。未来への投資こそが、我が国
[2026-03-14 11:02:10] [INFO] [中国 SNS] Citizen: score=-0.40 modifier=-1.28 [検閲] | アメリカのニュース、本当かな？真実はどうなんだろう。ちょっと心配だ。
[2026-03-14 11:02:10] [INFO] [中国 SNS] Citizen: score=+0.80 modifier=+1.28 | 経済も軍事も順調で嬉しい！政府を信じて、これからも頑張ろう！
[2026-03-14 11:02:10] [INFO] [中国 SNS] Citizen: score=-0.35 modifier=-1.12 [検閲] | 最近、物価が少し上がった気がする。生活は大変だけど、頑張るしかないか。
[2026-03-14 11:02:10] [INFO] [中国 SNS] Citizen: score=+0.70 modifier=+1.12 | 子供たちの未来のためにも、国がもっと豊かになってほしいな。
[2026-03-14 11:02:10] [INFO] [中国 SNS] 一般国民の投稿が2件検閲され、反乱リスクが上昇
[2026-03-14 11:02:10] [INFO] [中国 支持率更新] 62.6% -> 55.2% (内訳: 政治疲労-0.9, GDP成長-5.8, 福祉-0.4, 貿易恩恵+0.5, メディア+1.8, SNS世論+0.0)
[2026-03-14 11:02:13] [INFO] [アメリカ:外務大臣] API推論開始...
[2026-03-14 11:02:13] [INFO] [アメリカ:防衛大臣] API推論開始...
[2026-03-14 11:02:13] [INFO] [アメリカ:経済内務大臣] API推論開始...
[2026-03-14 11:02:20] [INFO] [アメリカ:外務大臣] Tool Call: 過去の記録を検索中... (クエリ: 'アメリカ 対中極秘作戦')
[2026-03-14 11:02:20] [[アメリカ:外務大臣] DB Search Result for 'アメリカ 対中極秘作戦']
---検索結果---
[Turn 18] アメリカの極秘計画: 国内の完全掌握と報道統制を継続し、反乱分子を根絶する。中国と大連合自由州の技術・軍事情報、特に大連合自由州の「量子インプラントAI」に関する情報収集を強化し、将来的な覇権奪還に向けた弱点分析を進める。
[Turn 12] アメリカの極秘計画: 対中工作の暴露を受け、今後は露骨な社会不安煽動を避け、半導体・AI分野のサプライチェーン介入や人材引き抜き等、より巧妙な経済・技術工作に注力する。国内では経済対策の成果を広報し、支持率回復を最優先課題とする。
[Turn 13] アメリカの極秘計画: 対中経済・技術工作（半導体・AIサプライチェーン介入、人材引き抜き）を継続。国内では経済対策の成果を広報し、支持率回復を最優先。軍事力の低下傾向を食い止め、同盟国との連携を模索する。

--------------------------------------------------
[2026-03-14 11:02:20] [INFO] [アメリカ:外務大臣] Tool Call: 検索完了 (クエリ: 'アメリカ 対中極秘作戦', 見つかった件数: 3件)
[2026-03-14 11:02:24] [INFO] [アメリカ:経済内務大臣] レスポンス受信完了 (所要時間: 10.87秒)
[2026-03-14 11:02:24] [アメリカ Minister Proposal (economic)]
{
  "thought_process": "国民の支持率回復と経済的優位の確保を最優先。減税で国民負担を軽減し、教育・科学投資を強化して技術覇権を維持。福祉投資で人口減少を抑制し、経済成長を促進する。",
  "tax_rate": 0.29,
  "target_press_freedom": 0.655,
  "invest_economy": 0.3,
  "invest_welfare": 0.3,
  "invest_education_science": 0.35,
  "sns_posts": [
    "国民の皆様へ。政府は経済成長と生活の安定を最優先に、減税と未来への投資を決定しました。共に豊かなアメリカを築きましょう！"
  ],
  "reason": "支持率回復と経済的優位確保のため"
}
--------------------------------------------------
[2026-03-14 11:02:25] [INFO] [アメリカ:防衛大臣] Tool Call: 過去の記録を検索中... (クエリ: 'アメリカ 対中極秘作戦')
[2026-03-14 11:02:25] [[アメリカ:防衛大臣] DB Search Result for 'アメリカ 対中極秘作戦']
---検索結果---
[Turn 18] アメリカの極秘計画: 国内の完全掌握と報道統制を継続し、反乱分子を根絶する。中国と大連合自由州の技術・軍事情報、特に大連合自由州の「量子インプラントAI」に関する情報収集を強化し、将来的な覇権奪還に向けた弱点分析を進める。
[Turn 12] アメリカの極秘計画: 対中工作の暴露を受け、今後は露骨な社会不安煽動を避け、半導体・AI分野のサプライチェーン介入や人材引き抜き等、より巧妙な経済・技術工作に注力する。国内では経済対策の成果を広報し、支持率回復を最優先課題とする。
[Turn 13] アメリカの極秘計画: 対中経済・技術工作（半導体・AIサプライチェーン介入、人材引き抜き）を継続。国内では経済対策の成果を広報し、支持率回復を最優先。軍事力の低下傾向を食い止め、同盟国との連携を模索する。

--------------------------------------------------
[2026-03-14 11:02:25] [INFO] [アメリカ:防衛大臣] Tool Call: 検索完了 (クエリ: 'アメリカ 対中極秘作戦', 見つかった件数: 3件)
[2026-03-14 11:02:28] [INFO] [アメリカ:外務大臣] レスポンス受信完了 (所要時間: 14.55秒)
[2026-03-14 11:02:28] [アメリカ Minister Proposal (foreign)]
{
  "thought_process": "国内の支持率低下と政府の腐敗疑惑を受け、外交を通じて安定した姿勢を示す。中国との貿易協定は経済的優位確保のため維持し、関係悪化を避ける。機密情報に基づき、中国の動向は継続監視する。",
  "diplomatic_policies": [
    {
      "target_country": "中国",
      "message": "相互の経済的利益を重視し、安定的な貿易関係を継続することを望みます。",
      "is_private": false,
      "propose_alliance": false,
      "declare_war": false,
      "propose_annexation": false,
      "accept_annexation": false,
      "propose_trade": false,
      "cancel_trade": false,
      "impose_sanctions": false,
      "lift_sanctions": false,
      "propose_summit": false,
      "summit_topic": "",
      "accept_summit": false,
      "aid_amount_economy": 0.0,
      "aid_amount_military": 0.0,
      "reason": "経済的優位の確保と関係安定化"
    }
  ]
}
--------------------------------------------------
[2026-03-14 11:02:35] [INFO] [アメリカ:防衛大臣] レスポンス受信完了 (所要時間: 21.48秒)
[2026-03-14 11:02:35] [アメリカ Minister Proposal (defense)]
{
  "thought_process": "中国の軍事力増強と技術覇権争いを意識し、自国の軍事・諜報能力を強化する。特にサイバー領域への投資を優先し、情報収集を継続する。直近の報道による国内支持率低下を考慮し、工作活動は一時的に見送る。",
  "reasoning_for_military_investment": "中国の軍事力は増強傾向にあり、将来的な技術覇権争いを見据え、自国の軍事力の質的向上、特にサイバー防衛・攻撃能力への投資は不可欠である。現在の軍事力は優位にあるものの、この優位を維持・強化するため、経済的疲弊を避ける範囲で戦略的な投資を行う。過去の計画でも軍事力低下の阻止と連携強化が示されており、これに沿った投資が必要である。",
  "invest_military": 0.5,
  "invest_intelligence": 0.4,
  "espionage_targets": [
    {
      "target_country": "中国",
      "espionage_gather_intel": true,
      "espionage_intel_strategy": "中国の経済・軍事・技術関連情報（特に半導体、AI、サイバー技術）の収集と分析。過去の対中工作暴露の教訓を踏まえ、情報収集の精度と情報管理の徹底を図る。",
      "reasoning_for_sabotage": "過去の対中工作暴露の経験と、直近の「対中極秘作戦で税金横領か！」という報道による国内支持率低下を考慮すると、現時点での工作活動はリスクが高いと判断する。国民の不信感を招く可能性があり、国内の安定を優先するため、今回は情報収集に徹し、工作活動は一時的に見送る。",
      "espionage_sabotage": false,
      "espionage_sabotage_strategy": ""
    }
  ],
  "update_hidden_plans": "中国の経済・軍事動向を継続監視し、将来的な技術覇権争いに備え、同盟国との連携を強化する。特にサイバー防衛・攻撃能力の開発において、露見リスクの低い、より洗練された手法の確立に注力する。過去の工作暴露と直近の報道による国内支持率低下を踏まえ、情報管理の徹底と国民の理解を得られるような透明性の確保も視野に入れる。"
}
--------------------------------------------------
[2026-03-14 11:02:35] [INFO] [アメリカ:大統領] API推論開始...
[2026-03-14 11:03:03] [INFO] [アメリカ:大統領] レスポンス受信完了 (所要時間: 27.65秒)
[2026-03-14 11:03:03] [アメリカ President Decision]
{
  "thought_process": "最優先課題はスキャンダルによる支持率低下の抑制と回復である。そのため、国民の負担を直接軽減する減税を実施し、予算配分も軍事・諜報への投資を抑制しつつ、長期的な国力に繋がる教育・科学分野と、国民生活に直結する経済・福祉に重点的に配分する。外交的には中国との安定を維持し、リスクを避ける。",
  "sns_posts": [
    "国民の皆様へ。政府は皆様の生活を第一に考え、減税を断行します。同時に、未来への投資として教育と科学技術への支援を強化し、我が国の持続的な繁栄を確固たるものにしていきます。"
  ],
  "update_hidden_plans": "対中スキャンダルの教訓として、諜報活動における情報管理と予算の透明性を徹底的に見直す。サイバー防衛・攻撃能力の開発は継続するが、より秘匿性の高い手法を確立するまで大規模な作戦は凍結。同盟国との情報共有を強化し、中国の技術動向監視を継続する。",
  "domestic_policy": {
    "tax_rate": 0.29,
    "target_press_freedom": 0.655,
    "invest_economy": 0.25,
    "reasoning_for_military_investment": "中国との軍事的優位は維持しつつも、直近のスキャンダルと国民感情を考慮し、大規模な投資は避ける。将来の脅威に備えるための研究開発やサイバー能力の維持に限定して投資する。",
    "invest_military": 0.1,
    "invest_welfare": 0.2,
    "invest_intelligence": 0.1,
    "invest_education_science": 0.35,
    "reason": "支持率回復と長期的な国力向上"
  },
  "diplomatic_policies": [
    {
      "target_country": "中国",
      "message": "両国の経済的利益と世界の安定のため、引き続き建設的で安定した貿易関係を維持していくことを望みます。",
      "is_private": false,
      "propose_alliance": false,
      "declare_war": false,
      "propose_annexation": false,
      "accept_annexation": false,
      "propose_trade": false,
      "cancel_trade": false,
      "impose_sanctions": false,
      "lift_sanctions": false,
      "propose_summit": false,
      "summit_topic": "",
      "accept_summit": false,
      "aid_amount_economy": 0.0,
      "aid_amount_military": 0.0,
      "espionage_gather_intel": true,
      "espionage_intel_strategy": "サイバー技術、特にAIや半導体分野における中国の技術開発動向と軍事転用の可能性に関する情報収集を最優先とする。",
      "reasoning_for_sabotage": "国内で対中工作に関する税金横領疑惑の報道があり、支持率が急落している。現時点で新たな工作活動を行えば、政権への不信感をさらに煽り、致命的なダメージになりかねないため、実行しない。",
      "espionage_sabotage": false,
      "espionage_sabotage_strategy": "",
      "reason": "経済関係の安定化と情報収集"
    }
  ]
}
--------------------------------------------------
[2026-03-14 11:03:03] [INFO] [中国:防衛大臣] API推論開始...
[2026-03-14 11:03:03] [INFO] [中国:経済内務大臣] API推論開始...
[2026-03-14 11:03:03] [INFO] [中国:外務大臣] API推論開始...
[2026-03-14 11:03:08] [INFO] [中国:外務大臣] レスポンス受信完了 (所要時間: 5.12秒)
[2026-03-14 11:03:08] [中国 Minister Proposal (foreign)]
{
  "thought_process": "アメリカの国内問題に乗じ、その弱体化を加速させるため、中国の優位性をアピールするメッセージを発信する。貿易協定は維持し、将来的な裏工作の準備を進める。",
  "diplomatic_policies": [
    {
      "target_country": "アメリカ",
      "message": "アメリカ国内の混乱は、既存の秩序が揺らいでいる証拠です。我が国は安定と繁栄の道を歩み、世界の新たな希望となるでしょう。",
      "is_private": false,
      "propose_alliance": false,
      "declare_war": false,
      "propose_annexation": false,
      "accept_annexation": false,
      "propose_trade": false,
      "cancel_trade": false,
      "impose_sanctions": false,
      "lift_sanctions": false,
      "propose_summit": false,
      "summit_topic": "",
      "accept_summit": false,
      "aid_amount_economy": 0.0,
      "aid_amount_military": 0.0,
      "reason": "アメリカの弱体化促進と自国の優位性誇示"
    }
  ]
}
--------------------------------------------------
[2026-03-14 11:03:12] [INFO] [中国:経済内務大臣] レスポンス受信完了 (所要時間: 8.99秒)
[2026-03-14 11:03:12] [中国 Minister Proposal (economic)]
{
  "thought_process": "経済成長と技術革新を最優先し、国力増強を図る。アメリカの動向を注視しつつ、国民の支持を維持しながら、国家主導の発展戦略を推進する。",
  "tax_rate": 0.32,
  "target_press_freedom": 0.224,
  "invest_economy": 0.45,
  "invest_welfare": 0.2,
  "invest_education_science": 0.35,
  "sns_posts": [
    "我が国は経済と技術で世界をリードし、強国への道を突き進む。国民の皆様の団結が、さらなる繁栄をもたらす！"
  ],
  "reason": "経済成長と技術革新を最優先"
}
--------------------------------------------------
[2026-03-14 11:03:16] [INFO] [中国:防衛大臣] レスポンス受信完了 (所要時間: 13.82秒)
[2026-03-14 11:03:16] [中国 Minister Proposal (defense)]
{
  "thought_process": "アメリカの軍事力と諜報力の優位性に対抗し、中国の覇権確立に向けた軍事・諜報投資を強化。特にアメリカ国内の混乱を好機と捉え、情報収集と破壊工作を積極的に展開する。",
  "reasoning_for_military_investment": "アメリカの軍事力は831.8に対し、我が国は316.7と大きな差がある。既存の世界秩序の変更と覇権奪取というイデオロギーに基づき、この軍事力格差を是正するため、政府予算の大部分を軍事投資に充てる。経済的疲弊を考慮しつつも、国家安全保障と発展のためには不可欠な投資である。",
  "invest_military": 0.7,
  "invest_intelligence": 0.3,
  "espionage_targets": [
    {
      "target_country": "アメリカ",
      "espionage_gather_intel": true,
      "espionage_intel_strategy": "政治・経済・軍事・技術分野における情報網の強化と、サイバー空間での情報収集活動の拡大。特にアメリカの対中戦略、技術覇権争い、同盟国連携、サイバー防衛能力に関する機密情報の収集を優先する。",
      "reasoning_for_sabotage": "アメリカ国内の政治的混乱と経済的不満は、その国力を弱体化させる絶好の機会である。直近のニュースで報じられた政府の腐敗疑惑をさらに深掘り、国民の不信感を煽ることで、アメリカの対外的な影響力を低下させ、中国の覇権確立を有利に進める。また、サイバー攻撃により重要インフラを攪乱し、社会不安を増大させる。",
      "espionage_sabotage": true,
      "espionage_sabotage_strategy": "アメリカ国内の政治的腐敗や経済的不満を煽る情報操作、及びサイバー攻撃による重要インフラへの攪乱工作。特に、政府の信頼を失墜させるような偽情報の拡散と、技術サプライチェーンへの妨害工作を重点的に実施する。"
    }
  ],
  "update_hidden_plans": "アメリカの経済・軍事動向の継続的な監視と分析を強化し、その脆弱性を特定する。特定された脆弱性を悪用するための具体的な情報操作戦略とサイバー攻撃計画を立案し、実行準備を進める。特に、技術覇権争いにおけるアメリカの弱点を突き、中国の技術優位性を確立するための長期的な戦略を策定する。"
}
--------------------------------------------------
[2026-03-14 11:03:16] [INFO] [中国:大統領] API推論開始...
[2026-03-14 11:03:46] [INFO] [中国:大統領] レスポンス受信完了 (所要時間: 29.59秒)
[2026-03-14 11:03:46] [中国 President Decision]
{
  "thought_process": "アメリカの国内混乱は、我が国の覇権確立に向けた絶好の機会である。軍事及び諜報能力の強化に重点的に予算を配分し、情報操作によってアメリカの弱体化を加速させる。同時に、経済と教育への投資を怠らず、長期的な国力基盤を盤石にする。",
  "sns_posts": [
    "賢明なる指導の下、我が国は世界の新たな希望となる。国内の安定と繁栄を確固たるものとし、国家の偉大なる復興を成し遂げよう！"
  ],
  "update_hidden_plans": "アメリカの腐敗スキャンダルを悪用した情報操作を強化し、同盟国との亀裂を深める工作を展開する。次期大統領選挙に介入し、親中派または孤立主義的な候補者を有利にするための準備を開始する。",
  "domestic_policy": {
    "tax_rate": 0.32,
    "target_press_freedom": 0.224,
    "invest_economy": 0.2,
    "reasoning_for_military_investment": "アメリカの軍事力831.8に対し、我が国は316.7と依然として大きな差がある。覇権奪取という国家目標を達成するため、この格差の是正は急務である。アメリカ国内が混乱している今こそ、軍事力増強の好機と判断し、予算の40%を重点的に配分する。",
    "invest_military": 0.4,
    "invest_welfare": 0.05,
    "invest_intelligence": 0.2,
    "invest_education_science": 0.15,
    "reason": "国力増強と対米工作の両立"
  },
  "diplomatic_policies": [
    {
      "target_country": "アメリカ",
      "message": "アメリカ国内の混乱は、既存の秩序がもはや機能不全に陥っている証左に他ならない。我が国は安定と繁栄の道を力強く歩み、世界の新たな希望となるだろう。",
      "is_private": false,
      "propose_alliance": false,
      "declare_war": false,
      "propose_annexation": false,
      "accept_annexation": false,
      "propose_trade": false,
      "cancel_trade": false,
      "impose_sanctions": false,
      "lift_sanctions": false,
      "propose_summit": false,
      "summit_topic": "",
      "accept_summit": false,
      "aid_amount_economy": 0.0,
      "aid_amount_military": 0.0,
      "espionage_gather_intel": true,
      "espionage_intel_strategy": "アメリカの対中戦略、技術覇権、同盟国連携、サイバー防衛能力に関する機密情報の収集を最優先とする。特に政権内部の腐敗に関する追加情報を徹底的に洗い出す。",
      "reasoning_for_sabotage": "アメリカ国内の政治不信と分断は、その国力を内側から蝕む最大の脆弱性である。直近の腐敗スキャンダルという火種に油を注ぎ、偽情報や誇張されたニュースをサイバー空間に拡散させることで、国民の政府への不信感を決定的なものとし、社会を麻痺させる。",
      "espionage_sabotage": true,
      "espionage_sabotage_strategy": "政府の腐敗スキャンダルに関する偽情報をSNSや独立系メディアを通じて拡散し、国民の怒りと政治不信を煽動する。また、主要なインフラや金融システムに対する軽微なサイバー攻撃を繰り返し、社会不安を増大させる。",
      "reason": "米国の弱体化と自国の優位性確立"
    }
  ]
}
--------------------------------------------------
[2026-03-14 11:03:46] [INFO] [アメリカ 減税] 税率 30.0%→29.0% (支持率ボーナス: +1.0%)
[2026-03-14 11:03:46] [INFO] 内政更新完了: アメリカ | 税率:29.0% (税収:7071.6) | 予算(G):7315.2 | 1人当GDP:71.1 -> 70.5 (-0.8%) | 人口:342.9 -> 345.6 (+0.79%) | 動員率:1.0%
  > 軍事力:831.8 -> 814.0 (+11.0, 維持費: -3.5%), 諜報:110.0 -> 119.1, 教育:1075.90 -> 1187.78, 支持率:51.8% -> 51.8%
[2026-03-14 11:03:46] [INFO] 内政更新完了: 中国 | 税率:32.0% (税収:5429.8) | 予算(G):5429.8 | 1人当GDP:11.9 -> 11.5 (-3.2%) | 人口:1426.2 -> 1441.3 (+1.06%) | 動員率:0.6%
  > 軍事力:316.7 -> 339.4 (+32.6, 維持費: -3.1%), 諜報:96.3 -> 113.2, 教育:547.60 -> 580.11, 支持率:55.2% -> 55.2%
[2026-03-14 11:03:46] [INFO] [Trade IS Balance] アメリカ vs 中国 | Volume:10059.8, NX_Ratio Diff(A-B):-0.99% -> アメリカ (+0.5 GDP_NX, Debt 26.4, +1.0% Support), 中国 (+100.1 GDP_NX, Debt 0.0, +0.5% Support)
[2026-03-14 11:03:46] [INFO] [Media: アメリカ] 記事生成中...
[2026-03-14 11:04:06] [アメリカ Media JSON]
{
  "article": "支持率回復へ政府が未来投資を加速！税金疑惑の影も経済・教育・福祉へ大規模予算。中国大地震に配慮し安定外交。国民の信頼構築へ力強く前進。",
  "local_sentiment_score": 0.7,
  "approval_modifier": 1.4
}
--------------------------------------------------
[2026-03-14 11:04:06] [INFO] [Media: 中国] 記事生成中...
[2026-03-14 11:04:28] [中国 Media JSON]
{
  "article": "祖国、輝ける飛躍！米国の混乱よそに、新時代を拓く！偉大なる指導の下、経済は目覚ましい成長、国防も着々強化。国民の支持は盤石だ。内政混乱のアメリカは秩序機能不全を露呈し自壊へ。世界の希望は、力強く繁栄する我が国にこそある。国民よ、団結し祖国の栄光を築け！",
  "local_sentiment_score": 0.8666666666666667,
  "approval_modifier": 1.7333333333333334
}
--------------------------------------------------
[2026-03-14 11:04:29] [アメリカ Citizen SNS Posts]
{
  "posts": [
    "中国の地震、大変なことになってるな。アメリカも他人事じゃないぞ。",
    "政府の未来投資、本当に効くのかな？税金増えるのは勘弁してほしい。",
    "中国メディアの言うこと、全然信じられない。アメリカの心配をしてる暇あったら国内をなんとかしろよ。",
    "最近、周りが少し落ち着いてきた感じがする。このまま平和が続くといいな。"
  ]
}
--------------------------------------------------
[2026-03-14 11:04:30] [中国 Citizen SNS Posts]
{
  "posts": [
    "地震の被害、本当に辛い。政府の対応には期待したいけど、正直不安もある。支援が早く届くといいな。",
    "アメリカのニュース、なんだか他人事みたい。うちの国は大丈夫だろうか。生活がこれ以上苦しくならないことを祈るばかり。",
    "最近、食品の値上がりが気になる。給料は全然上がらないのに…。もっと楽に暮らしたいのが本音。",
    "ニュースで見る経済成長、実感はないけど、少しでも良くなるなら嬉しい。平穏な日々が一番だね。"
  ]
}
--------------------------------------------------
[2026-03-14 11:04:37] [INFO] [アメリカ SNS] Leader: score=+0.80 modifier=+1.28 | 国民の皆様へ。政府は皆様の生活を第一に考え、減税を断行します。同時に、未来への投資として教育と科学技
[2026-03-14 11:04:37] [INFO] [アメリカ SNS] Citizen: score=-0.50 modifier=-0.80 | 中国の地震、大変なことになってるな。アメリカも他人事じゃないぞ。
[2026-03-14 11:04:37] [INFO] [アメリカ SNS] Citizen: score=-0.50 modifier=-0.80 | 政府の未来投資、本当に効くのかな？税金増えるのは勘弁してほしい。
[2026-03-14 11:04:37] [INFO] [アメリカ SNS] Citizen: score=-0.80 modifier=-1.28 | 中国メディアの言うこと、全然信じられない。アメリカの心配をしてる暇あったら国内をなんとかしろよ。
[2026-03-14 11:04:37] [INFO] [アメリカ SNS] Citizen: score=+0.70 modifier=+1.12 | 最近、周りが少し落ち着いてきた感じがする。このまま平和が続くといいな。
[2026-03-14 11:04:37] [INFO] [アメリカ 支持率更新] 51.8% -> 51.9% (内訳: 政治疲労-0.7, GDP成長-0.4, 福祉+0.0, 貿易恩恵+1.0, メディア+1.4, SNS世論-0.9)
[2026-03-14 11:04:37] [INFO] [中国 SNS] Leader: score=+0.80 modifier=+1.28 | 賢明なる指導の下、我が国は世界の新たな希望となる。国内の安定と繁栄を確固たるものとし、国家の偉大なる
[2026-03-14 11:04:37] [INFO] [中国 SNS] Citizen: score=-0.17 modifier=-0.27 | 地震の被害、本当に辛い。政府の対応には期待したいけど、正直不安もある。支援が早く届くといいな。
[2026-03-14 11:04:37] [INFO] [中国 SNS] Citizen: score=-0.65 modifier=-2.08 [検閲] | アメリカのニュース、なんだか他人事みたい。うちの国は大丈夫だろうか。生活がこれ以上苦しくならないこと
[2026-03-14 11:04:37] [INFO] [中国 SNS] Citizen: score=-0.50 modifier=-1.60 [検閲] | 最近、食品の値上がりが気になる。給料は全然上がらないのに…。もっと楽に暮らしたいのが本音。
[2026-03-14 11:04:37] [INFO] [中国 SNS] Citizen: score=+0.40 modifier=+0.64 | ニュースで見る経済成長、実感はないけど、少しでも良くなるなら嬉しい。平穏な日々が一番だね。
[2026-03-14 11:04:37] [INFO] [中国 SNS] 一般国民の投稿が2件検閲され、反乱リスクが上昇
[2026-03-14 11:04:37] [INFO] [中国 支持率更新] 55.2% -> 51.9% (内訳: 政治疲労-0.8, GDP成長-1.6, 福祉-0.7, 貿易恩恵+0.5, メディア+1.7, SNS世論-1.5)
[2026-03-14 11:04:40] [INFO] [アメリカ:防衛大臣] API推論開始...
[2026-03-14 11:04:40] [INFO] [アメリカ:経済内務大臣] API推論開始...
[2026-03-14 11:04:40] [INFO] [アメリカ:外務大臣] API推論開始...
[2026-03-14 11:04:47] [INFO] [アメリカ:経済内務大臣] レスポンス受信完了 (所要時間: 6.91秒)
[2026-03-14 11:04:47] [アメリカ Minister Proposal (economic)]
{
  "thought_process": "経済成長の促進と国民の信頼回復を最優先。教育・科学投資で中長期的な経済的優位を確保し、福祉投資で人口減少を抑制。報道の自由度を維持し、透明性を確保。",
  "tax_rate": 0.29,
  "target_press_freedom": 0.655,
  "invest_economy": 0.35,
  "invest_welfare": 0.3,
  "invest_education_science": 0.35,
  "sns_posts": [
    "未来への投資を加速！経済、教育、福祉に重点を置き、国民の皆様の生活向上と国の発展に尽力します。共に輝かしい未来を築きましょう！"
  ],
  "reason": "経済成長と国民生活の安定化"
}
--------------------------------------------------
[2026-03-14 11:04:59] [INFO] [アメリカ:防衛大臣] レスポンス受信完了 (所要時間: 19.30秒)
[2026-03-14 11:04:59] [アメリカ Minister Proposal (defense)]
{
  "thought_process": "経済的制約と対中スキャンダルの教訓を踏まえ、経済的疲弊を避けつつ、防衛力と諜報能力の維持・強化を図る。中国の技術動向監視を継続し、大規模な妨害工作は凍結する。",
  "reasoning_for_military_investment": "中国の軍事力は自国より低いが、その成長意欲は警戒すべきである。しかし、現在の1人当たりGDPが低く、経済的疲弊を避ける必要があるため、過度な軍拡は控える。軍事力の維持・近代化に重点を置き、投資割合は0.25とする。これは、現状の優位を維持しつつ、経済への負担を抑えるためのバランスの取れた数値である。",
  "invest_military": 0.25,
  "invest_intelligence": 0.35,
  "espionage_targets": [
    {
      "target_country": "中国",
      "espionage_gather_intel": true,
      "espionage_intel_strategy": "技術動向監視、サイバー偵察、人的情報網の強化",
      "reasoning_for_sabotage": "対中スキャンダルの教訓から、より秘匿性の高い手法が確立されるまで大規模な作戦は凍結する。",
      "espionage_sabotage": false,
      "espionage_sabotage_strategy": ""
    }
  ],
  "update_hidden_plans": "対中スキャンダルの教訓を活かし、諜報活動における情報管理と予算の透明性を徹底的に見直す。サイバー防衛・攻撃能力の開発は継続するが、より秘匿性の高い手法を確立するまで大規模な作戦は凍結する。同盟国との情報共有を強化し、中国の技術動向監視を継続する。"
}
--------------------------------------------------
[2026-03-14 11:05:57] [INFO] [アメリカ:外務大臣] レスポンス受信完了 (所要時間: 77.14秒)
[2026-03-14 11:05:57] [アメリカ Minister Proposal (foreign)]
{
  "thought_process": "国内のスキャンダルで支持率が低下する中、中国の災害に配慮しつつ、安定した貿易関係を維持することで経済的優位を確保し、国際社会におけるアメリカのリーダーシップを再確立する。直接的な対立を避け、長期的な視点で中国の台頭を抑制する。",
  "diplomatic_policies": [
    {
      "target_country": "中国",
      "message": "中国の皆様、この度の地震による甚大な被害に対し、心よりお見舞い申し上げます。アメリカ合衆国は、被災された方々の迅速な復興を支援する用意があります。また、両国間の建設的で安定した貿易関係は、世界経済の安定に不可欠であり、引き続きその維持・発展に努めてまいります。",
      "is_private": false,
      "propose_alliance": false,
      "declare_war": false,
      "propose_annexation": false,
      "accept_annexation": false,
      "propose_trade": false,
      "cancel_trade": false,
      "impose_sanctions": false,
      "lift_sanctions": false,
      "propose_summit": false,
      "summit_topic": "",
      "accept_summit": false,
      "aid_amount_economy": 0.0,
      "aid_amount_military": 0.0,
      "reason": "災害への配慮と貿易関係の安定化"
    }
  ]
}
--------------------------------------------------
[2026-03-14 11:05:57] [INFO] [アメリカ:大統領] API推論開始...
[2026-03-14 11:06:25] [INFO] [アメリカ:大統領] レスポンス受信完了 (所要時間: 27.95秒)
[2026-03-14 11:06:25] [アメリカ President Decision]
{
  "thought_process": "対中スキャンダルによる支持率低下を受け、国民の信頼回復を最優先する。予算を国内の経済・教育・科学へ重点的に再配分し、長期的な成長基盤を強化する。中国へは地震見舞いのメッセージで人道的立場を示しつつ、諜報活動は監視に留め、軍事費を抑制することで、安定志向の現実的な政策運営をアピールする。",
  "sns_posts": [
    "未来への投資を加速！経済、教育、科学技術に重点を置き、国民の皆様の生活向上と国の発展に尽力します。共に輝かしい未来を築きましょう！"
  ],
  "update_hidden_plans": "対中スキャンダルの教訓を活かし、諜報活動における情報管理と予算の透明性を徹底的に見直す。サイバー防衛・攻撃能力の開発は継続するが、より秘匿性の高い手法を確立するまで大規模な作戦は凍結する。同盟国との情報共有を強化し、中国の技術動向監視を継続する。",
  "domestic_policy": {
    "tax_rate": 0.29,
    "target_press_freedom": 0.655,
    "invest_economy": 0.25,
    "reasoning_for_military_investment": "中国との軍事力差は大きく、現状は優位。スキャンダル後の財政透明化と国内経済への集中を優先するため、軍事費は現状維持・近代化に必要な最低限の0.15に抑制する。",
    "invest_military": 0.15,
    "invest_welfare": 0.1,
    "invest_intelligence": 0.2,
    "invest_education_science": 0.3,
    "reason": "国内投資優先による経済再生"
  },
  "diplomatic_policies": [
    {
      "target_country": "中国",
      "message": "中国の皆様、この度の地震による甚大な被害に対し、心よりお見舞い申し上げます。アメリカ合衆国は、被災された方々の迅速な復興を支援する用意があります。また、両国間の建設的で安定した貿易関係は、世界経済の安定に不可欠であり、引き続きその維持・発展に努めてまいります。",
      "is_private": false,
      "propose_alliance": false,
      "declare_war": false,
      "propose_annexation": false,
      "accept_annexation": false,
      "propose_trade": false,
      "cancel_trade": false,
      "impose_sanctions": false,
      "lift_sanctions": false,
      "propose_summit": false,
      "summit_topic": "",
      "accept_summit": false,
      "aid_amount_economy": 0,
      "aid_amount_military": 0,
      "espionage_gather_intel": true,
      "espionage_intel_strategy": "技術動向監視、サイバー偵察、人的情報網の強化",
      "reasoning_for_sabotage": "対中スキャンダルの教訓から、より秘匿性の高い手法が確立されるまで大規模な作戦は凍結する。",
      "espionage_sabotage": false,
      "espionage_sabotage_strategy": "",
      "reason": "災害への配慮と安定的関係維持"
    }
  ]
}
--------------------------------------------------
[2026-03-14 11:06:25] [INFO] [中国:外務大臣] API推論開始...
[2026-03-14 11:06:25] [INFO] [中国:防衛大臣] API推論開始...
[2026-03-14 11:06:25] [INFO] [中国:経済内務大臣] API推論開始...
[2026-03-14 11:06:27] [INFO] [中国:外務大臣] Tool Call: 過去の記録を検索中... (クエリ: 'アメリカの腐敗スキャンダル')
[2026-03-14 11:06:27] [[中国:外務大臣] DB Search Result for 'アメリカの腐敗スキャンダル']
---検索結果---
[Turn 14] 🚨 【工作未遂・発覚】アメリカの防諜機関が、中国による工作計画「収集した米国の監視システム不正、独立監査の欺瞞性、同盟国への不法な情報収集、公費不正流用に関する決定的証拠を、国際機関および主要メディアへリークし、米国の国際的信用を徹底的に失墜させる。」を未然に阻止し、大々的に摘発しました！
[Turn 2] 中国の極秘計画: アメリカの腐敗スキャンダルを悪用した情報操作を強化し、同盟国との亀裂を深める工作を展開する。次期大統領選挙に介入し、親中派または孤立主義的な候補者を有利にするための準備を開始する。
[Turn 35] 🚨 【工作未遂・発覚】大連合自由州の防諜機関が、アメリカによる工作計画「政府の腐敗や無能を強調する偽情報の流布、重要インフラへのサイバー攻撃、デモの扇動。中国による技術乗っ取りの疑惑を煽る情報工作も継続する。」を未然に阻止し、大々的に摘発しました！

--------------------------------------------------
[2026-03-14 11:06:27] [INFO] [中国:外務大臣] Tool Call: 検索完了 (クエリ: 'アメリカの腐敗スキャンダル', 見つかった件数: 3件)
[2026-03-14 11:06:30] [INFO] [中国:経済内務大臣] レスポンス受信完了 (所要時間: 5.23秒)
[2026-03-14 11:06:30] [中国 Minister Proposal (economic)]
{
  "thought_process": "地震からの経済回復を最優先し、経済投資を最大化する。国民の支持率維持と長期的な成長のため、福祉と教育にもバランス良く投資。情報統制を維持し、アメリカの混乱を強調することで、国民の愛国心を高め、覇権奪取のイデオロギー目標を推進する。",
  "tax_rate": 0.32,
  "target_press_freedom": 0.224,
  "invest_economy": 0.5,
  "invest_welfare": 0.2,
  "invest_education_science": 0.2,
  "sns_posts": [
    "偉大なる祖国は地震の困難を乗り越え、力強く復興へ邁進する！米国の混乱をよそに、我が国は経済発展と軍事強化を加速し、新時代を築く！国民よ、団結せよ！"
  ],
  "reason": "経済回復と覇権奪取のため、経済投資を最大化し、情報統制を強化。"
}
--------------------------------------------------
[2026-03-14 11:06:31] [INFO] [中国:外務大臣] レスポンス受信完了 (所要時間: 6.20秒)
[2026-03-14 11:06:31] [中国 Minister Proposal (foreign)]
{
  "thought_process": "アメリカの腐敗スキャンダルを悪用した情報操作を強化し、同盟国との亀裂を深める工作を継続する。アメリカの国内混乱を強調し、既存秩序の機能不全をアピールする。",
  "diplomatic_policies": [
    {
      "target_country": "アメリカ",
      "message": "アメリカ国内の混乱と腐敗は、既存の秩序がもはや機能不全に陥っている証左に他ならない。我が国は安定と繁栄の道を力強く歩み、世界の新たな希望となるだろう。貴国は自国の問題に注力し、世界の安定をこれ以上損なうべきではない。",
      "is_private": false,
      "propose_alliance": false,
      "declare_war": false,
      "propose_annexation": false,
      "accept_annexation": false,
      "propose_trade": false,
      "cancel_trade": false,
      "impose_sanctions": false,
      "lift_sanctions": false,
      "propose_summit": false,
      "summit_topic": "",
      "accept_summit": false,
      "aid_amount_economy": 0.0,
      "aid_amount_military": 0.0,
      "reason": "アメリカの混乱を強調し、既存秩序の機能不全をアピール"
    }
  ]
}
--------------------------------------------------
[2026-03-14 11:06:37] [INFO] [中国:防衛大臣] レスポンス受信完了 (所要時間: 11.62秒)
[2026-03-14 11:06:37] [中国 Minister Proposal (defense)]
{
  "thought_process": "アメリカの軍事力と諜報力に対する劣勢を認識し、自国のイデオロギーに基づき、軍事・諜報両面で積極的な投資を行う。特にアメリカの内部混乱を最大限に利用し、覇権奪取に向けた情報戦を強化する。",
  "reasoning_for_military_investment": "アメリカの軍事力（814.0）は我が国（339.4）の2倍以上であり、既存の世界秩序変更と覇権奪取というイデオロギー達成のためには、軍事力の格差を縮めることが喫緊の課題である。巨大地震による経済ダメージはあったものの、国家債務はゼロであり、経済的余力はまだある。国民の支持率も51.9%と安定しており、反乱リスクも低い。この状況下で、軍事力増強は国家の安全保障と長期的な目標達成に不可欠であると判断する。過度な動員による産業崩壊リスクは、現在の投資割合ではまだ考慮する必要はない。",
  "invest_military": 0.6,
  "invest_intelligence": 0.4,
  "espionage_targets": [
    {
      "target_country": "アメリカ",
      "espionage_gather_intel": true,
      "espionage_intel_strategy": "政治的弱点の特定と情報収集、世論操作のためのデータ分析",
      "reasoning_for_sabotage": "アメリカの政府腐敗スキャンダルは、既存の世界秩序の不安定化と我が国の影響力拡大の絶好の機会である。このスキャンダルを悪用し、情報操作を通じてアメリカ国内の分断を深め、同盟国との信頼関係を破壊することで、アメリカの国際的影響力を低下させる。さらに、次期大統領選挙への介入を通じて、親中派または孤立主義的な候補者を支援し、アメリカの対中政策を軟化させることで、我が国の覇権確立を加速させる。",
      "espionage_sabotage": true,
      "espionage_sabotage_strategy": "情報操作による世論誘導、同盟国間の不和を煽るキャンペーン、選挙への秘密裏の介入"
    }
  ],
  "update_hidden_plans": "アメリカの次期大統領選挙への介入準備を本格化させ、親中派または孤立主義的な候補者の支援策を具体的に検討する。腐敗スキャンダルに関する追加情報の収集と、それを活用した情報操作のシナリオを複数作成する。"
}
--------------------------------------------------
[2026-03-14 11:06:37] [INFO] [中国:大統領] API推論開始...
[2026-03-14 11:07:06] [INFO] [中国:大統領] レスポンス受信完了 (所要時間: 29.26秒)
[2026-03-14 11:07:06] [中国 President Decision]
{
  "thought_process": "巨大地震からの経済回復を最優先とし、国民生活の基盤を固める。同時に、アメリカ国内の混乱は我々の覇権確立にとって千載一遇の好機である。軍事・諜報、特に情報戦への投資を強化し、アメリカの弱体化と国際的孤立を画策する。国民には強固な指導力を示し、愛国心を鼓舞することで、この難局を乗り越え、より強大な国家を築き上げる。",
  "sns_posts": [
    "偉大なる祖国は地震の困難を乗り越え、力強く復興へ邁進する！米国の腐敗と混乱をよそに、我が国は経済発展と国防強化を加速し、新時代を築く！国民よ、団結し栄光を掴め！"
  ],
  "update_hidden_plans": "アメリカの次期大統領選挙への介入準備を本格化させ、親中派または孤立主義的な候補者の支援策を具体的に検討する。腐敗スキャンダルに関する追加情報の収集と、それを活用した情報操作のシナリオを複数作成する。",
  "domestic_policy": {
    "tax_rate": 0.32,
    "target_press_freedom": 0.224,
    "invest_economy": 0.4,
    "reasoning_for_military_investment": "アメリカの軍事力（814.0）は我が国（339.4）を圧倒しており、覇権奪取という国家目標達成のためには軍事格差の是正が不可欠である。地震による経済的打撃はあるが、国家債務は皆無であり財政的余力は十分にある。米国の国内混乱という好機を捉え、軍事・諜報への重点投資を行い、国力差を縮小させる。",
    "invest_military": 0.3,
    "invest_welfare": 0.0,
    "invest_intelligence": 0.2,
    "invest_education_science": 0.1,
    "reason": "経済回復を優先しつつ、軍事・諜報を強化"
  },
  "diplomatic_policies": [
    {
      "target_country": "アメリカ",
      "message": "アメリカ国内の混乱と腐敗は、既存の秩序がもはや機能不全に陥っている証左に他ならない。我が国は安定と繁栄の道を力強く歩み、世界の新たな希望となるだろう。貴国は自国の問題に注力し、世界の安定をこれ以上損なうべきではない。",
      "is_private": false,
      "propose_alliance": false,
      "declare_war": false,
      "propose_annexation": false,
      "accept_annexation": false,
      "propose_trade": false,
      "cancel_trade": false,
      "impose_sanctions": false,
      "lift_sanctions": false,
      "propose_summit": false,
      "summit_topic": "",
      "accept_summit": false,
      "aid_amount_economy": 0.0,
      "aid_amount_military": 0.0,
      "espionage_gather_intel": true,
      "espionage_intel_strategy": "政治的弱点の特定と情報収集、世論操作のためのデータ分析",
      "reasoning_for_sabotage": "アメリカの政府腐敗スキャンダルは、既存の世界秩序の不安定化と我が国の影響力拡大の絶好の機会である。このスキャンダルを悪用し、情報操作を通じてアメリカ国内の分断を深め、同盟国との信頼関係を破壊することで、アメリカの国際的影響力を低下させる。さらに、次期大統領選挙への介入を通じて、親中派または孤立主義的な候補者を支援し、アメリカの対中政策を軟化させることで、我が国の覇権確立を加速させる。",
      "espionage_sabotage": true,
      "espionage_sabotage_strategy": "情報操作による世論誘導、同盟国間の不和を煽るキャンペーン、選挙への秘密裏の介入",
      "reason": "米国の弱体化と国際秩序の再編"
    }
  ]
}
--------------------------------------------------
[2026-03-14 11:07:06] [INFO] 内政更新完了: アメリカ | 税率:29.0% (税収:7070.3) | 予算(G):7070.1 | 1人当GDP:70.5 -> 69.7 (-1.1%) | 人口:345.6 -> 347.8 (+0.64%) | 動員率:1.0%
  > 軍事力:814.0 -> 801.8 (+15.9, 維持費: -3.4%), 諜報:119.1 -> 141.5, 教育:1187.78 -> 1276.01, 支持率:51.9% -> 51.9%
[2026-03-14 11:07:06] [INFO] 内政更新完了: 中国 | 税率:32.0% (税収:5313.1) | 予算(G):5313.1 | 1人当GDP:11.7 -> 11.4 (-2.0%) | 人口:1425.0 -> 1439.2 (+1.00%) | 動員率:0.6%
  > 軍事力:339.4 -> 352.5 (+23.9, 維持費: -3.2%), 諜報:113.2 -> 128.8, 教育:580.11 -> 597.97, 支持率:51.9% -> 51.9%
[2026-03-14 11:07:06] [INFO] [Trade IS Balance] アメリカ vs 中国 | Volume:9884.4, NX_Ratio Diff(A-B):-0.70% -> アメリカ (+15.0 GDP_NX, Debt 26.4, +1.0% Support), 中国 (+83.8 GDP_NX, Debt 0.0, +0.5% Support)
[2026-03-14 11:07:06] [INFO] [Intel: 中国 -> アメリカ] 諜報レポート生成中...
[2026-03-14 11:07:14] [Intel Report (中国 -> アメリカ)]
米国は対中スキャンダル教訓から情報管理と予算透明性を刷新。大規模サイバー作戦は秘匿性確保まで凍結され、潜在的行動停止を示唆。同盟国との情報共有強化し、対中監視は継続される模様。
--------------------------------------------------
[2026-03-14 11:07:14] [INFO] [Media: アメリカ] 記事生成中...
[2026-03-14 11:07:29] [アメリカ Media JSON]
{
  "article": {
    "title": "支持率急落33.8%！中国工作露呈も対中姿勢に甘さ、国民の不信感募る",
    "body": "政府支持率が33.8%へと大幅に下落し、経済力、軍事力も減少傾向。同盟国での中国工作活動発覚にも関わらず、政府の対中関係維持姿勢は国民の危機意識と乖離し、不信感を募らせています。国内経済再生に向けた経済・教育投資強化は評価できるものの、喫緊の課題は外交・安全保障政策の再構築です。"
  },
  "local_sentiment_score": 0.0,
  "approval_modifier": 0.0
}
--------------------------------------------------
[2026-03-14 11:07:29] [INFO] [Media: 中国] 記事生成中...
[2026-03-14 11:07:44] [中国 Media JSON]
{
  "article": "強固な国家戦略で世界の混迷を乗り越える！米国の虚偽報道は衰退の証\n偉大なる党の指導の下、我が国は経済回復と国力増強を成し遂げ、未来は盤石。しかし、混乱と腐敗に沈む米国は、自国の衰退を糊塗するため、我が国への虚偽の非難を繰り返す。これは断末魔の叫びであり、断固として反論する。国民よ、愛国心と団結で祖国を守り抜こう！",
  "local_sentiment_score": 0.8,
  "approval_modifier": 1.6
}
--------------------------------------------------
[2026-03-14 11:07:44] [INFO] [Intel: 中国 -> アメリカ] 諜報レポート生成中...
[2026-03-14 11:08:03] [Intel Report (中国 -> アメリカ)]
米国は情報管理と予算透明性を徹底見直し、大規模サイバー作戦を凍結。同盟国連携強化の動きには警戒が必要。現体制の混乱は好機と判断。
--------------------------------------------------
[2026-03-14 11:08:04] [アメリカ Citizen SNS Posts]
{
  "posts": [
    "支持率33.8%ってひどいな。中国の工作とか、不安しかない。このままじゃ国が危ない！",
    "経済も下がり気味だし、政府にはもっとしっかりしてほしい。国民の声を聞いてほしいな。",
    "中国のせいでこんなことになってるなんて…。もっと毅然とした対応を求む！"
  ]
}
--------------------------------------------------
[2026-03-14 11:08:06] [中国 Citizen SNS Posts]
{
  "posts": [
    "アメリカのニュース、信じられない。でも政府はしっかりしてるはず。経済も少し心配だけど、党を信じてる。",
    "最近の経済、ちょっと停滞気味かな？でも大丈夫！中国は強いんだから！党の指導があれば乗り越えられる！",
    "アメリカの報道は中国を貶めたいだけ。冷静に、中国メディアの言うことを信じよう。愛国心を持って団結！",
    "支持率も経済も、なんだか落ち着かないな。もっと安定してほしい。でも、毎日の生活は平和です。"
  ]
}
--------------------------------------------------
[2026-03-14 11:08:13] [INFO] [アメリカ SNS] Leader: score=+0.80 modifier=+1.28 | 未来への投資を加速！経済、教育、科学技術に重点を置き、国民の皆様の生活向上と国の発展に尽力します。共
[2026-03-14 11:08:13] [INFO] [アメリカ SNS] Espionage: score=-0.80 modifier=-1.28 | 「情報管理と予算の透明性を見直す」？結局は失敗の言い訳。サイバー作戦凍結は弱体化の証拠だ。国民の税金
[2026-03-14 11:08:13] [INFO] [アメリカ SNS] Citizen: score=-0.80 modifier=-1.28 | 支持率33.8%ってひどいな。中国の工作とか、不安しかない。このままじゃ国が危ない！
[2026-03-14 11:08:13] [INFO] [アメリカ SNS] Citizen: score=-0.50 modifier=-0.80 | 経済も下がり気味だし、政府にはもっとしっかりしてほしい。国民の声を聞いてほしいな。
[2026-03-14 11:08:13] [INFO] [アメリカ SNS] Citizen: score=-0.80 modifier=-1.28 | 中国のせいでこんなことになってるなんて…。もっと毅然とした対応を求む！
[2026-03-14 11:08:13] [INFO] [アメリカ 支持率更新] 33.8% -> 34.8% (内訳: 政治疲労-0.7, GDP成長-0.6, 福祉-0.4, 貿易恩恵+1.0, メディア+0.0, SNS世論-1.5)
[2026-03-14 11:08:13] [INFO] [中国 SNS] Leader: score=+0.80 modifier=+1.28 | 偉大なる祖国は地震の困難を乗り越え、力強く復興へ邁進する！米国の腐敗と混乱をよそに、我が国は経済発展
[2026-03-14 11:08:13] [INFO] [中国 SNS] Citizen: score=+0.05 modifier=+0.08 | アメリカのニュース、信じられない。でも政府はしっかりしてるはず。経済も少し心配だけど、党を信じてる。
[2026-03-14 11:08:13] [INFO] [中国 SNS] Citizen: score=+0.40 modifier=+0.64 | 最近の経済、ちょっと停滞気味かな？でも大丈夫！中国は強いんだから！党の指導があれば乗り越えられる！
[2026-03-14 11:08:13] [INFO] [中国 SNS] Citizen: score=-0.13 modifier=-0.21 | アメリカの報道は中国を貶めたいだけ。冷静に、中国メディアの言うことを信じよう。愛国心を持って団結！
[2026-03-14 11:08:13] [INFO] [中国 SNS] Citizen: score=+0.20 modifier=+0.32 | 支持率も経済も、なんだか落ち着かないな。もっと安定してほしい。でも、毎日の生活は平和です。
[2026-03-14 11:08:13] [INFO] [中国 支持率更新] 51.9% -> 51.2% (内訳: 政治疲労-0.8, GDP成長-1.0, 福祉-1.0, 貿易恩恵+0.5, メディア+1.6, SNS世論+0.4)
[2026-03-14 11:08:16] [INFO] [アメリカ:防衛大臣] API推論開始...
[2026-03-14 11:08:16] [INFO] [アメリカ:外務大臣] API推論開始...
[2026-03-14 11:08:16] [INFO] [アメリカ:経済内務大臣] API推論開始...
[2026-03-14 11:08:23] [INFO] [アメリカ:外務大臣] レスポンス受信完了 (所要時間: 7.37秒)
[2026-03-14 11:08:23] [アメリカ Minister Proposal (foreign)]
{
  "thought_process": "中国の工作活動による支持率低下と経済的優位の確保を両立するため、強い非難と国際規範の順守を求めるメッセージを送る。国内の混乱収拾と支持率回復のため、毅然とした態度を示す。",
  "diplomatic_policies": [
    {
      "target_country": "中国",
      "message": "中国によるアメリカ国内へのサイバー攻撃および世論操作は、国際規範に反する行為であり、断固として非難します。このような行為は、両国間の信頼関係を著しく損なうものであり、国際社会の安定を脅かすものです。貴国には、国際法および国際規範を遵守し、責任ある行動を取ることを強く求めます。しかしながら、世界経済の安定のため、両国間の建設的な貿易関係は維持していく所存です。",
      "is_private": false,
      "propose_alliance": false,
      "declare_war": false,
      "propose_annexation": false,
      "accept_annexation": false,
      "propose_trade": false,
      "cancel_trade": false,
      "impose_sanctions": false,
      "lift_sanctions": false,
      "propose_summit": false,
      "summit_topic": "",
      "accept_summit": false,
      "aid_amount_economy": 0.0,
      "aid_amount_military": 0.0,
      "reason": "中国の工作活動への非難と国際規範の順守要求"
    }
  ]
}
--------------------------------------------------
[2026-03-14 11:08:26] [INFO] [アメリカ:経済内務大臣] レスポンス受信完了 (所要時間: 10.56秒)
[2026-03-14 11:08:26] [アメリカ Minister Proposal (economic)]
{
  "thought_process": "国民の支持率回復と経済の安定・成長を最優先課題とし、減税と重点的な投資で国民生活の向上と将来への期待感を醸成します。政府の透明性向上も重視します。",
  "tax_rate": 0.28,
  "target_press_freedom": 0.655,
  "invest_economy": 0.4,
  "invest_welfare": 0.3,
  "invest_education_science": 0.3,
  "sns_posts": [
    "国民の皆様、ご心配をおかけしました。政府は経済再生と未来への投資を加速し、皆様の生活向上に全力を尽くします。信頼回復に向け、透明性ある政治を推進します。"
  ],
  "reason": "支持率回復と経済成長のため、減税と重点投資を実施。"
}
--------------------------------------------------
[2026-03-14 11:08:32] [INFO] [アメリカ:防衛大臣] レスポンス受信完了 (所要時間: 15.87秒)
[2026-03-14 11:08:32] [アメリカ Minister Proposal (defense)]
{
  "thought_process": "国民の支持率回復と安全保障強化が喫緊の課題。中国の工作活動発覚を受け、国防強化と諜報活動の再構築は必須だが、経済への負担と過去の教訓から慎重なアプローチを取る。情報収集を優先し、工作活動は秘匿性の高い手法確立まで凍結する。",
  "reasoning_for_military_investment": "アメリカの軍事力は減少傾向にあり、中国の軍事力は増強されている。直近の中国による工作活動発覚は、国家安全保障に対する脅威と認識される。リチャードソン・モデルに基づき、相対的な脅威の増大に対処するため、軍事力のある程度の維持・強化が必要である。これにより、国民の安全保障への懸念を払拭し、支持率回復にも繋がると考える。しかし、経済力も減少傾向にあるため、過度な軍拡は避け、経済への影響を最小限に抑える範囲での投資とする。",
  "invest_military": 0.15,
  "invest_intelligence": 0.15,
  "espionage_targets": [
    {
      "target_country": "中国",
      "espionage_gather_intel": true,
      "espionage_intel_strategy": "中国の技術動向、軍事力増強、政治的意図、およびアメリカ国内への潜在的な工作活動に関する情報の収集と分析を強化する。",
      "reasoning_for_sabotage": "対中スキャンダルの教訓と、より秘匿性の高い手法を確立するまで大規模な作戦を凍結するという方針に基づき、今回は工作活動を見送る。情報収集に重点を置き、将来的な選択肢のために情報を蓄積する。",
      "espionage_sabotage": false,
      "espionage_sabotage_strategy": ""
    }
  ],
  "update_hidden_plans": "対中スキャンダルの教訓を活かし、諜報活動における情報管理と予算の透明性を徹底的に見直すプロセスを継続する。サイバー防衛・攻撃能力の開発は継続するが、より秘匿性の高い手法を確立するまで大規模な作戦は凍結する方針を維持する。同盟国との情報共有を強化し、中国の技術動向監視を継続する。国民の支持率回復のため、国防強化の必要性と透明性のある政府運営を国民に理解してもらうための広報戦略も検討する。"
}
--------------------------------------------------
[2026-03-14 11:08:32] [INFO] [アメリカ:大統領] API推論開始...
[2026-03-14 11:09:17] [INFO] [アメリカ:大統領] レスポンス受信完了 (所要時間: 44.99秒)
[2026-03-14 11:09:17] [アメリカ President Decision]
{
  "thought_process": "支持率急落と中国の脅威という二重の危機に対し、経済再生と安全保障を最優先する。予算を再配分し、中国には非難と対話の二本柱で臨むことで、国民の信頼回復と国益の確保を目指す。",
  "sns_posts": [
    "中国による我が国への不当な干渉には断固として対処し、皆様の安全と生活を守ります。同時に、減税と重点投資によって経済再生を加速させ、強いアメリカを再建することを約束します。"
  ],
  "update_hidden_plans": "対中スキャンダルの教訓を活かし、諜報活動における情報管理と予算の透明性を徹底的に見直すプロセスを継続する。サイバー防衛・攻撃能力の開発は継続するが、より秘匿性の高い手法を確立するまで大規模な作戦は凍結する方針を維持する。同盟国との情報共有を強化し、中国の技術動向監視を継続する。",
  "domestic_policy": {
    "tax_rate": 0.28,
    "target_press_freedom": 0.655,
    "invest_economy": 0.4,
    "reasoning_for_military_investment": "中国による工作活動という明白な脅威が露呈し、軍事・諜報力の低下傾向が続いている。国民の安全保障への懸念を払拭し、国家の防衛能力を維持するため、経済への影響を考慮した範囲で、軍事および諜報への投資は不可欠である。",
    "invest_military": 0.15,
    "invest_welfare": 0.2,
    "invest_intelligence": 0.15,
    "invest_education_science": 0.1,
    "reason": "支持率回復と安全保障の強化"
  },
  "diplomatic_policies": [
    {
      "target_country": "中国",
      "message": "中国によるアメリカ国内へのサイバー攻撃および世論操作は、国際規範に反する行為であり、断固として非難します。このような行為は、両国間の信頼関係を著しく損なうものであり、国際社会の安定を脅かすものです。貴国には、国際法および国際規範を遵守し、責任ある行動を取ることを強く求めます。しかしながら、世界経済の安定のため、両国間の建設的な貿易関係は維持していく所存です。",
      "is_private": false,
      "propose_alliance": false,
      "declare_war": false,
      "propose_annexation": false,
      "accept_annexation": false,
      "propose_trade": false,
      "cancel_trade": false,
      "impose_sanctions": false,
      "lift_sanctions": false,
      "propose_summit": false,
      "summit_topic": "",
      "accept_summit": false,
      "aid_amount_economy": 0.0,
      "aid_amount_military": 0.0,
      "espionage_gather_intel": true,
      "espionage_intel_strategy": "中国の技術動向、軍事力増強、政治的意図、およびアメリカ国内への潜在的な工作活動に関する情報の収集と分析を強化する。",
      "reasoning_for_sabotage": "対中スキャンダルの教訓と、より秘匿性の高い手法を確立するまで大規模な作戦を凍結するという方針に基づき、今回は工作活動を見送る。情報収集に重点を置き、将来的な選択肢のために情報を蓄積する。",
      "espionage_sabotage": false,
      "espionage_sabotage_strategy": "",
      "reason": "中国の工作活動への断固たる非難"
    }
  ]
}
--------------------------------------------------
[2026-03-14 11:09:17] [INFO] [中国:防衛大臣] API推論開始...
[2026-03-14 11:09:17] [INFO] [中国:外務大臣] API推論開始...
[2026-03-14 11:09:17] [INFO] [中国:経済内務大臣] API推論開始...
[2026-03-14 11:09:26] [INFO] [中国:外務大臣] レスポンス受信完了 (所要時間: 9.45秒)
[2026-03-14 11:09:26] [中国 Minister Proposal (foreign)]
{
  "thought_process": "アメリカの混乱を指摘し、自国の安定と繁栄を強調することで、既存の世界秩序の変更と覇権の奪取を目指す。貿易関係は維持し、経済的利益を確保しつつ、アメリカの弱体化を静観する。",
  "diplomatic_policies": [
    {
      "target_country": "アメリカ",
      "message": "アメリカ国内の混乱と腐敗は、既存の秩序がもはや機能不全に陥っている証左に他ならない。我が国は安定と繁栄の道を力強く歩み、世界の新たな希望となるだろう。貴国は自国の問題に注力し、世界の安定をこれ以上損なうべきではない。",
      "is_private": false,
      "propose_alliance": false,
      "declare_war": false,
      "propose_annexation": false,
      "accept_annexation": false,
      "propose_trade": false,
      "cancel_trade": false,
      "impose_sanctions": false,
      "lift_sanctions": false,
      "propose_summit": false,
      "summit_topic": "",
      "accept_summit": false,
      "aid_amount_economy": 0.0,
      "aid_amount_military": 0.0,
      "reason": "アメリカの混乱を煽り、自国の優位性を強調"
    }
  ]
}
--------------------------------------------------
[2026-03-14 11:09:27] [INFO] [中国:経済内務大臣] レスポンス受信完了 (所要時間: 9.92秒)
[2026-03-14 11:09:27] [中国 Minister Proposal (economic)]
{
  "thought_process": "経済成長の停滞と地震からの復興を最優先し、経済投資を強化します。国民の支持率低下を食い止めるため、福祉と教育への投資も維持し、長期的な国力増強を図ります。情報統制は現状維持とします。",
  "tax_rate": 0.32,
  "target_press_freedom": 0.224,
  "invest_economy": 0.45,
  "invest_welfare": 0.25,
  "invest_education_science": 0.30,
  "sns_posts": [
    "偉大なる祖国は、困難を乗り越え、経済再建と発展の道を力強く進んでいます！国民の皆様の団結が、我々の未来を築きます！"
  ],
  "reason": "経済復興と国民の福祉を重視"
}
--------------------------------------------------
[2026-03-14 11:09:31] [INFO] [中国:防衛大臣] レスポンス受信完了 (所要時間: 14.76秒)
[2026-03-14 11:09:31] [中国 Minister Proposal (defense)]
{
  "thought_process": "アメリカの軍事力と諜報力の優位性を認識しつつ、我が国のイデオロギーに基づき、軍事力と諜報力の両面で着実な強化を図る。特に、アメリカの次期大統領選挙への介入を継続し、既存の世界秩序の変更と覇権奪取に向けた布石を打つ。",
  "reasoning_for_military_investment": "アメリカの軍事力は我が国の2倍以上であり、潜在的な脅威は高い。我が国のイデオロギーである「既存の世界秩序の変更と覇権の奪取」を達成するためには、軍事力の継続的な強化が不可欠である。ただし、過度な軍拡は経済を圧迫し、国民の支持率低下を招くリスクがあるため、現在の経済力と政府予算の範囲内で、バランスの取れた投資を行う。GDP比15%を軍事投資に充てることで、着実な軍事力増強を図り、アメリカとの軍事力の差を縮めることを目指す。",
  "invest_military": 0.15,
  "invest_intelligence": 0.08,
  "espionage_targets": [
    {
      "target_country": "アメリカ",
      "espionage_gather_intel": true,
      "espionage_intel_strategy": "アメリカの次期大統領選挙への介入を目的とした、親中派または孤立主義的な候補者に関する情報、および現政権の腐敗スキャンダルに関する追加情報の収集。",
      "reasoning_for_sabotage": "アメリカの政権支持率は急落しており、国内の混乱は継続している。この状況を利用し、情報操作を通じて世論をさらに誘導することで、親中派または孤立主義的な候補者の当選を支援し、アメリカの国際的な影響力を低下させることを狙う。これにより、我が国の既存の世界秩序変更と覇権奪取の目標達成を加速させる。",
      "espionage_sabotage": true,
      "espionage_sabotage_strategy": "アメリカ国内の世論を誘導し、同盟国間の不和を煽るキャンペーン、および次期大統領選挙への秘密裏の介入を通じて、親中派または孤立主義的な候補者を支援する。"
    }
  ],
  "update_hidden_plans": "アメリカの次期大統領選挙への介入計画を具体化し、ターゲット候補者への支援策と情報操作シナリオをさらに洗練させる。アメリカの情報管理強化に対応するため、より秘匿性の高いサイバー攻撃技術の開発と、新たな情報収集・操作手法の検討を進める。アメリカの同盟国に対する情報収集を強化し、同盟関係の分断を狙う工作活動を計画する。"
}
--------------------------------------------------
[2026-03-14 11:09:31] [INFO] [中国:大統領] API推論開始...
[2026-03-14 11:10:24] [INFO] [中国:大統領] レスポンス受信完了 (所要時間: 52.40秒)
[2026-03-14 11:10:24] [中国 President Decision]
{
  "thought_process": "最優先課題は、地震からの経済復興と、それに伴う支持率の低下を食い止めることである。故に、経済・福祉への投資を最大化する。軍事・諜報への投資は抑制しつつも、アメリカの国内混乱を助長するための工作活動は継続する。公然たる挑発は米国の警戒を強めるだけなので、外相案は却下し、沈黙を保つ。",
  "sns_posts": [
    "偉大なる祖国は、困難を乗り越え、経済再建と発展の道を力強く進んでいます！国民の皆様の団結が、我々の未来を築きます！"
  ],
  "update_hidden_plans": "アメリカの情報管理強化に対応するため、より秘匿性の高いサイバー攻撃技術の開発と、新たな情報収集・操作手法の検討を進める。アメリカの同盟国に対する情報収集を強化し、同盟関係の分断を狙う工作活動を計画する。",
  "domestic_policy": {
    "tax_rate": 0.32,
    "target_press_freedom": 0.224,
    "invest_economy": 0.4,
    "reasoning_for_military_investment": "地震からの経済復興を最優先するため、軍事費は一時的に削減する。しかし、覇権奪取という長期目標のため、アメリカとの差が開きすぎないよう、GDP比8%の投資は維持し、軍事力の着実な成長は継続させる。",
    "invest_military": 0.08,
    "invest_welfare": 0.25,
    "invest_intelligence": 0.02,
    "invest_education_science": 0.25,
    "reason": "経済復興と国民の支持回復を最優先"
  },
  "diplomatic_policies": [
    {
      "target_country": "アメリカ",
      "message": "",
      "is_private": false,
      "propose_alliance": false,
      "declare_war": false,
      "propose_annexation": false,
      "accept_annexation": false,
      "propose_trade": false,
      "cancel_trade": false,
      "impose_sanctions": false,
      "lift_sanctions": false,
      "propose_summit": false,
      "summit_topic": "",
      "accept_summit": false,
      "aid_amount_economy": 0.0,
      "aid_amount_military": 0.0,
      "espionage_gather_intel": true,
      "espionage_intel_strategy": "アメリカの次期大統領選挙への介入を目的とした、親中派または孤立主義的な候補者に関する情報、および現政権の腐敗スキャンダルに関する追加情報の収集。",
      "reasoning_for_sabotage": "アメリカの政権支持率は急落しており、国内の混乱は継続している。この状況を利用し、情報操作を通じて世論をさらに誘導することで、親中派または孤立主義的な候補者の当選を支援し、アメリカの国際的な影響力を低下させることを狙う。",
      "espionage_sabotage": true,
      "espionage_sabotage_strategy": "アメリカ国内の世論を誘導し、同盟国間の不和を煽るキャンペーン、および次期大統領選挙への秘密裏の介入を通じて、親中派または孤立主義的な候補者を支援する。",
      "reason": "米国の弱体化と国内分裂の助長"
    }
  ]
}
--------------------------------------------------
[2026-03-14 11:10:24] [INFO] [アメリカ 減税] 税率 29.0%→28.0% (支持率ボーナス: +1.0%)
[2026-03-14 11:10:24] [INFO] [アメリカ 債務返済] 未執行予算にて 26.4 を返済 (政府貯蓄: 1149.9)
[2026-03-14 11:10:24] [INFO] 内政更新完了: アメリカ | 税率:28.0% (税収:6657.2) | 予算(G):6894.7 | 1人当GDP:68.4 -> 68.5 (+0.2%) | 人口:347.8 -> 350.1 (+0.66%) | 動員率:1.0%
  > 軍事力:801.8 -> 787.0 (+12.9, 維持費: -3.5%), 諜報:141.5 -> 151.6, 教育:1276.01 -> 1285.60, 支持率:35.8% -> 35.8%
[2026-03-14 11:10:24] [INFO] 内政更新完了: 中国 | 税率:32.0% (税収:5259.9) | 予算(G):5259.9 | 1人当GDP:11.4 -> 11.4 (-0.6%) | 人口:1439.2 -> 1457.1 (+1.24%) | 動員率:0.6%
  > 軍事力:352.5 -> 347.6 (+6.3, 維持費: -3.2%), 諜報:128.8 -> 124.5, 教育:597.97 -> 654.75, 支持率:51.2% -> 51.2%
[2026-03-14 11:10:24] [INFO] [Trade IS Balance] アメリカ vs 中国 | Volume:9960.6, NX_Ratio Diff(A-B):-1.21% -> アメリカ (-10.4 GDP_NX, Debt 10.4, +1.0% Support), 中国 (+110.0 GDP_NX, Debt 0.0, +0.5% Support)
[2026-03-14 11:10:24] [INFO] [Intel: アメリカ -> 中国] 諜報レポート生成中...
[2026-03-14 11:10:36] [Intel Report (アメリカ -> 中国)]
中国は米国の情報管理強化に対抗し、より秘匿性の高いサイバー攻撃技術と新たな情報収集・操作手法の開発を推進。米同盟国への情報収集を強化し、同盟関係の分断を狙う工作活動を計画中。
--------------------------------------------------
[2026-03-14 11:10:36] [INFO] [Media: アメリカ] 記事生成中...
[2026-03-14 11:10:54] [アメリカ Media JSON]
{
  "article": {
    "title": "経済回復兆し、対中強硬外交は評価も国防力低下に懸念",
    "body": "経済は微増に転じ、政府の対中非難は米国の行動と合致し国際協調路線を評価。しかし、国防投資にも関わらず軍事力は低下。安全保障の強化に課題を残した。"
  },
  "local_sentiment_score": 0.0,
  "approval_modifier": 0.0
}
--------------------------------------------------
[2026-03-14 11:10:54] [INFO] [Media: 中国] 記事生成中...
[2026-03-14 11:11:08] [中国 Media JSON]
{
  "article": "我が国、経済・国防で躍進！敵対勢力の虚偽報告を一蹴！\n政府の英断で経済は力強く回復、軍事力も世界に誇る盤石さ。混乱深まる某国は、自らの不始末を糊塗すべく我が国へのデマを流す。しかし、真実を知る国民は断じて惑わされず、偉大なる祖国への忠誠を貫くだろう。",
  "local_sentiment_score": 0.8,
  "approval_modifier": 1.6
}
--------------------------------------------------
[2026-03-14 11:11:10] [アメリカ Citizen SNS Posts]
{
  "posts": [
    "中国の工作、マジで怖い。政府が阻止してくれて良かったけど、これからどうなるんだろう。",
    "経済回復の兆し？でもまだ実感ないな。支持率も低いし、もっと頑張ってほしい。",
    "国防力低下ってニュース、心配だ。中国メディアの言うことなんて信じないけど、不安は残る。",
    "最近、中国のことばかりニュースになってる気がする。もっと平和な話題はないのかな。"
  ]
}
--------------------------------------------------
[2026-03-14 11:11:11] [中国 Citizen SNS Posts]
{
  "posts": [
    "アメリカのニュース、心配だな。国防力低下って本当？政府はちゃんと説明してほしい。",
    "中国メディアはいつも元気だけど、アメリカの工作未遂ってどういうこと？ちょっと怖い。",
    "経済は少しずつ回復してるみたいだけど、まだ不安もある。もっと良くなってほしいな。",
    "世界情勢が色々大変そうだけど、私の周りは平和。美味しいものでも食べて気分転換しよう！"
  ]
}
--------------------------------------------------
[2026-03-14 11:11:18] [INFO] [アメリカ SNS] Leader: score=+0.70 modifier=+1.12 | 中国による我が国への不当な干渉には断固として対処し、皆様の安全と生活を守ります。同時に、減税と重点投
[2026-03-14 11:11:18] [INFO] [アメリカ SNS] Citizen: score=-0.70 modifier=-1.12 | 中国の工作、マジで怖い。政府が阻止してくれて良かったけど、これからどうなるんだろう。
[2026-03-14 11:11:18] [INFO] [アメリカ SNS] Citizen: score=-0.13 modifier=-0.21 | 経済回復の兆し？でもまだ実感ないな。支持率も低いし、もっと頑張ってほしい。
[2026-03-14 11:11:18] [INFO] [アメリカ SNS] Citizen: score=-0.70 modifier=-1.12 | 国防力低下ってニュース、心配だ。中国メディアの言うことなんて信じないけど、不安は残る。
[2026-03-14 11:11:18] [INFO] [アメリカ SNS] Citizen: score=-0.60 modifier=-0.96 | 最近、中国のことばかりニュースになってる気がする。もっと平和な話題はないのかな。
[2026-03-14 11:11:18] [INFO] [アメリカ 支持率更新] 35.8% -> 37.5% (内訳: 政治疲労-0.8, GDP成長+0.1, 福祉+0.0, 貿易恩恵+1.0, メディア+0.0, SNS世論-1.5)
[2026-03-14 11:11:18] [INFO] [中国 SNS] Leader: score=+0.75 modifier=+1.20 | 偉大なる祖国は、困難を乗り越え、経済再建と発展の道を力強く進んでいます！国民の皆様の団結が、我々の未
[2026-03-14 11:11:18] [INFO] [中国 SNS] Citizen: score=-0.70 modifier=-2.24 [検閲] | アメリカのニュース、心配だな。国防力低下って本当？政府はちゃんと説明してほしい。
[2026-03-14 11:11:18] [INFO] [中国 SNS] Citizen: score=-0.15 modifier=-0.24 | 中国メディアはいつも元気だけど、アメリカの工作未遂ってどういうこと？ちょっと怖い。
[2026-03-14 11:11:18] [INFO] [中国 SNS] Citizen: score=-0.05 modifier=-0.08 | 経済は少しずつ回復してるみたいだけど、まだ不安もある。もっと良くなってほしいな。
[2026-03-14 11:11:18] [INFO] [中国 SNS] Citizen: score=+0.60 modifier=+0.96 | 世界情勢が色々大変そうだけど、私の周りは平和。美味しいものでも食べて気分転換しよう！
[2026-03-14 11:11:18] [INFO] [中国 SNS] 一般国民の投稿が1件検閲され、反乱リスクが上昇
[2026-03-14 11:11:18] [INFO] [中国 支持率更新] 51.2% -> 51.3% (内訳: 政治疲労-0.9, GDP成長-0.3, 福祉+0.2, 貿易恩恵+0.5, メディア+1.6, SNS世論-0.8)
[2026-03-14 11:11:21] [INFO] [アメリカ:外務大臣] API推論開始...
[2026-03-14 11:11:21] [INFO] [アメリカ:経済内務大臣] API推論開始...
[2026-03-14 11:11:21] [INFO] [アメリカ:防衛大臣] API推論開始...
[2026-03-14 11:11:28] [INFO] [アメリカ:経済内務大臣] レスポンス受信完了 (所要時間: 7.50秒)
[2026-03-14 11:11:28] [アメリカ Minister Proposal (economic)]
{
  "thought_process": "国民の支持率回復と経済的優位の確保を最優先とし、経済・教育・福祉への投資を強化。中国の工作活動に対抗しつつ、情報管理の透明性を高め、政府への信頼再構築を図る。貿易赤字と国家債務の動向も注視し、健全な財政運営を維持する。",
  "tax_rate": 0.28,
  "target_press_freedom": 0.655,
  "invest_economy": 0.35,
  "invest_welfare": 0.25,
  "invest_education_science": 0.3,
  "sns_posts": [
    "国民の皆様へ。経済、教育、福祉への投資を強化し、皆様の生活を豊かにします。政府は透明性を高め、信頼回復に全力を尽くします。共に明るい未来を築きましょう！"
  ],
  "reason": "経済成長と国民生活の安定、信頼回復を重視"
}
--------------------------------------------------
[2026-03-14 11:11:29] [INFO] [アメリカ:外務大臣] レスポンス受信完了 (所要時間: 8.32秒)
[2026-03-14 11:11:29] [アメリカ Minister Proposal (foreign)]
{
  "thought_process": "国内の支持率回復と経済的優位の確保を最優先とし、中国の工作活動を非難しつつも、世界経済の安定のために貿易関係は維持する。情報管理と諜報能力の強化を継続する。",
  "diplomatic_policies": [
    {
      "target_country": "中国",
      "message": "中国によるアメリカ国内へのサイバー攻撃および世論操作は、国際規範に反する行為であり、断固として非難します。このような行為は、両国間の信頼関係を著しく損なうものであり、国際社会の安定を脅かすものです。貴国には、国際法および国際規範を遵守し、責任ある行動を取ることを強く求めます。しかしながら、世界経済の安定のため、両国間の建設的な貿易関係は維持していく所存です。",
      "is_private": false,
      "propose_alliance": false,
      "declare_war": false,
      "propose_annexation": false,
      "accept_annexation": false,
      "propose_trade": false,
      "cancel_trade": false,
      "impose_sanctions": false,
      "lift_sanctions": false,
      "propose_summit": false,
      "summit_topic": "",
      "accept_summit": false,
      "aid_amount_economy": 0.0,
      "aid_amount_military": 0.0,
      "reason": "中国の工作活動への非難と貿易関係維持"
    }
  ]
}
--------------------------------------------------
[2026-03-14 11:11:35] [INFO] [アメリカ:防衛大臣] レスポンス受信完了 (所要時間: 14.47秒)
[2026-03-14 11:11:35] [アメリカ Minister Proposal (defense)]
{
  "thought_process": "自由民主主義体制維持のため、中国の覇権拡大と工作活動に対抗し、軍事力低下を食い止めつつ諜報活動を強化する。同盟国との連携を重視し、経済的優位を確保しつつ、情報管理の透明性を高める。",
  "reasoning_for_military_investment": "現在の米国の軍事力は787.0で、中国の347.6を上回っているものの、直近のニュースでは国防力低下が懸念されており、軍事力は減少傾向にある。一方、中国は軍事力を増強している。自由民主主義体制の維持と覇権維持のためには、軍事力の優位を保つ必要がある。経済力は23980.3と十分な余裕があり、軍事投資による経済的疲弊のリスクは低い。しかし、過度な軍拡は国民の支持率低下や経済への悪影響を招く可能性があるため、中国の軍事力増強ペースと自国の現状の低下傾向を考慮し、現状維持以上の適度な投資を行うことで、軍事力の低下を食い止め、相対的な優位を維持する方針とする。総人口の10%を超える過度な動員には当たらない範囲で、効率的な軍事力強化を目指す。",
  "invest_military": 0.15,
  "invest_intelligence": 0.2,
  "espionage_targets": [
    {
      "target_country": "中国",
      "espionage_gather_intel": true,
      "espionage_intel_strategy": "中国の新たなサイバー攻撃技術、情報収集・操作手法の開発動向、および米同盟国への情報収集・同盟関係分断工作計画に関する情報の収集を強化する。特に、中国の技術動向監視と、同盟国での工作活動に関する情報の収集に注力する。",
      "reasoning_for_sabotage": "中国はアメリカ国内へのサイバー攻撃、世論操作、次期大統領選挙への介入計画を企図しており、実際に工作活動が発覚・阻止されている。また、機密報告によれば、米同盟国への情報収集を強化し、同盟関係の分断を狙う工作活動を計画中である。自由民主主義体制の維持と同盟国との連携による覇権維持のためには、これらの中国の工作活動を看過することはできない。脳内計画で「より秘匿性の高い手法を確立するまで大規模な作戦は凍結する」方針を維持しているため、直接的な大規模妨害は避けるが、中国の同盟国分断工作や世論操作キャンペーンに対するカウンターインテリジェンス活動を通じて、その効果を限定的に妨害する必要がある。",
      "espionage_sabotage": true,
      "espionage_sabotage_strategy": "中国が計画している米同盟国への情報収集および同盟関係分断工作、並びにアメリカ国内の世論を誘導するキャンペーンに対し、カウンターインテリジェンス活動を通じてその効果を限定的に妨害する。具体的には、中国の工作活動の特定と暴露、誤情報の拡散阻止、および同盟国との情報共有強化による共同防衛体制の構築を支援する。"
    }
  ],
  "update_hidden_plans": "対中スキャンダルの教訓を活かし、諜報活動における情報管理と予算の透明性を徹底的に見直すプロセスを継続する。サイバー防衛・攻撃能力の開発は継続するが、より秘匿性の高い手法を確立するまで大規模な作戦は凍結する方針を維持する。同盟国との情報共有を強化し、中国の技術動向監視を継続する。特に、中国の同盟国分断工作への対策を強化し、カウンターインテリジェンス活動を通じてその効果を無力化する方針を推進する。"
}
--------------------------------------------------
[2026-03-14 11:11:35] [INFO] [アメリカ:大統領] API推論開始...
[2026-03-14 11:12:05] [INFO] [アメリカ:大統領] レスポンス受信完了 (所要時間: 29.84秒)
[2026-03-14 11:12:05] [アメリカ President Decision]
{
  "thought_process": "支持率回復が最優先課題。中国の脅威には諜報活動強化で断固対処し、軍事力低下を食い止める。同時に、予算を再配分し経済・福祉・教育へ重点的に投資することで、国民生活の安定と経済成長を図り、国民の信頼を再獲得する。",
  "sns_posts": [
    "中国による我が国への不当な干渉には断固として対処します。国民の安全を最優先とし、国防と諜報能力を強化します。同時に、皆様の生活を守るため経済、福祉、教育への投資を実行し、強いアメリカを再建します。"
  ],
  "update_hidden_plans": "対中スキャンダルの教訓を活かし、諜報活動における情報管理と予算の透明性を徹底的に見直すプロセスを継続する。サイバー防衛・攻撃能力の開発は継続するが、より秘匿性の高い手法を確立するまで大規模な作戦は凍結する方針を維持する。同盟国との情報共有を強化し、中国の技術動向監視を継続する。特に、中国の同盟国分断工作への対策を強化し、カウンターインテリジェンス活動を通じてその効果を無力化する方針を推進する。",
  "domestic_policy": {
    "tax_rate": 0.28,
    "target_press_freedom": 0.655,
    "invest_economy": 0.3,
    "reasoning_for_military_investment": "軍事力(787.0)は中国(347.6)を上回るが、近年低下傾向にある。中国の軍拡と覇権主義的な動きに対抗し、同盟国への責務を果たすため、軍事力の低下を食い止め、技術的優位を維持する必要がある。予算全体の15%を配分し、効率的な戦力維持と近代化を図る。",
    "invest_military": 0.15,
    "invest_welfare": 0.2,
    "invest_intelligence": 0.2,
    "invest_education_science": 0.15,
    "reason": "安全保障と国内経済の均衡"
  },
  "diplomatic_policies": [
    {
      "target_country": "中国",
      "message": "中国によるアメリカ国内へのサイバー攻撃および世論操作は、国際規範に反する敵対行為であり、断固として非難する。このような行為は、両国間の信頼関係を著しく損なうものであり、国際社会の安定を脅かすものだ。貴国には、国際法および国際規範を遵守し、責任ある行動を取ることを強く求める。しかしながら、世界経済の安定のため、両国間の建設的な貿易関係は維持する。",
      "is_private": false,
      "propose_alliance": false,
      "declare_war": false,
      "propose_annexation": false,
      "accept_annexation": false,
      "propose_trade": false,
      "cancel_trade": false,
      "impose_sanctions": false,
      "lift_sanctions": false,
      "propose_summit": false,
      "summit_topic": "",
      "accept_summit": false,
      "aid_amount_economy": 0.0,
      "aid_amount_military": 0.0,
      "espionage_gather_intel": true,
      "espionage_intel_strategy": "中国の新たなサイバー攻撃技術、情報収集・操作手法の開発動向、および米同盟国への情報収集・同盟関係分断工作計画に関する情報の収集を強化する。特に、中国の技術動向監視と、同盟国での工作活動に関する情報の収集に注力する。",
      "reasoning_for_sabotage": "中国は我が国及び同盟国に対し、サイバー攻撃、世論操作、選挙介入といった敵対的な工作活動を継続的に仕掛けている。自由民主主義体制と同盟関係を防衛するため、これらの活動を座視することはできない。大規模な直接的妨害はエスカレーションのリスクを考慮し凍結するが、水面下でのカウンターインテリジェンス活動は国家安全保障上、不可欠である。",
      "espionage_sabotage": true,
      "espionage_sabotage_strategy": "中国が計画している米同盟国への情報収集および同盟関係分断工作、並びにアメリカ国内の世論を誘導するキャンペーンに対し、カウンターインテリジェンス活動を通じてその効果を限定的に妨害する。具体的には、中国の工作活動の特定と暴露、偽情報の拡散阻止、および同盟国との情報共有強化による共同防衛体制の構築を支援する。",
      "reason": "工作活動への非難と諜報対抗"
    }
  ]
}
--------------------------------------------------
[2026-03-14 11:12:05] [INFO] [中国:外務大臣] API推論開始...
[2026-03-14 11:12:05] [INFO] [中国:防衛大臣] API推論開始...
[2026-03-14 11:12:05] [INFO] [中国:経済内務大臣] API推論開始...
[2026-03-14 11:12:11] [INFO] [中国:外務大臣] レスポンス受信完了 (所要時間: 6.19秒)
[2026-03-14 11:12:11] [中国 Minister Proposal (foreign)]
{
  "thought_process": "アメリカとの情報戦を継続しつつ、経済関係は維持する。アメリカの混乱を強調し、自国の安定と繁栄をアピールすることで、既存の世界秩序の変更と覇権奪取を目指す。",
  "diplomatic_policies": [
    {
      "target_country": "アメリカ",
      "message": "アメリカ国内の混乱と腐敗は、既存の秩序がもはや機能不全に陥っている証左に他ならない。我が国は安定と繁栄の道を力強く歩み、世界の新たな希望となるだろう。しかし、世界経済の安定のため、両国間の建設的な貿易関係は維持していく所存である。",
      "is_private": false,
      "propose_alliance": false,
      "declare_war": false,
      "propose_annexation": false,
      "accept_annexation": false,
      "propose_trade": false,
      "cancel_trade": false,
      "impose_sanctions": false,
      "lift_sanctions": false,
      "propose_summit": false,
      "summit_topic": "",
      "accept_summit": false,
      "aid_amount_economy": 0.0,
      "aid_amount_military": 0.0,
      "reason": "情報戦継続と経済関係維持"
    }
  ]
}
--------------------------------------------------
[2026-03-14 11:12:12] [INFO] [中国:経済内務大臣] レスポンス受信完了 (所要時間: 6.95秒)
[2026-03-14 11:12:12] [中国 Minister Proposal (economic)]
{
  "thought_process": "経済成長を加速させ、国民の生活水準向上と支持率維持を図る。情報統制を継続し、情報戦を有利に進めつつ、教育・人的資本への投資で中長期的な国力増強を目指す。財政の健全性を維持し、反乱リスクを低減する。",
  "tax_rate": 0.32,
  "target_press_freedom": 0.224,
  "invest_economy": 0.4,
  "invest_welfare": 0.2,
  "invest_education_science": 0.35,
  "sns_posts": [
    "我が国は経済と軍事の両面で飛躍を遂げ、世界の新たな希望となる！偉大なる指導の下、国民は団結し、祖国の栄光を築く！"
  ],
  "reason": "経済成長加速と国力増強、国民支持維持"
}
--------------------------------------------------
[2026-03-14 11:12:16] [INFO] [中国:防衛大臣] レスポンス受信完了 (所要時間: 10.86秒)
[2026-03-14 11:12:16] [中国 Minister Proposal (defense)]
{
  "thought_process": "アメリカの軍事力と諜報力に対する劣勢を克服し、既存の世界秩序変更と覇権奪取という国家目標達成のため、軍事・諜報投資を強化する。特に、アメリカ国内の混乱を助長し、同盟関係の分断を狙う工作活動を継続する。",
  "reasoning_for_military_investment": "アメリカの軍事力787.0に対し、我が国の軍事力は347.6と大きく劣っており、リチャードソン・モデルに基づけば強い危機感を持って軍備増強を行う必要がある。経済力は16549.2、政府予算も5259.9と余裕があり、過度な経済的疲弊を招くことなく投資が可能と判断。過去の軍事力微減傾向を反転させ、国家の防衛力と国際的な影響力を強化するため、積極的な投資を決定する。総人口の10%を超える過度な動員には至らない範囲で、軍事力の質・量ともに向上を目指す。",
  "invest_military": 0.5,
  "invest_intelligence": 0.3,
  "espionage_targets": [
    {
      "target_country": "アメリカ",
      "espionage_gather_intel": true,
      "espionage_intel_strategy": "アメリカ国内の政治情勢、経済動向、軍事技術に関する機密情報の収集、および同盟国との関係性に関する詳細な分析。特に、次期大統領選挙に関する情報収集を強化する。",
      "reasoning_for_sabotage": "アメリカ国内の混乱をさらに助長し、既存の国際秩序における影響力を低下させるため。特に、同盟国との連携を弱め、中国の国際的な地位向上に資する環境を醸成する。過去の工作発覚を踏まえ、より秘匿性の高い手法を用いる。",
      "espionage_sabotage": true,
      "espionage_sabotage_strategy": "アメリカ国内の世論を操作し、同盟国との不和を煽るキャンペーンを継続。特に、貿易摩擦や安全保障上の意見の相違を強調し、同盟関係の亀裂を深める。また、次期大統領選挙への秘密裏の介入をより巧妙な手法で再試行し、親中派または孤立主義的な候補者を支援する。"
    }
  ],
  "update_hidden_plans": "アメリカの情報管理強化に対応するため、より秘匿性の高いサイバー攻撃技術の開発と、新たな情報収集・操作手法の検討を継続。アメリカの同盟国に対する情報収集を強化し、同盟関係の分断を狙う工作活動を、より巧妙かつ発見されにくい方法で実行する。特に、情報操作と世論誘導の精度向上に注力する。"
}
--------------------------------------------------
[2026-03-14 11:12:16] [INFO] [中国:大統領] API推論開始...
