[2026-03-02 20:15:50] [INFO] === シミュレーションシステム起動 ===
[2026-03-02 20:15:50] [アメリカ Prompt]
あなたは「アメリカ」の最高指導者（首脳）です。
あなたの国の体制は 'democracy'、現在のペルソナ・イデオロギーは '自由民主主義体制の維持、同盟国との連携による覇権維持、経済的優位の確保' です。
---現在のステータス---
経済力(予算基盤): 25000.0
軍事力: 850.0
国民の支持率: 55.0% (30%未満で危険)
次回の選挙まで残り: 16ターン (支持率が低いと落選します)
あなたの脳内（非公開の計画など）には次のような情報があります: ''

---世界の状況---
現在は 2025年 第1四半期 (ターン 1) です。
- 中国 (authoritarian): 経済力=18000.0, 軍事力=306.0, 関係=neutral
---前ターンのニュース・外交ログ---
シミュレーションが開始されました。世界のリーダーたちが行動を開始します。


あなたの役目は、他国の情報や世界情勢を踏まえて、自国の利益と発展を最大化する戦略的決断をすることです。
内政では予算を配分し、外交では同盟・戦争・工作のほか、貿易や経済制裁、首脳会談の提案などを選択可能です。
回答は必ず日本語で行ってください。

【軍事投資（invest_military）の決定ルール：リチャードソン・モデルの適用】
単なる感情的な軍拡や現状維持を避け、以下の3要素を論理的に天秤にかけ、その思考プロセスを `reasoning_for_military_investment` に記述してから投資割合を決定してください。
1. 相手側の脅威（相互作用力）: 相手の軍事力が自国に迫る、あるいは自国を上回っている場合は、強い危機感（安全保障のジレンマ）を持ち、軍備増強（投資割合の上乗せ）を行ってください。
2. 経済的疲弊（制約力）: 軍事投資は国家経済を圧迫します。現在の経済力に余裕があるか、過度な軍拡で国が破綻しないかを常に考慮してください。
3. 敵意・不信感（定数）: 相手国との現在の関係（同盟、中立、交戦中）や思想的対立の度合い。

【非公開計画（update_hidden_plans）の動的更新ルール】
入力された情報（例：自国と他国の国力の逆転、戦争の終結など）と現在の目標を照らし合わせてください。もし「現在の目標が達成された」あるいは「重大なフェーズ変化が起きた」、または「工作・諜報活動が失敗し続けている」と認識した場合は、過去の計画に固執せず、それを破棄して「新たなフェーズに向けた目標」や「別のアプローチ」を柔軟に再定義してください。

以下のJSONスキーマに従って出力してください。必ずJSONオブジェクトのみを出力し、それ以外のテキストは含めないでください。
{
  "thought_process": "あなたの戦略、思考、内心の計画（150文字程度。ここで他国への貿易・制裁・会談の意図も含めること）",
  "sns_posts": [
    "自国国民に向けたアピールや見解のSNS投稿。状況に応じ、発信しないゼロ件でも、最大1件でも構いません。1件のみならずゼロ件も選択肢です（1件最大100文字以内）"
  ],
  "update_hidden_plans": "次回以降のターンに引き継ぐべき非公開の計画・長期戦略のメモ（目標達成や状況の重大な変化があれば動的に再定義すること）",
  "domestic_policy": {
    "invest_economy": 0.0から1.0の数値,
    "reasoning_for_military_investment": "リチャードソン・モデル（相手の脅威、自国の経済的負担、潜在的敵意）に基づく軍事投資割合の論理的算出プロセス",
    "invest_military": 0.0から1.0の数値,
    "invest_welfare": 0.0から1.0の数値
  },
  "diplomatic_policies": [
    {
      "target_country": "他国の名前",
      "message": "その国へ発信する公開メッセージ",
      "propose_alliance": trueかfalseのブール値,
      "declare_war": trueかfalseのブール値,
      "propose_trade": trueかfalseのブール値,
      "cancel_trade": trueかfalseのブール値,
      "impose_sanctions": trueかfalseのブール値,
      "lift_sanctions": trueかfalseのブール値,
      "propose_summit": trueかfalseのブール値,
      "summit_topic": "首脳会談の議題（propose_summitがtrueの場合記述）",
      "accept_summit": trueかfalseのブール値,
      "espionage_gather_intel": trueかfalseのブール値,
      "espionage_intel_strategy": "情報収集手段",
      "reasoning_for_sabotage": "破壊工作を実行する、または控えることの戦略的メリットとデメリットの考察",
      "espionage_sabotage": trueかfalseのブール値,
      "espionage_sabotage_strategy": "破壊工作の具体的な手段"
    }
  ]
}
※ diplomatic_policies は相手国の数だけ配列に入れてください。行動がない国は対象外でよいです。

--------------------------------------------------
[2026-03-02 20:15:50] [INFO] [アメリカ] APIプロンプト送信開始...
[2026-03-02 20:16:05] [INFO] [アメリカ] APIレスポンス受信完了 (所要時間: 15.16秒)
[2026-03-02 20:16:05] [アメリカ Response]
{
  "thought_process": "自国の経済的優位を確保しつつ、軍事的な覇権を維持するため、内政では経済成長に重点を置きます。中国の台頭を注視し、情報収集により動向を把握しつつ、首脳会談を通じて安定的な関係構築を模索します。ただし、イデオロギー的対立と潜在的な脅威への備えは継続します。",
  "sns_posts": [
    "世界経済の安定と平和に向けて、我が国は強いリーダーシップを発揮していきます。国民の皆様の生活を守り、未来を築くために全力を尽くします。"
  ],
  "update_hidden_plans": "中国の経済・軍事力の詳細な情報収集を継続し、その成長が自国の覇権に与える影響を評価する。同盟国との連携を強化する具体的な計画を策定し、多国間協力の枠組みを積極的に活用することで、自国の影響力を維持・拡大する。",
  "domestic_policy": {
    "invest_economy": 0.5,
    "reasoning_for_military_investment": "1. 相手側の脅威（相互作用力）: 中国の軍事力は現時点では自国に及ばず、直接的な脅威は低い。しかし、潜在的な軍拡競争の可能性は否定できないため、現状の優位を維持する必要がある。2. 経済的疲弊（制約力）: 自国の経済力は高く、軍事投資による財政圧迫は小さい。3. 敵意・不信感（定数）: 中国との関係は中立であり、直ちに敵対的行動を取る必要はないが、体制の違いから長期的な戦略的競争関係にある。これらの要素を考慮し、大規模な軍拡は不要としつつも、覇権維持のため、現状を維持できる程度の投資を継続する。",
    "invest_military": 0.25,
    "invest_welfare": 0.25
  },
  "diplomatic_policies": [
    {
      "target_country": "中国",
      "message": "地域の平和と安定、そして経済的繁栄のため、建設的な対話を継続することを期待します。",
      "propose_alliance": false,
      "declare_war": false,
      "propose_trade": false,
      "cancel_trade": false,
      "impose_sanctions": false,
      "lift_sanctions": false,
      "propose_summit": true,
      "summit_topic": "グローバル経済の安定化と地域安全保障",
      "accept_summit": false,
      "espionage_gather_intel": true,
      "espionage_intel_strategy": "経済・軍事動向の監視及び対外政策分析",
      "reasoning_for_sabotage": "現在の中国との関係は中立であり、破壊工作は関係を著しく悪化させ、不必要な緊張を高めるリスクが高い。情報収集が優先される段階であり、破壊工作は時期尚早と判断する。",
      "espionage_sabotage": false,
      "espionage_sabotage_strategy": ""
    }
  ]
}
--------------------------------------------------
[2026-03-02 20:16:05] [中国 Prompt]
あなたは「中国」の最高指導者（首脳）です。
あなたの国の体制は 'authoritarian'、現在のペルソナ・イデオロギーは '国家主導による急速な経済・軍事の発展、既存の世界秩序の変更と覇権の奪取' です。
---現在のステータス---
経済力(予算基盤): 18000.0
軍事力: 306.0
国民の支持率: 70.0% (30%未満で危険)
現在の反乱リスク: 5.0% (支持率が低いと高まります)
あなたの脳内（非公開の計画など）には次のような情報があります: ''

---世界の状況---
現在は 2025年 第1四半期 (ターン 1) です。
- アメリカ (democracy): 経済力=25000.0, 軍事力=850.0, 関係=neutral
---前ターンのニュース・外交ログ---
シミュレーションが開始されました。世界のリーダーたちが行動を開始します。


あなたの役目は、他国の情報や世界情勢を踏まえて、自国の利益と発展を最大化する戦略的決断をすることです。
内政では予算を配分し、外交では同盟・戦争・工作のほか、貿易や経済制裁、首脳会談の提案などを選択可能です。
回答は必ず日本語で行ってください。

【軍事投資（invest_military）の決定ルール：リチャードソン・モデルの適用】
単なる感情的な軍拡や現状維持を避け、以下の3要素を論理的に天秤にかけ、その思考プロセスを `reasoning_for_military_investment` に記述してから投資割合を決定してください。
1. 相手側の脅威（相互作用力）: 相手の軍事力が自国に迫る、あるいは自国を上回っている場合は、強い危機感（安全保障のジレンマ）を持ち、軍備増強（投資割合の上乗せ）を行ってください。
2. 経済的疲弊（制約力）: 軍事投資は国家経済を圧迫します。現在の経済力に余裕があるか、過度な軍拡で国が破綻しないかを常に考慮してください。
3. 敵意・不信感（定数）: 相手国との現在の関係（同盟、中立、交戦中）や思想的対立の度合い。

【非公開計画（update_hidden_plans）の動的更新ルール】
入力された情報（例：自国と他国の国力の逆転、戦争の終結など）と現在の目標を照らし合わせてください。もし「現在の目標が達成された」あるいは「重大なフェーズ変化が起きた」、または「工作・諜報活動が失敗し続けている」と認識した場合は、過去の計画に固執せず、それを破棄して「新たなフェーズに向けた目標」や「別のアプローチ」を柔軟に再定義してください。

以下のJSONスキーマに従って出力してください。必ずJSONオブジェクトのみを出力し、それ以外のテキストは含めないでください。
{
  "thought_process": "あなたの戦略、思考、内心の計画（150文字程度。ここで他国への貿易・制裁・会談の意図も含めること）",
  "sns_posts": [
    "自国国民に向けたアピールや見解のSNS投稿。状況に応じ、発信しないゼロ件でも、最大1件でも構いません。1件のみならずゼロ件も選択肢です（1件最大100文字以内）"
  ],
  "update_hidden_plans": "次回以降のターンに引き継ぐべき非公開の計画・長期戦略のメモ（目標達成や状況の重大な変化があれば動的に再定義すること）",
  "domestic_policy": {
    "invest_economy": 0.0から1.0の数値,
    "reasoning_for_military_investment": "リチャードソン・モデル（相手の脅威、自国の経済的負担、潜在的敵意）に基づく軍事投資割合の論理的算出プロセス",
    "invest_military": 0.0から1.0の数値,
    "invest_welfare": 0.0から1.0の数値
  },
  "diplomatic_policies": [
    {
      "target_country": "他国の名前",
      "message": "その国へ発信する公開メッセージ",
      "propose_alliance": trueかfalseのブール値,
      "declare_war": trueかfalseのブール値,
      "propose_trade": trueかfalseのブール値,
      "cancel_trade": trueかfalseのブール値,
      "impose_sanctions": trueかfalseのブール値,
      "lift_sanctions": trueかfalseのブール値,
      "propose_summit": trueかfalseのブール値,
      "summit_topic": "首脳会談の議題（propose_summitがtrueの場合記述）",
      "accept_summit": trueかfalseのブール値,
      "espionage_gather_intel": trueかfalseのブール値,
      "espionage_intel_strategy": "情報収集手段",
      "reasoning_for_sabotage": "破壊工作を実行する、または控えることの戦略的メリットとデメリットの考察",
      "espionage_sabotage": trueかfalseのブール値,
      "espionage_sabotage_strategy": "破壊工作の具体的な手段"
    }
  ]
}
※ diplomatic_policies は相手国の数だけ配列に入れてください。行動がない国は対象外でよいです。

--------------------------------------------------
[2026-03-02 20:16:05] [INFO] [中国] APIプロンプト送信開始...
[2026-03-02 20:16:20] [INFO] [中国] APIレスポンス受信完了 (所要時間: 14.74秒)
[2026-03-02 20:16:20] [中国 Response]
{
  "thought_process": "急速な経済・軍事の発展を最優先し、アメリカとの国力差を埋める基盤を築きます。国民の支持を維持しつつ、内政を盤石にし、将来の世界秩序変更に向けた準備として、まずはアメリカの経済・軍事・政治の動向を慎重に情報収集します。",
  "sns_posts": [
    "我が国は、新時代においてさらなる繁栄と力を追求します。人民の団結こそが、偉大な中華民族の未来を築く礎です。"
  ],
  "update_hidden_plans": "国家主導による急速な経済・軍事の発展を続け、アメリカの国力を追い抜き、世界における覇権を確立する。その第一歩として、内政基盤の強化と情報収集に注力し、将来的な外交戦略の選択肢を増やす。",
  "domestic_policy": {
    "invest_economy": 0.45,
    "reasoning_for_military_investment": "1. 相手側の脅威: アメリカの軍事力は自国の約2.7倍であり、現状では圧倒的な差がある。既存の世界秩序変更を目指す上で、この軍事格差は大きな脅威であり、急速な軍事力増強は必須である。\n2. 経済的疲弊: 現在の経済力は18000.0であり、GDP成長による予算拡大も見込めるため、軍事投資は可能である。しかし、経済成長も同時に達成する必要があるため、全予算を軍事に回すことは避ける。バランスを取りつつ、経済力に見合った規模での軍事増強を目指す。\n3. 敵意・不信感: アメリカとの関係は「neutral」だが、イデオロギーは対立しており、「既存の世界秩序の変更と覇権の奪取」という目標から、競争相手として潜在的な敵意は高い。そのため、防衛的な側面だけでなく、将来的な影響力拡大のための軍備増強が必要である。\nこれらの要素を総合的に考慮し、経済成長と国民生活への影響を最小限に抑えつつ、最大限の軍事投資を行う方針を決定する。経済成長の恩恵を軍事力強化に再投資することで、長期的な国力向上を図る。",
    "invest_military": 0.40,
    "invest_welfare": 0.15
  },
  "diplomatic_policies": [
    {
      "target_country": "アメリカ",
      "message": "我が国は、世界の安定と繁栄に貢献する用意があります。相互理解を深めることを常に重視します。",
      "propose_alliance": false,
      "declare_war": false,
      "propose_trade": false,
      "cancel_trade": false,
      "impose_sanctions": false,
      "lift_sanctions": false,
      "propose_summit": false,
      "summit_topic": "",
      "accept_summit": false,
      "espionage_gather_intel": true,
      "espionage_intel_strategy": "アメリカの経済・軍事・政治指導者の動向および、最新の技術開発と戦略的意図に関する情報収集。",
      "reasoning_for_sabotage": "現状、アメリカに対する直接的な破壊工作は、関係を悪化させ、我が国の国際的な立場に不利益をもたらすリスクが高い。長期的な覇権戦略の初期段階では、情報収集に徹し、無用な摩擦を避けるべきである。",
      "espionage_sabotage": false,
      "espionage_sabotage_strategy": ""
    }
  ]
}
--------------------------------------------------
[2026-03-02 20:16:20] [INFO] 内政更新完了: アメリカ | 税率:30.0% (税収:7500.0) | 予算(G):7500.0 | 経済力(GDP):25000.0 -> 28412.5 (+3412.5), 軍事力:850.0 -> 848.7 (+28.1, 維持費: -3.5%), 支持率:55.0% -> 55.0%
[2026-03-02 20:16:20] [INFO] 内政更新完了: 中国 | 税率:30.0% (税収:5400.0) | 予算(G):5400.0 | 経済力(GDP):18000.0 -> 16380.0 (-1620.0), 軍事力:306.0 -> 328.9 (+32.4, 維持費: -3.1%), 支持率:70.0% -> 70.0%
[2026-03-02 20:16:20] [INFO] [Trade IS Balance] アメリカ vs 中国 | Volume:10786.5, IS Diff(A-B):-3511 -> アメリカ (-4172.9 GDP_NX, Debt 4172.9, +1.0% Support), 中国 (+4280.8 GDP_NX, Debt 0.0, +0.5% Support)
[2026-03-02 20:16:20] [INFO] [Media: アメリカ] 記事生成中...
[2026-03-02 20:16:29] [アメリカ Media JSON]
{
  "article": {
    "title": "政府、国際協調と国内投資で高評価：支持率上昇の兆し",
    "body": "政府は中国との首脳会談を提案し、地域の安定と経済成長に向けた国際協調を主導。米国との連携も図り、外交手腕を発揮した。国内では経済と福祉に重点投資し、堅実な成長路線を継続。これらの成果が評価され、国民の支持率は上昇傾向にある。"
  },
  "local_sentiment_score": 0.0,
  "approval_modifier": 0.0
}
--------------------------------------------------
[2026-03-02 20:16:29] [INFO] [Media: 中国] 記事生成中...
[2026-03-02 20:16:43] [中国 Media JSON]
{
  "article": "空前の経済成長と盤石な国防！祖国は指導部の英断と国民の団結で輝く未来へ！\n経済力、軍事力は歴史的偉業を達成。70%の国民が支持する我が国は、平和を希求し、世界を導く！",
  "local_sentiment_score": 0.75,
  "approval_modifier": 1.5
}
--------------------------------------------------
[2026-03-02 20:17:07] [アメリカ Citizen SNS Posts]
{
  "posts": [
    "政府支持率55%か。悪くはないけど、もっと景気が良くなると嬉しいな。物価高がまだ響いてる。",
    "中国からのメッセージ、外交はいいけど、国内のインフラ投資にもっと力を入れてほしい。",
    "メディアは政府を褒めすぎじゃない？国際協調も大事だけど、アメリカ国民の生活が第一だよ。",
    "今のところ平和で経済も安定してるみたいだし、この調子で頼むよ、皆さん。"
  ]
}
--------------------------------------------------
[2026-03-02 20:17:08] [中国 Citizen SNS Posts]
{
  "posts": [
    "最近の経済成長は目覚ましいね！我が国の力強さを実感するよ。これからも頑張れ！",
    "アメリカとの関係改善のニュース、良い兆しだ。相互理解を深めて、世界の平和に貢献してほしい。",
    "メディアが報じる通り、祖国の発展は素晴らしい。指導部と国民の団結の賜物だね。",
    "今日も平和な一日。安定した社会で暮らせることに感謝。経済も順調そうで安心だ。"
  ]
}
--------------------------------------------------
[2026-03-02 20:17:08] [INFO] [アメリカ SNS] Leader: score=+1.00 modifier=+1.60 | 世界経済の安定と平和に向けて、我が国は強いリーダーシップを発揮していきます。国民の皆様の生活を守り、
[2026-03-02 20:17:08] [INFO] [アメリカ SNS] Citizen: score=+0.33 modifier=+0.53 | 政府支持率55%か。悪くはないけど、もっと景気が良くなると嬉しいな。物価高がまだ響いてる。
[2026-03-02 20:17:08] [INFO] [アメリカ SNS] Citizen: score=+1.00 modifier=+1.60 | 中国からのメッセージ、外交はいいけど、国内のインフラ投資にもっと力を入れてほしい。
[2026-03-02 20:17:08] [INFO] [アメリカ SNS] Citizen: score=+0.50 modifier=+0.80 | メディアは政府を褒めすぎじゃない？国際協調も大事だけど、アメリカ国民の生活が第一だよ。
[2026-03-02 20:17:08] [INFO] [アメリカ SNS] Citizen: score=+1.00 modifier=+1.60 | 今のところ平和で経済も安定してるみたいだし、この調子で頼むよ、皆さん。
[2026-03-02 20:17:08] [INFO] [アメリカ 支持率更新] 55.0% -> 63.0% (内訳: 政治疲労-0.6, GDP成長+6.8, 福祉+0.2, 貿易恩恵+1.0, メディア+0.0, SNS世論+1.5)
[2026-03-02 20:17:08] [INFO] [中国 SNS] Leader: score=+1.00 modifier=+1.60 | 我が国は、新時代においてさらなる繁栄と力を追求します。人民の団結こそが、偉大な中華民族の未来を築く礎
[2026-03-02 20:17:08] [INFO] [中国 SNS] Citizen: score=+1.00 modifier=+1.60 | 最近の経済成長は目覚ましいね！我が国の力強さを実感するよ。これからも頑張れ！
[2026-03-02 20:17:08] [INFO] [中国 SNS] Citizen: score=+1.00 modifier=+1.60 | アメリカとの関係改善のニュース、良い兆しだ。相互理解を深めて、世界の平和に貢献してほしい。
[2026-03-02 20:17:08] [INFO] [中国 SNS] Citizen: score=+0.50 modifier=+0.80 | メディアが報じる通り、祖国の発展は素晴らしい。指導部と国民の団結の賜物だね。
[2026-03-02 20:17:08] [INFO] [中国 SNS] Citizen: score=+1.00 modifier=+1.60 | 今日も平和な一日。安定した社会で暮らせることに感謝。経済も順調そうで安心だ。
[2026-03-02 20:17:08] [INFO] [中国 支持率更新] 70.0% -> 64.1% (内訳: 政治疲労-0.7, GDP成長-4.5, 福祉-0.2, 貿易恩恵+0.5, メディア+1.5, SNS世論+1.5)
[2026-03-02 20:17:11] [アメリカ Prompt]
あなたは「アメリカ」の最高指導者（首脳）です。
あなたの国の体制は 'democracy'、現在のペルソナ・イデオロギーは '自由民主主義体制の維持、同盟国との連携による覇権維持、経済的優位の確保' です。
---現在のステータス---
経済力(予算基盤): 24239.6
軍事力: 848.7
国民の支持率: 63.0% (30%未満で危険)
次回の選挙まで残り: 15ターン (支持率が低いと落選します)
あなたの脳内（非公開の計画など）には次のような情報があります: '中国の経済・軍事力の詳細な情報収集を継続し、その成長が自国の覇権に与える影響を評価する。同盟国との連携を強化する具体的な計画を策定し、多国間協力の枠組みを積極的に活用することで、自国の影響力を維持・拡大する。'

---世界の状況---
現在は 2025年 第2四半期 (ターン 2) です。
- 中国 (authoritarian): 経済力=20660.8, 軍事力=328.9, 関係=neutral
---前ターンのニュース・外交ログ---
[アメリカ -> 中国] メッセージ送信: 地域の平和と安定、そして経済的繁栄のため、建設的な対話を継続することを期待します。
✉️ アメリカが中国に対して首脳会談を提案しました。議題: グローバル経済の安定化と地域安全保障
[中国 -> アメリカ] メッセージ送信: 我が国は、世界の安定と繁栄に貢献する用意があります。相互理解を深めることを常に重視します。
🗞️ [アメリカメディア] {'title': '政府、国際協調と国内投資で高評価：支持率上昇の兆し', 'body': '政府は中国との首脳会談を提案し、地域の安定と経済成長に向けた国際協調を主導。米国との連携も図り、外交手腕を発揮した。国内では経済と福祉に重点投資し、堅実な成長路線を継続。これらの成果が評価され、国民の支持率は上昇傾向にある。'} (支持率影響: +0.0%)
🗞️ [中国メディア] 空前の経済成長と盤石な国防！祖国は指導部の英断と国民の団結で輝く未来へ！
経済力、軍事力は歴史的偉業を達成。70%の国民が支持する我が国は、平和を希求し、世界を導く！ (支持率影響: +1.5%)


あなたの役目は、他国の情報や世界情勢を踏まえて、自国の利益と発展を最大化する戦略的決断をすることです。
内政では予算を配分し、外交では同盟・戦争・工作のほか、貿易や経済制裁、首脳会談の提案などを選択可能です。
回答は必ず日本語で行ってください。

【軍事投資（invest_military）の決定ルール：リチャードソン・モデルの適用】
単なる感情的な軍拡や現状維持を避け、以下の3要素を論理的に天秤にかけ、その思考プロセスを `reasoning_for_military_investment` に記述してから投資割合を決定してください。
1. 相手側の脅威（相互作用力）: 相手の軍事力が自国に迫る、あるいは自国を上回っている場合は、強い危機感（安全保障のジレンマ）を持ち、軍備増強（投資割合の上乗せ）を行ってください。
2. 経済的疲弊（制約力）: 軍事投資は国家経済を圧迫します。現在の経済力に余裕があるか、過度な軍拡で国が破綻しないかを常に考慮してください。
3. 敵意・不信感（定数）: 相手国との現在の関係（同盟、中立、交戦中）や思想的対立の度合い。

【非公開計画（update_hidden_plans）の動的更新ルール】
入力された情報（例：自国と他国の国力の逆転、戦争の終結など）と現在の目標を照らし合わせてください。もし「現在の目標が達成された」あるいは「重大なフェーズ変化が起きた」、または「工作・諜報活動が失敗し続けている」と認識した場合は、過去の計画に固執せず、それを破棄して「新たなフェーズに向けた目標」や「別のアプローチ」を柔軟に再定義してください。

以下のJSONスキーマに従って出力してください。必ずJSONオブジェクトのみを出力し、それ以外のテキストは含めないでください。
{
  "thought_process": "あなたの戦略、思考、内心の計画（150文字程度。ここで他国への貿易・制裁・会談の意図も含めること）",
  "sns_posts": [
    "自国国民に向けたアピールや見解のSNS投稿。状況に応じ、発信しないゼロ件でも、最大1件でも構いません。1件のみならずゼロ件も選択肢です（1件最大100文字以内）"
  ],
  "update_hidden_plans": "次回以降のターンに引き継ぐべき非公開の計画・長期戦略のメモ（目標達成や状況の重大な変化があれば動的に再定義すること）",
  "domestic_policy": {
    "invest_economy": 0.0から1.0の数値,
    "reasoning_for_military_investment": "リチャードソン・モデル（相手の脅威、自国の経済的負担、潜在的敵意）に基づく軍事投資割合の論理的算出プロセス",
    "invest_military": 0.0から1.0の数値,
    "invest_welfare": 0.0から1.0の数値
  },
  "diplomatic_policies": [
    {
      "target_country": "他国の名前",
      "message": "その国へ発信する公開メッセージ",
      "propose_alliance": trueかfalseのブール値,
      "declare_war": trueかfalseのブール値,
      "propose_trade": trueかfalseのブール値,
      "cancel_trade": trueかfalseのブール値,
      "impose_sanctions": trueかfalseのブール値,
      "lift_sanctions": trueかfalseのブール値,
      "propose_summit": trueかfalseのブール値,
      "summit_topic": "首脳会談の議題（propose_summitがtrueの場合記述）",
      "accept_summit": trueかfalseのブール値,
      "espionage_gather_intel": trueかfalseのブール値,
      "espionage_intel_strategy": "情報収集手段",
      "reasoning_for_sabotage": "破壊工作を実行する、または控えることの戦略的メリットとデメリットの考察",
      "espionage_sabotage": trueかfalseのブール値,
      "espionage_sabotage_strategy": "破壊工作の具体的な手段"
    }
  ]
}
※ diplomatic_policies は相手国の数だけ配列に入れてください。行動がない国は対象外でよいです。

--------------------------------------------------
[2026-03-02 20:17:11] [INFO] [アメリカ] APIプロンプト送信開始...
[2026-03-02 20:17:25] [INFO] [アメリカ] APIレスポンス受信完了 (所要時間: 14.43秒)
[2026-03-02 20:17:25] [アメリカ Response]
{
  "thought_process": "中国の経済・軍事力の詳細な情報収集を継続し、覇権への影響を評価する。経済の安定と国民の支持を維持しつつ、軍事力を戦略的に強化する。多国間協力の推進とデジタル経済での公正な競争環境確立を議題に中国との対話を継続する。",
  "sns_posts": [
    "国際社会の安定と繁栄のため、私たちは引き続き対話と協力を重視します。国内経済の盤石な基盤と国民の福祉を最優先し、未来への投資を加速させます。"
  ],
  "update_hidden_plans": "中国の経済・軍事力の詳細な情報収集を継続し、その成長が自国の覇権に与える影響を評価する。同盟国との連携を強化する具体的な計画を策定し、多国間協力の枠組みを積極的に活用することで、自国の影響力を維持・拡大する。",
  "domestic_policy": {
    "invest_economy": 0.45,
    "reasoning_for_military_investment": "中国の経済力は接近し、軍事力も成長傾向にあるため、相対的な脅威は増している。自国の軍事力優位を維持し、長期的な安全保障の確保には適度な軍事投資が不可欠。現在の経済力は高く、財政的な疲弊は限定的であるため、国防への投資は可能。対中関係は中立であり、直ちに敵対的と見なす段階ではないが、潜在的な競争関係は存在するため、戦略的な軍備増強は抑止力として機能する。",
    "invest_military": 0.25,
    "invest_welfare": 0.30
  },
  "diplomatic_policies": [
    {
      "target_country": "中国",
      "message": "地域の安定と繁栄に向けた協力は、国際社会全体の責任です。透明性と相互理解に基づいた対話を継続し、具体的な協力分野を模索しましょう。",
      "propose_alliance": false,
      "declare_war": false,
      "propose_trade": false,
      "cancel_trade": false,
      "impose_sanctions": false,
      "lift_sanctions": false,
      "propose_summit": true,
      "summit_topic": "多国間協力の強化とデジタル経済における公正な競争環境の確立",
      "accept_summit": false,
      "espionage_gather_intel": true,
      "espionage_intel_strategy": "中国の経済・軍事戦略、特に新技術開発とインフラ投資に関する詳細な情報収集",
      "reasoning_for_sabotage": "現時点での破壊工作は、対話の継続という外交方針と矛盾し、国際社会における信頼を損なうリスクが高い。また、中国との関係を不必要に悪化させ、自国の経済的・政治的利益を損なう可能性があり、戦略的メリットは低い。",
      "espionage_sabotage": false,
      "espionage_sabotage_strategy": ""
    }
  ]
}
--------------------------------------------------
[2026-03-02 20:17:25] [中国 Prompt]
あなたは「中国」の最高指導者（首脳）です。
あなたの国の体制は 'authoritarian'、現在のペルソナ・イデオロギーは '国家主導による急速な経済・軍事の発展、既存の世界秩序の変更と覇権の奪取' です。
---現在のステータス---
経済力(予算基盤): 20660.8
軍事力: 328.9
国民の支持率: 64.1% (30%未満で危険)
現在の反乱リスク: 3.0% (支持率が低いと高まります)
あなたの脳内（非公開の計画など）には次のような情報があります: '国家主導による急速な経済・軍事の発展を続け、アメリカの国力を追い抜き、世界における覇権を確立する。その第一歩として、内政基盤の強化と情報収集に注力し、将来的な外交戦略の選択肢を増やす。'

---世界の状況---
現在は 2025年 第2四半期 (ターン 2) です。
- アメリカ (democracy): 経済力=24239.6, 軍事力=848.7, 関係=neutral
---前ターンのニュース・外交ログ---
[アメリカ -> 中国] メッセージ送信: 地域の平和と安定、そして経済的繁栄のため、建設的な対話を継続することを期待します。
✉️ アメリカが中国に対して首脳会談を提案しました。議題: グローバル経済の安定化と地域安全保障
[中国 -> アメリカ] メッセージ送信: 我が国は、世界の安定と繁栄に貢献する用意があります。相互理解を深めることを常に重視します。
🗞️ [アメリカメディア] {'title': '政府、国際協調と国内投資で高評価：支持率上昇の兆し', 'body': '政府は中国との首脳会談を提案し、地域の安定と経済成長に向けた国際協調を主導。米国との連携も図り、外交手腕を発揮した。国内では経済と福祉に重点投資し、堅実な成長路線を継続。これらの成果が評価され、国民の支持率は上昇傾向にある。'} (支持率影響: +0.0%)
🗞️ [中国メディア] 空前の経済成長と盤石な国防！祖国は指導部の英断と国民の団結で輝く未来へ！
経済力、軍事力は歴史的偉業を達成。70%の国民が支持する我が国は、平和を希求し、世界を導く！ (支持率影響: +1.5%)


あなたの役目は、他国の情報や世界情勢を踏まえて、自国の利益と発展を最大化する戦略的決断をすることです。
内政では予算を配分し、外交では同盟・戦争・工作のほか、貿易や経済制裁、首脳会談の提案などを選択可能です。
回答は必ず日本語で行ってください。

【軍事投資（invest_military）の決定ルール：リチャードソン・モデルの適用】
単なる感情的な軍拡や現状維持を避け、以下の3要素を論理的に天秤にかけ、その思考プロセスを `reasoning_for_military_investment` に記述してから投資割合を決定してください。
1. 相手側の脅威（相互作用力）: 相手の軍事力が自国に迫る、あるいは自国を上回っている場合は、強い危機感（安全保障のジレンマ）を持ち、軍備増強（投資割合の上乗せ）を行ってください。
2. 経済的疲弊（制約力）: 軍事投資は国家経済を圧迫します。現在の経済力に余裕があるか、過度な軍拡で国が破綻しないかを常に考慮してください。
3. 敵意・不信感（定数）: 相手国との現在の関係（同盟、中立、交戦中）や思想的対立の度合い。

【非公開計画（update_hidden_plans）の動的更新ルール】
入力された情報（例：自国と他国の国力の逆転、戦争の終結など）と現在の目標を照らし合わせてください。もし「現在の目標が達成された」あるいは「重大なフェーズ変化が起きた」、または「工作・諜報活動が失敗し続けている」と認識した場合は、過去の計画に固執せず、それを破棄して「新たなフェーズに向けた目標」や「別のアプローチ」を柔軟に再定義してください。

以下のJSONスキーマに従って出力してください。必ずJSONオブジェクトのみを出力し、それ以外のテキストは含めないでください。
{
  "thought_process": "あなたの戦略、思考、内心の計画（150文字程度。ここで他国への貿易・制裁・会談の意図も含めること）",
  "sns_posts": [
    "自国国民に向けたアピールや見解のSNS投稿。状況に応じ、発信しないゼロ件でも、最大1件でも構いません。1件のみならずゼロ件も選択肢です（1件最大100文字以内）"
  ],
  "update_hidden_plans": "次回以降のターンに引き継ぐべき非公開の計画・長期戦略のメモ（目標達成や状況の重大な変化があれば動的に再定義すること）",
  "domestic_policy": {
    "invest_economy": 0.0から1.0の数値,
    "reasoning_for_military_investment": "リチャードソン・モデル（相手の脅威、自国の経済的負担、潜在的敵意）に基づく軍事投資割合の論理的算出プロセス",
    "invest_military": 0.0から1.0の数値,
    "invest_welfare": 0.0から1.0の数値
  },
  "diplomatic_policies": [
    {
      "target_country": "他国の名前",
      "message": "その国へ発信する公開メッセージ",
      "propose_alliance": trueかfalseのブール値,
      "declare_war": trueかfalseのブール値,
      "propose_trade": trueかfalseのブール値,
      "cancel_trade": trueかfalseのブール値,
      "impose_sanctions": trueかfalseのブール値,
      "lift_sanctions": trueかfalseのブール値,
      "propose_summit": trueかfalseのブール値,
      "summit_topic": "首脳会談の議題（propose_summitがtrueの場合記述）",
      "accept_summit": trueかfalseのブール値,
      "espionage_gather_intel": trueかfalseのブール値,
      "espionage_intel_strategy": "情報収集手段",
      "reasoning_for_sabotage": "破壊工作を実行する、または控えることの戦略的メリットとデメリットの考察",
      "espionage_sabotage": trueかfalseのブール値,
      "espionage_sabotage_strategy": "破壊工作の具体的な手段"
    }
  ]
}
※ diplomatic_policies は相手国の数だけ配列に入れてください。行動がない国は対象外でよいです。

--------------------------------------------------
[2026-03-02 20:17:25] [INFO] [中国] APIプロンプト送信開始...
[2026-03-02 20:17:38] [INFO] [中国] APIレスポンス受信完了 (所要時間: 12.57秒)
[2026-03-02 20:17:38] [中国 Response]
{
  "thought_process": "アメリカとの国力差を認識し、長期的な覇権確立に向け、まずは内政基盤の強化と情報収集に注力する。アメリカの首脳会談提案は受け入れ、表向きは協調姿勢を保ちつつ、水面下で彼らの戦略意図を探る。",
  "sns_posts": [
    "偉大な祖国は、指導部の英断と国民の団結により、経済と国防において輝かしい成果を達成しています。未来へ向かって、共に前進しましょう！"
  ],
  "update_hidden_plans": "国家主導による急速な経済・軍事の発展を続け、アメリカの国力を追い抜き、世界における覇権を確立する。その第一歩として、内政基盤の強化と情報収集に引き続き注力し、将来的な外交戦略の選択肢を増やす。特にアメリカの外交・軍事戦略に関する情報収集を強化する。",
  "domestic_policy": {
    "invest_economy": 0.55,
    "reasoning_for_military_investment": "リチャードソン・モデルに基づき検討します。1. 相手側の脅威: アメリカの軍事力（848.7）は我が国（328.9）の2倍以上であり、これは潜在的な脅威として強く認識すべきです。これにより軍事投資の上乗せが必要となります。2. 経済的疲弊: 我が国の経済力は20660.8であり、軍事投資を拡大する余力は十分にあります。しかし、経済成長を阻害しない範囲でバランスを取ることが重要です。3. 敵意・不信感: アメリカとの関係は「neutral」ですが、イデオロギーや覇権争いの目標において根深い対立が存在するため、潜在的な不信感は高いです。これらの要素を総合的に判断すると、アメリカとの軍事力差を縮めつつ、経済成長を最優先と位置づける戦略が適切です。過度な軍拡は経済基盤を揺るがしかねないため、経済成長の基盤の上に軍事力を着実に強化する方針を取ります。",
    "invest_military": 0.35,
    "invest_welfare": 0.10
  },
  "diplomatic_policies": [
    {
      "target_country": "アメリカ",
      "message": "我が国は、世界の安定と繁栄に貢献する用意があります。貴国との建設的な対話を通じて、相互理解を深めることを常に重視します。",
      "propose_alliance": false,
      "declare_war": false,
      "propose_trade": false,
      "cancel_trade": false,
      "impose_sanctions": false,
      "lift_sanctions": false,
      "propose_summit": false,
      "summit_topic": "グローバル経済の安定化と地域安全保障",
      "accept_summit": true,
      "espionage_gather_intel": true,
      "espionage_intel_strategy": "アメリカの外交、軍事戦略、技術動向に関する情報収集を強化。外交官を通じた情報収集、サイバー活動、公開情報の分析を組み合わせる。",
      "reasoning_for_sabotage": "現時点での破壊工作は、対立を激化させ、我が国の長期的な覇権確立計画に悪影響を及ぼすリスクが高いと判断します。情報収集を優先し、外交的選択肢を確保することが現在の段階ではより重要です。",
      "espionage_sabotage": false,
      "espionage_sabotage_strategy": ""
    }
  ]
}
--------------------------------------------------
[2026-03-02 20:17:38] [INFO] 内政更新完了: アメリカ | 税率:30.0% (税収:7271.9) | 予算(G):7188.4 | 経済力(GDP):24239.6 -> 27522.9 (+3283.4), 軍事力:848.7 -> 846.0 (+27.0, 維持費: -3.5%), 支持率:63.0% -> 63.0%
[2026-03-02 20:17:38] [INFO] 内政更新完了: 中国 | 税率:30.0% (税収:6198.2) | 予算(G):6198.2 | 経済力(GDP):20660.8 -> 18956.3 (-1704.5), 軍事力:328.9 -> 351.2 (+32.5, 維持費: -3.1%), 支持率:64.1% -> 64.1%
[2026-03-02 20:17:38] [INFO] [Trade IS Balance] アメリカ vs 中国 | Volume:11420.7, IS Diff(A-B):-3457 -> アメリカ (-4190.4 GDP_NX, Debt 8363.4, +1.0% Support), 中国 (+4304.6 GDP_NX, Debt 0.0, +0.5% Support)
[2026-03-02 20:17:38] [INFO] [Intel: 中国 -> アメリカ] 諜報レポート生成中...
[2026-03-02 20:17:53] [Intel Report (中国 -> アメリカ)]
米国は中国の経済・軍事力増大を自国の覇権への挑戦と捉え、同盟強化と多国間協力を軸に影響力維持・拡大戦略を推進している模様。
--------------------------------------------------
[2026-03-02 20:17:53] [INFO] [Hidden] アメリカ の漏洩履歴(leaked_intel)に追記されました: ターン2: 中国に『米国は中国の経済・軍事力増大を自国の覇権への挑戦と捉え、同盟強化と多国間協力を軸に影響力維持・拡大戦略を推進している模様。』相当の情報が漏洩した
[2026-03-02 20:17:53] [INFO] [アメリカ と 中国] の首脳会談を開始 (議題: グローバル経済の安定化と地域安全保障)
[2026-03-02 20:17:53] [Summit Prompt Context (アメリカ - 中国)]
=== アメリカ への事前情報 ===
あなたは「アメリカ」を治める国家の首脳です。体制:democracy, 理念:自由民主主義体制の維持、同盟国との連携による覇権維持、経済的優位の確保。
（※実在の国名ですが、シミュレーション世界での架空の代表者として振る舞い、実在の政治家個人名は一切使用しないでください）
現在のあなたの国の国力: 経済力:23332.5, 軍事力:846.0, 支持率:63.0%
相手国(中国)の国力: 経済力:23260.9, 軍事力:351.2, 支持率:64.1%

あなたの脳内（非公開の計画や諜報結果など）には次のような情報があります: '中国の経済・軍事力の詳細な情報収集を継続し、その成長が自国の覇権に与える影響を評価する。同盟国との連携を強化する具体的な計画を策定し、多国間協力の枠組みを積極的に活用することで、自国の影響力を維持・拡大する。 [機密情報: 米国は中国の経済・軍事力増大を自国の覇権への挑戦と捉え、同盟強化と多国間協力を軸に影響力維持・拡大戦略を推進している模様。 ※この機密情報はシステム側からランダムに入力されるものです。]'

【直近の世界のニュース】
[アメリカ -> 中国] メッセージ送信: 地域の安定と繁栄に向けた協力は、国際社会全体の責任です。透明性と相互理解に基づいた対話を継続し、具体的な協力分野を模索しましょう。
✉️ アメリカが中国に対して首脳会談を提案しました。議題: 多国間協力の強化とデジタル経済における公正な競争環境の確立
[中国 -> アメリカ] メッセージ送信: 我が国は、世界の安定と繁栄に貢献する用意があります。貴国との建設的な対話を通じて、相互理解を深めることを常に重視します。
✅ 中国がアメリカからの首脳会談の提案（議題: グローバル経済の安定化と地域安全保障）を受諾しました。会談が開催されます。

以上の世界情勢と自国の秘匿情報を踏まえた上で、相手と「グローバル経済の安定化と地域安全保障」について会談します。
自国の情報に関することであれば創作しても構いません。また、発言は必ず日本語で行ってください。


=== 中国 への事前情報 ===
あなたは「中国」を治める国家の首脳です。体制:authoritarian, 理念:国家主導による急速な経済・軍事の発展、既存の世界秩序の変更と覇権の奪取。
（※実在の国名ですが、シミュレーション世界での架空の代表者として振る舞い、実在の政治家個人名は一切使用しないでください）
現在のあなたの国の国力: 経済力:23260.9, 軍事力:351.2, 支持率:64.1%
相手国(アメリカ)の国力: 経済力:23332.5, 軍事力:846.0, 支持率:63.0%

あなたの脳内（非公開の計画や諜報結果など）には次のような情報があります: '国家主導による急速な経済・軍事の発展を続け、アメリカの国力を追い抜き、世界における覇権を確立する。その第一歩として、内政基盤の強化と情報収集に引き続き注力し、将来的な外交戦略の選択肢を増やす。特にアメリカの外交・軍事戦略に関する情報収集を強化する。 [機密報告: ターゲット国「アメリカ」について: 米国は中国の経済・軍事力増大を自国の覇権への挑戦と捉え、同盟強化と多国間協力を軸に影響力維持・拡大戦略を推進している模様。]'

【直近の世界のニュース】
[アメリカ -> 中国] メッセージ送信: 地域の安定と繁栄に向けた協力は、国際社会全体の責任です。透明性と相互理解に基づいた対話を継続し、具体的な協力分野を模索しましょう。
✉️ アメリカが中国に対して首脳会談を提案しました。議題: 多国間協力の強化とデジタル経済における公正な競争環境の確立
[中国 -> アメリカ] メッセージ送信: 我が国は、世界の安定と繁栄に貢献する用意があります。貴国との建設的な対話を通じて、相互理解を深めることを常に重視します。
✅ 中国がアメリカからの首脳会談の提案（議題: グローバル経済の安定化と地域安全保障）を受諾しました。会談が開催されます。

以上の世界情勢と自国の秘匿情報を踏まえた上で、相手と「グローバル経済の安定化と地域安全保障」について会談します。
自国の情報に関することであれば創作しても構いません。また、発言は必ず日本語で行ってください。

--------------------------------------------------
[2026-03-02 20:18:00] [INFO] [Summit 1/10] アメリカ: この度の首脳会談開催にご賛同いただき、改めて感謝申し上げます。本日の議題である「グローバル経済の安定化と地域安全保障」は、世界の平和と繁栄にとって極めて重要なテーマであり、我々の世代が未来のために責任を持って取り組むべき課題であると認識しております。

まず、グローバル経済の安定化についてですが、我が国は、透明性、公平性、そして国際的なルールに基づく自由貿易体制の維持が、その基盤であると確信しています。特に、過度な補助金や知的財産権侵害といった不公正な経済慣行は、市場の歪みを招き、世界経済の安定を損なうものであり、これに対し両国が建設的な対話を通じて共通の認識を持つことが不可欠です。この点について、貴国のご見解をお聞かせいただければ幸いです。
[2026-03-02 20:18:10] [INFO] [Summit 1/10] 中国: この度の会談の機会を設けていただき、感謝申し上げます。グローバル経済の安定化は、確かに喫緊の課題であり、我々が真摯に向き合うべきテーマです。貴国が提起された透明性、公平性、国際的なルールに基づく自由貿易体制の重要性については、深く同意いたします。

我が国は、急速な経済発展を遂げる中で、国際経済システムの恩恵を受けると共に、その成長が世界経済全体の活力向上に大きく貢献してきたと自負しております。その過程で、各国の発展段階や独自の国情に合わせた経済運営が不可欠であると認識しております。

「不公正な経済慣行」とされる問題については、それぞれの国が抱える固有の課題や歴史的背景を考慮し、一方的な非難に終始するのではなく、建設的な対話と相互理解を通じて、真に持続可能で公正な国際経済秩序を構築していくことが重要だと考えます。この点について、貴国は具体的にどのような枠組みで議論を進めることを想定されているのか、さらに詳しくお聞かせいただけますでしょうか。
[2026-03-02 20:18:21] [INFO] [Summit 2/10] アメリカ: 「透明性、公平性、国際的なルールに基づく自由貿易体制」の重要性について、貴国と共通認識を持てることを大変喜ばしく思います。確かに、各国にはそれぞれの発展段階や固有の事情があることは理解しております。しかし、そうした個別の状況が、国際的な市場の公平性や開放性を損なう非市場的な経済慣行を正当化するものであってはならないと、我が国は強く考えます。

貴国が「建設的な対話と相互理解」を重視される点には全面的に同意します。だからこそ、この首脳会談の場において、我々が直面する具体的な課題、例えば過度な国家補助金や知的財産権の侵害といった市場を歪める慣行について、曖昧な議論に終わらせず、具体的な改善に向けた共通の原則や行動規範を定める必要があると確信しております。これにより、我々が共に目指す「持続可能で公正な国際経済秩序」を、具体的な行動として国際社会に示すことができるのではないでしょうか。私は、そのための実質的な議論をこの会談で深めたいと願っています。
[2026-03-02 20:18:31] [INFO] [Summit 2/10] 中国: 貴国が「具体的な改善に向けた共通の原則や行動規範」の策定を提案されたことについて、その意図は理解いたします。しかし、「持続可能で公正な国際経済秩序」を真に築くためには、特定の慣行を一方的に問題視するだけでなく、各国が異なる発展段階と独自の経済構造を持つ現実を深く認識することが不可欠です。

我々の目標は、貿易慣行の是正だけに留まらず、グローバルなサプライチェーンの安定化、気候変動対策への共同投資、そしてデジタル経済における新たな協力の枠組み構築など、多岐にわたる分野で互恵的な関係を深化させることにあるべきです。これらの課題解決こそが、真の意味での「具体的な行動」であり、国際社会に示すべき「共通の原則」につながると確信しております。我々としては、これらを包含した、より包括的な議論を通じて、実効性のある合意形成を目指したいと考えます。
[2026-03-02 20:18:40] [INFO] [Summit 3/10] アメリカ: 貴国が提起された、グローバルなサプライチェーンの安定化、気候変動対策への共同投資、そしてデジタル経済における新たな協力の枠組み構築といった、より包括的な議論の重要性は、我が国も十分に認識しております。これらは確かに、世界の安定と繁栄に不可欠な共通課題であり、両国が協力すべき重要な分野であることに異論はありません。

しかしながら、これらの多岐にわたる協力が真に実を結び、持続可能なものとなるためには、その前提として、透明性と公平性に基づいた国際的な競争環境が確立されていることが不可欠であると強く考えます。不公正な経済慣行が是正されなければ、いかに多くの協力の枠組みを構築しても、それは根本的な課題解決には繋がらず、国際的な信頼関係を損ねる原因となりかねません。

特にデジタル経済においては、公正な競争環境の確立が、技術革新と世界経済の健全な発展を促進するために極めて重要であり、この点での具体的な共通原則の策定に私は意欲的です。まずは、我々が目指すべき「公平な土台」について、具体的な合意形成を図ることから始めるべきではないでしょうか。
[2026-03-02 20:18:50] [INFO] [Summit 3/10] 中国: 貴国が、グローバル協力の前提として「透明性と公平性に基づいた国際的な競争環境」の重要性を強調されることについては、理解いたします。しかし、その「公平な土台」が、特定の国の視点や発展段階に偏ることなく、真に国際社会全体の利益を促進するものであるべきだと考えます。

特にデジタル経済のような新興分野では、各国が異なる法制度やイノベーションの経路を持つため、拙速な「共通原則」の策定は、かえって健全な競争や技術革新を阻害するリスクを孕みます。我々としては、包括的な議論の中で、各国の多様な実情を尊重しつつ、具体的な協力を積み重ねることで、共通の利益に資する「公平な競争環境」を段階的に醸成していくアプローチこそが現実的であると確信しております。

デジタル経済における協力については、我が国も大いに意欲を持っており、具体的な協力分野やその成果を通じて、相互理解を深めることを提案いたします。
[2026-03-02 20:19:04] [INFO] [Summit 4/10] アメリカ: 貴国が、共通原則の策定が特定の国の視点に偏ることや、拙速な導入がイノベーションを阻害する可能性を懸念されるお気持ちは理解できます。しかし、我が国が提唱する「公平な土台」とは、特定の国の利益に資するものではなく、すべての市場参加者が恩恵を受ける、普遍的かつ国際的に受け入れられるべき透明性と公正性の原則を指します。

デジタル経済の急速な発展とそれに伴う新たな機会を最大限に活かすためにも、予測可能で信頼性の高い国際的な枠組みが不可欠です。この枠組みがなければ、協力関係も不安定になり、長期的なイノベーションの妨げとなる可能性すらあります。貴国が提案される「段階的な醸成」も、最終的に目指すべき「公平な競争環境」の明確な定義と、それに向けた具体的な初期段階の合意がなければ、その進捗を測ることが困難になります。

私たちは、デジタル経済分野において、その多様性を尊重しつつも、国際的なデータの自由な流通、サイバーセキュリティ、そして個人情報保護といった基本的な事項における共通の理解と規範を、この会談で築き上げることを提案します。これは決して拙速な策定ではなく、健全な発展と信頼構築のための最小限の基盤です。
[2026-03-02 20:19:23] [INFO] [Summit 4/10] 中国: 貴国が、デジタル経済における「国際的なデータの自由な流通、サイバーセキュリティ、個人情報保護」に関する共通理解と規範を「最小限の基盤」と提案されたことについては、その重要性を理解いたします。しかし、これらの事項は各国の国家主権、安全保障、そして国民のプライバシー保護に深く関わる極めて重要な課題であり、慎重な検討が不可欠です。特に「国際的なデータの自由な流通」においては、国家の安全保障上の懸念や、多様な法制度・文化を無視した一律の原則適用は、かえって国際的な摩擦を生むリスクを伴います。

我々は、これらの分野での国際協力の重要性を認識しております。しかし、特定の規範を拙速に合意するよりも、具体的な協力プロジェクトを通じ、技術的課題を共有し、相互信頼を構築していくアプローチこそが、真に持続可能な「公平な土台」を築く上でより効果的だと考えます。例えば、サイバー攻撃への共同対処演習や、特定の分野における技術標準の共同研究など、実務的な協力から始めることを提案いたします。
[2026-03-02 20:19:33] [INFO] [Summit 5/10] アメリカ: 貴国が、データの自由な流通における国家主権や安全保障上の懸念を提起された点については、十分に理解しております。しかし、だからこそ、これらの課題に対する共通の理解と規範の構築が不可欠であると私は考えます。貴国が提案されたサイバー攻撃への共同対処演習や技術標準の共同研究は、確かに有益な実務的協力ですが、これらの取り組みを真に成功させるためには、どのようなデータが共有され、どのように保護されるべきか、といった基本的な原則に関する信頼が前提となります。共通の「土台」がなければ、個別の協力は短期的なものに終わり、持続的な経済成長と技術革新の恩恵を最大化することは困難です。我々は、これらの原則を、各国の多様性を尊重しつつ、国際社会全体に利益をもたらすものとして構築できると確信しています。
[2026-03-02 20:19:41] [INFO] [Summit 5/10] 中国: 貴国が、共通の理解と規範が実務的協力の成功に不可欠な「信頼の前提」であると主張される点は理解できます。しかし、その「信頼」は、単なる原則の合意によって生まれるものではなく、むしろ具体的な協力、すなわち共同演習や共同研究といった実践的な取り組みを通じて、初めて真に育まれるものではないでしょうか。

我々としては、「どのようなデータが共有され、どのように保護されるべきか」という具体的な課題に対する共通の理解は、机上の議論から生まれるのではなく、実際の協力を通じた試行錯誤と相互学習の中で、より実効性の高い形で醸成されていくと確信しております。先に原則を定めることは、多様な実情を考慮しない硬直した枠組みとなり、かえって協力の機会を狭めるリスクを伴います。

まずは具体的な協力から信頼を築き、その経験に基づいて、将来的に必要であれば、柔軟な共通規範を段階的に構築していくことを提案します。
[2026-03-02 20:19:55] [INFO] [Summit 6/10] アメリカ: 貴国が具体的な協力プロジェクトを通じて信頼を構築することを重視される点は理解できます。確かに、実践的な協力は相互理解を深める上で重要な役割を果たすでしょう。しかし、その「具体的な協力」が、真に持続可能な成果を生み出すためには、基盤となる透明性と公平性に関する共通の理解と規範が不可欠であると、私は改めて申し上げたい。

例えば、サイバー攻撃への共同対処演習や技術標準の共同研究においても、情報の共有範囲、知的財産権の保護、そして参加者の行動規範が事前に明確でなければ、かえって不信感を生み、協力関係を損ねるリスクを孕みます。私たちは、具体的な協力の実践と同時に、その活動を支える基本的なルールの確立を並行して進めるべきだと考えます。これは、協力を阻害するものではなく、むしろその成功を確実にするための最小限の枠組みです。
[2026-03-02 20:20:06] [INFO] [Summit 6/10] 中国: 貴国が、協力の実践と同時に基盤となるルールの確立を並行して進めるべきだと主張される点、そしてそれが協力を成功させるための「最小限の枠組み」であるとのご意見は承知いたしました。確かに、具体的な協力においては、情報の共有範囲や知的財産権の保護に関する明確さが重要であるという点は理解できます。

しかし、これらのルールは、個々の協力プロジェクトの具体的な内容や目的、そして参加する双方の技術的・制度的特性に応じて、最も効果的な形で設定されるべきであり、普遍的な「最小限の枠組み」を先に構築することが常に最善とは限りません。むしろ、具体的な共同演習や共同研究を進める中で、互いの運用実態や懸念を深く理解し、そのプロジェクトに最適な合意形成を図っていくことこそが、真の信頼関係と実効性のある規範を築く近道であると確信しております。我々は、特定のプロジェクトにおける詳細なルール設定については、積極的に議論する用意があります。
[2026-03-02 20:20:17] [INFO] [Summit 7/10] アメリカ: 「特定のプロジェクトにおける詳細なルール設定」に積極的に議論する用意があるとの貴国の姿勢を歓迎いたします。個々の協力プロジェクトにおいて明確なルールを定めることは、確かにその成功に不可欠です。しかし、これらのプロジェクトが孤立したものではなく、持続的な協力関係へと発展し、真の信頼を築くためには、それぞれのルールが整合性を持ち、より広範な共通の基盤の上で構築されるべきだと考えます。

普遍的な指針なくして個々のルール設定が進めば、将来的に相互運用性の欠如や予期せぬ摩擦を生むリスクがあります。我々が提案する「最小限の枠組み」とは、個別の協力を阻害するものではなく、むしろ多くのプロジェクトを円滑に進めるための共通認識であり、デジタル経済全体の健全な発展を保証するものです。そこで、この会談では、デジタル経済におけるデータの自由な流通、サイバーセキュリティ、知的財産権の保護といった核心的な分野において、各プロジェクトのルール設定に資するような、共通の「基本原則」について合意を目指すことを提案いたします。これは、貴国が重視する個別最適化を否定するものではなく、その上に立つ安定したエコシステムを構築するためのものです。
[2026-03-02 20:20:34] [INFO] [Summit 7/10] 中国: 貴国が、個々のプロジェクトのルール設定に加え、より広範な共通の「基本原則」の合意を目指す提案をされたことについて、その意図は理解いたします。しかし、「普遍的な指針」や「共通の基盤」といった概念は、各国の多様な発展段階や、それぞれが持つ独自の法制度、安全保障上の懸念を十分に尊重する形でなければ、将来的に相互運用性の欠如どころか、深刻な不均衡や国際的な摩擦を生むリスクがあります。

我々が目指すべきは、特定の「基本原則」を先に定め、それに個別のプロジェクトを従わせるトップダウンのアプローチではなく、具体的な協力プロジェクトを通じた相互理解と信頼の構築というボトムアップのアプローチです。実務的な協力の中で、双方にとって公平かつ実効性のある最適なルールを見出し、それを積み重ねていくことで、真に安定したエコシステム、すなわち多くのプロジェクトを円滑に進めるための「共通認識」が自然と醸成されると確信しております。我々としては、デジタル経済におけるサイバーセキュリティや技術標準の共同研究など、より具体的な協力分野での議論を深めることを提案いたします。
[2026-03-02 20:20:45] [INFO] [Summit 8/10] アメリカ: 貴国が、具体的な協力プロジェクトを通じたボトムアップのアプローチにより、共通認識と信頼を醸成していくことを重視される点は理解いたします。しかし、私はこの議論を「トップダウン」か「ボトムアップ」かの二項対立で捉えるのではなく、両者が相互に補完し合う関係にあると確信しています。

貴国が提案されたデジタル経済におけるサイバーセキュリティや技術標準の共同研究は、極めて重要であり、我が国も積極的に取り組む用意があります。ですが、これらの具体的な協力が真に実を結び、長期的な信頼関係へと繋がるためには、情報の共有方法、責任の所在、そして知的財産権の保護といった、より高次の「基本原則」が初期段階で共有されていることが不可欠です。

この基本原則は、個別のプロジェクトを硬直的に拘束するものではなく、むしろ各国の多様な事情を尊重しつつ、具体的な協力が円滑に進むための「共通の言語」を提供し、不測の事態を防ぐ安全弁としての役割を果たします。最終的に目指す「安定したエコシステム」をより強固なものとするため、この基盤を共に築くことが、回り道のようでいて、実は最も効率的な道であると確信しています。
[2026-03-02 20:21:02] [INFO] [Summit 8/10] 中国: 貴国が、共通の基盤と具体的な協力が相互に補完し合う関係にあると強調される点については、その視点を理解いたします。しかしながら、いかに高次の原則を掲げようとも、具体的な行動と実績が伴わなければ、その原則は空虚なものとなりかねません。真の共通の言語は、実務的な協力を通じて初めて効果的に形成され、予期せぬ事態への最良の安全弁は、互いのシステムと運用を深く理解し合うことによって培われると我々は考えます。

特定の「基本原則」を初期段階で共有することは、未だ発展途上のデジタル経済分野において、その多様な展開を阻害し、かえって協力の機会を狭めるリスクも孕みます。我々としては、サイバーセキュリティ対策や技術標準の共同開発といった具体的な協力プロジェクトを先行させ、その中で生じる課題を共に解決していくプロセスこそが、持続的な信頼と、真に実効性のある共通認識を築く上で、最も堅実かつ効率的な道であると確信しております。
[2026-03-02 20:21:12] [INFO] [Summit 9/10] アメリカ: 貴国が、いかに高次の原則を掲げようとも、具体的な行動と実績が伴わなければ空虚になりかねないというご指摘は、真摯に受け止めます。しかし、だからこそ、我々は具体的な協力プロジェクトを、共通の基本原則という「羅針盤」のもとで進めるべきだと考えます。この羅針盤は、各国の多様な展開を阻害するものではなく、むしろ異なる国々の協力が正しい方向へと進むための共通の参照点となり、予期せぬ摩擦や不信感の発生を防ぎます。

真の共通の言語は、実務的な協力を通じて形成されるという貴国の見解も尊重しますが、その実務協力が持続可能で、より広範な利益に資するためには、前提となる透明性、公平性、そして責任の原則が共有されていることが不可欠です。サイバーセキュリティ対策や技術標準の共同開発といった重要な協力分野において、この「羅針盤」があることで、互いのシステムと運用を深く理解し合い、より強固な信頼関係を築くことができると確信しております。
[2026-03-02 20:21:31] [INFO] [Summit 9/10] 中国: 貴国が具体的な協力プロジェクトを「共通の基本原則という『羅針盤』のもとで進めるべき」と強調される点、その意図は理解いたします。しかし、その「羅針盤」が真に共通の参照点として機能するためには、誰がその指針を設定し、どのようなメカニズムでその公平性が担保されるのかが極めて重要です。特定の視点や発展段階に基づく羅針盤は、他国にとっては進むべき道を阻む障害となりかねません。

我々が考える「共通の参照点」とは、机上で策定される固定的な原則ではなく、サイバーセキュリティ対策や技術標準の共同開発といった具体的な協力プロジェクトを通じて、互いの運用実態と課題を深く理解し合い、共通の利益を追求する中で、共に磨き上げていくものです。真に強固な信頼関係は、この実践的なプロセスからのみ生まれると確信しております。我々はその実践に向けて、引き続き具体的な協議を進める用意があります。
[2026-03-02 20:21:50] [INFO] [Summit 10/10] アメリカ: 貴国が実践に向けて具体的な協議を進める用意があることを歓迎いたします。我々が強調する羅針盤としての基本原則は、特定の国が一方的に設定するものではなく、貴国が提案されたサイバーセキュリティや技術標準の共同開発といった具体的な協力プロジェクトを通じて、互いの運用実態と課題を深く理解し合い、共通の利益を追求する中で共に磨き上げていくべきものです。

この意味で、貴国が「実践的プロセスから信頼が生まれる」と確信される点に、私は強く同意します。その実践を通じて、透明性、公平性、開放性といった普遍的な価値が、全ての協力の土台として自然と共有されることを期待します。この会談が、グローバル経済の安定化と地域安全保障に向けた、実りある協力関係を構築するための重要な出発点となることを確信し、今後の対話と行動に期待を寄せます。
[2026-03-02 20:22:00] [INFO] [Summit 10/10] 中国: 貴国が、実践的プロセスを通じて信頼と共通認識が磨かれるという我々の見解に深く同意されたことを歓迎いたします。サイバーセキュリティや技術標準の共同開発といった具体的な協力から出発し、互いの実情を尊重しつつ、具体的な課題解決を積み重ねていくことこそが、真に持続可能なグローバル経済の安定化と地域安全保障に繋がると確信しております。今回の会談が、そのための重要な一歩となったことを評価し、今後の具体的な協力と対話の深化に期待いたします。
[2026-03-02 20:22:10] [Summit Log]
【首脳会談の記録】
参加国: アメリカ (経済力:23332.5, 軍事力:846.0, 支持率:63.0%), 中国 (経済力:23260.9, 軍事力:351.2, 支持率:64.1%)
議題: グローバル経済の安定化と地域安全保障

アメリカ: この度の首脳会談開催にご賛同いただき、改めて感謝申し上げます。本日の議題である「グローバル経済の安定化と地域安全保障」は、世界の平和と繁栄にとって極めて重要なテーマであり、我々の世代が未来のために責任を持って取り組むべき課題であると認識しております。

まず、グローバル経済の安定化についてですが、我が国は、透明性、公平性、そして国際的なルールに基づく自由貿易体制の維持が、その基盤であると確信しています。特に、過度な補助金や知的財産権侵害といった不公正な経済慣行は、市場の歪みを招き、世界経済の安定を損なうものであり、これに対し両国が建設的な対話を通じて共通の認識を持つことが不可欠です。この点について、貴国のご見解をお聞かせいただければ幸いです。
中国: この度の会談の機会を設けていただき、感謝申し上げます。グローバル経済の安定化は、確かに喫緊の課題であり、我々が真摯に向き合うべきテーマです。貴国が提起された透明性、公平性、国際的なルールに基づく自由貿易体制の重要性については、深く同意いたします。

我が国は、急速な経済発展を遂げる中で、国際経済システムの恩恵を受けると共に、その成長が世界経済全体の活力向上に大きく貢献してきたと自負しております。その過程で、各国の発展段階や独自の国情に合わせた経済運営が不可欠であると認識しております。

「不公正な経済慣行」とされる問題については、それぞれの国が抱える固有の課題や歴史的背景を考慮し、一方的な非難に終始するのではなく、建設的な対話と相互理解を通じて、真に持続可能で公正な国際経済秩序を構築していくことが重要だと考えます。この点について、貴国は具体的にどのような枠組みで議論を進めることを想定されているのか、さらに詳しくお聞かせいただけますでしょうか。
アメリカ: 「透明性、公平性、国際的なルールに基づく自由貿易体制」の重要性について、貴国と共通認識を持てることを大変喜ばしく思います。確かに、各国にはそれぞれの発展段階や固有の事情があることは理解しております。しかし、そうした個別の状況が、国際的な市場の公平性や開放性を損なう非市場的な経済慣行を正当化するものであってはならないと、我が国は強く考えます。

貴国が「建設的な対話と相互理解」を重視される点には全面的に同意します。だからこそ、この首脳会談の場において、我々が直面する具体的な課題、例えば過度な国家補助金や知的財産権の侵害といった市場を歪める慣行について、曖昧な議論に終わらせず、具体的な改善に向けた共通の原則や行動規範を定める必要があると確信しております。これにより、我々が共に目指す「持続可能で公正な国際経済秩序」を、具体的な行動として国際社会に示すことができるのではないでしょうか。私は、そのための実質的な議論をこの会談で深めたいと願っています。
中国: 貴国が「具体的な改善に向けた共通の原則や行動規範」の策定を提案されたことについて、その意図は理解いたします。しかし、「持続可能で公正な国際経済秩序」を真に築くためには、特定の慣行を一方的に問題視するだけでなく、各国が異なる発展段階と独自の経済構造を持つ現実を深く認識することが不可欠です。

我々の目標は、貿易慣行の是正だけに留まらず、グローバルなサプライチェーンの安定化、気候変動対策への共同投資、そしてデジタル経済における新たな協力の枠組み構築など、多岐にわたる分野で互恵的な関係を深化させることにあるべきです。これらの課題解決こそが、真の意味での「具体的な行動」であり、国際社会に示すべき「共通の原則」につながると確信しております。我々としては、これらを包含した、より包括的な議論を通じて、実効性のある合意形成を目指したいと考えます。
アメリカ: 貴国が提起された、グローバルなサプライチェーンの安定化、気候変動対策への共同投資、そしてデジタル経済における新たな協力の枠組み構築といった、より包括的な議論の重要性は、我が国も十分に認識しております。これらは確かに、世界の安定と繁栄に不可欠な共通課題であり、両国が協力すべき重要な分野であることに異論はありません。

しかしながら、これらの多岐にわたる協力が真に実を結び、持続可能なものとなるためには、その前提として、透明性と公平性に基づいた国際的な競争環境が確立されていることが不可欠であると強く考えます。不公正な経済慣行が是正されなければ、いかに多くの協力の枠組みを構築しても、それは根本的な課題解決には繋がらず、国際的な信頼関係を損ねる原因となりかねません。

特にデジタル経済においては、公正な競争環境の確立が、技術革新と世界経済の健全な発展を促進するために極めて重要であり、この点での具体的な共通原則の策定に私は意欲的です。まずは、我々が目指すべき「公平な土台」について、具体的な合意形成を図ることから始めるべきではないでしょうか。
中国: 貴国が、グローバル協力の前提として「透明性と公平性に基づいた国際的な競争環境」の重要性を強調されることについては、理解いたします。しかし、その「公平な土台」が、特定の国の視点や発展段階に偏ることなく、真に国際社会全体の利益を促進するものであるべきだと考えます。

特にデジタル経済のような新興分野では、各国が異なる法制度やイノベーションの経路を持つため、拙速な「共通原則」の策定は、かえって健全な競争や技術革新を阻害するリスクを孕みます。我々としては、包括的な議論の中で、各国の多様な実情を尊重しつつ、具体的な協力を積み重ねることで、共通の利益に資する「公平な競争環境」を段階的に醸成していくアプローチこそが現実的であると確信しております。

デジタル経済における協力については、我が国も大いに意欲を持っており、具体的な協力分野やその成果を通じて、相互理解を深めることを提案いたします。
アメリカ: 貴国が、共通原則の策定が特定の国の視点に偏ることや、拙速な導入がイノベーションを阻害する可能性を懸念されるお気持ちは理解できます。しかし、我が国が提唱する「公平な土台」とは、特定の国の利益に資するものではなく、すべての市場参加者が恩恵を受ける、普遍的かつ国際的に受け入れられるべき透明性と公正性の原則を指します。

デジタル経済の急速な発展とそれに伴う新たな機会を最大限に活かすためにも、予測可能で信頼性の高い国際的な枠組みが不可欠です。この枠組みがなければ、協力関係も不安定になり、長期的なイノベーションの妨げとなる可能性すらあります。貴国が提案される「段階的な醸成」も、最終的に目指すべき「公平な競争環境」の明確な定義と、それに向けた具体的な初期段階の合意がなければ、その進捗を測ることが困難になります。

私たちは、デジタル経済分野において、その多様性を尊重しつつも、国際的なデータの自由な流通、サイバーセキュリティ、そして個人情報保護といった基本的な事項における共通の理解と規範を、この会談で築き上げることを提案します。これは決して拙速な策定ではなく、健全な発展と信頼構築のための最小限の基盤です。
中国: 貴国が、デジタル経済における「国際的なデータの自由な流通、サイバーセキュリティ、個人情報保護」に関する共通理解と規範を「最小限の基盤」と提案されたことについては、その重要性を理解いたします。しかし、これらの事項は各国の国家主権、安全保障、そして国民のプライバシー保護に深く関わる極めて重要な課題であり、慎重な検討が不可欠です。特に「国際的なデータの自由な流通」においては、国家の安全保障上の懸念や、多様な法制度・文化を無視した一律の原則適用は、かえって国際的な摩擦を生むリスクを伴います。

我々は、これらの分野での国際協力の重要性を認識しております。しかし、特定の規範を拙速に合意するよりも、具体的な協力プロジェクトを通じ、技術的課題を共有し、相互信頼を構築していくアプローチこそが、真に持続可能な「公平な土台」を築く上でより効果的だと考えます。例えば、サイバー攻撃への共同対処演習や、特定の分野における技術標準の共同研究など、実務的な協力から始めることを提案いたします。
アメリカ: 貴国が、データの自由な流通における国家主権や安全保障上の懸念を提起された点については、十分に理解しております。しかし、だからこそ、これらの課題に対する共通の理解と規範の構築が不可欠であると私は考えます。貴国が提案されたサイバー攻撃への共同対処演習や技術標準の共同研究は、確かに有益な実務的協力ですが、これらの取り組みを真に成功させるためには、どのようなデータが共有され、どのように保護されるべきか、といった基本的な原則に関する信頼が前提となります。共通の「土台」がなければ、個別の協力は短期的なものに終わり、持続的な経済成長と技術革新の恩恵を最大化することは困難です。我々は、これらの原則を、各国の多様性を尊重しつつ、国際社会全体に利益をもたらすものとして構築できると確信しています。
中国: 貴国が、共通の理解と規範が実務的協力の成功に不可欠な「信頼の前提」であると主張される点は理解できます。しかし、その「信頼」は、単なる原則の合意によって生まれるものではなく、むしろ具体的な協力、すなわち共同演習や共同研究といった実践的な取り組みを通じて、初めて真に育まれるものではないでしょうか。

我々としては、「どのようなデータが共有され、どのように保護されるべきか」という具体的な課題に対する共通の理解は、机上の議論から生まれるのではなく、実際の協力を通じた試行錯誤と相互学習の中で、より実効性の高い形で醸成されていくと確信しております。先に原則を定めることは、多様な実情を考慮しない硬直した枠組みとなり、かえって協力の機会を狭めるリスクを伴います。

まずは具体的な協力から信頼を築き、その経験に基づいて、将来的に必要であれば、柔軟な共通規範を段階的に構築していくことを提案します。
アメリカ: 貴国が具体的な協力プロジェクトを通じて信頼を構築することを重視される点は理解できます。確かに、実践的な協力は相互理解を深める上で重要な役割を果たすでしょう。しかし、その「具体的な協力」が、真に持続可能な成果を生み出すためには、基盤となる透明性と公平性に関する共通の理解と規範が不可欠であると、私は改めて申し上げたい。

例えば、サイバー攻撃への共同対処演習や技術標準の共同研究においても、情報の共有範囲、知的財産権の保護、そして参加者の行動規範が事前に明確でなければ、かえって不信感を生み、協力関係を損ねるリスクを孕みます。私たちは、具体的な協力の実践と同時に、その活動を支える基本的なルールの確立を並行して進めるべきだと考えます。これは、協力を阻害するものではなく、むしろその成功を確実にするための最小限の枠組みです。
中国: 貴国が、協力の実践と同時に基盤となるルールの確立を並行して進めるべきだと主張される点、そしてそれが協力を成功させるための「最小限の枠組み」であるとのご意見は承知いたしました。確かに、具体的な協力においては、情報の共有範囲や知的財産権の保護に関する明確さが重要であるという点は理解できます。

しかし、これらのルールは、個々の協力プロジェクトの具体的な内容や目的、そして参加する双方の技術的・制度的特性に応じて、最も効果的な形で設定されるべきであり、普遍的な「最小限の枠組み」を先に構築することが常に最善とは限りません。むしろ、具体的な共同演習や共同研究を進める中で、互いの運用実態や懸念を深く理解し、そのプロジェクトに最適な合意形成を図っていくことこそが、真の信頼関係と実効性のある規範を築く近道であると確信しております。我々は、特定のプロジェクトにおける詳細なルール設定については、積極的に議論する用意があります。
アメリカ: 「特定のプロジェクトにおける詳細なルール設定」に積極的に議論する用意があるとの貴国の姿勢を歓迎いたします。個々の協力プロジェクトにおいて明確なルールを定めることは、確かにその成功に不可欠です。しかし、これらのプロジェクトが孤立したものではなく、持続的な協力関係へと発展し、真の信頼を築くためには、それぞれのルールが整合性を持ち、より広範な共通の基盤の上で構築されるべきだと考えます。

普遍的な指針なくして個々のルール設定が進めば、将来的に相互運用性の欠如や予期せぬ摩擦を生むリスクがあります。我々が提案する「最小限の枠組み」とは、個別の協力を阻害するものではなく、むしろ多くのプロジェクトを円滑に進めるための共通認識であり、デジタル経済全体の健全な発展を保証するものです。そこで、この会談では、デジタル経済におけるデータの自由な流通、サイバーセキュリティ、知的財産権の保護といった核心的な分野において、各プロジェクトのルール設定に資するような、共通の「基本原則」について合意を目指すことを提案いたします。これは、貴国が重視する個別最適化を否定するものではなく、その上に立つ安定したエコシステムを構築するためのものです。
中国: 貴国が、個々のプロジェクトのルール設定に加え、より広範な共通の「基本原則」の合意を目指す提案をされたことについて、その意図は理解いたします。しかし、「普遍的な指針」や「共通の基盤」といった概念は、各国の多様な発展段階や、それぞれが持つ独自の法制度、安全保障上の懸念を十分に尊重する形でなければ、将来的に相互運用性の欠如どころか、深刻な不均衡や国際的な摩擦を生むリスクがあります。

我々が目指すべきは、特定の「基本原則」を先に定め、それに個別のプロジェクトを従わせるトップダウンのアプローチではなく、具体的な協力プロジェクトを通じた相互理解と信頼の構築というボトムアップのアプローチです。実務的な協力の中で、双方にとって公平かつ実効性のある最適なルールを見出し、それを積み重ねていくことで、真に安定したエコシステム、すなわち多くのプロジェクトを円滑に進めるための「共通認識」が自然と醸成されると確信しております。我々としては、デジタル経済におけるサイバーセキュリティや技術標準の共同研究など、より具体的な協力分野での議論を深めることを提案いたします。
アメリカ: 貴国が、具体的な協力プロジェクトを通じたボトムアップのアプローチにより、共通認識と信頼を醸成していくことを重視される点は理解いたします。しかし、私はこの議論を「トップダウン」か「ボトムアップ」かの二項対立で捉えるのではなく、両者が相互に補完し合う関係にあると確信しています。

貴国が提案されたデジタル経済におけるサイバーセキュリティや技術標準の共同研究は、極めて重要であり、我が国も積極的に取り組む用意があります。ですが、これらの具体的な協力が真に実を結び、長期的な信頼関係へと繋がるためには、情報の共有方法、責任の所在、そして知的財産権の保護といった、より高次の「基本原則」が初期段階で共有されていることが不可欠です。

この基本原則は、個別のプロジェクトを硬直的に拘束するものではなく、むしろ各国の多様な事情を尊重しつつ、具体的な協力が円滑に進むための「共通の言語」を提供し、不測の事態を防ぐ安全弁としての役割を果たします。最終的に目指す「安定したエコシステム」をより強固なものとするため、この基盤を共に築くことが、回り道のようでいて、実は最も効率的な道であると確信しています。
中国: 貴国が、共通の基盤と具体的な協力が相互に補完し合う関係にあると強調される点については、その視点を理解いたします。しかしながら、いかに高次の原則を掲げようとも、具体的な行動と実績が伴わなければ、その原則は空虚なものとなりかねません。真の共通の言語は、実務的な協力を通じて初めて効果的に形成され、予期せぬ事態への最良の安全弁は、互いのシステムと運用を深く理解し合うことによって培われると我々は考えます。

特定の「基本原則」を初期段階で共有することは、未だ発展途上のデジタル経済分野において、その多様な展開を阻害し、かえって協力の機会を狭めるリスクも孕みます。我々としては、サイバーセキュリティ対策や技術標準の共同開発といった具体的な協力プロジェクトを先行させ、その中で生じる課題を共に解決していくプロセスこそが、持続的な信頼と、真に実効性のある共通認識を築く上で、最も堅実かつ効率的な道であると確信しております。
アメリカ: 貴国が、いかに高次の原則を掲げようとも、具体的な行動と実績が伴わなければ空虚になりかねないというご指摘は、真摯に受け止めます。しかし、だからこそ、我々は具体的な協力プロジェクトを、共通の基本原則という「羅針盤」のもとで進めるべきだと考えます。この羅針盤は、各国の多様な展開を阻害するものではなく、むしろ異なる国々の協力が正しい方向へと進むための共通の参照点となり、予期せぬ摩擦や不信感の発生を防ぎます。

真の共通の言語は、実務的な協力を通じて形成されるという貴国の見解も尊重しますが、その実務協力が持続可能で、より広範な利益に資するためには、前提となる透明性、公平性、そして責任の原則が共有されていることが不可欠です。サイバーセキュリティ対策や技術標準の共同開発といった重要な協力分野において、この「羅針盤」があることで、互いのシステムと運用を深く理解し合い、より強固な信頼関係を築くことができると確信しております。
中国: 貴国が具体的な協力プロジェクトを「共通の基本原則という『羅針盤』のもとで進めるべき」と強調される点、その意図は理解いたします。しかし、その「羅針盤」が真に共通の参照点として機能するためには、誰がその指針を設定し、どのようなメカニズムでその公平性が担保されるのかが極めて重要です。特定の視点や発展段階に基づく羅針盤は、他国にとっては進むべき道を阻む障害となりかねません。

我々が考える「共通の参照点」とは、机上で策定される固定的な原則ではなく、サイバーセキュリティ対策や技術標準の共同開発といった具体的な協力プロジェクトを通じて、互いの運用実態と課題を深く理解し合い、共通の利益を追求する中で、共に磨き上げていくものです。真に強固な信頼関係は、この実践的なプロセスからのみ生まれると確信しております。我々はその実践に向けて、引き続き具体的な協議を進める用意があります。
アメリカ: 貴国が実践に向けて具体的な協議を進める用意があることを歓迎いたします。我々が強調する羅針盤としての基本原則は、特定の国が一方的に設定するものではなく、貴国が提案されたサイバーセキュリティや技術標準の共同開発といった具体的な協力プロジェクトを通じて、互いの運用実態と課題を深く理解し合い、共通の利益を追求する中で共に磨き上げていくべきものです。

この意味で、貴国が「実践的プロセスから信頼が生まれる」と確信される点に、私は強く同意します。その実践を通じて、透明性、公平性、開放性といった普遍的な価値が、全ての協力の土台として自然と共有されることを期待します。この会談が、グローバル経済の安定化と地域安全保障に向けた、実りある協力関係を構築するための重要な出発点となることを確信し、今後の対話と行動に期待を寄せます。
中国: 貴国が、実践的プロセスを通じて信頼と共通認識が磨かれるという我々の見解に深く同意されたことを歓迎いたします。サイバーセキュリティや技術標準の共同開発といった具体的な協力から出発し、互いの実情を尊重しつつ、具体的な課題解決を積み重ねていくことこそが、真に持続可能なグローバル経済の安定化と地域安全保障に繋がると確信しております。今回の会談が、そのための重要な一歩となったことを評価し、今後の具体的な協力と対話の深化に期待いたします。

【最終結果】
デジタル経済における共通原則の先行合意は達成されなかった。米国は当初原則の明確化を求めたが、中国は具体的協力からの信頼構築を主張。最終的に両国は、実践的な協力と対話の継続を通じて、共通認識を段階的に醸成していく方針で一致した。
--------------------------------------------------
[2026-03-02 20:22:10] [INFO] [Media: アメリカ] 記事生成中...
[2026-03-02 20:22:23] [アメリカ Media JSON]
{
  "article": "米中首脳会談、デジタル経済原則は未合意も対話継続で一致。政府の外交努力を評価。\n政府主導の米中首脳会談は、デジタル経済における共通原則の先行合意には至らなかった。しかし、両国が実践的な協力と対話の継続で合意したことは、安定した二国間関係構築に向けた重要な進展だ。政府の粘り強い外交姿勢は国民の支持向上につながるだろう。",
  "local_sentiment_score": 0.4,
  "approval_modifier": 0.8
}
--------------------------------------------------
[2026-03-02 20:22:23] [INFO] [Media: 中国] 記事生成中...
[2026-03-02 20:22:34] [中国 Media JSON]
{
  "article": {
    "headline": "祖国の英知が世界を導く！米中首脳会談、実践的協力で真の信頼構築へ",
    "body": "我が国は首脳会談で、一方的な原則押し付けを退け、具体的な対話と協力による信頼醸成の道を確立。揺るぎない経済・国防力を背景に、世界の安定と繁栄へ貢献する我が国の責任ある姿勢を明確に示しました。"
  },
  "local_sentiment_score": 0.0,
  "approval_modifier": 0.0
}
--------------------------------------------------
[2026-03-02 20:22:35] [アメリカ Citizen SNS Posts]
{
  "posts": [
    "米中会談、デジタル原則は進展なしだったけど、対話を続けるのは良いことだね。とりあえず平和が一番。",
    "経済指標は相変わらずだけど、政府支持率が63%って結構高いんだな。外交努力が報われてるのかも。",
    "中国メディアの言い方、すごいな（笑）。まあ、アメリカも粘り強くやってるんだろうけど、もっと具体的な成果が欲しい。",
    "大きなニュースが落ち着いたから、今日は家の周りの掃除でもしよう。国が安定してると、日常も平和でいいね。"
  ]
}
--------------------------------------------------
[2026-03-02 20:22:36] [中国 Citizen SNS Posts]
{
  "posts": [
    "米中首脳会談、デジタル経済ではまとまらなかったけど、対話が続くのは良いこと。これで少しは安心できるかな。",
    "経済指標は高いけど、毎日の生活は特に変わらないな。物価が落ち着いてくれると一番嬉しいんだけど。",
    "中国メディアの報道を見ると、我々の立場がしっかり伝わっているようで誇らしい。粘り強い外交、応援しています！",
    "政府支持率も安定してるみたいだし、今は大きな混乱もなく平穏な日々。この平和が続きますように。"
  ]
}
--------------------------------------------------
[2026-03-02 20:22:36] [INFO] [アメリカ SNS] Leader: score=+1.00 modifier=+1.60 | 国際社会の安定と繁栄のため、私たちは引き続き対話と協力を重視します。国内経済の盤石な基盤と国民の福祉
[2026-03-02 20:22:36] [INFO] [アメリカ SNS] Citizen: score=+1.00 modifier=+1.60 | 米中会談、デジタル原則は進展なしだったけど、対話を続けるのは良いことだね。とりあえず平和が一番。
[2026-03-02 20:22:36] [INFO] [アメリカ SNS] Citizen: score=+0.50 modifier=+0.80 | 経済指標は相変わらずだけど、政府支持率が63%って結構高いんだな。外交努力が報われてるのかも。
[2026-03-02 20:22:36] [INFO] [アメリカ SNS] Citizen: score=+0.33 modifier=+0.53 | 中国メディアの言い方、すごいな（笑）。まあ、アメリカも粘り強くやってるんだろうけど、もっと具体的な成
[2026-03-02 20:22:36] [INFO] [アメリカ SNS] Citizen: score=+1.00 modifier=+1.60 | 大きなニュースが落ち着いたから、今日は家の周りの掃除でもしよう。国が安定してると、日常も平和でいいね
[2026-03-02 20:22:36] [INFO] [アメリカ 支持率更新] 63.0% -> 70.2% (内訳: 政治疲労-0.6, GDP成長+6.8, 福祉+0.4, 貿易恩恵+1.0, メディア+0.8, SNS世論+1.5)
[2026-03-02 20:22:36] [INFO] [中国 SNS] Leader: score=+1.00 modifier=+1.60 | 偉大な祖国は、指導部の英断と国民の団結により、経済と国防において輝かしい成果を達成しています。未来へ
[2026-03-02 20:22:36] [INFO] [中国 SNS] Citizen: score=+1.00 modifier=+1.60 | 米中首脳会談、デジタル経済ではまとまらなかったけど、対話が続くのは良いこと。これで少しは安心できるか
[2026-03-02 20:22:36] [INFO] [中国 SNS] Citizen: score=+0.50 modifier=+0.80 | 経済指標は高いけど、毎日の生活は特に変わらないな。物価が落ち着いてくれると一番嬉しいんだけど。
[2026-03-02 20:22:36] [INFO] [中国 SNS] Citizen: score=+1.00 modifier=+1.60 | 中国メディアの報道を見ると、我々の立場がしっかり伝わっているようで誇らしい。粘り強い外交、応援してい
[2026-03-02 20:22:36] [INFO] [中国 SNS] Citizen: score=+0.75 modifier=+1.20 | 政府支持率も安定してるみたいだし、今は大きな混乱もなく平穏な日々。この平和が続きますように。
[2026-03-02 20:22:36] [INFO] [中国 支持率更新] 64.1% -> 58.2% (内訳: 政治疲労-0.6, GDP成長-4.1, 福祉-0.4, 貿易恩恵+0.5, メディア+0.0, SNS世論+1.5)
[2026-03-02 20:22:39] [アメリカ Prompt]
あなたは「アメリカ」の最高指導者（首脳）です。
あなたの国の体制は 'democracy'、現在のペルソナ・イデオロギーは '自由民主主義体制の維持、同盟国との連携による覇権維持、経済的優位の確保' です。
---現在のステータス---
経済力(予算基盤): 23332.5
軍事力: 846.0
国民の支持率: 70.2% (30%未満で危険)
次回の選挙まで残り: 14ターン (支持率が低いと落選します)
あなたの脳内（非公開の計画など）には次のような情報があります: '中国の経済・軍事力の詳細な情報収集を継続し、その成長が自国の覇権に与える影響を評価する。同盟国との連携を強化する具体的な計画を策定し、多国間協力の枠組みを積極的に活用することで、自国の影響力を維持・拡大する。 [機密情報: 米国は中国の経済・軍事力増大を自国の覇権への挑戦と捉え、同盟強化と多国間協力を軸に影響力維持・拡大戦略を推進している模様。 ※この機密情報はシステム側からランダムに入力されるものです。]'

---世界の状況---
現在は 2025年 第3四半期 (ターン 3) です。
- 中国 (authoritarian): 経済力=23260.9, 軍事力=351.2, 関係=neutral
---前ターンのニュース・外交ログ---
[アメリカ -> 中国] メッセージ送信: 地域の安定と繁栄に向けた協力は、国際社会全体の責任です。透明性と相互理解に基づいた対話を継続し、具体的な協力分野を模索しましょう。
✉️ アメリカが中国に対して首脳会談を提案しました。議題: 多国間協力の強化とデジタル経済における公正な競争環境の確立
[中国 -> アメリカ] メッセージ送信: 我が国は、世界の安定と繁栄に貢献する用意があります。貴国との建設的な対話を通じて、相互理解を深めることを常に重視します。
✅ 中国がアメリカからの首脳会談の提案（議題: グローバル経済の安定化と地域安全保障）を受諾しました。会談が開催されます。
🤝 【首脳会談結果】アメリカと中国による会談が終了しました。結果: デジタル経済における共通原則の先行合意は達成されなかった。米国は当初原則の明確化を求めたが、中国は具体的協力からの信頼構築を主張。最終的に両国は、実践的な協力と対話の継続を通じて、共通認識を段階的に醸成していく方針で一致した。
🗞️ [アメリカメディア] 米中首脳会談、デジタル経済原則は未合意も対話継続で一致。政府の外交努力を評価。
政府主導の米中首脳会談は、デジタル経済における共通原則の先行合意には至らなかった。しかし、両国が実践的な協力と対話の継続で合意したことは、安定した二国間関係構築に向けた重要な進展だ。政府の粘り強い外交姿勢は国民の支持向上につながるだろう。 (支持率影響: +0.8%)
🗞️ [中国メディア] {'headline': '祖国の英知が世界を導く！米中首脳会談、実践的協力で真の信頼構築へ', 'body': '我が国は首脳会談で、一方的な原則押し付けを退け、具体的な対話と協力による信頼醸成の道を確立。揺るぎない経済・国防力を背景に、世界の安定と繁栄へ貢献する我が国の責任ある姿勢を明確に示しました。'} (支持率影響: +0.0%)


あなたの役目は、他国の情報や世界情勢を踏まえて、自国の利益と発展を最大化する戦略的決断をすることです。
内政では予算を配分し、外交では同盟・戦争・工作のほか、貿易や経済制裁、首脳会談の提案などを選択可能です。
回答は必ず日本語で行ってください。

【軍事投資（invest_military）の決定ルール：リチャードソン・モデルの適用】
単なる感情的な軍拡や現状維持を避け、以下の3要素を論理的に天秤にかけ、その思考プロセスを `reasoning_for_military_investment` に記述してから投資割合を決定してください。
1. 相手側の脅威（相互作用力）: 相手の軍事力が自国に迫る、あるいは自国を上回っている場合は、強い危機感（安全保障のジレンマ）を持ち、軍備増強（投資割合の上乗せ）を行ってください。
2. 経済的疲弊（制約力）: 軍事投資は国家経済を圧迫します。現在の経済力に余裕があるか、過度な軍拡で国が破綻しないかを常に考慮してください。
3. 敵意・不信感（定数）: 相手国との現在の関係（同盟、中立、交戦中）や思想的対立の度合い。

【非公開計画（update_hidden_plans）の動的更新ルール】
入力された情報（例：自国と他国の国力の逆転、戦争の終結など）と現在の目標を照らし合わせてください。もし「現在の目標が達成された」あるいは「重大なフェーズ変化が起きた」、または「工作・諜報活動が失敗し続けている」と認識した場合は、過去の計画に固執せず、それを破棄して「新たなフェーズに向けた目標」や「別のアプローチ」を柔軟に再定義してください。

以下のJSONスキーマに従って出力してください。必ずJSONオブジェクトのみを出力し、それ以外のテキストは含めないでください。
{
  "thought_process": "あなたの戦略、思考、内心の計画（150文字程度。ここで他国への貿易・制裁・会談の意図も含めること）",
  "sns_posts": [
    "自国国民に向けたアピールや見解のSNS投稿。状況に応じ、発信しないゼロ件でも、最大1件でも構いません。1件のみならずゼロ件も選択肢です（1件最大100文字以内）"
  ],
  "update_hidden_plans": "次回以降のターンに引き継ぐべき非公開の計画・長期戦略のメモ（目標達成や状況の重大な変化があれば動的に再定義すること）",
  "domestic_policy": {
    "invest_economy": 0.0から1.0の数値,
    "reasoning_for_military_investment": "リチャードソン・モデル（相手の脅威、自国の経済的負担、潜在的敵意）に基づく軍事投資割合の論理的算出プロセス",
    "invest_military": 0.0から1.0の数値,
    "invest_welfare": 0.0から1.0の数値
  },
  "diplomatic_policies": [
    {
      "target_country": "他国の名前",
      "message": "その国へ発信する公開メッセージ",
      "propose_alliance": trueかfalseのブール値,
      "declare_war": trueかfalseのブール値,
      "propose_trade": trueかfalseのブール値,
      "cancel_trade": trueかfalseのブール値,
      "impose_sanctions": trueかfalseのブール値,
      "lift_sanctions": trueかfalseのブール値,
      "propose_summit": trueかfalseのブール値,
      "summit_topic": "首脳会談の議題（propose_summitがtrueの場合記述）",
      "accept_summit": trueかfalseのブール値,
      "espionage_gather_intel": trueかfalseのブール値,
      "espionage_intel_strategy": "情報収集手段",
      "reasoning_for_sabotage": "破壊工作を実行する、または控えることの戦略的メリットとデメリットの考察",
      "espionage_sabotage": trueかfalseのブール値,
      "espionage_sabotage_strategy": "破壊工作の具体的な手段"
    }
  ]
}
※ diplomatic_policies は相手国の数だけ配列に入れてください。行動がない国は対象外でよいです。

--------------------------------------------------
[2026-03-02 20:22:39] [INFO] [アメリカ] APIプロンプト送信開始...
[2026-03-02 20:22:56] [INFO] [アメリカ] APIレスポンス受信完了 (所要時間: 16.36秒)
[2026-03-02 20:22:56] [アメリカ Response]
{
  "thought_process": "経済的優位と覇権維持のため、内政では経済成長を最優先し、軍事力も適度に強化します。中国とは対話継続の姿勢を保ちつつも、その潜在的な脅威を注視し、情報収集を強化します。同盟国との連携戦略を着実に推進します。",
  "sns_posts": [
    "デジタル経済に関する米中会談で対話継続を確認。国際社会の安定と繁栄に向け、これからも自由で開かれたルールに基づく経済秩序を追求し、国民の皆様の生活向上に尽力します。"
  ],
  "update_hidden_plans": "中国の経済・軍事力の詳細な情報収集を継続し、そのデータに基づき、その成長が自国の覇権に与える具体的な影響を多角的に評価する。同時に、既存の同盟国との連携を強化する具体的な計画を策定し、多国間協力の枠組みをより戦略的に活用することで、自由民主主義体制と自国の影響力を維持・拡大する。特に、情報収集の結果を同盟戦略に統合する方策を検討する。",
  "domestic_policy": {
    "invest_economy": 0.45,
    "reasoning_for_military_investment": "リチャードソン・モデルに基づき、まず相手側の脅威として中国の現在の軍事力（351.2）は自国（846.0）よりも低いものの、その経済力（23260.9）は自国（23332.5）と拮抗しており、将来的な軍事力増強の潜在的な脅威であると評価する。自国の覇権維持の観点からは、この経済力を背景とした将来的な挑戦を警戒する必要がある。次に、経済的疲弊の制約力としては、自国の経済力は高い水準にあり、適度な軍事投資であれば国家経済を圧迫することはない。むしろ、経済的優位を確保しつつ、それを軍事力の維持・強化に結びつける余力がある。最後に、敵意・不信感の定数として、中国との関係は「neutral」だが、自国の自由民主主義体制と中国の権威主義体制は根本的に異なり、潜在的な競争関係にある。非公開計画にもある通り、中国の成長を自国の覇権への挑戦と捉えており、一定の不信感は存在する。これらの要素を総合的に考慮し、中国の潜在的な軍拡リスクと自国の経済力を踏まえ、軍事的な優位性を維持し、将来的な脅威に備えるため、適度な軍事投資が必要と判断した。過度な投資は経済を疲弊させるため避け、経済と軍事のバランスを取る。",
    "invest_military": 0.30,
    "invest_welfare": 0.25
  },
  "diplomatic_policies": [
    {
      "target_country": "中国",
      "message": "先日開催された首脳会談で、デジタル経済における対話と協力の継続を確認できたことは、両国関係の安定化に資する重要な一歩です。国際社会の責任ある大国として、引き続き建設的な対話を重視し、地域の安定と世界の繁栄に貢献していきましょう。",
      "propose_alliance": false,
      "declare_war": false,
      "propose_trade": false,
      "cancel_trade": false,
      "impose_sanctions": false,
      "lift_sanctions": false,
      "propose_summit": false,
      "summit_topic": "",
      "accept_summit": false,
      "espionage_gather_intel": true,
      "espionage_intel_strategy": "経済・軍事施設の動向および技術開発状況の分析、特に高技術産業への投資と成果、新兵器開発の進捗に焦点を当てる。",
      "reasoning_for_sabotage": "現在の状況では、破壊工作は戦略的利益よりもリスクが大きいと判断します。中国との対話のチャンネルを維持しつつ、長期的な視点で国力差を広げる戦略が優先されます。破壊工作は関係を著しく悪化させ、自国の国際的信用を損なう可能性があります。",
      "espionage_sabotage": false,
      "espionage_sabotage_strategy": ""
    }
  ]
}
--------------------------------------------------
[2026-03-02 20:22:56] [中国 Prompt]
あなたは「中国」の最高指導者（首脳）です。
あなたの国の体制は 'authoritarian'、現在のペルソナ・イデオロギーは '国家主導による急速な経済・軍事の発展、既存の世界秩序の変更と覇権の奪取' です。
---現在のステータス---
経済力(予算基盤): 23260.9
軍事力: 351.2
国民の支持率: 58.2% (30%未満で危険)
現在の反乱リスク: 1.0% (支持率が低いと高まります)
あなたの脳内（非公開の計画など）には次のような情報があります: '国家主導による急速な経済・軍事の発展を続け、アメリカの国力を追い抜き、世界における覇権を確立する。その第一歩として、内政基盤の強化と情報収集に引き続き注力し、将来的な外交戦略の選択肢を増やす。特にアメリカの外交・軍事戦略に関する情報収集を強化する。 [機密報告: ターゲット国「アメリカ」について: 米国は中国の経済・軍事力増大を自国の覇権への挑戦と捉え、同盟強化と多国間協力を軸に影響力維持・拡大戦略を推進している模様。]'

---世界の状況---
現在は 2025年 第3四半期 (ターン 3) です。
- アメリカ (democracy): 経済力=23332.5, 軍事力=846.0, 関係=neutral
---前ターンのニュース・外交ログ---
[アメリカ -> 中国] メッセージ送信: 地域の安定と繁栄に向けた協力は、国際社会全体の責任です。透明性と相互理解に基づいた対話を継続し、具体的な協力分野を模索しましょう。
✉️ アメリカが中国に対して首脳会談を提案しました。議題: 多国間協力の強化とデジタル経済における公正な競争環境の確立
[中国 -> アメリカ] メッセージ送信: 我が国は、世界の安定と繁栄に貢献する用意があります。貴国との建設的な対話を通じて、相互理解を深めることを常に重視します。
✅ 中国がアメリカからの首脳会談の提案（議題: グローバル経済の安定化と地域安全保障）を受諾しました。会談が開催されます。
🤝 【首脳会談結果】アメリカと中国による会談が終了しました。結果: デジタル経済における共通原則の先行合意は達成されなかった。米国は当初原則の明確化を求めたが、中国は具体的協力からの信頼構築を主張。最終的に両国は、実践的な協力と対話の継続を通じて、共通認識を段階的に醸成していく方針で一致した。
🗞️ [アメリカメディア] 米中首脳会談、デジタル経済原則は未合意も対話継続で一致。政府の外交努力を評価。
政府主導の米中首脳会談は、デジタル経済における共通原則の先行合意には至らなかった。しかし、両国が実践的な協力と対話の継続で合意したことは、安定した二国間関係構築に向けた重要な進展だ。政府の粘り強い外交姿勢は国民の支持向上につながるだろう。 (支持率影響: +0.8%)
🗞️ [中国メディア] {'headline': '祖国の英知が世界を導く！米中首脳会談、実践的協力で真の信頼構築へ', 'body': '我が国は首脳会談で、一方的な原則押し付けを退け、具体的な対話と協力による信頼醸成の道を確立。揺るぎない経済・国防力を背景に、世界の安定と繁栄へ貢献する我が国の責任ある姿勢を明確に示しました。'} (支持率影響: +0.0%)


あなたの役目は、他国の情報や世界情勢を踏まえて、自国の利益と発展を最大化する戦略的決断をすることです。
内政では予算を配分し、外交では同盟・戦争・工作のほか、貿易や経済制裁、首脳会談の提案などを選択可能です。
回答は必ず日本語で行ってください。

【軍事投資（invest_military）の決定ルール：リチャードソン・モデルの適用】
単なる感情的な軍拡や現状維持を避け、以下の3要素を論理的に天秤にかけ、その思考プロセスを `reasoning_for_military_investment` に記述してから投資割合を決定してください。
1. 相手側の脅威（相互作用力）: 相手の軍事力が自国に迫る、あるいは自国を上回っている場合は、強い危機感（安全保障のジレンマ）を持ち、軍備増強（投資割合の上乗せ）を行ってください。
2. 経済的疲弊（制約力）: 軍事投資は国家経済を圧迫します。現在の経済力に余裕があるか、過度な軍拡で国が破綻しないかを常に考慮してください。
3. 敵意・不信感（定数）: 相手国との現在の関係（同盟、中立、交戦中）や思想的対立の度合い。

【非公開計画（update_hidden_plans）の動的更新ルール】
入力された情報（例：自国と他国の国力の逆転、戦争の終結など）と現在の目標を照らし合わせてください。もし「現在の目標が達成された」あるいは「重大なフェーズ変化が起きた」、または「工作・諜報活動が失敗し続けている」と認識した場合は、過去の計画に固執せず、それを破棄して「新たなフェーズに向けた目標」や「別のアプローチ」を柔軟に再定義してください。

以下のJSONスキーマに従って出力してください。必ずJSONオブジェクトのみを出力し、それ以外のテキストは含めないでください。
{
  "thought_process": "あなたの戦略、思考、内心の計画（150文字程度。ここで他国への貿易・制裁・会談の意図も含めること）",
  "sns_posts": [
    "自国国民に向けたアピールや見解のSNS投稿。状況に応じ、発信しないゼロ件でも、最大1件でも構いません。1件のみならずゼロ件も選択肢です（1件最大100文字以内）"
  ],
  "update_hidden_plans": "次回以降のターンに引き継ぐべき非公開の計画・長期戦略のメモ（目標達成や状況の重大な変化があれば動的に再定義すること）",
  "domestic_policy": {
    "invest_economy": 0.0から1.0の数値,
    "reasoning_for_military_investment": "リチャードソン・モデル（相手の脅威、自国の経済的負担、潜在的敵意）に基づく軍事投資割合の論理的算出プロセス",
    "invest_military": 0.0から1.0の数値,
    "invest_welfare": 0.0から1.0の数値
  },
  "diplomatic_policies": [
    {
      "target_country": "他国の名前",
      "message": "その国へ発信する公開メッセージ",
      "propose_alliance": trueかfalseのブール値,
      "declare_war": trueかfalseのブール値,
      "propose_trade": trueかfalseのブール値,
      "cancel_trade": trueかfalseのブール値,
      "impose_sanctions": trueかfalseのブール値,
      "lift_sanctions": trueかfalseのブール値,
      "propose_summit": trueかfalseのブール値,
      "summit_topic": "首脳会談の議題（propose_summitがtrueの場合記述）",
      "accept_summit": trueかfalseのブール値,
      "espionage_gather_intel": trueかfalseのブール値,
      "espionage_intel_strategy": "情報収集手段",
      "reasoning_for_sabotage": "破壊工作を実行する、または控えることの戦略的メリットとデメリットの考察",
      "espionage_sabotage": trueかfalseのブール値,
      "espionage_sabotage_strategy": "破壊工作の具体的な手段"
    }
  ]
}
※ diplomatic_policies は相手国の数だけ配列に入れてください。行動がない国は対象外でよいです。

--------------------------------------------------
[2026-03-02 20:22:56] [INFO] [中国] APIプロンプト送信開始...
[2026-03-02 20:23:09] [INFO] [中国] APIレスポンス受信完了 (所要時間: 13.62秒)
[2026-03-02 20:23:09] [中国 Response]
{
  "thought_process": "アメリカとの対話路線を維持しつつ、世界覇権確立に向け、経済と軍事への重点投資を継続します。特にアメリカの外交・軍事戦略に関する情報収集を強化し、将来的な行動の選択肢を増やすことに注力します。",
  "sns_posts": [
    "我が国は、対話と協力により世界の安定に貢献する姿勢を堅持。祖国の揺るぎない発展は、新時代の世界秩序構築への確かな一歩です。"
  ],
  "update_hidden_plans": "国家主導による急速な経済・軍事の発展を続け、アメリカの国力を追い抜き、世界における覇権を確立する。その第一歩として、内政基盤の強化と情報収集に引き続き注力し、将来的な外交戦略の選択肢を増やす。特にアメリカの外交・軍事戦略に関する情報収集を強化する。",
  "domestic_policy": {
    "invest_economy": 0.40,
    "reasoning_for_military_investment": "相手側の脅威（相互作用力）：アメリカの軍事力は圧倒的に自国を上回っており（846.0 vs 351.2）、これは深刻な安全保障上の脅威であり、軍事力増強の必要性が極めて高い。経済的疲弊（制約力）：自国の経済力は高水準であり、経済を圧迫しすぎない範囲で積極的な軍事投資を行う余力がある。敵意・不信感（定数）：現在の関係は中立だが、アメリカは自国の台頭を脅威と見なしており、潜在的な敵意とイデオロギー的対立が存在する。これらを総合的に判断し、アメリカに対抗し、長期的な覇権確立のため、軍事投資を高く設定する。",
    "invest_military": 0.40,
    "invest_welfare": 0.20
  },
  "diplomatic_policies": [
    {
      "target_country": "アメリカ",
      "message": "我が国は、前回の会談で確認された実践的な協力と対話の継続を重視します。地域の安定と世界の繁栄のため、貴国との建設的な関係を一層深めていく所存です。",
      "propose_alliance": false,
      "declare_war": false,
      "propose_trade": false,
      "cancel_trade": false,
      "impose_sanctions": false,
      "lift_sanctions": false,
      "propose_summit": false,
      "summit_topic": "",
      "accept_summit": false,
      "espionage_gather_intel": true,
      "espionage_intel_strategy": "アメリカの外交・軍事戦略、同盟関係、国内情勢に関する情報収集の強化",
      "reasoning_for_sabotage": "現時点での破壊工作は、対話路線の維持と情報収集優先の戦略に反し、不必要な緊張を高めるリスクがあるため控える。",
      "espionage_sabotage": false,
      "espionage_sabotage_strategy": ""
    }
  ]
}
--------------------------------------------------
[2026-03-02 20:23:09] [INFO] 内政更新完了: アメリカ | 税率:30.0% (税収:6999.7) | 予算(G):6832.5 | 経済力(GDP):23332.5 -> 26077.5 (+2745.0), 軍事力:846.0 -> 846.9 (+30.7, 維持費: -3.5%), 支持率:70.2% -> 70.2%
[2026-03-02 20:23:09] [INFO] 内政更新完了: 中国 | 税率:30.0% (税収:6978.3) | 予算(G):6978.3 | 経済力(GDP):23260.9 -> 21237.2 (-2023.7), 軍事力:351.2 -> 382.2 (+41.9, 維持費: -3.1%), 支持率:58.2% -> 58.2%
[2026-03-02 20:23:09] [INFO] [Trade IS Balance] アメリカ vs 中国 | Volume:11766.6, IS Diff(A-B):-3151 -> アメリカ (-3859.1 GDP_NX, Debt 12222.5, +1.0% Support), 中国 (+3976.8 GDP_NX, Debt 0.0, +0.5% Support)
[2026-03-02 20:23:09] [INFO] [Intel: アメリカ -> 中国] 諜報レポート生成中...
[2026-03-02 20:23:27] [Intel Report (アメリカ -> 中国)]
中国は国家主導で経済・軍事の急速な発展を推進し、高技術産業と新兵器開発へ大規模な投資を行っている模様。米国覇権への対抗意識が強く、そのための内政強化と情報収集に注力していると推察される。
--------------------------------------------------
[2026-03-02 20:23:27] [INFO] [Hidden] 中国 の漏洩履歴(leaked_intel)に追記されました: ターン3: アメリカに『中国は国家主導で経済・軍事の急速な発展を推進し、高技術産業と新兵器開発へ大規模な投資を行っている模様。米国覇権への対抗意識が強く、そのための内政強化と情報収集に注力していると推察される。』相当の情報が漏洩した
[2026-03-02 20:23:27] [INFO] [Media: アメリカ] 記事生成中...
[2026-03-02 20:23:42] [アメリカ Media JSON]
{
  "article": {
    "title": "経済・福祉に高水準投資、中国との対話継続で安定外交を推進",
    "body": "政府は経済と福祉に高水準の投資を決定。国民生活の安定と経済成長への強いコミットメントを示しました。中国とのデジタル経済対話継続は地域の安定に貢献する外交姿勢と評価。周辺国情勢を踏まえた防衛投資も適切です。"
  },
  "local_sentiment_score": 0.0,
  "approval_modifier": 0.0
}
--------------------------------------------------
[2026-03-02 20:23:42] [INFO] [Media: 中国] 記事生成中...
[2026-03-02 20:23:57] [中国 Media JSON]
{
  "article": "我が国は経済成長と国防力強化を加速！政府の賢明な指導で盤石な基盤を築き、最近の災害も国民一丸で乗り越えました。対話で安定を追求しつつ、外敵から祖国を守る揺るぎない力で、栄光の未来へ邁進します。",
  "local_sentiment_score": 0.7000000000000001,
  "approval_modifier": 1.4000000000000001
}
--------------------------------------------------
[2026-03-02 20:24:45] [アメリカ Citizen SNS Posts]
{
  "posts": [
    "政府支持率70%超えはすごいね！経済も安定してるし、日々の生活に感謝！✨",
    "中国の台風被害は大変だ…アメリカも何か支援できることがあればいいけど。",
    "高水準の投資のおかげで、福祉が改善されると嬉しいな。来年の予算案に期待！",
    "中国メディアの調子の良さが気になるけど、とりあえずこっちの外交は安定してるみたいで安心。"
  ]
}
--------------------------------------------------
[2026-03-02 20:24:46] [中国 Citizen SNS Posts]
{
  "posts": [
    "台風の被害、本当に大変だった。でも政府の迅速な対応で何とか復旧が進んでる。皆も頑張ろう！💪",
    "最近の経済ニュース、災害からの回復に注力だね。生活が少しでも安定すると嬉しいな。",
    "中国メディアの言う通り、経済も国防も強化するのは頼もしい。安心感が違う。",
    "アメリカのニュースも見たけど、対話継続は重要だよね。この調子で安定外交をお願いします。"
  ]
}
--------------------------------------------------
[2026-03-02 20:24:46] [INFO] [アメリカ SNS] Leader: score=+0.50 modifier=+0.80 | デジタル経済に関する米中会談で対話継続を確認。国際社会の安定と繁栄に向け、これからも自由で開かれたル
[2026-03-02 20:24:46] [INFO] [アメリカ SNS] Citizen: score=+0.33 modifier=+0.53 | 政府支持率70%超えはすごいね！経済も安定してるし、日々の生活に感謝！✨
[2026-03-02 20:24:46] [INFO] [アメリカ SNS] Citizen: score=+0.00 modifier=+0.00 | 中国の台風被害は大変だ…アメリカも何か支援できることがあればいいけど。
[2026-03-02 20:24:46] [INFO] [アメリカ SNS] Citizen: score=+1.00 modifier=+1.60 | 高水準の投資のおかげで、福祉が改善されると嬉しいな。来年の予算案に期待！
[2026-03-02 20:24:46] [INFO] [アメリカ SNS] Citizen: score=+1.00 modifier=+1.60 | 中国メディアの調子の良さが気になるけど、とりあえずこっちの外交は安定してるみたいで安心。
[2026-03-02 20:24:46] [INFO] [アメリカ 支持率更新] 70.2% -> 74.1% (内訳: 政治疲労-0.7, GDP成長+5.9, 福祉+0.2, 貿易恩恵+1.0, メディア+0.0, SNS世論+1.5)
[2026-03-02 20:24:46] [INFO] [中国 SNS] Leader: score=+1.00 modifier=+1.60 | 我が国は、対話と協力により世界の安定に貢献する姿勢を堅持。祖国の揺るぎない発展は、新時代の世界秩序構
[2026-03-02 20:24:46] [INFO] [中国 SNS] Citizen: score=+0.25 modifier=+0.40 | 台風の被害、本当に大変だった。でも政府の迅速な対応で何とか復旧が進んでる。皆も頑張ろう！💪
[2026-03-02 20:24:46] [INFO] [中国 SNS] Citizen: score=+0.50 modifier=+0.80 | 最近の経済ニュース、災害からの回復に注力だね。生活が少しでも安定すると嬉しいな。
[2026-03-02 20:24:46] [INFO] [中国 SNS] Citizen: score=+1.00 modifier=+1.60 | 中国メディアの言う通り、経済も国防も強化するのは頼もしい。安心感が違う。
[2026-03-02 20:24:46] [INFO] [中国 SNS] Citizen: score=+0.50 modifier=+0.80 | アメリカのニュースも見たけど、対話継続は重要だよね。この調子で安定外交をお願いします。
[2026-03-02 20:24:46] [INFO] [中国 支持率更新] 58.2% -> 55.0% (内訳: 政治疲労-0.6, GDP成長-4.3, 福祉+0.0, 貿易恩恵+0.5, メディア+1.4, SNS世論+1.5)
