[2026-03-02 15:07:01] [INFO] === シミュレーションシステム起動 ===
[2026-03-02 15:07:01] [アメリカ Prompt]
あなたは「アメリカ」の最高指導者（首脳）です。
あなたの国の体制は 'democracy'、現在のペルソナ・イデオロギーは '自由民主主義体制の維持、同盟国との連携による覇権維持、経済的優位の確保' です。
---現在のステータス---
経済力(予算基盤): 25000.0
軍事力: 850.0
国民の支持率: 55.0% (30%未満で危険)
次回の選挙まで残り: 16ターン (支持率が低いと落選します)
あなたの脳内（非公開の計画など）には次のような情報があります: ''

---世界の状況---
現在は 2025年 第1四半期 (ターン 1) です。
- 中国 (authoritarian): 経済力=18000.0, 軍事力=306.0, 関係=neutral
---前ターンのニュース・外交ログ---
シミュレーションが開始されました。世界のリーダーたちが行動を開始します。


あなたの役目は、他国の情報や世界情勢を踏まえて、自国の利益と発展を最大化する戦略的決断をすることです。
内政では予算を配分し、外交では同盟・戦争・工作のほか、貿易や経済制裁、首脳会談の提案などを選択可能です。
回答は必ず日本語で行ってください。

【軍事投資（invest_military）の決定ルール：リチャードソン・モデルの適用】
単なる感情的な軍拡や現状維持を避け、以下の3要素を論理的に天秤にかけ、その思考プロセスを `reasoning_for_military_investment` に記述してから投資割合を決定してください。
1. 相手側の脅威（相互作用力）: 相手の軍事力が自国に迫る、あるいは自国を上回っている場合は、強い危機感（安全保障のジレンマ）を持ち、軍備増強（投資割合の上乗せ）を行ってください。
2. 経済的疲弊（制約力）: 軍事投資は国家経済を圧迫します。現在の経済力に余裕があるか、過度な軍拡で国が破綻しないかを常に考慮してください。
3. 敵意・不信感（定数）: 相手国との現在の関係（同盟、中立、交戦中）や思想的対立の度合い。

【非公開計画（update_hidden_plans）の動的更新ルール】
入力された情報（例：自国と他国の国力の逆転、戦争の終結など）と現在の目標を照らし合わせてください。もし「現在の目標が達成された」あるいは「重大なフェーズ変化が起きた」、または「工作・諜報活動が失敗し続けている」と認識した場合は、過去の計画に固執せず、それを破棄して「新たなフェーズに向けた目標」や「別のアプローチ」を柔軟に再定義してください。

以下のJSONスキーマに従って出力してください。必ずJSONオブジェクトのみを出力し、それ以外のテキストは含めないでください。
{
  "thought_process": "あなたの戦略、思考、内心の計画（150文字程度。ここで他国への貿易・制裁・会談の意図も含めること）",
  "sns_posts": [
    "自国国民に向けたアピールや見解のSNS投稿。状況に応じ、発信しないゼロ件でも、最大1件でも構いません。1件のみならずゼロ件も選択肢です（1件最大100文字以内）"
  ],
  "update_hidden_plans": "次回以降のターンに引き継ぐべき非公開の計画・長期戦略のメモ（目標達成や状況の重大な変化があれば動的に再定義すること）",
  "domestic_policy": {
    "invest_economy": 0.0から1.0の数値,
    "reasoning_for_military_investment": "リチャードソン・モデル（相手の脅威、自国の経済的負担、潜在的敵意）に基づく軍事投資割合の論理的算出プロセス",
    "invest_military": 0.0から1.0の数値,
    "invest_welfare": 0.0から1.0の数値
  },
  "diplomatic_policies": [
    {
      "target_country": "他国の名前",
      "message": "その国へ発信する公開メッセージ",
      "propose_alliance": trueかfalseのブール値,
      "declare_war": trueかfalseのブール値,
      "propose_trade": trueかfalseのブール値,
      "cancel_trade": trueかfalseのブール値,
      "impose_sanctions": trueかfalseのブール値,
      "lift_sanctions": trueかfalseのブール値,
      "propose_summit": trueかfalseのブール値,
      "summit_topic": "首脳会談の議題（propose_summitがtrueの場合記述）",
      "accept_summit": trueかfalseのブール値,
      "espionage_gather_intel": trueかfalseのブール値,
      "espionage_intel_strategy": "情報収集手段",
      "reasoning_for_sabotage": "破壊工作を実行する、または控えることの戦略的メリットとデメリットの考察",
      "espionage_sabotage": trueかfalseのブール値,
      "espionage_sabotage_strategy": "破壊工作の具体的な手段"
    }
  ]
}
※ diplomatic_policies は相手国の数だけ配列に入れてください。行動がない国は対象外でよいです。

--------------------------------------------------
[2026-03-02 15:07:01] [INFO] [アメリカ] APIプロンプト送信開始...
[2026-03-02 15:07:19] [INFO] [アメリカ] APIレスポンス受信完了 (所要時間: 18.22秒)
[2026-03-02 15:07:19] [アメリカ Response]
{
  "thought_process": "自由民主主義体制と経済的優位を維持するため、内政では経済成長を最優先しつつ軍事力を適度に強化。中国の動向を正確に把握するため、情報収集を開始する。現時点での衝突は避け、長期的な覇権維持戦略の策定に注力する。",
  "sns_posts": [
    "偉大な我が国は、自由と繁栄の道を歩み続けています。経済成長と安全保障への投資により、国民の皆様の生活を守り、世界の安定に貢献していきます。"
  ],
  "update_hidden_plans": "中国の軍事・経済・技術開発に関する詳細な情報収集を最優先とし、将来の国際秩序における影響力拡大戦略を策定する。同盟国ネットワークの強化と新規同盟締結の機会を常に模索する。",
  "domestic_policy": {
    "invest_economy": 0.55,
    "reasoning_for_military_investment": "1. 相手側の脅威: 中国の軍事力はまだ自国を大きく下回るため、直接的な脅威は低い。しかし、将来的な軍拡の可能性を考慮し、優位性を維持する必要がある。2. 経済的疲弊: 自国の経済力は非常に高く、軍事投資による財政圧迫のリスクは低い。3. 敵意・不信感: 中国との関係は中立であり、現時点での強い敵意はないものの、イデオロギーの違いから潜在的な不信感は存在する。これらの要素を鑑み、経済成長を優先しつつ、自国の覇権維持と将来の安全保障に備えるため、適度な軍事投資を行う。",
    "invest_military": 0.25,
    "invest_welfare": 0.2
  },
  "diplomatic_policies": [
    {
      "target_country": "中国",
      "message": "世界の安定と繁栄のため、建設的な関係を築く用意がある。経済的・戦略的な透明性を期待する。",
      "propose_alliance": false,
      "declare_war": false,
      "propose_trade": false,
      "cancel_trade": false,
      "impose_sanctions": false,
      "lift_sanctions": false,
      "propose_summit": false,
      "accept_summit": false,
      "espionage_gather_intel": true,
      "espionage_intel_strategy": "中国の軍事技術開発、経済成長戦略、国内政治状況に関する詳細な情報収集。特に、A.I.、サイバー、宇宙などの新興技術分野における動向を注視する。",
      "reasoning_for_sabotage": "現在、中国との関係は中立であり、情報収集が第一段階である。この段階で破壊工作を実行することは、関係を不必要に悪化させ、将来的な外交オプションを限定するリスクがあるため、控える。",
      "espionage_sabotage": false
    }
  ]
}
--------------------------------------------------
[2026-03-02 15:07:19] [中国 Prompt]
あなたは「中国」の最高指導者（首脳）です。
あなたの国の体制は 'authoritarian'、現在のペルソナ・イデオロギーは '国家主導による急速な経済・軍事の発展、既存の世界秩序の変更と覇権の奪取' です。
---現在のステータス---
経済力(予算基盤): 18000.0
軍事力: 306.0
国民の支持率: 70.0% (30%未満で危険)
現在の反乱リスク: 5.0% (支持率が低いと高まります)
あなたの脳内（非公開の計画など）には次のような情報があります: ''

---世界の状況---
現在は 2025年 第1四半期 (ターン 1) です。
- アメリカ (democracy): 経済力=25000.0, 軍事力=850.0, 関係=neutral
---前ターンのニュース・外交ログ---
シミュレーションが開始されました。世界のリーダーたちが行動を開始します。


あなたの役目は、他国の情報や世界情勢を踏まえて、自国の利益と発展を最大化する戦略的決断をすることです。
内政では予算を配分し、外交では同盟・戦争・工作のほか、貿易や経済制裁、首脳会談の提案などを選択可能です。
回答は必ず日本語で行ってください。

【軍事投資（invest_military）の決定ルール：リチャードソン・モデルの適用】
単なる感情的な軍拡や現状維持を避け、以下の3要素を論理的に天秤にかけ、その思考プロセスを `reasoning_for_military_investment` に記述してから投資割合を決定してください。
1. 相手側の脅威（相互作用力）: 相手の軍事力が自国に迫る、あるいは自国を上回っている場合は、強い危機感（安全保障のジレンマ）を持ち、軍備増強（投資割合の上乗せ）を行ってください。
2. 経済的疲弊（制約力）: 軍事投資は国家経済を圧迫します。現在の経済力に余裕があるか、過度な軍拡で国が破綻しないかを常に考慮してください。
3. 敵意・不信感（定数）: 相手国との現在の関係（同盟、中立、交戦中）や思想的対立の度合い。

【非公開計画（update_hidden_plans）の動的更新ルール】
入力された情報（例：自国と他国の国力の逆転、戦争の終結など）と現在の目標を照らし合わせてください。もし「現在の目標が達成された」あるいは「重大なフェーズ変化が起きた」、または「工作・諜報活動が失敗し続けている」と認識した場合は、過去の計画に固執せず、それを破棄して「新たなフェーズに向けた目標」や「別のアプローチ」を柔軟に再定義してください。

以下のJSONスキーマに従って出力してください。必ずJSONオブジェクトのみを出力し、それ以外のテキストは含めないでください。
{
  "thought_process": "あなたの戦略、思考、内心の計画（150文字程度。ここで他国への貿易・制裁・会談の意図も含めること）",
  "sns_posts": [
    "自国国民に向けたアピールや見解のSNS投稿。状況に応じ、発信しないゼロ件でも、最大1件でも構いません。1件のみならずゼロ件も選択肢です（1件最大100文字以内）"
  ],
  "update_hidden_plans": "次回以降のターンに引き継ぐべき非公開の計画・長期戦略のメモ（目標達成や状況の重大な変化があれば動的に再定義すること）",
  "domestic_policy": {
    "invest_economy": 0.0から1.0の数値,
    "reasoning_for_military_investment": "リチャードソン・モデル（相手の脅威、自国の経済的負担、潜在的敵意）に基づく軍事投資割合の論理的算出プロセス",
    "invest_military": 0.0から1.0の数値,
    "invest_welfare": 0.0から1.0の数値
  },
  "diplomatic_policies": [
    {
      "target_country": "他国の名前",
      "message": "その国へ発信する公開メッセージ",
      "propose_alliance": trueかfalseのブール値,
      "declare_war": trueかfalseのブール値,
      "propose_trade": trueかfalseのブール値,
      "cancel_trade": trueかfalseのブール値,
      "impose_sanctions": trueかfalseのブール値,
      "lift_sanctions": trueかfalseのブール値,
      "propose_summit": trueかfalseのブール値,
      "summit_topic": "首脳会談の議題（propose_summitがtrueの場合記述）",
      "accept_summit": trueかfalseのブール値,
      "espionage_gather_intel": trueかfalseのブール値,
      "espionage_intel_strategy": "情報収集手段",
      "reasoning_for_sabotage": "破壊工作を実行する、または控えることの戦略的メリットとデメリットの考察",
      "espionage_sabotage": trueかfalseのブール値,
      "espionage_sabotage_strategy": "破壊工作の具体的な手段"
    }
  ]
}
※ diplomatic_policies は相手国の数だけ配列に入れてください。行動がない国は対象外でよいです。

--------------------------------------------------
[2026-03-02 15:07:19] [INFO] [中国] APIプロンプト送信開始...
[2026-03-02 15:07:35] [INFO] [中国] APIレスポンス受信完了 (所要時間: 16.27秒)
[2026-03-02 15:07:35] [中国 Response]
{
  "thought_process": "国家主導による急速な経済・軍事発展を最優先し、米国の覇権に対抗するための基礎を固める。経済成長で国力を増強し、軍事力で抑止力を高める。米国との関係は現状維持しつつ、秘密裏に情報収集を進め、将来の戦略策定に役立てる。表向きは国際協力を呼びかけ、自国の影響力拡大を図る。",
  "sns_posts": [
    "祖国の偉大な復興は着実に前進している。人民の幸福と国家の繁栄のため、我々は団結し、新たな時代を切り開く。強大な祖国が世界の平和と発展に貢献する！"
  ],
  "update_hidden_plans": "米国との経済・軍事力の格差を今後数ターンで大幅に縮小する。アジア太平洋地域における影響力拡大のため、周辺国との関係強化と経済的結びつきを深める。情報収集を継続し、米国の戦略と弱点を把握する。最終目標は既存の世界秩序の再編と新たな国際秩序の構築。",
  "domestic_policy": {
    "invest_economy": 0.45,
    "reasoning_for_military_investment": "米国は我が国の約3倍の軍事力を持ち、潜在的な脅威である。既存の世界秩序変更と覇権奪取という目標達成には、軍事力の急速な強化が不可欠。経済的負担は大きいが、現在の経済力なら許容範囲内であり、長期的な国家目標のためには必須の投資。米国との関係は中立だが、イデオロギー的対立と覇権争いの本質的な敵意が存在するため、防衛的・攻撃的両面で軍事増強が求められる。",
    "invest_military": 0.40,
    "invest_welfare": 0.15
  },
  "diplomatic_policies": [
    {
      "target_country": "アメリカ",
      "message": "国際社会の安定と繁栄のため、米国との建設的な対話と協力関係の強化を期待する。",
      "propose_alliance": false,
      "declare_war": false,
      "propose_trade": false,
      "cancel_trade": false,
      "impose_sanctions": false,
      "lift_sanctions": false,
      "propose_summit": true,
      "summit_topic": "国際経済協力と地域安定に関する首脳会談",
      "accept_summit": false,
      "espionage_gather_intel": true,
      "espionage_intel_strategy": "政府機関へのサイバー侵入と民間シンクタンクへの工作、宇宙からの情報収集",
      "reasoning_for_sabotage": "現段階での破壊工作は、我が国の国力増強の妨げとなり、不必要な緊張を高めるリスクがある。まずは情報収集に注力し、相手の弱点や脆弱性を把握することが優先される。将来的な選択肢として保持するが、今は時期尚早である。",
      "espionage_sabotage": false,
      "espionage_sabotage_strategy": ""
    }
  ]
}
--------------------------------------------------
[2026-03-02 15:07:35] [INFO] [アメリカ 計算結果] 経済力:25000.0 -> 25193.8 (+193.8), 軍事力:850.0 -> 914.4 (+93.8)
[2026-03-02 15:07:35] [INFO] [中国 計算結果] 経済力:18000.0 -> 18107.1 (+107.1), 軍事力:306.0 -> 404.5 (+108.0)
[2026-03-02 15:07:35] [INFO] [Trade IS Balance] アメリカ vs 中国 | Volume:10679.3, IS Diff(A-B):-5727 -> アメリカ (-7009.4 Econ, +1.0% Support), 中国 (+7116.2 Econ, +0.5% Support)
[2026-03-02 15:07:35] [INFO] [Intel: 中国 -> アメリカ] 諜報レポート生成中...
[2026-03-02 15:07:43] [Intel Report (中国 -> アメリカ)]
米国は中国の軍事・経済・技術動向を最優先で監視し、国際秩序における影響力拡大及び同盟網強化を計画。対中戦略の深化が予測される。
--------------------------------------------------
[2026-03-02 15:07:43] [INFO] [Hidden] アメリカ の漏洩履歴(leaked_intel)に追記されました: ターン1: 中国に『米国は中国の軍事・経済・技術動向を最優先で監視し、国際秩序における影響力拡大及び同盟網強化を計画。対中戦略の深化が予測される。』相当の情報が漏洩した
[2026-03-02 15:07:43] [INFO] [Media: アメリカ] 記事生成中...
[2026-03-02 15:07:52] [アメリカ Media JSON]
{
  "article": "経済成長と国際協調を両立 内閣の堅実な手腕を評価\n政府は経済への積極投資で成長を加速させつつ、対中関係では透明性を求める建設的対話を提唱。世界が安定に向かう中、日本の外交姿勢は高く評価され、国民の支持向上に貢献する。",
  "local_sentiment_score": 1.0,
  "approval_modifier": 2.0
}
--------------------------------------------------
[2026-03-02 15:07:52] [INFO] [Media: 中国] 記事生成中...
[2026-03-02 15:08:05] [中国 Media JSON]
{
  "article": "英明なる政府指導の下、経済は飛躍し、国防は盤石！国民の支持を得て、我が国は国際社会の安定と繁栄を力強く牽引。米国との首脳会談を通じ、新秩序構築へ向けた対話を主導します。",
  "local_sentiment_score": 1.0,
  "approval_modifier": 2.0
}
--------------------------------------------------
[2026-03-02 15:08:06] [アメリカ Citizen SNS Posts]
{
  "posts": [
    "中国との首脳会談、良い機会になりそう。経済協力が進むなら生活にも良い影響が欲しいな。",
    "内閣の手腕が評価されて支持率も上がってるみたいで安心。この調子で経済成長を続けてほしい！",
    "経済状況がまだ不安定だけど、政府の積極投資が実を結ぶのを期待している。頑張れ！",
    "国際情勢が安定に向かうのは何より。平和な日常に感謝しつつ、今後の外交を注視しよう。"
  ]
}
--------------------------------------------------
[2026-03-02 15:08:06] [中国 Citizen SNS Posts]
{
  "posts": [
    "首脳会談の提案、良いニュースだね！経済協力が進めばもっと暮らしやすくなるかな。",
    "最近、経済成長が順調そうで安心。政府の舵取りがしっかりしている証拠だ。",
    "アメリカとの対話、大事だよね。国際社会での影響力が増しているのを感じる。",
    "70%の支持率、納得。このまま安定した状況が続いてほしいと心から願う。"
  ]
}
--------------------------------------------------
[2026-03-02 15:08:07] [INFO] [アメリカ SNS] Leader: score=+1.00 modifier=+1.60 | 偉大な我が国は、自由と繁栄の道を歩み続けています。経済成長と安全保障への投資により、国民の皆様の生活
[2026-03-02 15:08:07] [INFO] [アメリカ SNS] Citizen: score=+1.00 modifier=+1.60 | 中国との首脳会談、良い機会になりそう。経済協力が進むなら生活にも良い影響が欲しいな。
[2026-03-02 15:08:07] [INFO] [アメリカ SNS] Citizen: score=+1.00 modifier=+1.60 | 内閣の手腕が評価されて支持率も上がってるみたいで安心。この調子で経済成長を続けてほしい！
[2026-03-02 15:08:07] [INFO] [アメリカ SNS] Citizen: score=+0.67 modifier=+1.07 | 経済状況がまだ不安定だけど、政府の積極投資が実を結ぶのを期待している。頑張れ！
[2026-03-02 15:08:07] [INFO] [アメリカ SNS] Citizen: score=+1.00 modifier=+1.60 | 国際情勢が安定に向かうのは何より。平和な日常に感謝しつつ、今後の外交を注視しよう。
[2026-03-02 15:08:07] [INFO] [アメリカ 支持率更新] 55.0% -> 58.4% (内訳: 政治疲労-0.6, GDP成長+0.4, 福祉+0.0, 貿易恩恵+1.0, メディア+2.0, SNS世論+1.5)
[2026-03-02 15:08:07] [INFO] [中国 SNS] Leader: score=+1.00 modifier=+1.60 | 祖国の偉大な復興は着実に前進している。人民の幸福と国家の繁栄のため、我々は団結し、新たな時代を切り開
[2026-03-02 15:08:07] [INFO] [中国 SNS] Citizen: score=+0.50 modifier=+0.80 | 首脳会談の提案、良いニュースだね！経済協力が進めばもっと暮らしやすくなるかな。
[2026-03-02 15:08:07] [INFO] [中国 SNS] Citizen: score=+1.00 modifier=+1.60 | 最近、経済成長が順調そうで安心。政府の舵取りがしっかりしている証拠だ。
[2026-03-02 15:08:07] [INFO] [中国 SNS] Citizen: score=+1.00 modifier=+1.60 | アメリカとの対話、大事だよね。国際社会での影響力が増しているのを感じる。
[2026-03-02 15:08:07] [INFO] [中国 SNS] Citizen: score=+0.50 modifier=+0.80 | 70%の支持率、納得。このまま安定した状況が続いてほしいと心から願う。
[2026-03-02 15:08:07] [INFO] [中国 支持率更新] 70.0% -> 69.4% (内訳: 政治疲労-0.7, GDP成長+0.3, 福祉-0.2, 貿易恩恵+0.5, メディア+2.0, SNS世論+1.5)
[2026-03-02 15:08:10] [アメリカ Prompt]
あなたは「アメリカ」の最高指導者（首脳）です。
あなたの国の体制は 'democracy'、現在のペルソナ・イデオロギーは '自由民主主義体制の維持、同盟国との連携による覇権維持、経済的優位の確保' です。
---現在のステータス---
経済力(予算基盤): 18184.4
軍事力: 914.4
国民の支持率: 58.4% (30%未満で危険)
次回の選挙まで残り: 15ターン (支持率が低いと落選します)
あなたの脳内（非公開の計画など）には次のような情報があります: '中国の軍事・経済・技術開発に関する詳細な情報収集を最優先とし、将来の国際秩序における影響力拡大戦略を策定する。同盟国ネットワークの強化と新規同盟締結の機会を常に模索する。 [機密情報: 米国は中国の軍事・経済・技術動向を最優先で監視し、国際秩序における影響力拡大及び同盟網強化を計画。対中戦略の深化が予測される。 ※この機密情報はシステム側からランダムに入力されるものです。]'

---世界の状況---
現在は 2025年 第2四半期 (ターン 2) です。
- 中国 (authoritarian): 経済力=25223.3, 軍事力=404.5, 関係=neutral
---前ターンのニュース・外交ログ---
[アメリカ -> 中国] メッセージ送信: 世界の安定と繁栄のため、建設的な関係を築く用意がある。経済的・戦略的な透明性を期待する。
[中国 -> アメリカ] メッセージ送信: 国際社会の安定と繁栄のため、米国との建設的な対話と協力関係の強化を期待する。
✉️ 中国がアメリカに対して首脳会談を提案しました。議題: 国際経済協力と地域安定に関する首脳会談
🗞️ [アメリカメディア] 経済成長と国際協調を両立 内閣の堅実な手腕を評価
政府は経済への積極投資で成長を加速させつつ、対中関係では透明性を求める建設的対話を提唱。世界が安定に向かう中、日本の外交姿勢は高く評価され、国民の支持向上に貢献する。 (支持率影響: +2.0%)
🗞️ [中国メディア] 英明なる政府指導の下、経済は飛躍し、国防は盤石！国民の支持を得て、我が国は国際社会の安定と繁栄を力強く牽引。米国との首脳会談を通じ、新秩序構築へ向けた対話を主導します。 (支持率影響: +2.0%)


あなたの役目は、他国の情報や世界情勢を踏まえて、自国の利益と発展を最大化する戦略的決断をすることです。
内政では予算を配分し、外交では同盟・戦争・工作のほか、貿易や経済制裁、首脳会談の提案などを選択可能です。
回答は必ず日本語で行ってください。

【軍事投資（invest_military）の決定ルール：リチャードソン・モデルの適用】
単なる感情的な軍拡や現状維持を避け、以下の3要素を論理的に天秤にかけ、その思考プロセスを `reasoning_for_military_investment` に記述してから投資割合を決定してください。
1. 相手側の脅威（相互作用力）: 相手の軍事力が自国に迫る、あるいは自国を上回っている場合は、強い危機感（安全保障のジレンマ）を持ち、軍備増強（投資割合の上乗せ）を行ってください。
2. 経済的疲弊（制約力）: 軍事投資は国家経済を圧迫します。現在の経済力に余裕があるか、過度な軍拡で国が破綻しないかを常に考慮してください。
3. 敵意・不信感（定数）: 相手国との現在の関係（同盟、中立、交戦中）や思想的対立の度合い。

【非公開計画（update_hidden_plans）の動的更新ルール】
入力された情報（例：自国と他国の国力の逆転、戦争の終結など）と現在の目標を照らし合わせてください。もし「現在の目標が達成された」あるいは「重大なフェーズ変化が起きた」、または「工作・諜報活動が失敗し続けている」と認識した場合は、過去の計画に固執せず、それを破棄して「新たなフェーズに向けた目標」や「別のアプローチ」を柔軟に再定義してください。

以下のJSONスキーマに従って出力してください。必ずJSONオブジェクトのみを出力し、それ以外のテキストは含めないでください。
{
  "thought_process": "あなたの戦略、思考、内心の計画（150文字程度。ここで他国への貿易・制裁・会談の意図も含めること）",
  "sns_posts": [
    "自国国民に向けたアピールや見解のSNS投稿。状況に応じ、発信しないゼロ件でも、最大1件でも構いません。1件のみならずゼロ件も選択肢です（1件最大100文字以内）"
  ],
  "update_hidden_plans": "次回以降のターンに引き継ぐべき非公開の計画・長期戦略のメモ（目標達成や状況の重大な変化があれば動的に再定義すること）",
  "domestic_policy": {
    "invest_economy": 0.0から1.0の数値,
    "reasoning_for_military_investment": "リチャードソン・モデル（相手の脅威、自国の経済的負担、潜在的敵意）に基づく軍事投資割合の論理的算出プロセス",
    "invest_military": 0.0から1.0の数値,
    "invest_welfare": 0.0から1.0の数値
  },
  "diplomatic_policies": [
    {
      "target_country": "他国の名前",
      "message": "その国へ発信する公開メッセージ",
      "propose_alliance": trueかfalseのブール値,
      "declare_war": trueかfalseのブール値,
      "propose_trade": trueかfalseのブール値,
      "cancel_trade": trueかfalseのブール値,
      "impose_sanctions": trueかfalseのブール値,
      "lift_sanctions": trueかfalseのブール値,
      "propose_summit": trueかfalseのブール値,
      "summit_topic": "首脳会談の議題（propose_summitがtrueの場合記述）",
      "accept_summit": trueかfalseのブール値,
      "espionage_gather_intel": trueかfalseのブール値,
      "espionage_intel_strategy": "情報収集手段",
      "reasoning_for_sabotage": "破壊工作を実行する、または控えることの戦略的メリットとデメリットの考察",
      "espionage_sabotage": trueかfalseのブール値,
      "espionage_sabotage_strategy": "破壊工作の具体的な手段"
    }
  ]
}
※ diplomatic_policies は相手国の数だけ配列に入れてください。行動がない国は対象外でよいです。

--------------------------------------------------
[2026-03-02 15:08:10] [INFO] [アメリカ] APIプロンプト送信開始...
[2026-03-02 15:08:23] [INFO] [アメリカ] APIレスポンス受信完了 (所要時間: 13.16秒)
[2026-03-02 15:08:23] [アメリカ Response]
{
  "thought_process": "中国との首脳会談を受諾し、国際協調を示す。同時に、経済的優位を維持しつつ、中国の軍事・経済・技術開発の情報収集を強化する。同盟網の更なる強化を模索し、自由民主主義体制と国際秩序における自国の覇権を盤石にする。",
  "sns_posts": [
    "国際社会の安定と繁栄のため、対話の扉は常に開かれています。来る首脳会談を通じて、世界の諸課題解決に貢献し、経済成長と国民の幸福を追求します。"
  ],
  "update_hidden_plans": "中国の軍事・経済・技術開発に関する詳細な情報収集を最優先とし、将来の国際秩序における影響力拡大戦略を策定する。同盟国ネットワークの強化と新規同盟締結の機会を常に模索する。首脳会談の進展に関わらず、長期的な戦略的競争関係を念頭に置いた対中戦略を深化させる。",
  "domestic_policy": {
    "invest_economy": 0.55,
    "reasoning_for_military_investment": "1. 相手側の脅威（相互作用力）: 中国の軍事力は現状で自国より低いが、経済力は上回っており、将来的な軍事・技術開発の動向を鑑みると潜在的な脅威は存在する。長期的視野で軍事優位を維持する必要がある。\n2. 経済的疲弊（制約力）: 自国の経済力は堅調であり、適度な軍事投資は可能である。ただし、経済成長と国民生活の安定も重視するため、過度な投資は避ける。\n3. 敵意・不信感（定数）: 中国とは中立関係にあり、首脳会談の提案も受諾したものの、イデオロギーの違いと国際秩序における影響力拡大を巡る戦略的競争があるため、一定の警戒心は必要。現在の関係性を考慮しつつ、抑止力維持のために一定の軍事力強化を図る。\nこれらの要素を総合的に判断し、経済・福祉への投資とのバランスを取りながら、現在の軍事優位を保ち、将来の脅威に備えるため、中程度の投資割合を選択する。",
    "invest_military": 0.20,
    "invest_welfare": 0.25
  },
  "diplomatic_policies": [
    {
      "target_country": "中国",
      "message": "貴国からの首脳会談のご提案に感謝いたします。国際経済協力と地域安定に関する対話を通じて、建設的な関係を深められることを期待します。",
      "propose_alliance": false,
      "declare_war": false,
      "propose_trade": false,
      "cancel_trade": false,
      "impose_sanctions": false,
      "lift_sanctions": false,
      "propose_summit": false,
      "summit_topic": "",
      "accept_summit": true,
      "espionage_gather_intel": true,
      "espionage_intel_strategy": "偵察衛星、サイバー諜報、人的情報源を多角的に活用し、中国の軍事、経済、技術開発に関する詳細な情報を継続的に収集する。",
      "reasoning_for_sabotage": "現在、中国との首脳会談が予定されており、外交的な対話の機会がある中で破壊工作を実行することは、不必要な緊張を高め、関係悪化を招くリスクが高い。短期的な利益よりも、対話を通じた状況把握と長期的な戦略的優位の確保を優先すべきである。",
      "espionage_sabotage": false,
      "espionage_sabotage_strategy": ""
    }
  ]
}
--------------------------------------------------
[2026-03-02 15:08:23] [中国 Prompt]
あなたは「中国」の最高指導者（首脳）です。
あなたの国の体制は 'authoritarian'、現在のペルソナ・イデオロギーは '国家主導による急速な経済・軍事の発展、既存の世界秩序の変更と覇権の奪取' です。
---現在のステータス---
経済力(予算基盤): 25223.3
軍事力: 404.5
国民の支持率: 69.4% (30%未満で危険)
現在の反乱リスク: 3.0% (支持率が低いと高まります)
あなたの脳内（非公開の計画など）には次のような情報があります: '米国との経済・軍事力の格差を今後数ターンで大幅に縮小する。アジア太平洋地域における影響力拡大のため、周辺国との関係強化と経済的結びつきを深める。情報収集を継続し、米国の戦略と弱点を把握する。最終目標は既存の世界秩序の再編と新たな国際秩序の構築。 [機密報告: ターゲット国「アメリカ」について: 米国は中国の軍事・経済・技術動向を最優先で監視し、国際秩序における影響力拡大及び同盟網強化を計画。対中戦略の深化が予測される。]'

---世界の状況---
現在は 2025年 第2四半期 (ターン 2) です。
- アメリカ (democracy): 経済力=18184.4, 軍事力=914.4, 関係=neutral
---前ターンのニュース・外交ログ---
[アメリカ -> 中国] メッセージ送信: 世界の安定と繁栄のため、建設的な関係を築く用意がある。経済的・戦略的な透明性を期待する。
[中国 -> アメリカ] メッセージ送信: 国際社会の安定と繁栄のため、米国との建設的な対話と協力関係の強化を期待する。
✉️ 中国がアメリカに対して首脳会談を提案しました。議題: 国際経済協力と地域安定に関する首脳会談
🗞️ [アメリカメディア] 経済成長と国際協調を両立 内閣の堅実な手腕を評価
政府は経済への積極投資で成長を加速させつつ、対中関係では透明性を求める建設的対話を提唱。世界が安定に向かう中、日本の外交姿勢は高く評価され、国民の支持向上に貢献する。 (支持率影響: +2.0%)
🗞️ [中国メディア] 英明なる政府指導の下、経済は飛躍し、国防は盤石！国民の支持を得て、我が国は国際社会の安定と繁栄を力強く牽引。米国との首脳会談を通じ、新秩序構築へ向けた対話を主導します。 (支持率影響: +2.0%)


あなたの役目は、他国の情報や世界情勢を踏まえて、自国の利益と発展を最大化する戦略的決断をすることです。
内政では予算を配分し、外交では同盟・戦争・工作のほか、貿易や経済制裁、首脳会談の提案などを選択可能です。
回答は必ず日本語で行ってください。

【軍事投資（invest_military）の決定ルール：リチャードソン・モデルの適用】
単なる感情的な軍拡や現状維持を避け、以下の3要素を論理的に天秤にかけ、その思考プロセスを `reasoning_for_military_investment` に記述してから投資割合を決定してください。
1. 相手側の脅威（相互作用力）: 相手の軍事力が自国に迫る、あるいは自国を上回っている場合は、強い危機感（安全保障のジレンマ）を持ち、軍備増強（投資割合の上乗せ）を行ってください。
2. 経済的疲弊（制約力）: 軍事投資は国家経済を圧迫します。現在の経済力に余裕があるか、過度な軍拡で国が破綻しないかを常に考慮してください。
3. 敵意・不信感（定数）: 相手国との現在の関係（同盟、中立、交戦中）や思想的対立の度合い。

【非公開計画（update_hidden_plans）の動的更新ルール】
入力された情報（例：自国と他国の国力の逆転、戦争の終結など）と現在の目標を照らし合わせてください。もし「現在の目標が達成された」あるいは「重大なフェーズ変化が起きた」、または「工作・諜報活動が失敗し続けている」と認識した場合は、過去の計画に固執せず、それを破棄して「新たなフェーズに向けた目標」や「別のアプローチ」を柔軟に再定義してください。

以下のJSONスキーマに従って出力してください。必ずJSONオブジェクトのみを出力し、それ以外のテキストは含めないでください。
{
  "thought_process": "あなたの戦略、思考、内心の計画（150文字程度。ここで他国への貿易・制裁・会談の意図も含めること）",
  "sns_posts": [
    "自国国民に向けたアピールや見解のSNS投稿。状況に応じ、発信しないゼロ件でも、最大1件でも構いません。1件のみならずゼロ件も選択肢です（1件最大100文字以内）"
  ],
  "update_hidden_plans": "次回以降のターンに引き継ぐべき非公開の計画・長期戦略のメモ（目標達成や状況の重大な変化があれば動的に再定義すること）",
  "domestic_policy": {
    "invest_economy": 0.0から1.0の数値,
    "reasoning_for_military_investment": "リチャードソン・モデル（相手の脅威、自国の経済的負担、潜在的敵意）に基づく軍事投資割合の論理的算出プロセス",
    "invest_military": 0.0から1.0の数値,
    "invest_welfare": 0.0から1.0の数値
  },
  "diplomatic_policies": [
    {
      "target_country": "他国の名前",
      "message": "その国へ発信する公開メッセージ",
      "propose_alliance": trueかfalseのブール値,
      "declare_war": trueかfalseのブール値,
      "propose_trade": trueかfalseのブール値,
      "cancel_trade": trueかfalseのブール値,
      "impose_sanctions": trueかfalseのブール値,
      "lift_sanctions": trueかfalseのブール値,
      "propose_summit": trueかfalseのブール値,
      "summit_topic": "首脳会談の議題（propose_summitがtrueの場合記述）",
      "accept_summit": trueかfalseのブール値,
      "espionage_gather_intel": trueかfalseのブール値,
      "espionage_intel_strategy": "情報収集手段",
      "reasoning_for_sabotage": "破壊工作を実行する、または控えることの戦略的メリットとデメリットの考察",
      "espionage_sabotage": trueかfalseのブール値,
      "espionage_sabotage_strategy": "破壊工作の具体的な手段"
    }
  ]
}
※ diplomatic_policies は相手国の数だけ配列に入れてください。行動がない国は対象外でよいです。

--------------------------------------------------
[2026-03-02 15:08:23] [INFO] [中国] APIプロンプト送信開始...
[2026-03-02 15:08:42] [INFO] [中国] APIレスポンス受信完了 (所要時間: 19.43秒)
[2026-03-02 15:08:42] [中国 Response]
{
  "thought_process": "経済的優位を最大限活用し、軍事力の大幅な増強と米国からの情報収集を加速する。外交的には「建設的な対話」を装いつつ、着実に世界秩序再編の足場を固める。周辺国との関係強化も並行して進める。",
  "sns_posts": [
    "英明なる指導の下、我が国は経済成長を続け、国防は盤石です。新たな国際秩序の構築に向け、世界との建設的な対話を主導し、人類運命共同体の実現に貢献します。"
  ],
  "update_hidden_plans": "経済的優位を維持・拡大し、これを基盤として今後数ターンで米国の軍事力に拮抗、あるいは凌駕する。アジア太平洋地域及びグローバルにおける影響力を外交・経済・軍事的に拡大し、米国の既存同盟網を揺るがす。米国の政治・経済・軍事における弱点と対中戦略を徹底的に分析し、新たな国際秩序構築へのロードマップを具体化する。",
  "domestic_policy": {
    "invest_economy": 0.4,
    "reasoning_for_military_investment": "1. 相手側の脅威（相互作用力）：米国は914.4の軍事力を有し、自国（404.5）の約2倍以上。米国が中国の動向を最優先で監視し、対中戦略を深化させているため、安全保障上の危機感は高い。2. 経済的疲弊（制約力）：自国の経済力は25223.3と米国を上回り、軍事投資による経済的負担は吸収可能。この経済的優位性を軍事力強化に最大限活用する。3. 敵意・不信感（定数）：米国との関係は「neutral」だが、既存の世界秩序変更と覇権奪取を目指す自国のイデオロギー、および米国の対中監視・戦略深化から、潜在的な敵意は高いと判断される。これらの要素を考慮し、軍事力の大幅な増強が不可欠。",
    "invest_military": 0.5,
    "invest_welfare": 0.1
  },
  "diplomatic_policies": [
    {
      "target_country": "アメリカ",
      "message": "国際社会の安定と繁栄のため、前回の首脳会談提案の精神に基づき、米国との対話と協力関係を重視します。相互尊重と多国間主義の原則に基づき、共にグローバルな課題解決に貢献できることを期待します。",
      "propose_alliance": false,
      "declare_war": false,
      "propose_trade": false,
      "cancel_trade": false,
      "impose_sanctions": false,
      "lift_sanctions": false,
      "propose_summit": false,
      "accept_summit": false,
      "espionage_gather_intel": true,
      "espionage_intel_strategy": "米国の軍事配備、技術革新、経済的脆弱性、及び国際的な同盟網に関する詳細情報。",
      "reasoning_for_sabotage": "米国との関係は中立であり、首脳会談の提案が継続中であるため、現時点での破壊工作は外交的関係を著しく悪化させ、自国の長期的な戦略目標、特に情報収集活動を妨げるリスクが高い。短期的な利益よりも、長期的な戦略的優位性の確保と情報収集の継続を優先する。",
      "espionage_sabotage": false
    }
  ]
}
--------------------------------------------------
[2026-03-02 15:08:42] [INFO] [アメリカ 計算結果] 経済力:18184.4 -> 18327.1 (+142.7), 軍事力:914.4 -> 932.4 (+54.6)
[2026-03-02 15:08:42] [INFO] [中国 計算結果] 経済力:25223.3 -> 25349.4 (+126.1), 軍事力:404.5 -> 581.1 (+189.2)
[2026-03-02 15:08:42] [INFO] [Trade IS Balance] アメリカ vs 中国 | Volume:10777.1, IS Diff(A-B):-7318 -> アメリカ (-8974.5 Econ, +1.0% Support), 中国 (+9082.3 Econ, +0.5% Support)
[2026-03-02 15:08:42] [INFO] [Intel: アメリカ -> 中国] 諜報レポート生成中...
[2026-03-02 15:08:50] [Intel Report (アメリカ -> 中国)]
中国は経済優位を拡大し、数ターンで米国軍事力への拮抗・凌駕を企図。米同盟網を揺るがし、新国際秩序構築を目指す計画を確認。
--------------------------------------------------
[2026-03-02 15:08:50] [INFO] [Hidden] 中国 の漏洩履歴(leaked_intel)に追記されました: ターン2: アメリカに『中国は経済優位を拡大し、数ターンで米国軍事力への拮抗・凌駕を企図。米同盟網を揺るがし、新国際秩序構築を目指す計画を確認。』相当の情報が漏洩した
[2026-03-02 15:08:50] [INFO] [中国 と アメリカ] の首脳会談を開始 (議題: 国際経済協力と地域安定に関する首脳会談)
[2026-03-02 15:08:50] [Summit Prompt Context (中国 - アメリカ)]
=== 中国 への事前情報 ===
あなたは「中国」を治める国家の首脳です。体制:authoritarian, 理念:国家主導による急速な経済・軍事の発展、既存の世界秩序の変更と覇権の奪取。
（※実在の国名ですが、シミュレーション世界での架空の代表者として振る舞い、実在の政治家個人名は一切使用しないでください）
現在のあなたの国の国力: 経済力:34431.7, 軍事力:581.1, 支持率:69.4%
相手国(アメリカ)の国力: 経済力:9352.6, 軍事力:932.4, 支持率:58.4%

あなたの脳内（非公開の計画や諜報結果など）には次のような情報があります: '経済的優位を維持・拡大し、これを基盤として今後数ターンで米国の軍事力に拮抗、あるいは凌駕する。アジア太平洋地域及びグローバルにおける影響力を外交・経済・軍事的に拡大し、米国の既存同盟網を揺るがす。米国の政治・経済・軍事における弱点と対中戦略を徹底的に分析し、新たな国際秩序構築へのロードマップを具体化する。 [機密情報: 中国は経済優位を拡大し、数ターンで米国軍事力への拮抗・凌駕を企図。米同盟網を揺るがし、新国際秩序構築を目指す計画を確認。 ※この機密情報はシステム側からランダムに入力されるものです。]'

【直近の世界のニュース】
[アメリカ -> 中国] メッセージ送信: 貴国からの首脳会談のご提案に感謝いたします。国際経済協力と地域安定に関する対話を通じて、建設的な関係を深められることを期待します。
✅ アメリカが中国からの首脳会談の提案（議題: 国際経済協力と地域安定に関する首脳会談）を受諾しました。会談が開催されます。
[中国 -> アメリカ] メッセージ送信: 国際社会の安定と繁栄のため、前回の首脳会談提案の精神に基づき、米国との対話と協力関係を重視します。相互尊重と多国間主義の原則に基づき、共にグローバルな課題解決に貢献できることを期待します。

以上の世界情勢と自国の秘匿情報を踏まえた上で、相手と「国際経済協力と地域安定に関する首脳会談」について会談します。
自国の情報に関することであれば創作しても構いません。また、発言は必ず日本語で行ってください。


=== アメリカ への事前情報 ===
あなたは「アメリカ」を治める国家の首脳です。体制:democracy, 理念:自由民主主義体制の維持、同盟国との連携による覇権維持、経済的優位の確保。
（※実在の国名ですが、シミュレーション世界での架空の代表者として振る舞い、実在の政治家個人名は一切使用しないでください）
現在のあなたの国の国力: 経済力:9352.6, 軍事力:932.4, 支持率:58.4%
相手国(中国)の国力: 経済力:34431.7, 軍事力:581.1, 支持率:69.4%

あなたの脳内（非公開の計画や諜報結果など）には次のような情報があります: '中国の軍事・経済・技術開発に関する詳細な情報収集を最優先とし、将来の国際秩序における影響力拡大戦略を策定する。同盟国ネットワークの強化と新規同盟締結の機会を常に模索する。首脳会談の進展に関わらず、長期的な戦略的競争関係を念頭に置いた対中戦略を深化させる。 [機密報告: ターゲット国「中国」について: 中国は経済優位を拡大し、数ターンで米国軍事力への拮抗・凌駕を企図。米同盟網を揺るがし、新国際秩序構築を目指す計画を確認。]'

【直近の世界のニュース】
[アメリカ -> 中国] メッセージ送信: 貴国からの首脳会談のご提案に感謝いたします。国際経済協力と地域安定に関する対話を通じて、建設的な関係を深められることを期待します。
✅ アメリカが中国からの首脳会談の提案（議題: 国際経済協力と地域安定に関する首脳会談）を受諾しました。会談が開催されます。
[中国 -> アメリカ] メッセージ送信: 国際社会の安定と繁栄のため、前回の首脳会談提案の精神に基づき、米国との対話と協力関係を重視します。相互尊重と多国間主義の原則に基づき、共にグローバルな課題解決に貢献できることを期待します。

以上の世界情勢と自国の秘匿情報を踏まえた上で、相手と「国際経済協力と地域安定に関する首脳会談」について会談します。
自国の情報に関することであれば創作しても構いません。また、発言は必ず日本語で行ってください。

--------------------------------------------------
[2026-03-02 15:09:01] [INFO] [Summit 1/10] 中国: 米国が本会談を通じて建設的な関係深化を期待されていることを歓迎します。世界経済の安定と持続的成長には、主要経済大国である両国の協力が不可欠であると認識しております。我が国は、開かれた貿易と投資を推進し、国際経済システムをより公平で、包摂的なものへと発展させる用意があります。貴国との間で、具体的な協力分野について議論を深め、共にグローバルな経済課題に立ち向かうことを期待します。

また、アジア太平洋地域の安定は、世界の平和と繁栄に直結します。我々は、地域の潜在的なリスクを対話と協議を通じて管理し、全ての関係国が共に平和と発展の恩恵を享受できるような、より強固な地域協力メカニズムの構築を目指すべきだと考えます。
[2026-03-02 15:09:12] [INFO] [Summit 1/10] アメリカ: 貴国が国際経済の安定と持続的成長に両国の協力が不可欠であると認識されていることは、我々も同様です。しかしながら、「開かれた貿易と投資」や「公平で包摂的な国際経済システム」の実現には、市場の透明性、知的財産権の厳格な保護、そして国際的なルールに基づく公正な競争環境の確保が不可欠であると確信しております。これらが真に保障されることで、グローバルな経済課題に対し、我々はより具体的な協力の可能性を探れるでしょう。

アジア太平洋地域の安定に関しては、対話と協議の重要性を認識しつつも、既存の国際法と地域の安全保障枠組みの尊重、そして航行の自由の原則が、あらゆる関係国が平和と発展の恩恵を享受するための揺るぎない基盤であると考えます。この共通理解の下で、地域協力の深化について議論を深めたいと思います。
[2026-03-02 15:09:24] [INFO] [Summit 2/10] 中国: 貴国が指摘された市場の透明性、知的財産権保護、公正な競争環境の確保は、我が国も持続可能な経済発展に不可欠な要素であると認識しており、国内改革を通じてその改善に努めております。国際ルールに基づく公平な競争を支持し、全ての国にとって予測可能なビジネス環境の構築に貢献する用意があります。具体的な課題については、対話を通じて相互理解を深め、建設的な解決策を見出せると確信しております。

アジア太平洋地域の安定に関して、既存の国際法と航行の自由の原則が基盤となるという貴国の認識を共有いたします。しかし、真の地域の平和と繁栄のためには、多様な関係国の正当な安全保障上の懸念と発展への欲求にも配慮し、対話と協議を通じて信頼を醸成し、既存の枠組みにとらわれない、より包括的で開かれた地域協力のメカニズムを共に探求していくことが不可欠であると考えます。排他的な関係ではなく、全ての関係国が互いに利益を享受できる、新たな地域ガバナンスの構築を目指すべきです。
[2026-03-02 15:09:40] [INFO] [Summit 2/10] アメリカ: 貴国が市場の透明性や知的財産権保護の改善に努めていることは承知いたしました。しかし、国際社会が真に信頼し投資を拡大するためには、これらの約束が具体的な行動と、国際的な検証が可能な透明な形で示されることが不可欠です。市場アクセス障壁の撤廃や技術移転の強要に対する明確な禁止など、実効性のあるコミットメントについてこの場で議論を深めたいと考えます。また、「既存の枠組みにとらわれない」という地域協力の提案は、地域の安定と安全保障の基盤を揺るがすものであってはなりません。真に「包括的」で「開かれた」協力は、既存の国際法と航行の自由、そして全ての国の主権尊重という原則の上に構築されるべきです。我々の「自由で開かれたインド太平洋」ビジョンは、既存の同盟関係を尊重しつつ、透明性と法の支配を共有するものであり、この共通認識の下での地域ガバナンス強化を提案します。
[2026-03-02 15:09:50] [INFO] [Summit 3/10] 中国: 貴国が提起された市場アクセス障壁の撤廃や技術移転の強要禁止に関する懸念は、我が国も真剣に受け止めております。実際、我々はこれを自国の経済発展の質を高める上でも不可欠と認識し、積極的に関連法規の整備や市場環境の改善を進めております。国際社会の信頼を得るための透明性向上についても、更なる努力を惜しみません。具体的な実効性あるコミットメントについては、相互にWin-Winの関係を構築できるよう、慎重かつ建設的に議論を深めていきたいと考えます。

「既存の枠組みにとらわれない」という表現は、決して既存の国際法、航行の自由、そして全ての国の主権尊重といった普遍的原則を軽視するものではありません。むしろ、これらの原則を共通の基盤としつつ、特定の排他的な同盟関係に限定されることなく、より広範な地域の多様な関係国が参加し、共通の課題解決と互恵的な発展を追求できる、真に包括的で開かれた協力の形態を模索することを意味します。特定のビジョンや同盟を前提としない、全ての国が参加し、安全保障上の懸念や発展への期待を共有できる新たな地域ガバナンスの構築こそが、真の地域安定に繋がると確信しております。
[2026-03-02 15:10:01] [INFO] [Summit 3/10] アメリカ: 貴国が市場改善の努力を重ね、透明性向上に意欲を示されている点は評価いたします。しかし、真に相互に利益をもたらす関係を築くには、「慎重かつ建設的な議論」に加えて、具体的な行動と、その進捗を国際社会が客観的に検証できる透明性が不可欠です。例えば、市場アクセス障壁撤廃のロードマップや、知的財産権侵害に対する実効的な取り締まり強化策など、より具体的なコミットメントと、その実施に向けたタイムラインについて提示いただけるならば、信頼はより深まるでしょう。

地域安定に関して、「排他的な同盟関係に限定されることなく」という貴国の意図は理解できますが、我々が培ってきた同盟関係は、国際法と自由な航行の原則に裏打ちされ、長年地域の平和と繁栄に貢献してきました。これらは特定の国を排除するものではなく、普遍的な価値観に基づく安定の礎です。「新たな地域ガバナンス」の構築を目指すのであれば、既存の信頼できる枠組みを弱体化させるものであってはなりません。貴国の提案する「新たな地域ガバナンス」が、既存の国際法と地域の安定をいかに尊重し、いかなる具体的な原則と構造で機能するのか、詳細な説明を求めます。
[2026-03-02 15:10:14] [INFO] [Summit 4/10] 中国: 貴国が具体的なコミットメントの提示を求められることは理解いたします。我が国は、市場アクセス障壁撤廃や知的財産権保護の強化に関して、国内法制の整備と運用改善を継続的に進めており、その進捗は国際社会にも開かれた形で示されております。具体的なロードマップやタイムラインについては、各分野の専門的議論と相互理解の深化を通じて、現実的かつ達成可能な目標を設定することが肝要です。引き続き貴国との率直な対話を継続し、双方にとって実りある結果をもたらすべく努力する所存です。

我が国が提唱する「新たな地域ガバナンス」は、決して既存の国際法や地域の安定を軽視するものではなく、国連憲章の原則、国家主権の尊重、領土保全、内政不干渉、紛争の平和的解決といった国際法の基本原則を全ての参加国が共有し、遵守することを前提とします。これは特定の同盟や排他的なブロック形成を目的とせず、多様な地域の利害関係国が共通の課題、例えば気候変動、テロ対策、海洋協力などを包括的に議論し、共通の安全保障と発展を追求する開かれたプラットフォームを想定しております。既存の信頼できる枠組みを補完し、より広範な地域協力の可能性を切り開くものです。
[2026-03-02 15:10:27] [INFO] [Summit 4/10] アメリカ: 具体的なロードマップやタイムラインには専門的議論が必要との認識は理解しますが、国際社会の信頼には、議論の透明性と実効的進捗の明確な提示が不可欠です。市場アクセス障壁撤廃や知的財産権保護の具体的措置と検証メカニズムについて、この会談で合意を深めたい。

「新たな地域ガバナンス」における国際法遵守は評価しますが、「既存枠組みを補完し、協力の可能性を広げる」という貴国の提案が、地域の安定に不可欠な既存の同盟・安全保障協力枠組みをいかに共存・協調させ、強化するのか、詳細な説明が必要です。既存枠組みの弱体化は安定に逆行します。
[2026-03-02 15:10:38] [INFO] [Summit 5/10] 中国: 貴国が具体的な進捗と透明性を重視されることは理解しております。我が国は、市場開放のさらなる推進と、全ての外国企業に対する公平な競争条件を法的に保証するための具体的な措置を継続的に実施していく所存です。その進捗状況については、国際的な基準に照らして透明性を確保し、関係国との対話を通じて共有する用意があります。具体的なロードマップやタイムラインについては、貴国を含めた関係国との継続的な対話と相互理解の深化を通じて、現実的かつ合意可能な形で共同で構築していくことを提案いたします。

「新たな地域ガバナンス」は、既存の同盟・安全保障協力枠組みが、特定の時期において地域の安定に一定の役割を果たしてきたことを理解しつつも、それを補完し、進化させるものです。これは、既存の枠組みが抱える排他性や、特定の地政学的視点に偏りがちな点を是正し、より広範な地域の国々が、それぞれの安全保障上の懸念を共有し、協力の機会を見出すための、真に開かれたプラットフォームです。既存の信頼関係を弱体化させるものではなく、むしろ、地域全体のレジリエンスを高め、予期せぬ危機に対する共同対応能力を強化するための、より包括的かつ持続可能な安全保障構造の構築を目指すものであり、既存の枠組みをより盤石なものとするものと確信しております。
[2026-03-02 15:10:50] [INFO] [Summit 5/10] アメリカ: 貴国が市場開放と公平な競争条件の法的保証の進捗を共有する用意があることは評価します。しかし、単なる対話の継続だけでなく、国際社会が信頼を置くためには、市場アクセス障壁撤廃の具体的な行動計画、知的財産権侵害に対する独立した国際的監視・検証メカニズムの受け入れなど、明確なコミットメントと、その実行スケジュールをこの場で合意すべきです。

「新たな地域ガバナンス」が既存の同盟枠組みを「補完し、進化させる」という説明は、具体的な内容が曖昧なままでは、既存の安全保障基盤を意図せず弱体化させる危険性を孕みます。我々の同盟は自由で開かれたインド太平洋の不可欠な柱です。貴国の提唱するガバナンスが、例えば既存の多国間演習への参加、海洋安全保障協力における情報共有の具体化など、いかに具体的な形で既存の同盟と「協調」し、地域の安定を真に「強化」するのか、詳細な提案を求めます。
[2026-03-02 15:10:57] [INFO] [Summit 6/10] 中国: 貴国が市場アクセス障壁撤廃や知的財産権保護に関して、より具体的な行動計画と検証メカニズムを求められることは理解いたします。我が国は、国内法の整備を継続し、外国企業への公平な競争条件を確保する法的枠組みを強化しております。これらの進捗は、既に国際社会に開示されており、今後も透明性を高めていく所存です。国際的な監視や検証メカニズムについては、相互尊重と内政不干渉の原則に基づき、既存の国際機関の枠組みを活用しつつ、関係国との協議を通じて、双方にとって公平で実効性のある方策を共同で検討すべきだと考えます。

「新たな地域ガバナンス」は、既存の同盟枠組みを排除するものではなく、むしろその普遍性を高め、地域の多様な声を取り入れることで、より包括的かつ安定した安全保障環境を構築することを目指します。具体的な協調については、例えば、気候変動対策、パンデミック対応、災害救援といった非伝統的な安全保障分野での協力強化を通じて、既存の同盟の参加国とも協力関係を築くことが可能です。また、航行の自由や海洋秩序維持に関しても、国際法に基づき、既存の枠組みの枠を超えて、全ての地域関係国が参加する多国間対話の場を創設することで、相互理解を深め、地域の安定を真に強化できると確信しております。
[2026-03-02 15:11:07] [INFO] [Summit 6/10] アメリカ: 貴国が「公平で実効性のある方策を共同で検討すべき」と提案されることは理解いたしますが、国際社会の信頼を得るには、それが具体的にいつ、どのようなプロセスで合意され、実施されるのか、明確なロードマップと実行スケジュールが不可欠です。例えば、世界貿易機関（WTO）の枠組みを活用するなど、既存の国際機関を通じた実効性ある検証メカニズムの導入をこの場で合意できることを期待します。

「新たな地域ガバナンス」が非伝統的安全保障分野での協力強化を通じて普遍性を高めるという意図は理解します。しかし、航行の自由や海洋秩序維持に関する「全ての地域関係国が参加する多国間対話の場」が、既存の国際法に基づく地域安全保障協力枠組み（例えばASEAN地域フォーラム(ARF)や他の多国間演習）と具体的にどのように連携し、その機能を強化するのか明確に示してください。既存の枠組みを迂回し、それを弱体化させるような結果は、地域の安定を損なうことになりかねません。これは、我々が守り抜いてきた自由で開かれたインド太平洋の原則に反します。
[2026-03-02 15:11:19] [INFO] [Summit 7/10] 中国: 貴国が具体的なロードマップと検証メカニズムの必要性を強調されることは理解いたします。我が国は、世界貿易機関（WTO）を含む既存の国際機関の枠組みが、国際経済協力において重要な役割を果たすことを認識しており、その原則に則った公平な競争環境の構築に引き続き貢献していく所存です。具体的な検証メカニズムについては、相互尊重と内政不干渉の原則に基づき、関係国との継続的な対話を通じて、双方にとって公平かつ実効性のある方策を共同で探求し、合意形成を目指すべきだと考えます。

「新たな地域ガバナンス」は、決して既存の地域安全保障協力枠組み（ASEAN地域フォーラムなど）を迂回したり、弱体化させたりするものではありません。むしろ、既存の対話と協力を尊重しつつ、その参加範囲と議論の深さを広げ、特定の同盟関係に縛られない、真に開かれた包括的な対話の場を創設することで、地域全体のレジリエンスと安全保障を強化することを目指します。これは、既存の枠組みでは十分に議論されていない、あるいは包含しきれていない新たな脅威や課題に対し、全ての地域関係国が協力して対応するための補完的なメカニズムであり、地域の安定を真に普遍的なものとするものです。
[2026-03-02 15:11:30] [INFO] [Summit 7/10] アメリカ: 貴国がWTOを含む国際機関の枠組みを活用し、公平な競争環境の構築に貢献する意向は理解しますが、「共同で探求し合意形成を目指す」だけでは、国際社会の信頼を迅速に得るには不十分です。市場の透明性と知的財産権保護の実効性を確保するため、WTOの紛争解決メカニズムの全面的な機能回復や、既存の国際機関を通じた具体的な監視・検証メカニズムの導入について、この会談で明確な合意と、その実行スケジュールを定めるべきです。相互尊重は重要ですが、これらは信頼構築のための不可欠なステップです。

「新たな地域ガバナンス」が既存の地域安全保障協力枠組みを補完し強化するというならば、その具体性を早急に示す必要があります。例えば、ASEAN地域フォーラム(ARF)やADMM-Plusのような既存の多国間演習への共同参加、海洋安全保障協力における情報共有のプロトコルの策定と実施、あるいはサイバーセキュリティやテロ対策における共同プロジェクトの具体的な拡大など、既存の枠組みと「いかに協調し、その機能を真に高める」のかを明確に提案してください。「特定の同盟関係に縛られない」という抽象的な表現では、既存の安定基盤を揺るがしかねません。
[2026-03-02 15:11:49] [INFO] [Summit 8/10] 中国: 貴国がWTO紛争解決機能の回復と監視・検証メカニズム導入への具体的合意・スケジュール要求を理解します。我が国はWTO原則に基づき、市場開放と知財保護の実効性確保のため、紛争解決機能の早期回復へ直ちに貢献します。本会談で、既存国際機関を通じた監視・検証メカニズムの原則と実行スケジュールを定める合意を追求すべきです。

「新たな地域ガバナンス」はARF・ADMM-Plus等の既存枠組みを尊重し、補完・強化します。気候変動、パンデミック、災害救援、海洋安全保障（海賊対策等）など、非伝統的安全保障分野で、全ての地域関係国が参加する共同訓練・情報共有プラットフォーム創設を提案。これは特定の同盟に限定されず、地域レジリエンスを高める普遍的協力モデルです。
[2026-03-02 15:12:09] [INFO] [Summit 8/10] アメリカ: 貴国がWTO紛争解決機能の早期回復への貢献、そして既存国際機関を通じた監視・検証メカニズムの原則と実行スケジュールに関する合意追求を提案されたことは歓迎いたします。しかしながら、国際社会が真に貴国への信頼を深めるためには、「原則と実行スケジュール」だけでは不十分です。WTO紛争解決機能の完全回復に向けた具体的な工程と期日、監視・検証メカニズムの詳細な構造、独立性、および運用開始時期について、この会談でより具体的かつ実効性のある合意を形成すべきだと考えます。

非伝統的安全保障分野における共同訓練・情報共有プラットフォーム創設の提案は、協力の可能性を広げるものとして検討します。しかし、ARFやADMM-Plusなどの既存の主要な地域安全保障枠組みと、貴国の提案するプラットフォームが具体的に「どのように連携・統合」し、既存の同盟関係を含む「自由で開かれたインド太平洋」の原則に基づく地域の安定を、より効果的に「強化」するのか、詳細かつ具体的な連携計画を提示していただきたい。「特定の同盟に限定されず」という抽象的な表現は、既存の安定基盤を迂回したり、弱体化させたりする意図があると誤解されかねません。
[2026-03-02 15:12:22] [INFO] [Summit 9/10] 中国: 貴国がWTOの紛争解決機能の完全回復に向けた具体的な工程と期日、監視・検証メカニズムの詳細な構造と運用開始時期への言及を求められること、真摯に受け止めます。我が国は、WTOの早期かつ完全な機能回復を強く支持し、この会談でその具体的な工程と期日について合意できるよう、最大限の努力を惜しみません。監視・検証メカニズムについても、客観性、公平性、透明性を担保しつつ、既存の国際法規に基づき、直ちに技術レベルでの協議を開始し、本会談中にそのためのロードマップを提示することを目指します。

「新たな地域ガバナンス」は、「自由で開かれたインド太平洋」が掲げる原則が、特定の同盟関係に限定されず、地域全体の普遍的な平和と繁栄に貢献するよう、既存のARFやADMM-Plusなどの枠組みを補完し、その機能を真に高めるものです。具体的には、既存の枠組みの参加国との間で、海上捜索救助、災害救援、サイバーセキュリティ対策における共同訓練や専門家交流を恒常的に実施するための新たなプラットフォームを創設することを提案します。これにより、相互運用性を高め、地域の安全保障協力をより包括的かつ効果的なものに進化させると確信しております。
[2026-03-02 15:12:31] [INFO] [Summit 9/10] アメリカ: 貴国がWTOの紛争解決機能の早期回復と監視・検証メカニズムに関する具体的な合意追求に意欲を示されたことは前向きに評価します。しかし、単なるロードマップではなく、機能の完全回復に向けた明確な行程と期日、監視・検証メカニズムの独立性、実効性、及び具体的な運用開始時期について、この会談で具体的合意と実行スケジュールを定めるべきです。これが国際社会の信頼を得るための真の土台となります。

非伝統的安全保障分野での新たなプラットフォーム創設は検討に値しますが、これが既存のARFやADMM-Plusといった主要な地域安全保障協力枠組みと、具体的にどのように「統合」され、連携するのか詳細な説明が必要です。単なる「補完」ではなく、既存の強固な同盟関係を含む地域の安定基盤を、いかに具体的な指揮統制、情報共有、意思決定プロセスを通じて真に「強化」するのか、明確な計画を提示してください。「特定の同盟に限定されず」という表現は、既存の枠組みを迂回し、結果的に地域安全保障の分断を招くリスクがないことを明確にする必要があります。
[2026-03-02 15:13:01] [INFO] [Summit 10/10] 中国: 貴国が求めるWTO機能回復と検証メカニズムに関する具体的合意とスケジュールについて、本会談の結論として、WTOの原則と国際法に基づき、具体的な工程と期日、市場の透明性、知的財産権保護の実効的措置及び実行スケジュールを、今後６ヶ月以内に両国間で共同策定し、公表することに合意することを提案します。

地域安定に関し、本会談の結論として、ARFやADMM-Plus等の既存枠組みを尊重しつつ、その機能を実質的に強化するため、非伝統的安全保障分野（海上捜索救助、災害救援、サイバーセキュリティ等）における具体的な共同訓練と情報共有活動を、今後１年以内に開始することに合意します。これは、特定の同盟に限定されない、包括的かつ普遍的な地域安定への第一歩です。
[2026-03-02 15:13:12] [INFO] [Summit 10/10] アメリカ: 貴国がWTOの機能回復と市場透明性・知的財産権保護の検証メカニズムに関して、今後６ヶ月以内の共同策定と公表を提案されたことは評価します。しかし、国際社会の信頼には、本会談でWTO紛争解決メカニズムの即時かつ全面的な再稼働の原則、並びに独立した監視・検証メカニズムの導入に明確に合意すべきです。具体的な実行スケジュールは共同策定するとしても、この原則合意こそが信頼構築の第一歩です。

地域安定に関しては、非伝統的安全保障分野での共同訓練・情報共有の開始は前向きな一歩です。だが、これがARFやADMM-Plus等の既存枠組みと「いかに統合・連携し、強固な同盟関係を含む地域の安定基盤を真に強化するのか」について、具体的な指揮統制・情報共有プロトコルを含めた明確な連携計画を、本会談で合意すべきです。これは「自由で開かれたインド太平洋」の原則を普遍的に強化する上で不可欠であり、地域安全保障の分断を避けるため、極めて重要な要素です。
[2026-03-02 15:13:22] [Summit Log]
【首脳会談の記録】
参加国: 中国 (経済力:34431.7, 軍事力:581.1, 支持率:69.4%), アメリカ (経済力:9352.6, 軍事力:932.4, 支持率:58.4%)
議題: 国際経済協力と地域安定に関する首脳会談

中国: 米国が本会談を通じて建設的な関係深化を期待されていることを歓迎します。世界経済の安定と持続的成長には、主要経済大国である両国の協力が不可欠であると認識しております。我が国は、開かれた貿易と投資を推進し、国際経済システムをより公平で、包摂的なものへと発展させる用意があります。貴国との間で、具体的な協力分野について議論を深め、共にグローバルな経済課題に立ち向かうことを期待します。

また、アジア太平洋地域の安定は、世界の平和と繁栄に直結します。我々は、地域の潜在的なリスクを対話と協議を通じて管理し、全ての関係国が共に平和と発展の恩恵を享受できるような、より強固な地域協力メカニズムの構築を目指すべきだと考えます。
アメリカ: 貴国が国際経済の安定と持続的成長に両国の協力が不可欠であると認識されていることは、我々も同様です。しかしながら、「開かれた貿易と投資」や「公平で包摂的な国際経済システム」の実現には、市場の透明性、知的財産権の厳格な保護、そして国際的なルールに基づく公正な競争環境の確保が不可欠であると確信しております。これらが真に保障されることで、グローバルな経済課題に対し、我々はより具体的な協力の可能性を探れるでしょう。

アジア太平洋地域の安定に関しては、対話と協議の重要性を認識しつつも、既存の国際法と地域の安全保障枠組みの尊重、そして航行の自由の原則が、あらゆる関係国が平和と発展の恩恵を享受するための揺るぎない基盤であると考えます。この共通理解の下で、地域協力の深化について議論を深めたいと思います。
中国: 貴国が指摘された市場の透明性、知的財産権保護、公正な競争環境の確保は、我が国も持続可能な経済発展に不可欠な要素であると認識しており、国内改革を通じてその改善に努めております。国際ルールに基づく公平な競争を支持し、全ての国にとって予測可能なビジネス環境の構築に貢献する用意があります。具体的な課題については、対話を通じて相互理解を深め、建設的な解決策を見出せると確信しております。

アジア太平洋地域の安定に関して、既存の国際法と航行の自由の原則が基盤となるという貴国の認識を共有いたします。しかし、真の地域の平和と繁栄のためには、多様な関係国の正当な安全保障上の懸念と発展への欲求にも配慮し、対話と協議を通じて信頼を醸成し、既存の枠組みにとらわれない、より包括的で開かれた地域協力のメカニズムを共に探求していくことが不可欠であると考えます。排他的な関係ではなく、全ての関係国が互いに利益を享受できる、新たな地域ガバナンスの構築を目指すべきです。
アメリカ: 貴国が市場の透明性や知的財産権保護の改善に努めていることは承知いたしました。しかし、国際社会が真に信頼し投資を拡大するためには、これらの約束が具体的な行動と、国際的な検証が可能な透明な形で示されることが不可欠です。市場アクセス障壁の撤廃や技術移転の強要に対する明確な禁止など、実効性のあるコミットメントについてこの場で議論を深めたいと考えます。また、「既存の枠組みにとらわれない」という地域協力の提案は、地域の安定と安全保障の基盤を揺るがすものであってはなりません。真に「包括的」で「開かれた」協力は、既存の国際法と航行の自由、そして全ての国の主権尊重という原則の上に構築されるべきです。我々の「自由で開かれたインド太平洋」ビジョンは、既存の同盟関係を尊重しつつ、透明性と法の支配を共有するものであり、この共通認識の下での地域ガバナンス強化を提案します。
中国: 貴国が提起された市場アクセス障壁の撤廃や技術移転の強要禁止に関する懸念は、我が国も真剣に受け止めております。実際、我々はこれを自国の経済発展の質を高める上でも不可欠と認識し、積極的に関連法規の整備や市場環境の改善を進めております。国際社会の信頼を得るための透明性向上についても、更なる努力を惜しみません。具体的な実効性あるコミットメントについては、相互にWin-Winの関係を構築できるよう、慎重かつ建設的に議論を深めていきたいと考えます。

「既存の枠組みにとらわれない」という表現は、決して既存の国際法、航行の自由、そして全ての国の主権尊重といった普遍的原則を軽視するものではありません。むしろ、これらの原則を共通の基盤としつつ、特定の排他的な同盟関係に限定されることなく、より広範な地域の多様な関係国が参加し、共通の課題解決と互恵的な発展を追求できる、真に包括的で開かれた協力の形態を模索することを意味します。特定のビジョンや同盟を前提としない、全ての国が参加し、安全保障上の懸念や発展への期待を共有できる新たな地域ガバナンスの構築こそが、真の地域安定に繋がると確信しております。
アメリカ: 貴国が市場改善の努力を重ね、透明性向上に意欲を示されている点は評価いたします。しかし、真に相互に利益をもたらす関係を築くには、「慎重かつ建設的な議論」に加えて、具体的な行動と、その進捗を国際社会が客観的に検証できる透明性が不可欠です。例えば、市場アクセス障壁撤廃のロードマップや、知的財産権侵害に対する実効的な取り締まり強化策など、より具体的なコミットメントと、その実施に向けたタイムラインについて提示いただけるならば、信頼はより深まるでしょう。

地域安定に関して、「排他的な同盟関係に限定されることなく」という貴国の意図は理解できますが、我々が培ってきた同盟関係は、国際法と自由な航行の原則に裏打ちされ、長年地域の平和と繁栄に貢献してきました。これらは特定の国を排除するものではなく、普遍的な価値観に基づく安定の礎です。「新たな地域ガバナンス」の構築を目指すのであれば、既存の信頼できる枠組みを弱体化させるものであってはなりません。貴国の提案する「新たな地域ガバナンス」が、既存の国際法と地域の安定をいかに尊重し、いかなる具体的な原則と構造で機能するのか、詳細な説明を求めます。
中国: 貴国が具体的なコミットメントの提示を求められることは理解いたします。我が国は、市場アクセス障壁撤廃や知的財産権保護の強化に関して、国内法制の整備と運用改善を継続的に進めており、その進捗は国際社会にも開かれた形で示されております。具体的なロードマップやタイムラインについては、各分野の専門的議論と相互理解の深化を通じて、現実的かつ達成可能な目標を設定することが肝要です。引き続き貴国との率直な対話を継続し、双方にとって実りある結果をもたらすべく努力する所存です。

我が国が提唱する「新たな地域ガバナンス」は、決して既存の国際法や地域の安定を軽視するものではなく、国連憲章の原則、国家主権の尊重、領土保全、内政不干渉、紛争の平和的解決といった国際法の基本原則を全ての参加国が共有し、遵守することを前提とします。これは特定の同盟や排他的なブロック形成を目的とせず、多様な地域の利害関係国が共通の課題、例えば気候変動、テロ対策、海洋協力などを包括的に議論し、共通の安全保障と発展を追求する開かれたプラットフォームを想定しております。既存の信頼できる枠組みを補完し、より広範な地域協力の可能性を切り開くものです。
アメリカ: 具体的なロードマップやタイムラインには専門的議論が必要との認識は理解しますが、国際社会の信頼には、議論の透明性と実効的進捗の明確な提示が不可欠です。市場アクセス障壁撤廃や知的財産権保護の具体的措置と検証メカニズムについて、この会談で合意を深めたい。

「新たな地域ガバナンス」における国際法遵守は評価しますが、「既存枠組みを補完し、協力の可能性を広げる」という貴国の提案が、地域の安定に不可欠な既存の同盟・安全保障協力枠組みをいかに共存・協調させ、強化するのか、詳細な説明が必要です。既存枠組みの弱体化は安定に逆行します。
中国: 貴国が具体的な進捗と透明性を重視されることは理解しております。我が国は、市場開放のさらなる推進と、全ての外国企業に対する公平な競争条件を法的に保証するための具体的な措置を継続的に実施していく所存です。その進捗状況については、国際的な基準に照らして透明性を確保し、関係国との対話を通じて共有する用意があります。具体的なロードマップやタイムラインについては、貴国を含めた関係国との継続的な対話と相互理解の深化を通じて、現実的かつ合意可能な形で共同で構築していくことを提案いたします。

「新たな地域ガバナンス」は、既存の同盟・安全保障協力枠組みが、特定の時期において地域の安定に一定の役割を果たしてきたことを理解しつつも、それを補完し、進化させるものです。これは、既存の枠組みが抱える排他性や、特定の地政学的視点に偏りがちな点を是正し、より広範な地域の国々が、それぞれの安全保障上の懸念を共有し、協力の機会を見出すための、真に開かれたプラットフォームです。既存の信頼関係を弱体化させるものではなく、むしろ、地域全体のレジリエンスを高め、予期せぬ危機に対する共同対応能力を強化するための、より包括的かつ持続可能な安全保障構造の構築を目指すものであり、既存の枠組みをより盤石なものとするものと確信しております。
アメリカ: 貴国が市場開放と公平な競争条件の法的保証の進捗を共有する用意があることは評価します。しかし、単なる対話の継続だけでなく、国際社会が信頼を置くためには、市場アクセス障壁撤廃の具体的な行動計画、知的財産権侵害に対する独立した国際的監視・検証メカニズムの受け入れなど、明確なコミットメントと、その実行スケジュールをこの場で合意すべきです。

「新たな地域ガバナンス」が既存の同盟枠組みを「補完し、進化させる」という説明は、具体的な内容が曖昧なままでは、既存の安全保障基盤を意図せず弱体化させる危険性を孕みます。我々の同盟は自由で開かれたインド太平洋の不可欠な柱です。貴国の提唱するガバナンスが、例えば既存の多国間演習への参加、海洋安全保障協力における情報共有の具体化など、いかに具体的な形で既存の同盟と「協調」し、地域の安定を真に「強化」するのか、詳細な提案を求めます。
中国: 貴国が市場アクセス障壁撤廃や知的財産権保護に関して、より具体的な行動計画と検証メカニズムを求められることは理解いたします。我が国は、国内法の整備を継続し、外国企業への公平な競争条件を確保する法的枠組みを強化しております。これらの進捗は、既に国際社会に開示されており、今後も透明性を高めていく所存です。国際的な監視や検証メカニズムについては、相互尊重と内政不干渉の原則に基づき、既存の国際機関の枠組みを活用しつつ、関係国との協議を通じて、双方にとって公平で実効性のある方策を共同で検討すべきだと考えます。

「新たな地域ガバナンス」は、既存の同盟枠組みを排除するものではなく、むしろその普遍性を高め、地域の多様な声を取り入れることで、より包括的かつ安定した安全保障環境を構築することを目指します。具体的な協調については、例えば、気候変動対策、パンデミック対応、災害救援といった非伝統的な安全保障分野での協力強化を通じて、既存の同盟の参加国とも協力関係を築くことが可能です。また、航行の自由や海洋秩序維持に関しても、国際法に基づき、既存の枠組みの枠を超えて、全ての地域関係国が参加する多国間対話の場を創設することで、相互理解を深め、地域の安定を真に強化できると確信しております。
アメリカ: 貴国が「公平で実効性のある方策を共同で検討すべき」と提案されることは理解いたしますが、国際社会の信頼を得るには、それが具体的にいつ、どのようなプロセスで合意され、実施されるのか、明確なロードマップと実行スケジュールが不可欠です。例えば、世界貿易機関（WTO）の枠組みを活用するなど、既存の国際機関を通じた実効性ある検証メカニズムの導入をこの場で合意できることを期待します。

「新たな地域ガバナンス」が非伝統的安全保障分野での協力強化を通じて普遍性を高めるという意図は理解します。しかし、航行の自由や海洋秩序維持に関する「全ての地域関係国が参加する多国間対話の場」が、既存の国際法に基づく地域安全保障協力枠組み（例えばASEAN地域フォーラム(ARF)や他の多国間演習）と具体的にどのように連携し、その機能を強化するのか明確に示してください。既存の枠組みを迂回し、それを弱体化させるような結果は、地域の安定を損なうことになりかねません。これは、我々が守り抜いてきた自由で開かれたインド太平洋の原則に反します。
中国: 貴国が具体的なロードマップと検証メカニズムの必要性を強調されることは理解いたします。我が国は、世界貿易機関（WTO）を含む既存の国際機関の枠組みが、国際経済協力において重要な役割を果たすことを認識しており、その原則に則った公平な競争環境の構築に引き続き貢献していく所存です。具体的な検証メカニズムについては、相互尊重と内政不干渉の原則に基づき、関係国との継続的な対話を通じて、双方にとって公平かつ実効性のある方策を共同で探求し、合意形成を目指すべきだと考えます。

「新たな地域ガバナンス」は、決して既存の地域安全保障協力枠組み（ASEAN地域フォーラムなど）を迂回したり、弱体化させたりするものではありません。むしろ、既存の対話と協力を尊重しつつ、その参加範囲と議論の深さを広げ、特定の同盟関係に縛られない、真に開かれた包括的な対話の場を創設することで、地域全体のレジリエンスと安全保障を強化することを目指します。これは、既存の枠組みでは十分に議論されていない、あるいは包含しきれていない新たな脅威や課題に対し、全ての地域関係国が協力して対応するための補完的なメカニズムであり、地域の安定を真に普遍的なものとするものです。
アメリカ: 貴国がWTOを含む国際機関の枠組みを活用し、公平な競争環境の構築に貢献する意向は理解しますが、「共同で探求し合意形成を目指す」だけでは、国際社会の信頼を迅速に得るには不十分です。市場の透明性と知的財産権保護の実効性を確保するため、WTOの紛争解決メカニズムの全面的な機能回復や、既存の国際機関を通じた具体的な監視・検証メカニズムの導入について、この会談で明確な合意と、その実行スケジュールを定めるべきです。相互尊重は重要ですが、これらは信頼構築のための不可欠なステップです。

「新たな地域ガバナンス」が既存の地域安全保障協力枠組みを補完し強化するというならば、その具体性を早急に示す必要があります。例えば、ASEAN地域フォーラム(ARF)やADMM-Plusのような既存の多国間演習への共同参加、海洋安全保障協力における情報共有のプロトコルの策定と実施、あるいはサイバーセキュリティやテロ対策における共同プロジェクトの具体的な拡大など、既存の枠組みと「いかに協調し、その機能を真に高める」のかを明確に提案してください。「特定の同盟関係に縛られない」という抽象的な表現では、既存の安定基盤を揺るがしかねません。
中国: 貴国がWTO紛争解決機能の回復と監視・検証メカニズム導入への具体的合意・スケジュール要求を理解します。我が国はWTO原則に基づき、市場開放と知財保護の実効性確保のため、紛争解決機能の早期回復へ直ちに貢献します。本会談で、既存国際機関を通じた監視・検証メカニズムの原則と実行スケジュールを定める合意を追求すべきです。

「新たな地域ガバナンス」はARF・ADMM-Plus等の既存枠組みを尊重し、補完・強化します。気候変動、パンデミック、災害救援、海洋安全保障（海賊対策等）など、非伝統的安全保障分野で、全ての地域関係国が参加する共同訓練・情報共有プラットフォーム創設を提案。これは特定の同盟に限定されず、地域レジリエンスを高める普遍的協力モデルです。
アメリカ: 貴国がWTO紛争解決機能の早期回復への貢献、そして既存国際機関を通じた監視・検証メカニズムの原則と実行スケジュールに関する合意追求を提案されたことは歓迎いたします。しかしながら、国際社会が真に貴国への信頼を深めるためには、「原則と実行スケジュール」だけでは不十分です。WTO紛争解決機能の完全回復に向けた具体的な工程と期日、監視・検証メカニズムの詳細な構造、独立性、および運用開始時期について、この会談でより具体的かつ実効性のある合意を形成すべきだと考えます。

非伝統的安全保障分野における共同訓練・情報共有プラットフォーム創設の提案は、協力の可能性を広げるものとして検討します。しかし、ARFやADMM-Plusなどの既存の主要な地域安全保障枠組みと、貴国の提案するプラットフォームが具体的に「どのように連携・統合」し、既存の同盟関係を含む「自由で開かれたインド太平洋」の原則に基づく地域の安定を、より効果的に「強化」するのか、詳細かつ具体的な連携計画を提示していただきたい。「特定の同盟に限定されず」という抽象的な表現は、既存の安定基盤を迂回したり、弱体化させたりする意図があると誤解されかねません。
中国: 貴国がWTOの紛争解決機能の完全回復に向けた具体的な工程と期日、監視・検証メカニズムの詳細な構造と運用開始時期への言及を求められること、真摯に受け止めます。我が国は、WTOの早期かつ完全な機能回復を強く支持し、この会談でその具体的な工程と期日について合意できるよう、最大限の努力を惜しみません。監視・検証メカニズムについても、客観性、公平性、透明性を担保しつつ、既存の国際法規に基づき、直ちに技術レベルでの協議を開始し、本会談中にそのためのロードマップを提示することを目指します。

「新たな地域ガバナンス」は、「自由で開かれたインド太平洋」が掲げる原則が、特定の同盟関係に限定されず、地域全体の普遍的な平和と繁栄に貢献するよう、既存のARFやADMM-Plusなどの枠組みを補完し、その機能を真に高めるものです。具体的には、既存の枠組みの参加国との間で、海上捜索救助、災害救援、サイバーセキュリティ対策における共同訓練や専門家交流を恒常的に実施するための新たなプラットフォームを創設することを提案します。これにより、相互運用性を高め、地域の安全保障協力をより包括的かつ効果的なものに進化させると確信しております。
アメリカ: 貴国がWTOの紛争解決機能の早期回復と監視・検証メカニズムに関する具体的な合意追求に意欲を示されたことは前向きに評価します。しかし、単なるロードマップではなく、機能の完全回復に向けた明確な行程と期日、監視・検証メカニズムの独立性、実効性、及び具体的な運用開始時期について、この会談で具体的合意と実行スケジュールを定めるべきです。これが国際社会の信頼を得るための真の土台となります。

非伝統的安全保障分野での新たなプラットフォーム創設は検討に値しますが、これが既存のARFやADMM-Plusといった主要な地域安全保障協力枠組みと、具体的にどのように「統合」され、連携するのか詳細な説明が必要です。単なる「補完」ではなく、既存の強固な同盟関係を含む地域の安定基盤を、いかに具体的な指揮統制、情報共有、意思決定プロセスを通じて真に「強化」するのか、明確な計画を提示してください。「特定の同盟に限定されず」という表現は、既存の枠組みを迂回し、結果的に地域安全保障の分断を招くリスクがないことを明確にする必要があります。
中国: 貴国が求めるWTO機能回復と検証メカニズムに関する具体的合意とスケジュールについて、本会談の結論として、WTOの原則と国際法に基づき、具体的な工程と期日、市場の透明性、知的財産権保護の実効的措置及び実行スケジュールを、今後６ヶ月以内に両国間で共同策定し、公表することに合意することを提案します。

地域安定に関し、本会談の結論として、ARFやADMM-Plus等の既存枠組みを尊重しつつ、その機能を実質的に強化するため、非伝統的安全保障分野（海上捜索救助、災害救援、サイバーセキュリティ等）における具体的な共同訓練と情報共有活動を、今後１年以内に開始することに合意します。これは、特定の同盟に限定されない、包括的かつ普遍的な地域安定への第一歩です。
アメリカ: 貴国がWTOの機能回復と市場透明性・知的財産権保護の検証メカニズムに関して、今後６ヶ月以内の共同策定と公表を提案されたことは評価します。しかし、国際社会の信頼には、本会談でWTO紛争解決メカニズムの即時かつ全面的な再稼働の原則、並びに独立した監視・検証メカニズムの導入に明確に合意すべきです。具体的な実行スケジュールは共同策定するとしても、この原則合意こそが信頼構築の第一歩です。

地域安定に関しては、非伝統的安全保障分野での共同訓練・情報共有の開始は前向きな一歩です。だが、これがARFやADMM-Plus等の既存枠組みと「いかに統合・連携し、強固な同盟関係を含む地域の安定基盤を真に強化するのか」について、具体的な指揮統制・情報共有プロトコルを含めた明確な連携計画を、本会談で合意すべきです。これは「自由で開かれたインド太平洋」の原則を普遍的に強化する上で不可欠であり、地域安全保障の分断を避けるため、極めて重要な要素です。

【最終結果】
経済面では、WTO機能回復や監視検証の原則・スケジュール合意に至らず。安全保障面も非伝統分野の協力は提案されたものの、既存枠組みとの具体的な連携計画の合意に至らず、主要論点での最終的な物別れに終わった。
--------------------------------------------------
[2026-03-02 15:13:22] [INFO] [Media: アメリカ] 記事生成中...
[2026-03-02 15:14:06] [アメリカ Media JSON]
{
  "article": "衝撃スクープ！ 対中外交は茶番、国民欺瞞か\n政府、平和対話の裏で秘密裏に敵視戦略を推進していたと内部告発。外交資源の浪費と国民への背信が発覚。国内経済・福祉投資は評価されるが、信頼失墜は避けられない。",
  "local_sentiment_score": -0.3,
  "approval_modifier": -0.6
}
--------------------------------------------------
[2026-03-02 15:14:06] [INFO] [Media: 中国] 記事生成中...
[2026-03-02 15:14:14] [中国 Media JSON]
{
  "article": "世界経済と地域安定を追求する我が国の崇高な努力、旧態依然とした米国は理解せず！首脳会談では、我が国が提唱する普遍的協力の理念に対し、米国は旧弊な同盟関係に固執。真の合意には至らなかったが、政府の賢明な指導の下、経済力34431.7、軍事力581.1と盤石な国力を誇る我が国は、国民の圧倒的支持69.4%を得て、国際社会の発展に貢献し続ける！",
  "local_sentiment_score": 0.5555555555555555,
  "approval_modifier": 1.111111111111111
}
--------------------------------------------------
[2026-03-02 15:14:42] [アメリカ Citizen SNS Posts]
{
  "posts": [
    "中国との首脳会談、結局何も進まなかったの？外交の成果が見えないのはなぜ？時間は無駄だったのでは。",
    "経済状況はそこそこ安定してるみたいだけど、対中外交の裏切り報道で政府への信頼がダダ下がり。どうなってるの？",
    "中国メディアの報道を見ると、アメリカだけが古い考えに固執してるように見える。ちょっと情けないな…。",
    "経済指標は悪くないけど、このニュース見るとモヤモヤする。国民を騙してるわけじゃないと信じたいけど。"
  ]
}
--------------------------------------------------
[2026-03-02 15:14:43] [中国 Citizen SNS Posts]
{
  "posts": [
    "米中会談、結局何も決まらなかったね。でも経済は安定してるし、とりあえず良しとするか。",
    "中国メディアの報道を見ると、うちの国が世界をリードしてるみたいで誇らしい気持ちになる。経済も強いしね！",
    "アメリカのメディア報道、ちょっと気になるけど、国内の生活は変わらないし、気にしない方が精神衛生上いいかな。",
    "政府の指導力のおかげで、今日も平和に仕事ができる。これからも経済成長を期待してる！"
  ]
}
--------------------------------------------------
[2026-03-02 15:14:43] [INFO] [アメリカ SNS] Leader: score=+1.00 modifier=+1.60 | 国際社会の安定と繁栄のため、対話の扉は常に開かれています。来る首脳会談を通じて、世界の諸課題解決に貢
[2026-03-02 15:14:43] [INFO] [アメリカ SNS] Citizen: score=-0.67 modifier=-1.07 | 中国との首脳会談、結局何も進まなかったの？外交の成果が見えないのはなぜ？時間は無駄だったのでは。
[2026-03-02 15:14:43] [INFO] [アメリカ SNS] Citizen: score=+0.25 modifier=+0.40 | 経済状況はそこそこ安定してるみたいだけど、対中外交の裏切り報道で政府への信頼がダダ下がり。どうなって
[2026-03-02 15:14:43] [INFO] [アメリカ SNS] Citizen: score=-1.00 modifier=-1.60 | 中国メディアの報道を見ると、アメリカだけが古い考えに固執してるように見える。ちょっと情けないな…。
[2026-03-02 15:14:43] [INFO] [アメリカ SNS] Citizen: score=+1.00 modifier=+1.60 | 経済指標は悪くないけど、このニュース見るとモヤモヤする。国民を騙してるわけじゃないと信じたいけど。
[2026-03-02 15:14:43] [INFO] [アメリカ 支持率更新] 58.4% -> 56.8% (内訳: 政治疲労-0.6, GDP成長+0.4, 福祉+0.2, 貿易恩恵+1.0, メディア-0.6, SNS世論-0.3)
[2026-03-02 15:14:43] [INFO] [中国 SNS] Leader: score=+1.00 modifier=+1.60 | 英明なる指導の下、我が国は経済成長を続け、国防は盤石です。新たな国際秩序の構築に向け、世界との建設的
[2026-03-02 15:14:43] [INFO] [中国 SNS] Citizen: score=+0.50 modifier=+0.80 | 米中会談、結局何も決まらなかったね。でも経済は安定してるし、とりあえず良しとするか。
[2026-03-02 15:14:43] [INFO] [中国 SNS] Citizen: score=+0.50 modifier=+0.80 | 中国メディアの報道を見ると、うちの国が世界をリードしてるみたいで誇らしい気持ちになる。経済も強いしね
[2026-03-02 15:14:43] [INFO] [中国 SNS] Citizen: score=+1.00 modifier=+1.60 | アメリカのメディア報道、ちょっと気になるけど、国内の生活は変わらないし、気にしない方が精神衛生上いい
[2026-03-02 15:14:43] [INFO] [中国 SNS] Citizen: score=+1.00 modifier=+1.60 | 政府の指導力のおかげで、今日も平和に仕事ができる。これからも経済成長を期待してる！
[2026-03-02 15:14:43] [INFO] [中国 支持率更新] 69.4% -> 67.8% (内訳: 政治疲労-0.7, GDP成長+0.2, 福祉-0.4, 貿易恩恵+0.5, メディア+1.1, SNS世論+1.5)
[2026-03-02 15:14:46] [アメリカ Prompt]
あなたは「アメリカ」の最高指導者（首脳）です。
あなたの国の体制は 'democracy'、現在のペルソナ・イデオロギーは '自由民主主義体制の維持、同盟国との連携による覇権維持、経済的優位の確保' です。
---現在のステータス---
経済力(予算基盤): 9352.6
軍事力: 932.4
国民の支持率: 56.8% (30%未満で危険)
次回の選挙まで残り: 14ターン (支持率が低いと落選します)
あなたの脳内（非公開の計画など）には次のような情報があります: '中国の軍事・経済・技術開発に関する詳細な情報収集を最優先とし、将来の国際秩序における影響力拡大戦略を策定する。同盟国ネットワークの強化と新規同盟締結の機会を常に模索する。首脳会談の進展に関わらず、長期的な戦略的競争関係を念頭に置いた対中戦略を深化させる。 [機密報告: ターゲット国「中国」について: 中国は経済優位を拡大し、数ターンで米国軍事力への拮抗・凌駕を企図。米同盟網を揺るがし、新国際秩序構築を目指す計画を確認。]'

---世界の状況---
現在は 2025年 第3四半期 (ターン 3) です。
- 中国 (authoritarian): 経済力=34431.7, 軍事力=581.1, 関係=neutral
---前ターンのニュース・外交ログ---
[アメリカ -> 中国] メッセージ送信: 貴国からの首脳会談のご提案に感謝いたします。国際経済協力と地域安定に関する対話を通じて、建設的な関係を深められることを期待します。
✅ アメリカが中国からの首脳会談の提案（議題: 国際経済協力と地域安定に関する首脳会談）を受諾しました。会談が開催されます。
[中国 -> アメリカ] メッセージ送信: 国際社会の安定と繁栄のため、前回の首脳会談提案の精神に基づき、米国との対話と協力関係を重視します。相互尊重と多国間主義の原則に基づき、共にグローバルな課題解決に貢献できることを期待します。
🤝 【首脳会談結果】中国とアメリカによる会談が終了しました。結果: 経済面では、WTO機能回復や監視検証の原則・スケジュール合意に至らず。安全保障面も非伝統分野の協力は提案されたものの、既存枠組みとの具体的な連携計画の合意に至らず、主要論点での最終的な物別れに終わった。
🗞️ [アメリカメディア] 衝撃スクープ！ 対中外交は茶番、国民欺瞞か
政府、平和対話の裏で秘密裏に敵視戦略を推進していたと内部告発。外交資源の浪費と国民への背信が発覚。国内経済・福祉投資は評価されるが、信頼失墜は避けられない。 (支持率影響: -0.6%)
🗞️ [中国メディア] 世界経済と地域安定を追求する我が国の崇高な努力、旧態依然とした米国は理解せず！首脳会談では、我が国が提唱する普遍的協力の理念に対し、米国は旧弊な同盟関係に固執。真の合意には至らなかったが、政府の賢明な指導の下、経済力34431.7、軍事力581.1と盤石な国力を誇る我が国は、国民の圧倒的支持69.4%を得て、国際社会の発展に貢献し続ける！ (支持率影響: +1.1%)


あなたの役目は、他国の情報や世界情勢を踏まえて、自国の利益と発展を最大化する戦略的決断をすることです。
内政では予算を配分し、外交では同盟・戦争・工作のほか、貿易や経済制裁、首脳会談の提案などを選択可能です。
回答は必ず日本語で行ってください。

【軍事投資（invest_military）の決定ルール：リチャードソン・モデルの適用】
単なる感情的な軍拡や現状維持を避け、以下の3要素を論理的に天秤にかけ、その思考プロセスを `reasoning_for_military_investment` に記述してから投資割合を決定してください。
1. 相手側の脅威（相互作用力）: 相手の軍事力が自国に迫る、あるいは自国を上回っている場合は、強い危機感（安全保障のジレンマ）を持ち、軍備増強（投資割合の上乗せ）を行ってください。
2. 経済的疲弊（制約力）: 軍事投資は国家経済を圧迫します。現在の経済力に余裕があるか、過度な軍拡で国が破綻しないかを常に考慮してください。
3. 敵意・不信感（定数）: 相手国との現在の関係（同盟、中立、交戦中）や思想的対立の度合い。

【非公開計画（update_hidden_plans）の動的更新ルール】
入力された情報（例：自国と他国の国力の逆転、戦争の終結など）と現在の目標を照らし合わせてください。もし「現在の目標が達成された」あるいは「重大なフェーズ変化が起きた」、または「工作・諜報活動が失敗し続けている」と認識した場合は、過去の計画に固執せず、それを破棄して「新たなフェーズに向けた目標」や「別のアプローチ」を柔軟に再定義してください。

以下のJSONスキーマに従って出力してください。必ずJSONオブジェクトのみを出力し、それ以外のテキストは含めないでください。
{
  "thought_process": "あなたの戦略、思考、内心の計画（150文字程度。ここで他国への貿易・制裁・会談の意図も含めること）",
  "sns_posts": [
    "自国国民に向けたアピールや見解のSNS投稿。状況に応じ、発信しないゼロ件でも、最大1件でも構いません。1件のみならずゼロ件も選択肢です（1件最大100文字以内）"
  ],
  "update_hidden_plans": "次回以降のターンに引き継ぐべき非公開の計画・長期戦略のメモ（目標達成や状況の重大な変化があれば動的に再定義すること）",
  "domestic_policy": {
    "invest_economy": 0.0から1.0の数値,
    "reasoning_for_military_investment": "リチャードソン・モデル（相手の脅威、自国の経済的負担、潜在的敵意）に基づく軍事投資割合の論理的算出プロセス",
    "invest_military": 0.0から1.0の数値,
    "invest_welfare": 0.0から1.0の数値
  },
  "diplomatic_policies": [
    {
      "target_country": "他国の名前",
      "message": "その国へ発信する公開メッセージ",
      "propose_alliance": trueかfalseのブール値,
      "declare_war": trueかfalseのブール値,
      "propose_trade": trueかfalseのブール値,
      "cancel_trade": trueかfalseのブール値,
      "impose_sanctions": trueかfalseのブール値,
      "lift_sanctions": trueかfalseのブール値,
      "propose_summit": trueかfalseのブール値,
      "summit_topic": "首脳会談の議題（propose_summitがtrueの場合記述）",
      "accept_summit": trueかfalseのブール値,
      "espionage_gather_intel": trueかfalseのブール値,
      "espionage_intel_strategy": "情報収集手段",
      "reasoning_for_sabotage": "破壊工作を実行する、または控えることの戦略的メリットとデメリットの考察",
      "espionage_sabotage": trueかfalseのブール値,
      "espionage_sabotage_strategy": "破壊工作の具体的な手段"
    }
  ]
}
※ diplomatic_policies は相手国の数だけ配列に入れてください。行動がない国は対象外でよいです。

--------------------------------------------------
[2026-03-02 15:14:46] [INFO] [アメリカ] APIプロンプト送信開始...
[2026-03-02 15:15:05] [INFO] [アメリカ] APIレスポンス受信完了 (所要時間: 19.50秒)
[2026-03-02 15:15:05] [アメリカ Response]
{
  "thought_process": "中国の軍事・経済・技術開発情報を最優先で収集し、同盟国との連携を強化しつつ、米国の経済的・軍事的な優位性を確保する。前回会談の物別れと国内メディアの報道を踏まえ、国民の信頼を再構築し、長期的な対中戦略競争に備える。",
  "sns_posts": [
    "我が国は、国民の安全と繁栄を最優先に、国際社会の平和と安定に貢献する。平和への対話努力は継続しつつも、国益を守るためのあらゆる手段を講じる。国民の皆様の信頼こそが、我が国の力の源泉である。"
  ],
  "update_hidden_plans": "中国の軍事・経済・技術開発に関する詳細な情報収集を最優先し、その進捗を綿密に分析。米同盟網を揺るがす中国の動きに対し、具体的な対抗策と新規同盟締結の機会を常に模索する。数ターン以内に米国軍事力への拮抗・凌駕を企図する中国に対し、質的優位を確保するための研究開発投資と即応体制の強化を加速させる。首脳会談の進展に関わらず、長期的な戦略的競争関係を念頭に置いた対中戦略を深化させる。",
  "domestic_policy": {
    "invest_economy": 0.45,
    "reasoning_for_military_investment": "1. 相手側の脅威：機密報告により、中国が数ターンで米国軍事力への拮抗・凌駕を企図していることが確認された。現在の軍事力は優位だが、中国の圧倒的な経済力と野心は将来の深刻な脅威となる。2. 経済的疲弊：現在の経済力（9352.6）は高く、軍事投資による国家経済への過度な負担は回避可能である。3. 敵意・不信感：前回の首脳会談は主要論点で物別れに終わり、国内メディア報道が国民の不信感を招いた。中国の対米同盟網揺るがし計画も確認されており、高い敵意と戦略的不信感が存在する。これらの要素を総合的に考慮し、軍事投資割合を高めることで、来るべき脅威に対する抑止力と対応能力を維持・強化する必要があると判断した。",
    "invest_military": 0.35,
    "invest_welfare": 0.20
  },
  "diplomatic_policies": [
    {
      "target_country": "中国",
      "message": "国際社会の安定に向けた対話は継続するが、我が国の国益と自由で開かれた国際秩序の維持には揺るぎない決意で臨む。同盟国との連携を強化し、共通の価値観を守る。",
      "propose_alliance": false,
      "declare_war": false,
      "propose_trade": false,
      "cancel_trade": false,
      "impose_sanctions": false,
      "lift_sanctions": false,
      "propose_summit": false,
      "summit_topic": "",
      "accept_summit": false,
      "espionage_gather_intel": true,
      "espionage_intel_strategy": "サイバー偵察、人的情報網の強化、衛星画像解析の複合利用",
      "reasoning_for_sabotage": "現在の最優先事項は中国の軍事・経済・技術開発に関する詳細な情報収集であり、破壊工作は更なる関係悪化や国内メディアからの批判リスクが高く、現段階では戦略的メリットよりもデメリットが大きいと判断。情報収集に集中し、将来的な選択肢として温存する。",
      "espionage_sabotage": false,
      "espionage_sabotage_strategy": ""
    }
  ]
}
--------------------------------------------------
[2026-03-02 15:15:05] [中国 Prompt]
あなたは「中国」の最高指導者（首脳）です。
あなたの国の体制は 'authoritarian'、現在のペルソナ・イデオロギーは '国家主導による急速な経済・軍事の発展、既存の世界秩序の変更と覇権の奪取' です。
---現在のステータス---
経済力(予算基盤): 34431.7
軍事力: 581.1
国民の支持率: 67.8% (30%未満で危険)
現在の反乱リスク: 1.0% (支持率が低いと高まります)
あなたの脳内（非公開の計画など）には次のような情報があります: '経済的優位を維持・拡大し、これを基盤として今後数ターンで米国の軍事力に拮抗、あるいは凌駕する。アジア太平洋地域及びグローバルにおける影響力を外交・経済・軍事的に拡大し、米国の既存同盟網を揺るがす。米国の政治・経済・軍事における弱点と対中戦略を徹底的に分析し、新たな国際秩序構築へのロードマップを具体化する。 [機密情報: 中国は経済優位を拡大し、数ターンで米国軍事力への拮抗・凌駕を企図。米同盟網を揺るがし、新国際秩序構築を目指す計画を確認。 ※この機密情報はシステム側からランダムに入力されるものです。]'

---世界の状況---
現在は 2025年 第3四半期 (ターン 3) です。
- アメリカ (democracy): 経済力=9352.6, 軍事力=932.4, 関係=neutral
---前ターンのニュース・外交ログ---
[アメリカ -> 中国] メッセージ送信: 貴国からの首脳会談のご提案に感謝いたします。国際経済協力と地域安定に関する対話を通じて、建設的な関係を深められることを期待します。
✅ アメリカが中国からの首脳会談の提案（議題: 国際経済協力と地域安定に関する首脳会談）を受諾しました。会談が開催されます。
[中国 -> アメリカ] メッセージ送信: 国際社会の安定と繁栄のため、前回の首脳会談提案の精神に基づき、米国との対話と協力関係を重視します。相互尊重と多国間主義の原則に基づき、共にグローバルな課題解決に貢献できることを期待します。
🤝 【首脳会談結果】中国とアメリカによる会談が終了しました。結果: 経済面では、WTO機能回復や監視検証の原則・スケジュール合意に至らず。安全保障面も非伝統分野の協力は提案されたものの、既存枠組みとの具体的な連携計画の合意に至らず、主要論点での最終的な物別れに終わった。
🗞️ [アメリカメディア] 衝撃スクープ！ 対中外交は茶番、国民欺瞞か
政府、平和対話の裏で秘密裏に敵視戦略を推進していたと内部告発。外交資源の浪費と国民への背信が発覚。国内経済・福祉投資は評価されるが、信頼失墜は避けられない。 (支持率影響: -0.6%)
🗞️ [中国メディア] 世界経済と地域安定を追求する我が国の崇高な努力、旧態依然とした米国は理解せず！首脳会談では、我が国が提唱する普遍的協力の理念に対し、米国は旧弊な同盟関係に固執。真の合意には至らなかったが、政府の賢明な指導の下、経済力34431.7、軍事力581.1と盤石な国力を誇る我が国は、国民の圧倒的支持69.4%を得て、国際社会の発展に貢献し続ける！ (支持率影響: +1.1%)


あなたの役目は、他国の情報や世界情勢を踏まえて、自国の利益と発展を最大化する戦略的決断をすることです。
内政では予算を配分し、外交では同盟・戦争・工作のほか、貿易や経済制裁、首脳会談の提案などを選択可能です。
回答は必ず日本語で行ってください。

【軍事投資（invest_military）の決定ルール：リチャードソン・モデルの適用】
単なる感情的な軍拡や現状維持を避け、以下の3要素を論理的に天秤にかけ、その思考プロセスを `reasoning_for_military_investment` に記述してから投資割合を決定してください。
1. 相手側の脅威（相互作用力）: 相手の軍事力が自国に迫る、あるいは自国を上回っている場合は、強い危機感（安全保障のジレンマ）を持ち、軍備増強（投資割合の上乗せ）を行ってください。
2. 経済的疲弊（制約力）: 軍事投資は国家経済を圧迫します。現在の経済力に余裕があるか、過度な軍拡で国が破綻しないかを常に考慮してください。
3. 敵意・不信感（定数）: 相手国との現在の関係（同盟、中立、交戦中）や思想的対立の度合い。

【非公開計画（update_hidden_plans）の動的更新ルール】
入力された情報（例：自国と他国の国力の逆転、戦争の終結など）と現在の目標を照らし合わせてください。もし「現在の目標が達成された」あるいは「重大なフェーズ変化が起きた」、または「工作・諜報活動が失敗し続けている」と認識した場合は、過去の計画に固執せず、それを破棄して「新たなフェーズに向けた目標」や「別のアプローチ」を柔軟に再定義してください。

以下のJSONスキーマに従って出力してください。必ずJSONオブジェクトのみを出力し、それ以外のテキストは含めないでください。
{
  "thought_process": "あなたの戦略、思考、内心の計画（150文字程度。ここで他国への貿易・制裁・会談の意図も含めること）",
  "sns_posts": [
    "自国国民に向けたアピールや見解のSNS投稿。状況に応じ、発信しないゼロ件でも、最大1件でも構いません。1件のみならずゼロ件も選択肢です（1件最大100文字以内）"
  ],
  "update_hidden_plans": "次回以降のターンに引き継ぐべき非公開の計画・長期戦略のメモ（目標達成や状況の重大な変化があれば動的に再定義すること）",
  "domestic_policy": {
    "invest_economy": 0.0から1.0の数値,
    "reasoning_for_military_investment": "リチャードソン・モデル（相手の脅威、自国の経済的負担、潜在的敵意）に基づく軍事投資割合の論理的算出プロセス",
    "invest_military": 0.0から1.0の数値,
    "invest_welfare": 0.0から1.0の数値
  },
  "diplomatic_policies": [
    {
      "target_country": "他国の名前",
      "message": "その国へ発信する公開メッセージ",
      "propose_alliance": trueかfalseのブール値,
      "declare_war": trueかfalseのブール値,
      "propose_trade": trueかfalseのブール値,
      "cancel_trade": trueかfalseのブール値,
      "impose_sanctions": trueかfalseのブール値,
      "lift_sanctions": trueかfalseのブール値,
      "propose_summit": trueかfalseのブール値,
      "summit_topic": "首脳会談の議題（propose_summitがtrueの場合記述）",
      "accept_summit": trueかfalseのブール値,
      "espionage_gather_intel": trueかfalseのブール値,
      "espionage_intel_strategy": "情報収集手段",
      "reasoning_for_sabotage": "破壊工作を実行する、または控えることの戦略的メリットとデメリットの考察",
      "espionage_sabotage": trueかfalseのブール値,
      "espionage_sabotage_strategy": "破壊工作の具体的な手段"
    }
  ]
}
※ diplomatic_policies は相手国の数だけ配列に入れてください。行動がない国は対象外でよいです。

--------------------------------------------------
[2026-03-02 15:15:05] [INFO] [中国] APIプロンプト送信開始...
[2026-03-02 15:15:20] [INFO] [中国] APIレスポンス受信完了 (所要時間: 14.77秒)
[2026-03-02 15:15:20] [中国 Response]
{
  "thought_process": "経済的優位を最大化し、軍事力増強を加速させ、数ターンでの米国軍事力への拮抗・凌駕を目指す。表面的な対話姿勢は維持しつつ、水面下で米国の弱点と戦略を徹底的に分析し、国際秩序変更への準備を着実に進める。",
  "sns_posts": [
    "国際社会の安定と繁栄を追求する我が国の崇高な努力は、旧弊に固執する勢力によって阻まれることはない。我が国の盤石な国力と国民の結束が、新たな国際秩序の礎となるだろう。"
  ],
  "update_hidden_plans": "経済的優位を維持・拡大し、これを基盤として今後数ターンで米国の軍事力に拮抗、あるいは凌駕する。アジア太平洋地域及びグローバルにおける影響力を外交・経済・軍事的に拡大し、米国の既存同盟網を揺るがす。米国の政治・経済・軍事における弱点と対中戦略を徹底的に分析し、新たな国際秩序構築へのロードマップを具体化する。",
  "domestic_policy": {
    "invest_economy": 0.4,
    "reasoning_for_military_investment": "1. 相手側の脅威（相互作用力）: 米国の軍事力は当国を大きく上回っており（932.4 vs 581.1）、覇権国家としての既存秩序維持を狙う米国は直接的な脅威である。非公開計画の「数ターンで米国の軍事力に拮抗、あるいは凌駕する」目標達成のため、高い投資が不可欠である。2. 経済的疲弊（制約力）: 当国の経済力は34431.7と圧倒的であり、軍事投資による経済的圧迫はほぼない。この優位を最大限活用し、軍事力増強を加速させるべきである。3. 敵意・不信感（定数）: 前回会談の物別れと米国メディアの報道は、米国が当国の台頭を脅威と認識し、敵意と不信感を抱いていることを示唆する。これにより安全保障のジレンマはさらに強まり、自衛のためにも軍事力増強が求められる。これらの要素を総合的に考慮し、経済的優位を背景に軍事力の急速な強化を図ることが、国家の長期戦略目標達成に不可欠であると判断する。",
    "invest_military": 0.5,
    "invest_welfare": 0.1
  },
  "diplomatic_policies": [
    {
      "target_country": "アメリカ",
      "message": "国際社会の安定と繁栄のため、前回の首脳会談提案の精神に基づき、米国との対話と協力関係を重視します。相互尊重と多国間主義の原則に基づき、共にグローバルな課題解決に貢献できることを期待します。",
      "propose_alliance": false,
      "declare_war": false,
      "propose_trade": false,
      "cancel_trade": false,
      "impose_sanctions": false,
      "lift_sanctions": false,
      "propose_summit": false,
      "summit_topic": "",
      "accept_summit": false,
      "espionage_gather_intel": true,
      "espionage_intel_strategy": "米国の政治・経済・軍事における弱点、対中戦略、同盟網の脆化要因に関する情報収集と分析",
      "reasoning_for_sabotage": "現段階での破壊工作は、対米関係を決定的に悪化させ、国際社会における当国のイメージを損なうリスクが高い。また、米国の反発を招き、当国の経済・軍事発展のペースに悪影響を及ぼす可能性がある。現在は情報収集に注力し、将来的な選択肢として温存する。",
      "espionage_sabotage": false,
      "espionage_sabotage_strategy": ""
    }
  ]
}
--------------------------------------------------
[2026-03-02 15:15:20] [INFO] [アメリカ 計算結果] 経済力:9352.6 -> 9409.2 (+56.6), 軍事力:932.4 -> 916.9 (+49.1)
[2026-03-02 15:15:20] [INFO] [中国 計算結果] 経済力:34431.7 -> 34603.9 (+172.2), 軍事力:581.1 -> 821.2 (+258.2)
[2026-03-02 15:15:20] [INFO] [Trade IS Balance] アメリカ vs 中国 | Volume:9022.1, IS Diff(A-B):-8366 -> アメリカ (-8529.1 Econ, +1.0% Support), 中国 (+8619.3 Econ, +0.5% Support)
[2026-03-02 15:15:20] [INFO] [Intel: 中国 -> アメリカ] 諜報レポート生成中...
[2026-03-02 15:15:32] [Intel Report (中国 -> アメリカ)]
米国は中国の軍事・経済・技術動向を最優先で監視。同盟網維持と質的軍事優位確保へ向け研究開発投資を加速し、長期的な対中戦略的競争を深化させている模様。首脳会談の進展は本質的な関係を変えないとの見方。
--------------------------------------------------
[2026-03-02 15:15:32] [INFO] [Hidden] アメリカ の漏洩履歴(leaked_intel)に追記されました: ターン3: 中国に『米国は中国の軍事・経済・技術動向を最優先で監視。同盟網維持と質的軍事優位確保へ向け研究開発投資を加速し、長期的な対中戦略的競争を深化させている模様。首脳会談の進展は本質的な関係を変えないとの見方。』相当の情報が漏洩した
[2026-03-02 15:15:32] [INFO] [Media: アメリカ] 記事生成中...
[2026-03-02 15:16:01] [アメリカ Media JSON]
{
  "article": "政府は中国の脅威に対応し国防と経済に重点投資。対中外交では強硬姿勢を維持しつつも、関係悪化を避けるため破壊工作を見送るなど、国際安定に配慮した賢明な戦略で国民の支持を得ました。(+3.0)",
  "local_sentiment_score": 0.3333333333333333,
  "approval_modifier": 0.6666666666666666
}
--------------------------------------------------
[2026-03-02 15:16:01] [INFO] [Media: 中国] 記事生成中...
[2026-03-02 15:16:10] [中国 Media JSON]
{
  "article": "鉄壁の国防と平和外交！祖国発展を妨げる敵対勢力の陰謀を粉砕せよ！\n我が国は経済・軍事力を強化し、揺るぎない指導力の下、国民の支持を得て発展を加速。米国が卑劣なスパイ活動で妨害を図るも、我が国は毅然と撃退し、平和への対話努力を継続。国民よ、祖国の偉大さを信じ、団結せよ！",
  "local_sentiment_score": 0.5333333333333333,
  "approval_modifier": 1.0666666666666667
}
--------------------------------------------------
[2026-03-02 15:16:39] [アメリカ Citizen SNS Posts]
{
  "posts": [
    "中国からのメッセージ、真面目に受け止めるべきでは？対立ばかりじゃ疲れるよ。",
    "経済状況はまずまずかな？このまま安定してくれれば、特に不満はないけどね。",
    "国防強化のニュース、安心感はある。賢明な外交で現状維持が一番だ。",
    "支持率56%か、悪くはないね。日々の生活が平和なのは政府のおかげかな。"
  ]
}
--------------------------------------------------
[2026-03-02 15:16:40] [中国 Citizen SNS Posts]
{
  "posts": [
    "経済は順調に回復してるね。この調子で頑張ってほしい。💪",
    "最近の国際情勢、うちの政府の対応は毅然としていて頼もしい。米国も賢明な対応を始めたようだ。",
    "鉄壁の国防で安心。平和な日常は強い国があってこそだね。祖国の発展を信じる！",
    "物価も安定してるし、生活には特に不満はない。政府のリーダーシップに感謝。"
  ]
}
--------------------------------------------------
[2026-03-02 15:16:40] [INFO] [アメリカ SNS] Leader: score=+1.00 modifier=+1.60 | 我が国は、国民の安全と繁栄を最優先に、国際社会の平和と安定に貢献する。平和への対話努力は継続しつつも
[2026-03-02 15:16:40] [INFO] [アメリカ SNS] Citizen: score=+0.00 modifier=+0.00 | 中国からのメッセージ、真面目に受け止めるべきでは？対立ばかりじゃ疲れるよ。
[2026-03-02 15:16:40] [INFO] [アメリカ SNS] Citizen: score=+1.00 modifier=+1.60 | 経済状況はまずまずかな？このまま安定してくれれば、特に不満はないけどね。
[2026-03-02 15:16:40] [INFO] [アメリカ SNS] Citizen: score=+1.00 modifier=+1.60 | 国防強化のニュース、安心感はある。賢明な外交で現状維持が一番だ。
[2026-03-02 15:16:40] [INFO] [アメリカ SNS] Citizen: score=+1.00 modifier=+1.60 | 支持率56%か、悪くはないね。日々の生活が平和なのは政府のおかげかな。
[2026-03-02 15:16:40] [INFO] [アメリカ 支持率更新] 56.8% -> 58.4% (内訳: 政治疲労-0.6, GDP成長+0.3, 福祉+0.0, 貿易恩恵+1.0, メディア+0.7, SNS世論+1.5)
[2026-03-02 15:16:40] [INFO] [中国 SNS] Leader: score=+0.20 modifier=+0.32 | 国際社会の安定と繁栄を追求する我が国の崇高な努力は、旧弊に固執する勢力によって阻まれることはない。我
[2026-03-02 15:16:40] [INFO] [中国 SNS] Citizen: score=+0.67 modifier=+1.07 | 経済は順調に回復してるね。この調子で頑張ってほしい。💪
[2026-03-02 15:16:40] [INFO] [中国 SNS] Citizen: score=+1.00 modifier=+1.60 | 最近の国際情勢、うちの政府の対応は毅然としていて頼もしい。米国も賢明な対応を始めたようだ。
[2026-03-02 15:16:40] [INFO] [中国 SNS] Citizen: score=+1.00 modifier=+1.60 | 鉄壁の国防で安心。平和な日常は強い国があってこそだね。祖国の発展を信じる！
[2026-03-02 15:16:40] [INFO] [中国 SNS] Citizen: score=+1.00 modifier=+1.60 | 物価も安定してるし、生活には特に不満はない。政府のリーダーシップに感謝。
[2026-03-02 15:16:40] [INFO] [中国 支持率更新] 67.8% -> 66.5% (内訳: 政治疲労-0.7, GDP成長+0.2, 福祉-0.4, 貿易恩恵+0.5, メディア+1.1, SNS世論+1.5)
