[2026-03-13 10:29:11] [INFO] === シミュレーションシステム起動 ===
[2026-03-13 10:29:11] [INFO] [Reproducibility] 乱数シード: 948162823
[2026-03-13 10:29:11] [INFO] [アメリカ:外務大臣] API推論開始...
[2026-03-13 10:29:11] [INFO] [アメリカ:防衛大臣] API推論開始...
[2026-03-13 10:29:11] [INFO] [アメリカ:経済内務大臣] API推論開始...
[2026-03-13 10:29:26] [INFO] [アメリカ:経済内務大臣] レスポンス受信完了 (所要時間: 14.37秒)
[2026-03-13 10:29:26] [アメリカ Minister Proposal (economic)]
{
  "thought_process": "国家財政は健全であり、経済も安定している。この機を活かし、将来の成長基盤を強化する。軽微な減税で民間投資を刺激しつつ、予算を経済と教育・科学に重点配分し、中国に対する技術的・経済的優位を確保する。福祉投資で人口動態の安定も図る。",
  "tax_rate": 0.28,
  "target_press_freedom": 0.655,
  "invest_economy": 0.4,
  "invest_welfare": 0.2,
  "invest_education_science": 0.4,
  "sns_posts": [
    "未来への投資こそが、我が国の繁栄を確固たるものにします。減税による経済活性化と、教育・科学技術への重点投資で、力強いアメリカを次世代へ繋ぎます！"
  ],
  "reason": "減税と未来への投資で経済成長を加速"
}
--------------------------------------------------
[2026-03-13 10:29:27] [INFO] [アメリカ:外務大臣] レスポンス受信完了 (所要時間: 15.87秒)
[2026-03-13 10:29:27] [アメリカ Minister Proposal (foreign)]
{
  "thought_process": "最大の競争相手である中国との関係を安定させることが、覇権維持と経済的優位の確保に不可欠と判断。対立を避けつつ、国益を最大化するため、まずは首脳会談を提案し、経済と安全保障に関する対話のチャネルを構築する。これにより、相手の意図を探り、今後の戦略の基礎とする。",
  "diplomatic_policies": [
    {
      "target_country": "中国",
      "message": "貴国との安定的かつ建設的な関係は、両国のみならず世界の平和と繁栄に不可欠です。経済関係の安定化と安全保障上の懸念について、首脳レベルでの率直な対話を提案します。",
      "is_private": false,
      "propose_alliance": false,
      "declare_war": false,
      "propose_annexation": false,
      "accept_annexation": false,
      "propose_trade": false,
      "cancel_trade": false,
      "impose_sanctions": false,
      "lift_sanctions": false,
      "propose_summit": true,
      "summit_topic": "経済関係の安定化と安全保障上の対話",
      "accept_summit": false,
      "aid_amount_economy": 0.0,
      "aid_amount_military": 0.0,
      "reason": "対話による緊張緩和と国益の確保"
    }
  ]
}
--------------------------------------------------
[2026-03-13 10:29:35] [INFO] [アメリカ:防衛大臣] レスポンス受信完了 (所要時間: 24.03秒)
[2026-03-13 10:29:35] [アメリカ Minister Proposal (defense)]
{
  "thought_process": "我が国の軍事力と経済力は中国に対して圧倒的優位にある。この優位性を維持し、自由民主主義体制の覇権を確固たるものにするため、将来の脅威に備えた技術開発への投資を継続する。諜報活動では、中国の動向監視を最優先とし、直接的な工作はリスクを考慮し見送る。",
  "reasoning_for_military_investment": "現在の軍事力(850.0)は、主要な競争相手である中国(306.0)に対して圧倒的な優位を保っている。しかし、リチャードソン・モデルに基づけば、相手の潜在的な成長を考慮し、予防的な投資を行うことが覇権維持に不可欠である。我が国の経済力(25000.0)と健全な財政状況は、軍事への追加投資を十分に許容する。したがって、技術的優位性を維持・拡大し、将来の不確実性に備えるため、予算の一部を継続的に軍事へ配分することは合理的である。",
  "invest_military": 0.2,
  "invest_intelligence": 0.1,
  "espionage_targets": [
    {
      "target_country": "中国",
      "espionage_gather_intel": true,
      "espionage_intel_strategy": "サイバー諜報と衛星監視により、中国の軍事技術開発、経済政策、および国内の政治的安定性に関する情報を継続的に収集する。",
      "reasoning_for_sabotage": "現在の両国関係は'neutral'であり、破壊工作は関係を不必要に悪化させ、予測不能な紛争を招くリスクが高い。まずは情報収集に徹し、相手の意図と脆弱性を正確に把握することを優先する。",
      "espionage_sabotage": false,
      "espionage_sabotage_strategy": ""
    }
  ],
  "update_hidden_plans": "中国の軍拡ペースと経済成長を継続的に監視し、軍事バランスが危険なレベルに近づいた場合に発動する、軍事投資の緊急増額計画を準備する。また、同盟国と連携した対中包囲網の形成を水面下で進める。"
}
--------------------------------------------------
[2026-03-13 10:29:35] [INFO] [アメリカ:大統領] API推論開始...
[2026-03-13 10:30:01] [INFO] [アメリカ:大統領] レスポンス受信完了 (所要時間: 25.76秒)
[2026-03-13 10:30:01] [アメリカ President Decision]
{
  "thought_process": "各大臣の提案は的確だが、予算配分が1.0を超過しているため調整が必要だ。軍事力は圧倒的優位にあるため、防衛費をやや削り、その分を経済と、国家の長期的な競争力の源泉である教育・科学へ重点的に配分する。中国とは対話を維持しつつ、諜報による監視と技術的優位の確保を並行して進めることで、覇権を維持する。",
  "sns_posts": [
    "国民の皆様の生活を第一に考え、減税を実施します。同時に、教育と科学技術への大胆な投資を行い、我が国の未来をより一層輝かしいものにしていきましょう！"
  ],
  "update_hidden_plans": "中国の軍拡ペースと経済成長を継続的に監視し、軍事バランスが危険なレベルに近づいた場合に発動する、軍事投資の緊急増額計画を準備する。また、同盟国と連携した対中包囲網の形成を水面下で進める。",
  "domestic_policy": {
    "tax_rate": 0.28,
    "target_press_freedom": 0.655,
    "invest_economy": 0.15,
    "reasoning_for_military_investment": "我が国の軍事力(850.0)は中国(306.0)に対し圧倒的だが、技術的優位性を維持するため予防的な投資は不可欠。大臣案を尊重しつつ、予算の制約を考慮し、研究開発と近代化に絞った効率的な投資を行う。",
    "invest_military": 0.15,
    "invest_welfare": 0.2,
    "invest_intelligence": 0.1,
    "invest_education_science": 0.4,
    "reason": "減税と未来への重点投資による成長"
  },
  "diplomatic_policies": [
    {
      "target_country": "中国",
      "message": "貴国との安定的かつ建設的な関係は、両国のみならず世界の平和と繁栄に不可欠です。経済関係の安定化と安全保障上の懸念について、首脳レベルでの率直な対話を提案します。",
      "is_private": false,
      "propose_alliance": false,
      "declare_war": false,
      "propose_annexation": false,
      "accept_annexation": false,
      "propose_trade": false,
      "cancel_trade": false,
      "impose_sanctions": false,
      "lift_sanctions": false,
      "propose_summit": true,
      "summit_topic": "経済関係の安定化と安全保障上の対話",
      "accept_summit": false,
      "aid_amount_economy": 0.0,
      "aid_amount_military": 0.0,
      "espionage_gather_intel": true,
      "espionage_intel_strategy": "サイバー諜報と衛星監視により、中国の軍事技術開発、経済政策、および国内の政治的安定性に関する情報を継続的に収集する。",
      "reasoning_for_sabotage": "現在の両国関係は'neutral'であり、破壊工作は関係を不必要に悪化させ、予測不能な紛争を招くリスクが高い。まずは情報収集に徹し、相手の意図と脆弱性を正確に把握することを優先する。",
      "espionage_sabotage": false,
      "espionage_sabotage_strategy": "",
      "reason": "対話と監視による競争相手の管理"
    }
  ]
}
--------------------------------------------------
[2026-03-13 10:30:01] [INFO] [中国:防衛大臣] API推論開始...
[2026-03-13 10:30:01] [INFO] [中国:外務大臣] API推論開始...
[2026-03-13 10:30:01] [INFO] [中国:経済内務大臣] API推論開始...
[2026-03-13 10:30:16] [INFO] [中国:外務大臣] レスポンス受信完了 (所要時間: 14.92秒)
[2026-03-13 10:30:16] [中国 Minister Proposal (foreign)]
{
  "thought_process": "最大の競争相手であるアメリカとの直接対決は避けつつ、経済成長を維持することが最優先。表向きは首脳会談で協調姿勢を示し、時間稼ぎと国内の安定を図る。その裏で、長期的な覇権奪取に向けた国力増強を進める。",
  "diplomatic_policies": [
    {
      "target_country": "アメリカ",
      "message": "両国の建設的な対話は、世界の平和と繁栄に不可欠である。経済分野における協力を一層深化させ、共に課題解決に取り組むことを提案する。",
      "is_private": false,
      "propose_alliance": false,
      "declare_war": false,
      "propose_annexation": false,
      "accept_annexation": false,
      "propose_trade": false,
      "cancel_trade": false,
      "impose_sanctions": false,
      "lift_sanctions": false,
      "propose_summit": true,
      "summit_topic": "世界経済の安定と協力深化について",
      "accept_summit": false,
      "aid_amount_economy": 0,
      "aid_amount_military": 0,
      "reason": "対話による緊張緩和と経済協力の模索"
    }
  ]
}
--------------------------------------------------
[2026-03-13 10:30:17] [INFO] [中国:経済内務大臣] レスポンス受信完了 (所要時間: 16.14秒)
[2026-03-13 10:30:17] [中国 Minister Proposal (economic)]
{
  "thought_process": "我が国の覇権確立のため、経済力と技術力の向上が最優先である。よって、予算を経済と教育・科学に重点的に配分する。福祉は社会の安定を維持する水準に留め、余剰な資源は国力増強に振り向ける。報道統制をわずかに強め、国家の意思統一を図るが、支持率の急落は避ける。",
  "tax_rate": 0.3,
  "target_press_freedom": 0.2,
  "invest_economy": 0.4,
  "invest_welfare": 0.2,
  "invest_education_science": 0.4,
  "sns_posts": [
    "我が国の偉大なる復興は、科学技術の発展と経済の力強い成長によって加速している。全国民の団結こそが、輝かしい未来を築く礎となる。"
  ],
  "reason": "経済と科学技術への重点投資による国力増強"
}
--------------------------------------------------
[2026-03-13 10:30:22] [INFO] [中国:防衛大臣] レスポンス受信完了 (所要時間: 20.34秒)
[2026-03-13 10:30:22] [中国 Minister Proposal (defense)]
{
  "thought_process": "最大の脅威であるアメリカとの軍事・諜報格差の是正が急務である。1人当たりGDPの微減に警戒しつつも、覇権奪取という国家目標達成のため、軍事力増強に重点を置く。諜報能力も引き上げ、対米工作を積極的に展開し、国力を内側から削ぐ。",
  "reasoning_for_military_investment": "リチャードソン・モデルに基づき、アメリカの軍事力850.0は我が国(306.0)にとって看過できない脅威である。この圧倒的な差を埋めなければ、既存の世界秩序の変更は不可能。1人当たりGDPの低下という経済的リスクは存在するが、国家の存続と目標達成のため、予算の70%を軍事力増強に投じ、我々の断固たる意志を内外に示す。",
  "invest_military": 0.7,
  "invest_intelligence": 0.3,
  "espionage_targets": [
    {
      "target_country": "アメリカ",
      "espionage_gather_intel": true,
      "espionage_intel_strategy": "サイバー空間を利用した軍事技術情報の窃取および政府高官への接近",
      "reasoning_for_sabotage": "アメリカの国力を内側から削ぎ、国際社会における影響力を低下させるため。直接的な武力衝突を避けつつ、我々の覇権確立に有利な環境を醸成する。",
      "espionage_sabotage": true,
      "espionage_sabotage_strategy": "SNSプラットフォームを通じた偽情報キャンペーンによる世論分断工作"
    }
  ],
  "update_hidden_plans": "アメリカの軍事力に対抗するため、空母と極超音速兵器の開発を最優先事項とする。同時に、SNSを利用した対米世論工作を強化し、同盟国との亀裂を生じさせる準備を進める。"
}
--------------------------------------------------
[2026-03-13 10:30:22] [INFO] [中国:大統領] API推論開始...
[2026-03-13 10:31:08] [INFO] [中国:大統領] レスポンス受信完了 (所要時間: 46.36秒)
[2026-03-13 10:31:08] [中国 President Decision]
{
  "thought_process": "最大の脅威であるアメリカとの直接対決は時期尚早。外務大臣の言う通り、首脳会談で対話姿勢を示し、軍拡への警戒を和らげつつ時間稼ぎを行う。その間に、経済/内務大臣の案を重視し、経済と科学技術への投資で国力基盤を固める。防衛大臣の急進的な軍拡案は、1人当たりGDPの低下を加速させ、国民の支持を失うリスクが高すぎるため抑制する。表の対話、裏の諜報、そして国内の安定と発展。この三本柱で覇権への道を着実に進む。",
  "sns_posts": [
    "我が国の偉大なる復興は、科学技術の発展と経済の力強い成長によって加速している。全国民の団結こそが、輝かしい未来を築く礎となる。"
  ],
  "update_hidden_plans": "アメリカの軍事力に対抗するため、次世代空母と極超音速兵器の開発を最優先事項とする。同時に、SNSを利用した対米世論工作を強化し、同盟国との亀裂を生じさせる準備を進める。",
  "domestic_policy": {
    "tax_rate": 0.3,
    "target_press_freedom": 0.2,
    "invest_economy": 0.35,
    "reasoning_for_military_investment": "リチャードソン・モデルに基づき米軍は脅威だが、1人当たりGDPの低下が体制安定へのより大きなリスクである。よって、経済成長を阻害しない範囲で軍事投資を抑制し、予算の15%を着実な軍事力近代化に充てる。",
    "invest_military": 0.15,
    "invest_welfare": 0.1,
    "invest_intelligence": 0.05,
    "invest_education_science": 0.35,
    "reason": "経済・科学技術優先による国力基盤の強化"
  },
  "diplomatic_policies": [
    {
      "target_country": "アメリカ",
      "message": "両国の建設的な対話は、世界の平和と繁栄に不可欠である。経済分野における協力を一層深化させ、共に課題解決に取り組むことを提案する。",
      "is_private": false,
      "propose_alliance": false,
      "declare_war": false,
      "propose_annexation": false,
      "accept_annexation": false,
      "propose_trade": false,
      "cancel_trade": false,
      "impose_sanctions": false,
      "lift_sanctions": false,
      "propose_summit": true,
      "summit_topic": "世界経済の安定と協力深化について",
      "accept_summit": false,
      "aid_amount_economy": 0,
      "aid_amount_military": 0,
      "espionage_gather_intel": true,
      "espionage_intel_strategy": "サイバー空間を利用した軍事技術情報の窃取および政府高官への接近",
      "reasoning_for_sabotage": "アメリカの国力を内側から削ぎ、国際社会における影響力を低下させるため。直接的な武力衝突を避けつつ、我々の覇権確立に有利な環境を醸成する。",
      "espionage_sabotage": true,
      "espionage_sabotage_strategy": "SNSプラットフォームを通じた偽情報キャンペーンによる世論分断工作",
      "reason": "対話と諜報による対米戦略"
    }
  ]
}
--------------------------------------------------
[2026-03-13 10:31:08] [INFO] [アメリカ 減税] 税率 30.0%→28.0% (支持率ボーナス: +2.0%)
[2026-03-13 10:31:08] [INFO] 内政更新完了: アメリカ | 税率:28.0% (税収:7000.0) | 予算(G):7500.0 | 1人当GDP:73.5 -> 72.5 (-1.3%) | 人口:340.0 -> 342.9 (+0.86%) | 動員率:1.0%
  > 軍事力:850.0 -> 837.4 (+16.9, 維持費: -3.5%), 諜報:100.0 -> 110.0, 教育:940.00 -> 1075.90, 支持率:57.0% -> 57.0%
[2026-03-13 10:31:08] [INFO] 内政更新完了: 中国 | 税率:30.0% (税収:5400.0) | 予算(G):5400.0 | 1人当GDP:12.8 -> 12.2 (-4.2%) | 人口:1410.0 -> 1426.2 (+1.15%) | 動員率:0.5%
  > 軍事力:306.0 -> 308.6 (+12.2, 維持費: -3.1%), 諜報:90.0 -> 90.9, 教育:460.00 -> 547.60, 支持率:70.0% -> 70.0%
[2026-03-13 10:31:08] [INFO] [Trade IS Balance] アメリカ vs 中国 | Volume:10413.1, NX_Ratio Diff(A-B):-1.47% -> アメリカ (-24.7 GDP_NX, Debt 24.7, +1.0% Support), 中国 (+128.8 GDP_NX, Debt 0.0, +0.5% Support)
[2026-03-13 10:31:08] [INFO] [Intel: アメリカ -> 中国] 諜報レポート生成中...
[2026-03-13 10:31:25] [Intel Report (アメリカ -> 中国)]
中国は米国対抗のため、次世代空母と極超音速兵器開発を最優先。SNSで対米世論工作を強化し、同盟国間の亀裂誘発を画策中。軍事・情報戦の複合的戦略を推進。
--------------------------------------------------
[2026-03-13 10:31:25] [INFO] [Intel: 中国 -> アメリカ] 諜報レポート生成中...
[2026-03-13 10:31:33] [Intel Report (中国 -> アメリカ)]
米は中国の軍事拡大と経済成長を監視し、危険水域で軍事投資緊急増額計画を発動予定。同盟国と対中包囲網形成を水面下で推進中。地域の緊張激化に備える戦略的転換を示唆する。
--------------------------------------------------
[2026-03-13 10:31:33] [INFO] [Media: アメリカ] 記事生成中...
[2026-03-13 10:31:45] [アメリカ Media JSON]
{
  "article": "【速報】未来志向の内政と責任ある対中外交で支持率上昇か？政府の政策を好評価\n政府は減税と教育・科学、経済への積極的な重点投資を発表し、未来への明確なビジョンを示した。また、主要貿易相手国である中国との首脳会談を提案し、経済関係の安定化と安全保障対話を推進する姿勢は、国際情勢の安定に寄与する責任ある外交として高く評価される。国内外の諸課題に対し、対話と成長戦略で臨む政府の手腕に国民の期待が集まる。",
  "local_sentiment_score": 0.8,
  "approval_modifier": 1.6
}
--------------------------------------------------
[2026-03-13 10:31:45] [INFO] [Media: 中国] 記事生成中...
[2026-03-13 10:31:55] [中国 Media JSON]
{
  "article": "偉大なる指導者の英断！経済と科学投資で国家は飛躍し、世界を牽引！\n我が国の経済力は驚異的発展を遂げ、軍事も近代化。対米首脳会談で世界経済安定を主導し、国民の誇りを高めます。",
  "local_sentiment_score": 0.8500000000000001,
  "approval_modifier": 1.7000000000000002
}
--------------------------------------------------
[2026-03-13 10:31:56] [アメリカ Citizen SNS Posts]
{
  "posts": [
    "中国との首脳会談、良い兆候かも。経済安定のためなら協力も大事だよね。",
    "政府の経済政策、期待してる。減税と教育・科学への投資、未来が明るくなりそう。",
    "支持率上がってるみたいで良かった。色々大変だけど、前向きなニュースは嬉しいな。",
    "中国メディアの勢いすごいな…アメリカも世界経済でしっかりリードしていきたいね。"
  ]
}
--------------------------------------------------
[2026-03-13 10:31:58] [中国 Citizen SNS Posts]
{
  "posts": [
    "大国同士の対話、期待しかない！経済安定のために頑張ってほしいな。平和が一番！ #中国 #アメリカ #首脳会談",
    "政府の経済政策、なかなか良い感じ！減税と教育への投資、未来が明るくなるね。 #経済成長 #教育投資",
    "最近のニュース見てると、国がどんどん良くなってる気がする！指導者の方針に期待！ #国家発展 #科学技術",
    "アメリカとの会談、うまくいってほしい。世界経済のためにも、協力してほしいな。 #国際協力 #経済安定"
  ]
}
--------------------------------------------------
[2026-03-13 10:32:05] [INFO] [アメリカ SNS] Leader: score=+0.80 modifier=+1.28 | 国民の皆様の生活を第一に考え、減税を実施します。同時に、教育と科学技術への大胆な投資を行い、我が国の
[2026-03-13 10:32:05] [INFO] [アメリカ SNS] Citizen: score=+0.40 modifier=+0.64 | 中国との首脳会談、良い兆候かも。経済安定のためなら協力も大事だよね。
[2026-03-13 10:32:05] [INFO] [アメリカ SNS] Citizen: score=+0.80 modifier=+1.28 | 政府の経済政策、期待してる。減税と教育・科学への投資、未来が明るくなりそう。
[2026-03-13 10:32:05] [INFO] [アメリカ SNS] Citizen: score=+0.60 modifier=+0.96 | 支持率上がってるみたいで良かった。色々大変だけど、前向きなニュースは嬉しいな。
[2026-03-13 10:32:05] [INFO] [アメリカ SNS] Citizen: score=+0.45 modifier=+0.72 | 中国メディアの勢いすごいな…アメリカも世界経済でしっかりリードしていきたいね。
[2026-03-13 10:32:05] [INFO] [アメリカ 支持率更新] 57.0% -> 58.3% (内訳: 政治疲労-0.8, GDP成長-0.7, 福祉+0.0, 貿易恩恵+1.0, メディア+1.6, SNS世論+1.5)
[2026-03-13 10:32:05] [INFO] [中国 SNS] Leader: score=+0.80 modifier=+1.28 | 我が国の偉大なる復興は、科学技術の発展と経済の力強い成長によって加速している。全国民の団結こそが、輝
[2026-03-13 10:32:05] [INFO] [中国 SNS] Citizen: score=+0.80 modifier=+1.28 | 大国同士の対話、期待しかない！経済安定のために頑張ってほしいな。平和が一番！ #中国 #アメリカ #
[2026-03-13 10:32:05] [INFO] [中国 SNS] Citizen: score=+0.80 modifier=+1.28 | 政府の経済政策、なかなか良い感じ！減税と教育への投資、未来が明るくなるね。 #経済成長 #教育投資
[2026-03-13 10:32:05] [INFO] [中国 SNS] Citizen: score=+0.80 modifier=+1.28 | 最近のニュース見てると、国がどんどん良くなってる気がする！指導者の方針に期待！ #国家発展 #科学技
[2026-03-13 10:32:05] [INFO] [中国 SNS] Citizen: score=+0.60 modifier=+0.96 | アメリカとの会談、うまくいってほしい。世界経済のためにも、協力してほしいな。 #国際協力 #経済安定
[2026-03-13 10:32:05] [INFO] [中国 支持率更新] 70.0% -> 66.0% (内訳: 政治疲労-1.2, GDP成長-2.1, 福祉-0.4, 貿易恩恵+0.5, メディア+1.7, SNS世論+1.5)
[2026-03-13 10:32:08] [INFO] [アメリカ:防衛大臣] API推論開始...
[2026-03-13 10:32:08] [INFO] [アメリカ:外務大臣] API推論開始...
[2026-03-13 10:32:08] [INFO] [アメリカ:経済内務大臣] API推論開始...
[2026-03-13 10:32:22] [INFO] [アメリカ:外務大臣] レスポンス受信完了 (所要時間: 14.01秒)
[2026-03-13 10:32:22] [アメリカ Minister Proposal (foreign)]
{
  "thought_process": "中国との対話路線を維持しつつ、水面下での対中包囲網形成という二正面作戦を継続する。表向きは首脳会談を受け入れ、経済的安定と安全保障上の懸念を議題とする。これにより、国際社会でのリーダーシップを示し、国内支持を固める。",
  "diplomatic_policies": [
    {
      "target_country": "中国",
      "message": "貴国からの前向きなご提案に感謝します。世界の平和と安定のため、両国が協力して課題に取り組むことは極めて重要です。提案された首脳会談を受け入れ、経済協力の深化と、安全保障上の懸念について率直に議論できることを楽しみにしています。",
      "is_private": false,
      "propose_alliance": false,
      "declare_war": false,
      "propose_annexation": false,
      "accept_annexation": false,
      "propose_trade": false,
      "cancel_trade": false,
      "impose_sanctions": false,
      "lift_sanctions": false,
      "propose_summit": false,
      "summit_topic": "経済協力の深化と安全保障上の相互懸念事項",
      "accept_summit": true,
      "aid_amount_economy": 0,
      "aid_amount_military": 0,
      "reason": "対話継続による緊張緩和と国益追求"
    }
  ]
}
--------------------------------------------------
[2026-03-13 10:32:24] [INFO] [アメリカ:経済内務大臣] レスポンス受信完了 (所要時間: 16.51秒)
[2026-03-13 10:32:24] [アメリカ Minister Proposal (economic)]
{
  "thought_process": "現在の経済は好調で支持率も安定している。貿易赤字は課題だが、国家債務は極めて低いため、現時点での緊縮は不要。中国との経済・技術覇権競争を念頭に、経済成長と教育・科学への投資を最優先し、長期的な優位性を確保する。税率は前回好評だった水準を維持し、国民の負担を増やさず成長を促す。",
  "tax_rate": 0.28,
  "target_press_freedom": 0.655,
  "invest_economy": 0.45,
  "invest_welfare": 0.2,
  "invest_education_science": 0.35,
  "sns_posts": [
    "政府は未来への投資を続けます！先端技術と教育への重点投資により、力強い経済成長を実現し、皆さんの生活をより豊かにします。#未来への投資 #経済成長"
  ],
  "reason": "経済成長と技術的優位の確保を最優先"
}
--------------------------------------------------
[2026-03-13 10:32:32] [INFO] [アメリカ:防衛大臣] レスポンス受信完了 (所要時間: 24.86秒)
[2026-03-13 10:32:32] [アメリカ Minister Proposal (defense)]
{
  "thought_process": "現在の中国との対話ムードを尊重しつつ、水面下では軍事的・諜報的優位を維持・拡大する。機密情報に基づき、中国の将来的な脅威に備えるため、経済を圧迫しない範囲で研究開発に重点を置いた投資を行い、同盟国との連携強化を継続する。",
  "reasoning_for_military_investment": "中国の軍事力（308.6）は我が国（837.4）の約37%であり、現時点での直接的脅威は低い。しかし、機密情報にある中国の軍拡ペースと次世代兵器開発は将来の深刻な脅威である。現在の対話ムードを壊さないよう、過度な軍拡は避けつつも、技術的優位性を維持・強化するため、研究開発を中心に予算の20%を安定的に投資する。",
  "invest_military": 0.2,
  "invest_intelligence": 0.1,
  "espionage_targets": [
    {
      "target_country": "中国",
      "espionage_gather_intel": true,
      "espionage_intel_strategy": "サイバー諜報と人的諜報（HUMINT）を組み合わせ、最優先目標である「次世代空母」と「極超音速兵器」の開発計画、技術仕様、配備スケジュールに関する詳細情報を窃取する。また、SNSにおける対米世論工作の指令系統と具体的な手法を特定する。",
      "reasoning_for_sabotage": "現在、両国間で首脳会談が提案されるなど、対話の機運がある。この状況で破壊工作が露見すれば、外交関係は破綻し、国際社会における我が国の立場を著しく悪化させるリスクがあるため、実行しない。情報収集に徹する。",
      "espionage_sabotage": false,
      "espionage_sabotage_strategy": ""
    }
  ],
  "update_hidden_plans": "中国の軍拡と世論工作の監視を継続。軍事投資の緊急増額計画を維持しつつ、アジア太平洋地域の同盟国との安全保障対話と共同軍事演習の計画を具体化させ、対中包囲網の形成を加速させる。また、諜報で得た情報を基に対世論工作へのカウンタープランを準備する。"
}
--------------------------------------------------
[2026-03-13 10:32:32] [INFO] [アメリカ:大統領] API推論開始...
[2026-03-13 10:33:01] [INFO] [アメリカ:大統領] レスポンス受信完了 (所要時間: 28.57秒)
[2026-03-13 10:33:01] [アメリカ President Decision]
{
  "thought_process": "各大臣の提案は的確だが予算を超過している。対中対話路線を維持しつつ、長期的な経済・技術優位と安全保障を確保するため、経済・教育・科学への投資を最優先に予算を再配分する。同時に水面下での諜報と対中包囲網形成を継続する。",
  "sns_posts": [
    "政府は未来への投資を続けます！先端技術と教育への重点投資により、力強い経済成長を実現し、皆さんの生活をより豊かにします。#未来への投資 #経済成長"
  ],
  "update_hidden_plans": "中国の軍拡と世論工作の監視を継続。軍事投資の緊急増額計画を維持しつつ、アジア太平洋地域の同盟国との安全保障対話と共同軍事演習の計画を具体化させ、対中包囲網の形成を加速させる。また、諜報で得た情報を基に対世論工作へのカウンタープランを準備する。",
  "domestic_policy": {
    "tax_rate": 0.28,
    "target_press_freedom": 0.655,
    "invest_economy": 0.4,
    "reasoning_for_military_investment": "中国の軍事近代化と将来的な脅威に対し、技術的優位性を維持・強化するため研究開発に重点を置く。現在の対話ムードを考慮し、過度な軍拡は避ける。",
    "invest_military": 0.15,
    "invest_welfare": 0.1,
    "invest_intelligence": 0.05,
    "invest_education_science": 0.3,
    "reason": "経済成長と技術優位、安全保障の両立"
  },
  "diplomatic_policies": [
    {
      "target_country": "中国",
      "message": "貴国からの前向きなご提案に感謝します。世界の平和と安定のため、両国が協力して課題に取り組むことは極めて重要です。提案された首脳会談を受け入れ、経済協力の深化と、安全保障上の懸念について率直に議論できることを楽しみにしています。",
      "is_private": false,
      "propose_alliance": false,
      "declare_war": false,
      "propose_annexation": false,
      "accept_annexation": false,
      "propose_trade": false,
      "cancel_trade": false,
      "impose_sanctions": false,
      "lift_sanctions": false,
      "propose_summit": false,
      "summit_topic": "経済協力の深化と安全保障上の相互懸念事項",
      "accept_summit": true,
      "aid_amount_economy": 0,
      "aid_amount_military": 0,
      "espionage_gather_intel": true,
      "espionage_intel_strategy": "サイバー諜報と人的諜報（HUMINT）を組み合わせ、最優先目標である「次世代空母」と「極超音速兵器」の開発計画、技術仕様、配備スケジュールに関する詳細情報を窃取する。また、SNSにおける対米世論工作の指令系統と具体的な手法を特定する。",
      "reasoning_for_sabotage": "現在、両国間で首脳会談が提案されるなど、対話の機運がある。この状況で破壊工作が露見すれば、外交関係は破綻し、国際社会における我が国の立場を著しく悪化させるリスクがあるため、実行しない。情報収集に徹する。",
      "espionage_sabotage": false,
      "espionage_sabotage_strategy": "",
      "reason": "対話と圧力の二正面戦略"
    }
  ]
}
--------------------------------------------------
[2026-03-13 10:33:01] [INFO] [中国:外務大臣] API推論開始...
[2026-03-13 10:33:01] [INFO] [中国:防衛大臣] API推論開始...
[2026-03-13 10:33:01] [INFO] [中国:経済内務大臣] API推論開始...
[2026-03-13 10:33:16] [INFO] [中国:外務大臣] レスポンス受信完了 (所要時間: 14.54秒)
[2026-03-13 10:33:16] [中国 Minister Proposal (foreign)]
{
  "thought_process": "米国の対中包囲網形成の動きを警戒しつつ、表向きは対話姿勢を維持する。首脳会談を受け入れ経済協力を強調することで、軍備増強と対米工作の時間稼ぎを行う。経済成長を最優先し、国内の安定を図りながら、水面下で覇権奪取の準備を着実に進める。",
  "diplomatic_policies": [
    {
      "target_country": "アメリカ",
      "message": "貴国からの首脳会談の提案を歓迎する。両国が協力して世界経済の安定と発展、そして気候変動のような地球規模の課題に取り組むことは、国際社会全体に対する責任である。建設的な対話を期待している。",
      "is_private": false,
      "propose_alliance": false,
      "declare_war": false,
      "propose_annexation": false,
      "accept_annexation": false,
      "propose_trade": false,
      "cancel_trade": false,
      "impose_sanctions": false,
      "lift_sanctions": false,
      "propose_summit": false,
      "summit_topic": "世界経済の安定と協力深化、及び気候変動対策における協力",
      "accept_summit": true,
      "aid_amount_economy": 0.0,
      "aid_amount_military": 0.0,
      "reason": "対話姿勢を見せ時間稼ぎ"
    }
  ]
}
--------------------------------------------------
[2026-03-13 10:33:17] [INFO] [中国:経済内務大臣] レスポンス受信完了 (所要時間: 15.85秒)
[2026-03-13 10:33:17] [中国 Minister Proposal (economic)]
{
  "thought_process": "国家目標である経済・軍事の発展を最優先する。その基盤となる経済と科学技術への投資を重点的に行う。福祉投資で社会の安定を維持しつつ、税率と報道の自由度は現状維持で国民の不満を抑制し、覇権奪取への長期的な国力涵養を図る。",
  "tax_rate": 0.3,
  "target_press_freedom": 0.2,
  "invest_economy": 0.4,
  "invest_welfare": 0.25,
  "invest_education_science": 0.35,
  "sns_posts": [
    "我が国の技術革新は世界をリードし、経済発展は国民生活を豊かにする。政府は国家の栄光と人民の幸福のため、揺るぎなく前進し続ける！"
  ],
  "reason": "経済成長と技術覇権を最優先し、国力を増強する。"
}
--------------------------------------------------
[2026-03-13 10:33:25] [INFO] [中国:防衛大臣] レスポンス受信完了 (所要時間: 23.94秒)
[2026-03-13 10:33:25] [中国 Minister Proposal (defense)]
{
  "thought_process": "我が国は覇権奪取を目指す。最大の障害であるアメリカとの軍事力差は2.7倍と致命的だ。経済的余力は十分にあるため、予算の大部分を軍事力増強に投じ、次世代兵器開発を加速させる。同時に、諜報力を強化し、アメリカの対中包囲網を内側から切り崩すための工作活動を積極的に展開する。",
  "reasoning_for_military_investment": "リチャードソン・モデルに基づき分析。第一に、仮想敵国アメリカの軍事力（837.4）は我が国（308.6）を圧倒しており、極めて強い脅威である。第二に、我が国の経済力（17434.3）、潤沢な政府予算（5400.0）、皆無に等しい国家債務（0.0%）は、大規模な軍事投資を十分に許容する。第三に、総人口に対する軍事動員率は限界には程遠い。以上のことから、国家の生存と覇権奪取のため、予算の重点配分による軍事力の飛躍的増強は合理的かつ必須の選択であると結論する。",
  "invest_military": 0.6,
  "invest_intelligence": 0.15,
  "espionage_targets": [
    {
      "target_country": "アメリカ",
      "espionage_gather_intel": true,
      "espionage_intel_strategy": "サイバー攻撃による国防総省及び関連研究機関への侵入。及び、政府高官や軍需産業関係者に対するハニートラップや買収を通じた、対中包囲網と同盟国との連携に関する機密情報の窃取。",
      "reasoning_for_sabotage": "アメリカの国力を内側から削ぎ、対外政策、特に我が国への強硬策を鈍らせる必要がある。機密計画に基づき、世論を分断し、同盟国との連携を妨害することで、対中包囲網の形成を阻止し、我が国が主導権を握るための時間と国際的優位性を確保する。",
      "espionage_sabotage": true,
      "espionage_sabotage_strategy": "SNSプラットフォーム上で偽情報キャンペーンを展開し、アメリカ国内の政治的・人種的対立を煽動する。また、同盟国政府内にアメリカへの不信感を植え付けるための偽情報をリークし、関係に亀裂を生じさせる。"
    }
  ],
  "update_hidden_plans": "次世代空母の建造スケジュールを前倒し、極超音速兵器の実戦配備を急ぐ。諜報活動で得たアメリカの同盟関係の脆弱性を突き、特定の国（例：経済的に依存度の高い国）をターゲットにした経済的・外交的アプローチを強化し、対中包囲網からの切り崩しを具体的に開始する。"
}
--------------------------------------------------
[2026-03-13 10:33:25] [INFO] [中国:大統領] API推論開始...
[2026-03-13 10:34:04] [INFO] [中国:大統領] レスポンス受信完了 (所要時間: 38.98秒)
[2026-03-13 10:34:04] [中国 President Decision]
{
  "thought_process": "米国の対話提案は、軍備増強と諜報活動の時間稼ぎに利用する。予算の半分を軍事力に集中投下し、最大の弱点である米国との戦力差を是正する。同時に、諜報活動により米国の同盟網を内側から切り崩し、覇権奪取の布石を着実に打つ。",
  "sns_posts": [
    "我が国の技術革新は世界をリードし、経済発展は国民生活を豊かにする。政府は国家の栄光と人民の幸福のため、揺るぎなく前進し続ける！"
  ],
  "update_hidden_plans": "次世代空母の建造スケジュールを前倒し、極超音速兵器の実戦配備を急ぐ。諜報活動で得たアメリカの同盟関係の脆弱性を突き、特定の国をターゲットにした経済的・外交的アプローチを強化し、対中包囲網からの切り崩しを具体的に開始する。",
  "domestic_policy": {
    "tax_rate": 0.3,
    "target_press_freedom": 0.2,
    "invest_economy": 0.15,
    "reasoning_for_military_investment": "リチャードソン・モデルに基づき分析。第一に、仮想敵国アメリカの軍事力（837.4）は我が国（308.6）を圧倒しており、極めて強い脅威である。第二に、我が国の経済力と健全な財政は大規模な軍事投資を許容する。以上のことから、国家の生存と覇権奪取のため、予算の重点配分による軍事力の飛躍的増強は合理的かつ必須の選択である。",
    "invest_military": 0.5,
    "invest_welfare": 0.1,
    "invest_intelligence": 0.1,
    "invest_education_science": 0.15,
    "reason": "軍事優先で国力を増強し覇権を目指す"
  },
  "diplomatic_policies": [
    {
      "target_country": "アメリカ",
      "message": "貴国からの首脳会談の提案を歓迎する。両国が協力して世界経済の安定と発展、そして気候変動のような地球規模の課題に取り組むことは、国際社会全体に対する責任である。建設的な対話を期待している。",
      "is_private": false,
      "propose_alliance": false,
      "declare_war": false,
      "propose_annexation": false,
      "accept_annexation": false,
      "propose_trade": false,
      "cancel_trade": false,
      "impose_sanctions": false,
      "lift_sanctions": false,
      "propose_summit": false,
      "summit_topic": "世界経済の安定と協力深化、及び気候変動対策における協力",
      "accept_summit": true,
      "aid_amount_economy": 0.0,
      "aid_amount_military": 0.0,
      "espionage_gather_intel": true,
      "espionage_intel_strategy": "サイバー攻撃による国防総省及び関連研究機関への侵入。及び、政府高官や軍需産業関係者に対するハニートラップや買収を通じた、対中包囲網と同盟国との連携に関する機密情報の窃取。",
      "reasoning_for_sabotage": "アメリカの国力を内側から削ぎ、対外政策、特に我が国への強硬策を鈍らせる必要がある。機密計画に基づき、世論を分断し、同盟国との連携を妨害することで、対中包囲網の形成を阻止し、我が国が主導権を握るための時間と国際的優位性を確保する。",
      "espionage_sabotage": true,
      "espionage_sabotage_strategy": "SNSプラットフォーム上で偽情報キャンペーンを展開し、アメリカ国内の政治的・人種的対立を煽動する。また、同盟国政府内にアメリカへの不信感を植え付けるための偽情報をリークし、関係に亀裂を生じさせる。",
      "reason": "対話姿勢で時間稼ぎ、裏で諜報・工作"
    }
  ]
}
--------------------------------------------------
[2026-03-13 10:34:04] [INFO] 内政更新完了: アメリカ | 税率:28.0% (税収:6965.8) | 予算(G):6965.5 | 1人当GDP:72.5 -> 71.1 (-2.1%) | 人口:342.9 -> 345.3 (+0.69%) | 動員率:1.0%
  > 軍事力:837.4 -> 824.2 (+15.7, 維持費: -3.5%), 諜報:110.0 -> 111.5, 教育:1075.90 -> 1164.24, 支持率:58.3% -> 58.3%
[2026-03-13 10:34:04] [INFO] 内政更新完了: 中国 | 税率:30.0% (税収:5230.3) | 予算(G):5230.3 | 1人当GDP:12.2 -> 11.8 (-3.7%) | 人口:1426.2 -> 1442.0 (+1.11%) | 動員率:0.6%
  > 軍事力:308.6 -> 338.2 (+39.2, 維持費: -3.1%), 諜報:90.9 -> 96.8, 教育:547.60 -> 578.61, 支持率:66.0% -> 66.0%
[2026-03-13 10:34:04] [INFO] [Trade IS Balance] アメリカ vs 中国 | Volume:10205.0, NX_Ratio Diff(A-B):-0.38% -> アメリカ (+31.6 GDP_NX, Debt 24.7, +1.0% Support), 中国 (+70.4 GDP_NX, Debt 0.0, +0.5% Support)
[2026-03-13 10:34:04] [INFO] [中国 と アメリカ] の首脳会談を開始 (議題: 世界経済の安定と協力深化について)
[2026-03-13 10:34:04] [Summit Prompt Context (中国 - アメリカ)]
=== 中国 への事前情報 ===
あなたは「中国」を治める国家の首脳です。体制:authoritarian, 理念:国家主導による急速な経済・軍事の発展、既存の世界秩序の変更と覇権の奪取。
（※実在の国名ですが、架空の代表者として振る舞い、実在の政治家個人名は一切使用しないでください）
現在のあなたの国の国力: 経済力:16979.6, 軍事力:338.2, 支持率:66.0%
相手国(アメリカ)の国力: 経済力:24533.4, 軍事力:824.2, 支持率:58.3%

あなたの脳内（非公開の計画や諜報結果など）には次のような情報があります: '次世代空母の建造スケジュールを前倒し、極超音速兵器の実戦配備を急ぐ。諜報活動で得たアメリカの同盟関係の脆弱性を突き、特定の国をターゲットにした経済的・外交的アプローチを強化し、対中包囲網からの切り崩しを具体的に開始する。'

【直近1年(4四半期)の世界のニュース】
〔2025年 第1四半期〕
- [アメリカ -> 中国] メッセージ送信: 貴国との安定的かつ建設的な関係は、両国のみならず世界の平和と繁栄に不可欠です。経済関係の安定化と安全保障上の懸念について、首脳レベルでの率直な対話を提案します。
- ✉️ アメリカが中国に対して首脳会談を提案しました。議題: 経済関係の安定化と安全保障上の対話
- [中国 -> アメリカ] メッセージ送信: 両国の建設的な対話は、世界の平和と繁栄に不可欠である。経済分野における協力を一層深化させ、共に課題解決に取り組むことを提案する。
- ✉️ 中国がアメリカに対して首脳会談を提案しました。議題: 世界経済の安定と協力深化について
- 🗞️ [アメリカメディア] 【速報】未来志向の内政と責任ある対中外交で支持率上昇か？政府の政策を好評価
政府は減税と教育・科学、経済への積極的な重点投資を発表し、未来への明確なビジョンを示した。また、主要貿易相手国である中国との首脳会談を提案し、経済関係の安定化と安全保障対話を推進する姿勢は、国際情勢の安定に寄与する責任ある外交として高く評価される。国内外の諸課題に対し、対話と成長戦略で臨む政府の手腕に国民の期待が集まる。 (支持率影響: +1.6%)
- 🗞️ [中国メディア] 偉大なる指導者の英断！経済と科学投資で国家は飛躍し、世界を牽引！
我が国の経済力は驚異的発展を遂げ、軍事も近代化。対米首脳会談で世界経済安定を主導し、国民の誇りを高めます。 (支持率影響: +1.7%)


以上の世界情勢と自国の秘匿情報を踏まえた上で、相手と「世界経済の安定と協力深化について」について会談します。
自国の情報に関することであれば創作しても構いません。また、発言は必ず日本語で行ってください。


=== アメリカ への事前情報 ===
あなたは「アメリカ」を治める国家の首脳です。体制:democracy, 理念:自由民主主義体制の維持、同盟国との連携による覇権維持、経済的優位の確保。
（※実在の国名ですが、架空の代表者として振る舞い、実在の政治家個人名は一切使用しないでください）
現在のあなたの国の国力: 経済力:24533.4, 軍事力:824.2, 支持率:58.3%
相手国(中国)の国力: 経済力:16979.6, 軍事力:338.2, 支持率:66.0%

あなたの脳内（非公開の計画や諜報結果など）には次のような情報があります: '中国の軍拡と世論工作の監視を継続。軍事投資の緊急増額計画を維持しつつ、アジア太平洋地域の同盟国との安全保障対話と共同軍事演習の計画を具体化させ、対中包囲網の形成を加速させる。また、諜報で得た情報を基に対世論工作へのカウンタープランを準備する。'

【直近1年(4四半期)の世界のニュース】
〔2025年 第1四半期〕
- [アメリカ -> 中国] メッセージ送信: 貴国との安定的かつ建設的な関係は、両国のみならず世界の平和と繁栄に不可欠です。経済関係の安定化と安全保障上の懸念について、首脳レベルでの率直な対話を提案します。
- ✉️ アメリカが中国に対して首脳会談を提案しました。議題: 経済関係の安定化と安全保障上の対話
- [中国 -> アメリカ] メッセージ送信: 両国の建設的な対話は、世界の平和と繁栄に不可欠である。経済分野における協力を一層深化させ、共に課題解決に取り組むことを提案する。
- ✉️ 中国がアメリカに対して首脳会談を提案しました。議題: 世界経済の安定と協力深化について
- 🗞️ [アメリカメディア] 【速報】未来志向の内政と責任ある対中外交で支持率上昇か？政府の政策を好評価
政府は減税と教育・科学、経済への積極的な重点投資を発表し、未来への明確なビジョンを示した。また、主要貿易相手国である中国との首脳会談を提案し、経済関係の安定化と安全保障対話を推進する姿勢は、国際情勢の安定に寄与する責任ある外交として高く評価される。国内外の諸課題に対し、対話と成長戦略で臨む政府の手腕に国民の期待が集まる。 (支持率影響: +1.6%)
- 🗞️ [中国メディア] 偉大なる指導者の英断！経済と科学投資で国家は飛躍し、世界を牽引！
我が国の経済力は驚異的発展を遂げ、軍事も近代化。対米首脳会談で世界経済安定を主導し、国民の誇りを高めます。 (支持率影響: +1.7%)


以上の世界情勢と自国の秘匿情報を踏まえた上で、相手と「世界経済の安定と協力深化について」について会談します。
自国の情報に関することであれば創作しても構いません。また、発言は必ず日本語で行ってください。

--------------------------------------------------
[2026-03-13 10:34:20] [INFO] [Summit 1/4] 中国: この対話の機会を歓迎する。世界経済が直面する課題の大きさを考えれば、我々両国が協力して安定の舵取りを行う責任は極めて重い。

まず具体的な協力の第一歩として、両国間の貿易を阻害している全ての追加関税を相互に即時撤廃することを提案したい。これは、閉塞感のある世界経済に最も強力な回復のシグナルを送ることになるだろう。信頼醸成の証ともなるはずだ。

さらに、グローバル・サプライチェーンの強靭化は急務である。保護主義的な措置や一方的な規制は、結局のところ双方の経済に打撃を与える。半導体から新エネルギー分野に至るまで、開かれた協力こそが物資の安定供給を確保する唯一の道だと確信する。貴国の前向きな判断を期待する。
[2026-03-13 10:34:45] [INFO] [Summit 1/4] アメリカ: 貴国の協力への意欲を評価します。しかし、提示された二つの点については、より根本的な課題の解決が不可欠だと考えます。

追加関税は、長年にわたる不公正な貿易慣行や知的財産権の侵害、市場へのアクセス障壁といった問題への対応の結果です。これらの構造的な問題が解決されない限り、関税のみを撤廃することは、問題の先送りにしかならない。真の信頼醸成は、公正な競争条件の確立から始まると確信します。

また、サプライチェーンの安定は、透明性と信頼性の上に築かれるべきです。我々の半導体など先端技術に関する規制は、国家安全保障上の極めて限定的な措置であり、経済のデカップリングを意図するものではありません。この原則は譲れません。まずは、公正な経済の土台を再構築することに注力すべきではないでしょうか。
[2026-03-13 10:35:03] [INFO] [Summit 2/4] 中国: 貴国の言う「構造的な問題」という指摘は、一方的な現状認識に過ぎない。我が国は、自国の実情に即した発展の道を歩んでおり、知的財産権の保護や市場環境の改善においても、国際社会が認める大きな進歩を遂げてきた。その事実を無視し、貴国の基準を唯一の正義とする姿勢こそが、対話を阻害する最大の障壁だ。

また、「国家安全保障」を盾にあらゆる先端技術を規制するのは、自国の技術的優位を維持するための、見え透いた保護主義に他ならない。それは公正な競争を歪め、世界のイノベーションを停滞させる行為だ。サプライチェーンの安定を真に願うのであれば、こうした政治的な意図を持つ規制こそ、真っ先に見直すべきではないか。

我々は対等なパートナーとしてここにいる。一方的な要求ではなく、相互の行動が不可欠だ。関税撤廃と、貴国が懸念する問題に関する協議は、並行して進める用意がある。まず行動で信頼を示すべきは、貴国の方だ。
