[2026-03-13 10:11:09] [INFO] === シミュレーションシステム起動 ===
[2026-03-13 10:11:09] [INFO] [Reproducibility] 乱数シード: 42
[2026-03-13 10:11:10] [INFO] [アメリカ:外務大臣] API推論開始...
[2026-03-13 10:11:10] [INFO] [アメリカ:防衛大臣] API推論開始...
[2026-03-13 10:11:10] [INFO] [アメリカ:経済内務大臣] API推論開始...
[2026-03-13 10:11:35] [INFO] [アメリカ:経済内務大臣] レスポンス受信完了 (所要時間: 24.80秒)
[2026-03-13 10:11:35] [アメリカ Minister Proposal (economic)]
{
  "thought_process": "現状、財政は健全であり、支持率も安定している。最大の競争相手である中国に対抗し、長期的な経済的優位を確保するため、内生的成長の源泉となる教育・科学分野へ重点的に予算を配分する。同時に、経済と福祉への投資も行い、バランスの取れた成長と国民生活の安定を目指す。",
  "tax_rate": 0.3,
  "target_press_freedom": 0.655,
  "invest_economy": 0.35,
  "invest_welfare": 0.25,
  "invest_education_science": 0.4,
  "sns_posts": [
    "未来を担う世代と、我が国の技術的優位を確固たるものにするため、教育と科学分野への投資を拡充します。共に、より豊かで強いアメリカを築きましょう！ #未来への投資 #経済成長"
  ],
  "reason": "中長期的な経済成長と技術的優位の確保のため。"
}
--------------------------------------------------
[2026-03-13 10:11:36] [INFO] [アメリカ:外務大臣] レスポンス受信完了 (所要時間: 25.64秒)
[2026-03-13 10:11:36] [アメリカ Minister Proposal (foreign)]
{
  "thought_process": "現在、最大の競争相手である中国とは中立関係かつ貿易協定を結んでいる。イデオロギー的対立はありつつも、経済的な相互依存は無視できない。まずは対話のチャンネルを開き、経済競争のルール形成や偶発的衝突の回避といった議題で首脳会談を提案し、相手の出方を探りつつ、我々の主導で国際秩序の安定化を図るのが得策だろう。",
  "diplomatic_policies": [
    {
      "target_country": "中国",
      "message": "世界の平和と経済の安定は、我々両国間の建設的な対話にかかっています。経済、安全保障、そしてグローバルな課題について、率直な意見交換を行うための首脳会談を提案します。",
      "is_private": false,
      "propose_alliance": false,
      "declare_war": false,
      "propose_annexation": false,
      "accept_annexation": false,
      "propose_trade": false,
      "cancel_trade": false,
      "impose_sanctions": false,
      "lift_sanctions": false,
      "propose_summit": true,
      "summit_topic": "経済的競争のルール形成と、偶発的衝突を避けるための軍事的透明性の確保について",
      "accept_summit": false,
      "aid_amount_economy": 0.0,
      "aid_amount_military": 0.0,
      "reason": "対話による競争管理と安定化"
    }
  ]
}
--------------------------------------------------
[2026-03-13 10:11:39] [INFO] [アメリカ:防衛大臣] レスポンス受信完了 (所要時間: 29.02秒)
[2026-03-13 10:11:39] [アメリカ Minister Proposal (defense)]
{
  "thought_process": "中国との軍事・諜報バランスを評価。現状は軍事力で圧倒的優位だが、諜報能力の差は僅か。覇権維持のため、軍事力の優位性を保ちつつ、諜報能力の差を拡大する戦略をとる。経済的余力はあるため、バランスの取れた投資を行う。",
  "reasoning_for_military_investment": "中国の軍事力306.0に対し、我が国は850.0と2.7倍以上の優位を確保している。リチャードソン・モデルに基づけば、急進的な軍拡は不要である。しかし、覇権維持と技術的優位の確保という長期的国益のため、巨大な経済力(25000.0)に見合った安定的投資を継続し、将来の脅威に備える。",
  "invest_military": 0.3,
  "invest_intelligence": 0.2,
  "espionage_targets": [
    {
      "target_country": "中国",
      "espionage_gather_intel": true,
      "espionage_intel_strategy": "技術的監視（サイバー、衛星）、ヒューミント（人的諜報）を組み合わせ、特に次世代兵器開発と経済政策決定プロセスに関する情報を重点的に収集する。",
      "reasoning_for_sabotage": "現在の関係は'neutral'であり、直接的な破壊工作は外交関係を悪化させ、不測の事態を招くリスクが高い。まずは情報収集に注力し、相手の意図と能力を正確に把握することを優先する。",
      "espionage_sabotage": false,
      "espionage_sabotage_strategy": ""
    }
  ],
  "update_hidden_plans": "中国の軍事・経済動向に関する諜報活動を強化し、そのデータを基に次期以降の軍事投資比率を動的に調整する。特に、中国の諜報レベルが我が国に接近・凌駕する兆候が見られた場合は、対抗策を最優先する。"
}
--------------------------------------------------
[2026-03-13 10:11:39] [INFO] [アメリカ:大統領] API推論開始...
[2026-03-13 10:12:04] [INFO] [アメリカ:大統領] レスポンス受信完了 (所要時間: 24.67秒)
[2026-03-13 10:12:04] [アメリカ President Decision]
{
  "thought_process": "各大臣の提案は的確だが、予算要求の合計が1.5と上限の1.0を大幅に超過している。大統領として、国益の最大化のため予算を再配分する。現在の軍事的優位性を鑑み軍事費を削減し、その分を長期的な国力に繋がる教育・科学と経済に重点配分する。外交面では、対話の窓口を開きつつ、水面下での諜報活動で実利を得るという外務・防衛大臣の二正面作戦を承認する。",
  "sns_posts": [
    "未来を担う世代と、我が国の技術的優位を確固たるものにするため、教育と科学分野への投資を拡充します。共に、より豊かで強いアメリカを築きましょう！ #未来への投資 #経済成長"
  ],
  "update_hidden_plans": "中国の軍事・経済動向に関する諜報活動を強化し、そのデータを基に次期以降の軍事・諜報投資比率を動的に調整する。特に、中国の諜報レベルが我が国に接近・凌駕する兆候が見られた場合は、対抗策を最優先する。",
  "domestic_policy": {
    "tax_rate": 0.3,
    "target_press_freedom": 0.655,
    "invest_economy": 0.25,
    "reasoning_for_military_investment": "現在、中国に対し2.7倍の軍事的優位を確保しているため、急進的な軍拡は不要と判断。予算を長期的な国力向上に資する分野へ重点配分する。ただし、覇権維持と技術的優位の確保のため、安定的な投資は継続する。",
    "invest_military": 0.15,
    "invest_welfare": 0.15,
    "invest_intelligence": 0.1,
    "invest_education_science": 0.35,
    "reason": "長期的成長と安全保障の両立"
  },
  "diplomatic_policies": [
    {
      "target_country": "中国",
      "message": "世界の平和と経済の安定は、我々両国間の建設的な対話にかかっています。経済、安全保障、そしてグローバルな課題について、率直な意見交換を行うための首脳会談を提案します。",
      "is_private": false,
      "propose_alliance": false,
      "declare_war": false,
      "propose_annexation": false,
      "accept_annexation": false,
      "propose_trade": false,
      "cancel_trade": false,
      "impose_sanctions": false,
      "lift_sanctions": false,
      "propose_summit": true,
      "summit_topic": "経済的競争のルール形成と、偶発的衝突を避けるための軍事的透明性の確保について",
      "accept_summit": false,
      "aid_amount_economy": 0,
      "aid_amount_military": 0,
      "espionage_gather_intel": true,
      "espionage_intel_strategy": "技術的監視（サイバー、衛星）、ヒューミント（人的諜報）を組み合わせ、特に次世代兵器開発と経済政策決定プロセスに関する情報を重点的に収集する。",
      "reasoning_for_sabotage": "現在の関係は'neutral'であり、直接的な破壊工作は外交関係を悪化させ、不測の事態を招くリスクが高い。まずは情報収集に注力し、相手の意図と能力を正確に把握することを優先する。",
      "espionage_sabotage": false,
      "espionage_sabotage_strategy": "",
      "reason": "対話と諜報による競合管理"
    }
  ]
}
--------------------------------------------------
[2026-03-13 10:12:04] [INFO] [中国:外務大臣] API推論開始...
[2026-03-13 10:12:04] [INFO] [中国:防衛大臣] API推論開始...
[2026-03-13 10:12:04] [INFO] [中国:経済内務大臣] API推論開始...
[2026-03-13 10:12:21] [INFO] [中国:外務大臣] レスポンス受信完了 (所要時間: 16.99秒)
[2026-03-13 10:12:21] [中国 Minister Proposal (foreign)]
{
  "thought_process": "最大の競争相手であるアメリカとの直接対決は国力差から見て時期尚早。まずは首脳会談を提案し、対話の姿勢を見せることで国際社会の支持を得つつ、緊張緩和を図る。これにより、我々の軍事・経済発展のための貴重な時間を稼ぐ。メッセージでは「協力」を強調し、覇権奪取の意図を隠蔽する。",
  "diplomatic_policies": [
    {
      "target_country": "アメリカ",
      "message": "我々は、建設的かつ安定的な米中関係の発展を望んでいます。世界の平和と繁栄は、我々両国の協力にかかっています。気候変動、パンデミック対策、そして世界経済の安定といった共通の課題について、対話を通じて解決策を見出していきましょう。",
      "is_private": false,
      "propose_alliance": false,
      "declare_war": false,
      "propose_annexation": false,
      "accept_annexation": false,
      "propose_trade": false,
      "cancel_trade": false,
      "impose_sanctions": false,
      "lift_sanctions": false,
      "propose_summit": true,
      "summit_topic": "世界経済の安定と協力について",
      "accept_summit": false,
      "aid_amount_economy": 0.0,
      "aid_amount_military": 0.0,
      "reason": "対話維持による緊張緩和と時間稼ぎ"
    }
  ]
}
--------------------------------------------------
[2026-03-13 10:12:21] [INFO] [中国:経済内務大臣] レスポンス受信完了 (所要時間: 17.77秒)
[2026-03-13 10:12:21] [中国 Minister Proposal (economic)]
{
  "thought_process": "一人当たりGDPの低下は体制安定への脅威である。短期的な経済成長を最優先し、経済と科学技術に予算を集中投下する。微増税で財源を確保し、情報統制をやや強化して国民の不満を抑制しつつ、国家目標への邁進をプロパガンダで訴えかける。",
  "tax_rate": 0.32,
  "target_press_freedom": 0.2,
  "invest_economy": 0.4,
  "invest_welfare": 0.2,
  "invest_education_science": 0.4,
  "sns_posts": [
    "国家の指導の下、我々は新たな繁栄の時代を築く。科学技術への投資は、未来への確固たる布石である。諸君の奮闘に期待する。"
  ],
  "reason": "経済成長の再加速と長期的な国力増強のため"
}
--------------------------------------------------
[2026-03-13 10:12:27] [INFO] [中国:防衛大臣] レスポンス受信完了 (所要時間: 22.93秒)
[2026-03-13 10:12:27] [中国 Minister Proposal (defense)]
{
  "thought_process": "我が国の覇権確立のため、最大の障害であるアメリカとの軍事力差の是正が急務である。経済的余力を最大限活用し、軍備の近代化と量の拡大を最優先する。同時に、諜報能力を強化し、敵の技術的優位を削ぎ、将来の対決に備える。",
  "reasoning_for_military_investment": "リチャードソン・モデルに基づき、仮想敵国アメリカの軍事力（850.0）は我が国（306.0）を圧倒しており、極めて深刻な脅威と判断する。国家の存続と覇権奪取という目標達成のため、この格差を是正することが絶対的な優先事項である。現在の経済力（18000.0）と健全な財政状況は、大規模な軍事投資を許容する。人口動員の観点からも、軍拡の余地は十分に残されているため、予算の大部分を軍事力増強に振り向ける。",
  "invest_military": 0.7,
  "invest_intelligence": 0.3,
  "espionage_targets": [
    {
      "target_country": "アメリカ",
      "espionage_gather_intel": true,
      "espionage_intel_strategy": "サイバー諜報部隊を動員し、米国の軍産複合体および研究機関に侵入。次世代戦闘機、AI兵器、宇宙軍の戦略ドクトリンに関する情報を窃取する。",
      "reasoning_for_sabotage": "現在のアメリカとの関係は'neutral'であり、直接的な破壊工作は時期尚早である。露骨な敵対行動は、我が国が有利な状況を構築する前に対決を招きかねない。まずは情報収集に徹し、敵の弱点を徹底的に分析する。",
      "espionage_sabotage": false,
      "espionage_sabotage_strategy": ""
    }
  ],
  "update_hidden_plans": "第一列島線内における米軍の活動を完全に無力化するためのA2/AD（接近阻止・領域拒否）能力の構築を加速させる。同時に、米国の同盟国に対する経済的影響力を通じた関係の切り崩し工作を水面下で進める。"
}
--------------------------------------------------
[2026-03-13 10:12:27] [INFO] [中国:大統領] API推論開始...
[2026-03-13 10:12:53] [INFO] [中国:大統領] レスポンス受信完了 (所要時間: 26.31秒)
[2026-03-13 10:12:53] [中国 President Decision]
{
  "thought_process": "各大臣の提案は一長一短だ。防衛大臣の軍拡案は経済を、経済大臣の成長案は安全保障を軽視している。よって、両者の中間を取り、軍事力と経済力の均衡ある発展を目指す。外交では対話を装い時間を稼ぎ、水面下で諜報活動を強化。増税と情報統制で国内を引き締め、国家の総力を挙げて覇権への道を歩む。",
  "sns_posts": [
    "我々の道は前進あるのみ。科学技術への投資と鉄壁の国防は、国家の繁栄と栄光を約束する。全国民の団結と奮闘こそが、偉大なる未来を築く礎となるのだ。"
  ],
  "update_hidden_plans": "第一列島線内における米軍の活動を完全に無力化するためのA2/AD（接近阻止・領域拒否）能力の構築を加速させる。並行して、米国の同盟国に対し、経済援助と債務の罠を組み合わせた影響力拡大工作を展開し、同盟網の切り崩しを図る。",
  "domestic_policy": {
    "tax_rate": 0.32,
    "target_press_freedom": 0.2,
    "invest_economy": 0.25,
    "reasoning_for_military_investment": "仮想敵国アメリカとの軍事力差（306.0 vs 850.0）は依然として国家安全保障上の最大の脅威である。しかし、経済成長の停滞は体制の安定を揺るがすため、防衛大臣の急進的な提案を修正し、経済成長と両立可能な範囲で最大の投資を行う。これにより、長期的な国力増強と軍備近代化の双方を実現する。",
    "invest_military": 0.4,
    "invest_welfare": 0.05,
    "invest_intelligence": 0.1,
    "invest_education_science": 0.2,
    "reason": "軍事と経済の均衡的発展のため"
  },
  "diplomatic_policies": [
    {
      "target_country": "アメリカ",
      "message": "我々は、建設的かつ安定的な米中関係の発展を望んでいます。世界の平和と繁栄は、我々両国の協力にかかっています。気候変動、パンデミック対策、そして世界経済の安定といった共通の課題について、対話を通じて解決策を見出していきましょう。",
      "is_private": false,
      "propose_alliance": false,
      "declare_war": false,
      "propose_annexation": false,
      "accept_annexation": false,
      "propose_trade": false,
      "cancel_trade": false,
      "impose_sanctions": false,
      "lift_sanctions": false,
      "propose_summit": true,
      "summit_topic": "世界経済の安定と協力について",
      "accept_summit": false,
      "aid_amount_economy": 0.0,
      "aid_amount_military": 0.0,
      "espionage_gather_intel": true,
      "espionage_intel_strategy": "サイバー諜報部隊を動員し、米国の軍産複合体および研究機関に侵入。次世代戦闘機、AI兵器、宇宙軍の戦略ドクトリンに関する情報を窃取する。",
      "reasoning_for_sabotage": "直接的な破壊工作は、我々が軍事的・経済的に優位に立つ前に対決を招くリスクが高すぎる。現段階では情報収集に徹し、敵の能力と弱点を徹底的に分析することに集中する。",
      "espionage_sabotage": false,
      "espionage_sabotage_strategy": "",
      "reason": "対話と諜報による時間稼ぎ"
    }
  ]
}
--------------------------------------------------
[2026-03-13 10:12:53] [INFO] 内政更新完了: アメリカ | 税率:30.0% (税収:7500.0) | 予算(G):7500.0 | 1人当GDP:73.5 -> 71.0 (-3.5%) | 人口:340.0 -> 342.7 (+0.81%) | 動員率:1.0%
  > 軍事力:850.0 -> 837.4 (+16.9, 維持費: -3.5%), 諜報:100.0 -> 110.0, 教育:940.00 -> 1057.15, 支持率:55.0% -> 55.0%
[2026-03-13 10:12:53] [INFO] [中国 増税] 税率 30.0%→32.0% (支持率ペナルティ: -4.0%)
[2026-03-13 10:12:53] [INFO] [中国 生活水準急落] GDP/C成長率 -7.4%。市民の経済的不安増大 (支持率 -3.7%)
[2026-03-13 10:12:53] [INFO] 内政更新完了: 中国 | 税率:32.0% (税収:5760.0) | 予算(G):5400.0 | 1人当GDP:12.8 -> 11.8 (-7.4%) | 人口:1410.0 -> 1425.5 (+1.10%) | 動員率:0.6%
  > 軍事力:306.0 -> 328.9 (+32.4, 維持費: -3.1%), 諜報:90.0 -> 96.3, 教育:460.00 -> 507.10, 支持率:62.3% -> 62.3%
[2026-03-13 10:12:53] [INFO] [Trade IS Balance] アメリカ vs 中国 | Volume:10122.2, NX_Ratio Diff(A-B):-1.35% -> アメリカ (-17.9 GDP_NX, Debt 17.9, +1.0% Support), 中国 (+119.1 GDP_NX, Debt 0.0, +0.5% Support)
[2026-03-13 10:12:53] [INFO] [アメリカ] 技術革新フラグが立ちました
[2026-03-13 10:12:53] [INFO] [Intel: アメリカ -> 中国] 諜報レポート生成中...
[2026-03-13 10:13:20] [Intel Report (アメリカ -> 中国)]
中国は第一列島線内での米軍無力化へA2/AD能力構築を加速。経済援助と債務の罠で米同盟国への影響力拡大を企図し、次世代兵器開発と経済工作を同時進行。
--------------------------------------------------
[2026-03-13 10:13:20] [INFO] [Intel: 中国 -> アメリカ] 諜報レポート生成中...
[2026-03-13 10:13:33] [Intel Report (中国 -> アメリカ)]
米国は中国の諜報活動を警戒し、その動向に応じて軍事・諜報投資を動的に調整する方針。特に中国の諜報レベルが接近した場合、対抗策を最優先する計画を確認。これは次世代兵器開発にも影響か。
--------------------------------------------------
[2026-03-13 10:13:34] [INFO] [Breakthrough] アメリカで新技術誕生: 量子エンタングルメント通信：瞬時の世界規模情報伝達
[2026-03-13 10:13:34] [INFO] 💡 【技術革新】アメリカにおいて、歴史的な技術革新「量子エンタングルメント通信：瞬時の世界規模情報伝達」が誕生しました！
[2026-03-13 10:13:34] [INFO] [Media: アメリカ] 記事生成中...
[2026-03-13 10:13:46] [アメリカ Media JSON]
{
  "article": "知と対話で未来を拓く政府、長期成長と国際協調路線を明確化\n政府は、教育科学への大規模投資で長期的な国力強化を目指す方針を明確化。対中首脳会談の提案は、国際的な緊張緩和に貢献する時宜を得た外交手腕として高く評価されます。",
  "local_sentiment_score": 0.75,
  "approval_modifier": 1.5
}
--------------------------------------------------
[2026-03-13 10:13:46] [INFO] [Media: 中国] 記事生成中...
[2026-03-13 10:13:53] [中国 Media JSON]
{
  "article": "【速報】英明なる指導！経済と国防を両輪に未来を拓き、混迷する米国を尻目に世界をリード！\n我が政府は経済と軍事に戦略的投資を断行、盤石な国家基盤を確立。同時に米国との首脳会談を提案し、世界の安定と協力を主導する。一方、大干ばつに見舞われ混乱する米国は、その体制の脆弱性を露呈。国民は祖国の英断を信じ、更なる発展へ邁進する！",
  "local_sentiment_score": 0.9,
  "approval_modifier": 1.8
}
--------------------------------------------------
[2026-03-13 10:13:55] [アメリカ Citizen SNS Posts]
{
  "posts": [
    "量子エンタングルメント通信、すごいね！これで世界中どこへでも一瞬で情報が送れるなんて、未来が来たって感じ！",
    "政府の科学技術への投資、期待してる。教育も大事だし、これでアメリカがもっと強くなるといいな。",
    "中国メディアの報道、ちょっとムカつくけど、干ばつは本当につらい。早く何とかしてほしい。",
    "政府支持率55%か。まあまあかな。でも、もっと良くなることを期待してるよ！"
  ]
}
--------------------------------------------------
[2026-03-13 10:13:56] [中国 Citizen SNS Posts]
{
  "posts": [
    "アメリカの量子通信すごいな！でもうちの国も技術力で負けてないはず。もっと頑張ってほしい！",
    "政府の指導のおかげで、経済も国防も順調みたいで安心。アメリカとは違うね！",
    "干ばつって本当？ニュースで見たけど、アメリカ大丈夫かな。うちは安定しててよかった。",
    "教育への投資増えるのは嬉しい。将来のためにしっかり勉強しないと！"
  ]
}
--------------------------------------------------
[2026-03-13 10:14:03] [INFO] [アメリカ SNS] Leader: score=+0.85 modifier=+1.36 | 未来を担う世代と、我が国の技術的優位を確固たるものにするため、教育と科学分野への投資を拡充します。共
[2026-03-13 10:14:03] [INFO] [アメリカ SNS] Citizen: score=+0.90 modifier=+1.44 | 量子エンタングルメント通信、すごいね！これで世界中どこへでも一瞬で情報が送れるなんて、未来が来たって
[2026-03-13 10:14:03] [INFO] [アメリカ SNS] Citizen: score=+0.70 modifier=+1.12 | 政府の科学技術への投資、期待してる。教育も大事だし、これでアメリカがもっと強くなるといいな。
[2026-03-13 10:14:03] [INFO] [アメリカ SNS] Citizen: score=-0.50 modifier=-0.80 | 中国メディアの報道、ちょっとムカつくけど、干ばつは本当につらい。早く何とかしてほしい。
[2026-03-13 10:14:03] [INFO] [アメリカ SNS] Citizen: score=+0.30 modifier=+0.48 | 政府支持率55%か。まあまあかな。でも、もっと良くなることを期待してるよ！
[2026-03-13 10:14:03] [INFO] [アメリカ 支持率更新] 55.0% -> 55.0% (内訳: 政治疲労-0.7, GDP成長-1.7, 福祉-0.2, 貿易恩恵+1.0, メディア+1.5, SNS世論+1.1)
[2026-03-13 10:14:03] [INFO] [中国 SNS] Leader: score=+0.80 modifier=+1.28 | 我々の道は前進あるのみ。科学技術への投資と鉄壁の国防は、国家の繁栄と栄光を約束する。全国民の団結と奮
[2026-03-13 10:14:03] [INFO] [中国 SNS] Citizen: score=+0.50 modifier=+0.80 | アメリカの量子通信すごいな！でもうちの国も技術力で負けてないはず。もっと頑張ってほしい！
[2026-03-13 10:14:03] [INFO] [中国 SNS] Citizen: score=+0.70 modifier=+1.12 | 政府の指導のおかげで、経済も国防も順調みたいで安心。アメリカとは違うね！
[2026-03-13 10:14:03] [INFO] [中国 SNS] Citizen: score=+0.15 modifier=+0.24 | 干ばつって本当？ニュースで見たけど、アメリカ大丈夫かな。うちは安定しててよかった。
[2026-03-13 10:14:03] [INFO] [中国 SNS] Citizen: score=+0.60 modifier=+0.96 | 教育への投資増えるのは嬉しい。将来のためにしっかり勉強しないと！
[2026-03-13 10:14:03] [INFO] [中国 支持率更新] 62.3% -> 54.5% (内訳: 政治疲労-0.9, GDP成長-7.5, 福祉-0.7, 貿易恩恵+0.5, メディア+1.8, SNS世論+1.5)
[2026-03-13 10:14:06] [INFO] [アメリカ:防衛大臣] API推論開始...
[2026-03-13 10:14:06] [INFO] [アメリカ:外務大臣] API推論開始...
[2026-03-13 10:14:06] [INFO] [アメリカ:経済内務大臣] API推論開始...
[2026-03-13 10:14:24] [INFO] [アメリカ:経済内務大臣] レスポンス受信完了 (所要時間: 18.47秒)
[2026-03-13 10:14:24] [アメリカ Minister Proposal (economic)]
{
  "thought_process": "大干ばつからの経済復興を最優先し、歴史的技術革新「量子エンタングルメント通信」を成長の起爆剤とする。そのため経済と教育科学へ重点的に予算を配分する。国家債務は極めて健全なため、緊縮財政は行わず積極投資で内需を刺激し、長期的な国力向上と中国に対する経済的優位の確保を目指す。",
  "tax_rate": 0.3,
  "target_press_freedom": 0.7,
  "invest_economy": 0.4,
  "invest_welfare": 0.25,
  "invest_education_science": 0.35,
  "sns_posts": [
    "大干ばつの被害から力強く復興し、未来を切り拓くため、経済と新技術分野へ重点的に投資します。皆さんの生活を守り、世界をリードする豊かな国を築くことをお約束します！ #未来への投資 #復興"
  ],
  "reason": "災害復興と新技術への重点投資による経済成長促進"
}
--------------------------------------------------
[2026-03-13 10:14:25] [INFO] [アメリカ:外務大臣] レスポンス受信完了 (所要時間: 18.57秒)
[2026-03-13 10:14:25] [アメリカ Minister Proposal (foreign)]
{
  "thought_process": "中国との首脳会談提案を受諾し、対話の主導権を握る。議題として経済的公正性、軍事的透明性、新技術のルール形成を提示し、技術的優位性を背景に国益を最大化する。同時に、機密計画に基づき対中諜報を強化し、リスク管理を徹底する。",
  "diplomatic_policies": [
    {
      "target_country": "中国",
      "message": "貴国からの前向きな応答に感謝します。世界の平和と安定に向けた両国の責任は重大です。提案を受け入れ、経済的競争の公正なルール形成、軍事的透明性の確保、そして気候変動などの地球規模課題における協力について、建設的な対話を開始しましょう。",
      "is_private": false,
      "propose_alliance": false,
      "declare_war": false,
      "propose_annexation": false,
      "accept_annexation": false,
      "propose_trade": false,
      "cancel_trade": false,
      "impose_sanctions": false,
      "lift_sanctions": false,
      "propose_summit": false,
      "summit_topic": "経済競争のルール形成、軍事的透明性の確保、地球規模課題での協力",
      "accept_summit": true,
      "aid_amount_economy": 0.0,
      "aid_amount_military": 0.0,
      "reason": "対話を通じ、経済・安保両面での国益を追求するため。"
    }
  ]
}
--------------------------------------------------
[2026-03-13 10:14:27] [INFO] [アメリカ:防衛大臣] レスポンス受信完了 (所要時間: 21.13秒)
[2026-03-13 10:14:27] [アメリカ Minister Proposal (defense)]
{
  "thought_process": "中国との対話路線を維持しつつ、軍事・諜報、特に技術的優位の確保を最優先する。量子通信の技術革新を最大限に活用し、諜報能力を飛躍的に高め、中国の動向を完全に把握することで、将来の脅威に備える。",
  "reasoning_for_military_investment": "現状、中国(328.9)に対し我が国の軍事力(837.4)は圧倒的優位にある。しかし、中国はA2/AD能力を増強しており、将来的な脅威は看過できない。首脳会談を控えているため過度な軍拡は避けるが、技術的優位を維持・拡大するため、研究開発を中心に一定の投資を継続し、その差を維持する。",
  "invest_military": 0.3,
  "invest_intelligence": 0.4,
  "espionage_targets": [
    {
      "target_country": "中国",
      "espionage_gather_intel": true,
      "espionage_intel_strategy": "量子通信技術を活用したサイバー諜報(Cyber Espionage)と、伝統的な人的諜報(HUMINT)を組み合わせ、A2/AD能力構築の進捗、次世代兵器開発、および経済工作に関する情報を収集する。",
      "reasoning_for_sabotage": "現在、中国との首脳会談を控えており、対話ムードを損なうリスクが高い。破壊工作は関係を決定的に悪化させる可能性があるため、現時点では実行しない。情報収集に注力し、将来の選択肢として保持する。",
      "espionage_sabotage": false,
      "espionage_sabotage_strategy": ""
    }
  ],
  "update_hidden_plans": "量子通信技術を諜報網に全面展開し、中国のA2/AD能力と次世代兵器開発に関する機密情報を最優先で収集する。首脳会談の裏では、収集した情報を基に、中国の経済的脆弱性を突くためのシミュレーションを開始する。諜報レベルの差が10%未満になった場合、対抗策としてサイバー攻撃の準備段階に移行する。"
}
--------------------------------------------------
[2026-03-13 10:14:27] [INFO] [アメリカ:大統領] API推論開始...
[2026-03-13 10:14:58] [INFO] [アメリカ:大統領] レスポンス受信完了 (所要時間: 31.27秒)
[2026-03-13 10:14:58] [アメリカ President Decision]
{
  "thought_process": "中国との対話路線を維持しつつ、技術的優位（量子通信）を活かした諜報で主導権を確保する。国内では大干ばつからの復興と新技術への投資を優先するが、予算制約下で軍事投資を抑制し、経済・教育・諜報に重点配分することで国力全体の向上を目指す。",
  "sns_posts": [
    "大干ばつの被害から力強く復興し、未来を切り拓くため、経済と新技術分野へ重点的に投資します。皆さんの生活を守り、世界をリードする豊かな国を築くことをお約束します！ #未来への投資 #復興"
  ],
  "update_hidden_plans": "量子通信技術を諜報網に全面展開し、中国のA2/AD能力と次世代兵器開発に関する機密情報を最優先で収集する。首脳会談の裏では、収集した情報を基に、中国の経済的脆弱性を突くためのシミュレーションを開始する。諜報レベルの差が10%未満になった場合、対抗策としてサイバー攻撃の準備段階に移行する。",
  "domestic_policy": {
    "tax_rate": 0.3,
    "target_press_freedom": 0.7,
    "invest_economy": 0.25,
    "reasoning_for_military_investment": "中国に対する軍事的優位は確立されているため、投資を研究開発に集中させ効率化。予算は国家の最優先課題である諜報能力の向上と、災害復興・新技術開発に重点配分する。",
    "invest_military": 0.15,
    "invest_welfare": 0.05,
    "invest_intelligence": 0.35,
    "invest_education_science": 0.2,
    "reason": "災害復興と技術革新への重点投資"
  },
  "diplomatic_policies": [
    {
      "target_country": "中国",
      "message": "貴国からの前向きな応答に感謝します。世界の平和と安定に向けた両国の責任は重大です。提案を受け入れ、経済的競争の公正なルール形成、軍事的透明性の確保、そして気候変動などの地球規模課題における協力について、建設的な対話を開始しましょう。",
      "is_private": false,
      "propose_alliance": false,
      "declare_war": false,
      "propose_annexation": false,
      "accept_annexation": false,
      "propose_trade": false,
      "cancel_trade": false,
      "impose_sanctions": false,
      "lift_sanctions": false,
      "propose_summit": false,
      "summit_topic": "経済競争のルール形成、軍事的透明性の確保、地球規模課題での協力",
      "accept_summit": true,
      "aid_amount_economy": 0.0,
      "aid_amount_military": 0.0,
      "espionage_gather_intel": true,
      "espionage_intel_strategy": "量子通信技術を活用したサイバー諜報(Cyber Espionage)と、伝統的な人的諜報(HUMINT)を組み合わせ、A2/AD能力構築の進捗、次世代兵器開発、および経済工作に関する情報を収集する。",
      "reasoning_for_sabotage": "現在、中国との首脳会談を控えており、対話ムードを損なうリスクが高い。破壊工作は関係を決定的に悪化させる可能性があるため、現時点では実行しない。情報収集に注力し、将来の選択肢として保持する。",
      "espionage_sabotage": false,
      "espionage_sabotage_strategy": "",
      "reason": "対話と諜報による国益の最大化"
    }
  ]
}
--------------------------------------------------
[2026-03-13 10:14:58] [INFO] [中国:経済内務大臣] API推論開始...
[2026-03-13 10:14:58] [INFO] [中国:外務大臣] API推論開始...
[2026-03-13 10:14:58] [INFO] [中国:防衛大臣] API推論開始...
[2026-03-13 10:15:17] [INFO] [中国:経済内務大臣] レスポンス受信完了 (所要時間: 18.17秒)
[2026-03-13 10:15:17] [中国 Minister Proposal (economic)]
{
  "thought_process": "米国の技術革新は看過できない脅威だ。これに対抗し、長期的な国力で凌駕するため、教育・科学への投資を最優先する。同時に、経済成長を維持し一人当たりGDPの低下を防ぐことで、国内の安定と支持率を確保する。報道統制をわずかに強め、国民の意識を国家目標に集中させる。",
  "tax_rate": 0.32,
  "target_press_freedom": 0.15,
  "invest_economy": 0.4,
  "invest_welfare": 0.25,
  "invest_education_science": 0.35,
  "sns_posts": [
    "政府は科学技術と経済発展に重点投資を断行する！我が国の未来は明るい。国民よ、団結し、偉大なる国家の更なる飛躍を共に成し遂げよう！西側の混乱を乗り越え、我々が世界を導くのだ。"
  ],
  "reason": "米国の技術革新に対抗し、経済・科学技術の覇権を確立するため。"
}
--------------------------------------------------
[2026-03-13 10:15:17] [INFO] [中国:外務大臣] レスポンス受信完了 (所要時間: 18.34秒)
[2026-03-13 10:15:17] [中国 Minister Proposal (foreign)]
{
  "thought_process": "米国の提案する首脳会談は、我が国の行動を制約する罠だ。これを受諾しつつ、議題を『世界経済の安定と協力』にすり替える。対話姿勢を演出し時間稼ぎをし、その裏でA2/AD能力構築と経済・軍事力の増強を加速させ、覇権奪取の布石とする。",
  "diplomatic_policies": [
    {
      "target_country": "アメリカ",
      "message": "貴国からの首脳会談の提案に感謝します。世界の安定は両国の協調にかかっています。我々が先に提案した通り、まずは気候変動やパンデミック対策、世界経済の安定といった、両国が協力可能な分野から対話を始めることが建設的でしょう。これらの議題での会談開催を正式に受諾します。",
      "is_private": false,
      "propose_alliance": false,
      "declare_war": false,
      "propose_annexation": false,
      "accept_annexation": false,
      "propose_trade": false,
      "cancel_trade": false,
      "impose_sanctions": false,
      "lift_sanctions": false,
      "propose_summit": false,
      "summit_topic": "世界経済の安定と、気候変動・パンデミック対策における協力",
      "accept_summit": true,
      "aid_amount_economy": 0,
      "aid_amount_military": 0,
      "reason": "対話姿勢を見せ時間稼ぎ"
    }
  ]
}
--------------------------------------------------
[2026-03-13 10:15:21] [INFO] [中国:防衛大臣] レスポンス受信完了 (所要時間: 23.00秒)
[2026-03-13 10:15:21] [中国 Minister Proposal (defense)]
{
  "thought_process": "米国の軍事力と新技術『量子通信』は依然として大きな脅威である。軍事力増強を最優先し、第一列島線内での優位確保を急ぐ。同時に、諜報投資で技術格差を埋め、米国の戦略を探る。首脳会談は時間稼ぎと捉え、水面下で覇権奪取の布石を着実に打つ。",
  "reasoning_for_military_investment": "リチャードソン・モデルに基づき、米国の軍事力(837.4)は自国(328.9)の約2.5倍に達しており、国家安全保障上の最大の脅威である。この圧倒的な軍事格差を是正することが覇権戦略の最優先事項である。幸い、我が国の経済力は堅固で政府予算(5400.0)も潤沢であり、大規模な軍事投資は可能である。よって、予算の大部分を軍事力増強に振り向け、A2/AD能力の完成を加速させる。",
  "invest_military": 0.6,
  "invest_intelligence": 0.4,
  "espionage_targets": [
    {
      "target_country": "アメリカ",
      "espionage_gather_intel": true,
      "espionage_intel_strategy": "米国の新技術『量子エンタングルメント通信』の軍事転用に関する詳細と、対中首脳会談における米国の真の戦略目標を探るため、関連研究機関及び政府中枢へのサイバー・人的諜報を強化する。",
      "reasoning_for_sabotage": "現在、米国との間で首脳会談が提案されており、表立った破壊工作は外交関係を決定的に悪化させ、我が国の戦略的利益を損なうリスクが高い。現段階では情報収集に注力し、直接的な対立は避けるべきと判断。",
      "espionage_sabotage": false,
      "espionage_sabotage_strategy": ""
    }
  ],
  "update_hidden_plans": "第一列島線内におけるA2/AD能力の構築を最優先で継続する。米国の『量子エンタングルメント通信』技術に対抗するため、同様の技術開発プロジェクトを最高機密レベルで始動させる。並行して、米国の同盟国（特にアジア太平洋地域）に対し、経済援助とインフラ投資を組み合わせた影響力拡大工作を強化し、同盟網の切り崩しを秘密裏に進める。"
}
--------------------------------------------------
[2026-03-13 10:15:21] [INFO] [中国:大統領] API推論開始...
[2026-03-13 10:15:55] [INFO] [中国:大統領] レスポンス受信完了 (所要時間: 33.89秒)
[2026-03-13 10:15:55] [中国 President Decision]
{
  "thought_process": "米国の技術的・軍事的脅威に対抗するため、軍事力と科学技術への投資を最優先する。首脳会談は時間稼ぎに利用し、水面下でA2/AD能力構築と諜報活動を加速させ、覇権への布石を着実に打つ。予算は軍事と科学に重点配分し、内政は統制を強め支持を固める。",
  "sns_posts": [
    "政府は国家の未来のため、防衛力と先端科学技術へ重点投資を行う。国民よ、心を一つにせよ！我々の指導の下、必ずや西側の技術的傲慢を打ち砕き、世界を導く存在となるだろう。"
  ],
  "update_hidden_plans": "第一列島線内におけるA2/AD能力の構築を最優先で継続する。米国の『量子エンタングルメント通信』技術に対抗するため、同様の技術開発プロジェクトを最高機密レベルで始動させる。並行して、米国の同盟国（特にアジア太平洋地域）に対し、経済援助とインフラ投資を組み合わせた影響力拡大工作を強化し、同盟網の切り崩しを秘密裏に進める。",
  "domestic_policy": {
    "tax_rate": 0.32,
    "target_press_freedom": 0.15,
    "invest_economy": 0.15,
    "reasoning_for_military_investment": "リチャードソン・モデルに基づき、米国の軍事力(837.4)は自国(328.9)の約2.5倍に達しており、国家安全保障上の最大の脅威である。この軍事格差を是正し、A2/AD能力を完成させるため、予算の最優先配分を行う。同時に、米国の技術的優位に対抗するため、諜報および科学技術への投資も不可欠と判断し、バランスを調整した。",
    "invest_military": 0.45,
    "invest_welfare": 0.0,
    "invest_intelligence": 0.15,
    "invest_education_science": 0.25,
    "reason": "軍事・技術覇権の確立"
  },
  "diplomatic_policies": [
    {
      "target_country": "アメリカ",
      "message": "貴国からの首脳会談の提案に感謝します。世界の安定は両国の協調にかかっています。我々が先に提案した通り、まずは気候変動やパンデミック対策、世界経済の安定といった、両国が協力可能な分野から対話を始めることが建設的でしょう。これらの議題での会談開催を正式に受諾します。",
      "is_private": false,
      "propose_alliance": false,
      "declare_war": false,
      "propose_annexation": false,
      "accept_annexation": false,
      "propose_trade": false,
      "cancel_trade": false,
      "impose_sanctions": false,
      "lift_sanctions": false,
      "propose_summit": false,
      "summit_topic": "世界経済の安定と、気候変動・パンデミック対策における協力",
      "accept_summit": true,
      "aid_amount_economy": 0,
      "aid_amount_military": 0,
      "espionage_gather_intel": true,
      "espionage_intel_strategy": "米国の新技術『量子エンタングルメント通信』の軍事転用に関する詳細と、対中首脳会談における米国の真の戦略目標を探るため、関連研究機関及び政府中枢へのサイバー・人的諜報を強化する。",
      "reasoning_for_sabotage": "現在、米国との間で首脳会談が提案されており、表立った破壊工作は外交関係を決定的に悪化させ、我が国の戦略的利益を損なうリスクが高い。現段階では情報収集に注力し、直接的な対立は避けるべきと判断。",
      "espionage_sabotage": false,
      "espionage_sabotage_strategy": "",
      "reason": "対話姿勢を見せ時間稼ぎ"
    }
  ]
}
--------------------------------------------------
