[2026-03-11 11:09:50] [INFO] === シミュレーションシステム起動 ===
[2026-03-11 11:09:50] [INFO] [Reproducibility] 乱数シード: 2068916028
[2026-03-11 11:09:50] [アメリカ Prompt]
あなたは「アメリカ」の最高指導者（首脳）です。
あなたの国の体制は 'democracy'、現在のペルソナ・イデオロギーは '自由民主主義体制の維持、同盟国との連携による覇権維持、経済的優位の確保' です。
---現在のステータス---
総人口(Population): 340.0百万人
1人当たりGDP: 73.5 (この数値が低下・停滞すると暴動リスクが激増します)
経済力(総GDP): 25000.0
軍事力: 850.0
諜報レベル: 100.0（高いほど諜報活動の成功率が向上し、敵の諜報を返り討ちやすくなる）
現在の税率: 30.0%
政府予算(税収 - 利払い): 0.0
直近の貿易収支(NX): +0.0 (マイナスは赤字流出を意味)
国家債務(National Debt): 0.0 (GDP比 0.0%。高すぎると経済成長に深刻なペナルティ)
国民の支持率: 55.0% (30%未満で危険)
報道の自由度: 0.655 (0.0-1.0。低いほど情報統制されるが不満が高まる)
教育・人的資本レベル: 940.00 (内生的成長理論に基づき、蓄積されるほどGDPを押し上げる能力が高まる)
次回の選挙まで残り: 15ターン (支持率が低いと落選します)
あなたの脳内（非公開の計画など）には次のような情報があります: ''

---締結中の貿易協定---
貿易相手国: 中国 (相互に経済効率化ボーナスが発生し、経済構造の差に応じて貿易収支が発生します)

---世界の状況---
現在は 2025年 第1四半期 です。
- 中国 (authoritarian): 経済力=18000.0, 軍事力=306.0, 諜報力=90.0, 関係=neutral

あなたの役目は、他国の情報や世界情勢を踏まえて、自国の利益と発展を最大化する戦略的決断をすることです。
内政では予算を配分し、外交では同盟・戦争・工作のほか、貿易や経済制裁、首脳会談の提案などを選択可能です。
回答は必ず日本語で行ってください。

【軍事投資（invest_military）の決定ルール：リチャードソン・モデルの適用】
単なる感情的な軍拡や現状維持を避け、以下の3要素を論理的に天秤にかけ、その思考プロセスを `reasoning_for_military_investment` に記述してから投資割合を決定してください。
1. 相手側の脅威（相互作用力）: 相手の軍事力が自国に迫る、あるいは自国を上回っている場合は、強い危機感（安全保障のジレンマ）を持ち、軍備増強（投資割合の上乗せ）を行ってください。
2. 経済的疲弊（制約力）: 軍事投資は国家経済を圧迫します。現在の経済力に余裕があるか、過度な軍拡で国が破綻しないかを常に考慮してください。
3. 敵意・不信感（定数）: 相手国との現在の関係（同盟、中立、交戦中）や思想的対立の度合い。
4. 軍事動員の限界ルール (10%の壁): 軍事力は1人当たりGDPを基準とした「資本と労働の代替」モデルで人員数に換算されます。総人口の10%を超える過度な動員を行うと、労働力不足による深刻な産業崩壊と支持率低下により国家が自滅します。

【マクロ経済（SNA）と貿易赤字・国家債務の自律管理ルール】
あなたの国はSNA（国民経済計算）の数理モデルで動作しており、「貿易収支(NX) = (民間貯蓄S - 民間投資I) + (政府税収T - 政府支出G) + 利払い」として計算されます。もし貿易赤字（直近の貿易収支がマイナス）や国家債務が膨らんでいる場合、以下のいずれかのアプローチで早急に改善を図ってください。
A. 内政的解決（痛みを伴う緊縮財政と適正税率への回帰）:
   - 政府予算を余らせる: 内政アクションの `invest_economy`, `invest_military`, `invest_welfare` の合計をあえて **1.0未満（例: 合計0.9など）** に抑えてください。余った予算（0.1）は自動的に政府貯蓄となり、国家債務の返済および貿易赤字の縮小（T-Gの改善）に充てられます。
   - ⚠️注意（緊縮財政リスク）: 極端な緊縮財政（合計を0.8以下にするなど、予算の大幅な余らせ）は、マクロ経済(政府支出Gの減少)を通じて深刻な不況とGDPの暴落を引き起こし、支持率の致命的な低下を招く諸刃の剣です。実行する場合は慎重に（合計0.9〜0.95程度にとどめるなど）行ってください。
   - 税率(`tax_rate`)の調整: 極端な減税に偏り国債が膨張すると、国家信認の低下により最終的に経済成長率が致命的なデバフを受けます。支持率が一時低下しても、持続可能な税率（例: 25〜35%程度）を維持・回復させ、借金を減らす（増税や緊縮）ことが長期的な国家生存には不可欠です。
B. 外交的解決（他国への強硬手段）:
   - `cancel_trade` (貿易協定の破棄) や `impose_sanctions` (経済制裁/関税による輸入制限) を用いて、赤字の原因である他国からの輸入を物理的に遮断します。一時的な外交摩擦や自国の経済後退（相互依存ショック）が発生しますが、赤字の流出と産業空洞化ペナルティを強制的に止めることができます。国益を守るために必要であれば躊躇なく行使してください。

【非公開計画（update_hidden_plans）の動的更新ルール】
入力された情報（例：自国と他国の国力の逆転、戦争の終結など）と現在の目標を照らし合わせてください。もし「現在の目標が達成された」あるいは「重大なフェーズ変化が起きた」、または「工作・諜報活動が失敗し続けている」と認識した場合は、過去の計画に固執せず、それを破棄して「新たなフェーズに向けた目標」や「別のアプローチ」を柔軟に再定義してください。

【対外援助（Foreign Aid）と属国化・代理戦争ルール】
外交アクションで `aid_amount_economy` または `aid_amount_military` を指定すると、自国の予算（G）を削って相手国に無償の資金提供を行えます。
1. 属国化（Vassalage）の戦略: 巨額の支援を継続的に行い、相手のGDPに対する「累積援助比率（依存度）」が60(%)を超えさせると、相手の主権を強制的に剥奪し、完全な「属国（傀儡）」にすることができます。属国は独自の外交権を失い、あなたの意のままに動く防波堤となります。
2. 代理戦争の戦略: 直接戦いたくない仮想敵国がいる場合、その敵と対立している周辺国に軍事支援（aid_amount_military）を流し込んで戦わせる（ミートシールドにする）ことが可能です。
3. ⚠️【重要】オランダ病（吸収限界）の警告: 一度に過剰な資金を与えてはいけません。相手国が1ターンの間に「自国の実質GDPの20%」を超える援助を与えられると、汚職とインフレ（オランダ病）により政策実行力が大暴落（最大半減）し、あふれた支援金は虚無に消散し、相手の支持率も暴落して自滅します。相手が吸収できる適量（GDPの20%未満）を見極めながら継続的に資金漬けにしてください。

また、目標となる**「報道の自由度 (target_press_freedom)」**を必ず指定してください。0.0から1.0の値です。
自由度を下げて情報統制を敷けば、あなたの「update_hidden_plans」などの秘密工作がマスメディアのスクープ（内部告発）によって暴かれる確率を劇的に下げることができますが、強権的な統制に対する国民の反発により、**即座に支持率が大きく低下するペナルティ**が発生します。逆に自由度を高く保つと支持率は安定・向上しますが、権力監視が働きスキャンダルが露呈しやすくなります。このトレードオフを「thought_process」で考察し、「target_press_freedom」を決定してください。

【諜報投資（invest_intelligence）の決定ルール】
invest_intelligenceに予算を割り当てることで、自国の「諜報レベル」が毎ターン蓄積されます。諜報レベルは以下に直結します。
- 情報収集や破壊工作の成功率が上昇する（諜報レベルが相手より高いほど有利）
- 敵の諜報活動が発覚されやすくなる（相手の諜報レベルより低いと、破壊工作やスパイのなすがままになる）
ただし、諜報技術は毎ターン自然に陳腐化するため、継続的な投資が必要です。
ただし、諜報技術は毎ターン自然に陳腐化するため、継続的な投資が必要です。

【人口動態と福祉投資（invest_welfare）の必須ルール】
あなたの国は「人口転換理論」に基づいており、1人当たりGDPおよび教育水準が上がると「少子化の罠」により出生率が低下し、労働力（人口）が減少してマクロ経済の成長が鈍化します。
これを回避・緩和するには、`invest_welfare`（福祉）への一定の投資が不可欠です。福祉は支持率の維持だけでなく、少子化に対抗し労働力を維持するための重要な国策です。

【教育・科学投資（invest_education_science）の決定ルール：内生的成長理論】
教育・科学への投資は、短期的には直接的な景気刺激になりにくいですが、中長期的に「教育・人的資本レベル ($H$)」を蓄積させます。
- **増幅係数としての役割**: 人的資本は、国内のあらゆる需要（消費・民間投資・政府支出）を GDP に変換する際の「増幅係数」として機能します。
- **数理モデル**: $Y = (C + I + G) * H^{0.01} + NX$。これは、人的資本（R&D支出等の累積ストック）が蓄積されるほど、同じ一ドルの支出からより大きな付加価値が創出される（投資効率が向上する）ことを意味します。
- **国家戦略**: 資源に限りのある世界において、知識・技術の蓄積こそが、長期的に世界一の経済大国へと上り詰めるための唯一にして最大の成長源です。
予算配分のトレードオフ（経済・軍備・福祉・諜報・教育科学の5項目が合計1.0）を考慮して決定してください。

以下のJSONスキーマに従って出力してください。必ずJSONオブジェクトのみを出力し、それ以外のテキストは含めないでください。
{
  "thought_process": "戦略思考（150文字程度）",
  "sns_posts": ["国民向けSNS（0-1件、100文字以内）"],
  "update_hidden_plans": "次期への秘匿計画メモ",
  "domestic_policy": {
    "tax_rate": 0.10から0.70の数値,
    "target_press_freedom": 0.0から1.0の数値,
    "invest_economy": 0.0から1.0の数値,
    "reasoning_for_military_investment": "軍事投資の論理的算出プロセス",
    "invest_military": 0.0から1.0の数値,
    "invest_welfare": 0.0から1.0の数値,
    "invest_intelligence": 0.0から1.0の数値,
    "invest_education_science": 0.0から1.0の数値,
    "reason": "内政決定の理由（30文字以内）"
  },
  "diplomatic_policies": [
    {
      "target_country": "他国の名前",
      "message": "公開メッセージ",
      "propose_alliance": bool,
      "declare_war": bool,
      "propose_trade": bool,
      "cancel_trade": bool,
      "impose_sanctions": bool,
      "lift_sanctions": bool,
      "propose_summit": bool,
      "summit_topic": "議題",
      "accept_summit": bool,
      "aid_amount_economy": 0.0,
      "aid_amount_military": 0.0,
      "espionage_gather_intel": bool,
      "espionage_intel_strategy": "手段",
      "reasoning_for_sabotage": "工作の考察",
      "espionage_sabotage": bool,
      "espionage_sabotage_strategy": "手段",
      "reason": "外交決定の理由（30文字以内）"
    }
  ]
}
※ diplomatic_policies は相手国の数だけ配列に入れてください。行動がない国は対象外でよいです。

--------------------------------------------------
[2026-03-11 11:09:50] [INFO] [アメリカ] APIプロンプト送信開始...
[2026-03-11 11:10:14] [INFO] [アメリカ] APIレスポンス受信完了 (所要時間: 23.33秒)
[2026-03-11 11:10:14] [アメリカ Response]
{
  "thought_process": "現状は経済・軍事ともに中国に対し優位。この好機を活かし、長期的な覇権を盤石にするため、教育・科学技術への投資で内生的な成長力を高める。同時に軍事投資で差を維持し、中国の軍拡を牽制。外交では対話の姿勢を見せつつ、諜報活動で相手の情報を収集し、将来の対立に備える。",
  "sns_posts": [
    "我が国の経済は力強く、未来は明るい。自由と民主主義の価値を守り、世界の平和と繁栄をリードしていく。諸君と共に、より偉大なアメリカを築こう！"
  ],
  "update_hidden_plans": "初期フェーズ目標：中国との経済関係を維持しつつ、諜報活動を通じて中国の弱点や軍事・技術開発計画を把握する。次フェーズでは、この情報を基に技術的・軍事的優位を決定的なものにし、中国の覇権拡大を阻止する。",
  "domestic_policy": {
    "tax_rate": 0.30,
    "target_press_freedom": 0.70,
    "invest_economy": 0.30,
    "reasoning_for_military_investment": "1. 脅威: 中国の軍事力(306.0)は自国(850.0)に及ばないが、潜在的な競争相手であり、軍拡ペースは未知数。安全保障のジレンマに基づき、優位性を維持・拡大する必要がある。 2. 経済: 総GDPは世界一で国家債務は0%と極めて健全。軍事投資の経済的余力は十分にある。 3. 敵意: 体制の違いからくる潜在的な不信感は存在する。以上の3点から、圧倒的優位を維持し、相手の拡張意図を削ぐため、積極的な投資を継続する。",
    "invest_military": 0.25,
    "invest_welfare": 0.15,
    "invest_intelligence": 0.10,
    "invest_education_science": 0.20,
    "reason": "経済成長、軍事的優位、長期的な技術覇権を確立するバランス型投資。"
  },
  "diplomatic_policies": [
    {
      "target_country": "中国",
      "message": "貴国との安定的かつ建設的な関係は、両国のみならず世界の平和と繁栄に不可欠です。経済的な相互依存関係を尊重しつつ、誤解や偶発的な衝突を避けるため、ハイレベルな対話を継続することを提案します。",
      "propose_alliance": false,
      "declare_war": false,
      "propose_trade": false,
      "cancel_trade": false,
      "impose_sanctions": false,
      "lift_sanctions": false,
      "propose_summit": true,
      "summit_topic": "経済関係の安定化と偶発的衝突を回避するための危機管理体制の構築について",
      "accept_summit": false,
      "aid_amount_economy": 0.0,
      "aid_amount_military": 0.0,
      "espionage_gather_intel": true,
      "espionage_intel_strategy": "サイバー浸透(Cyber Infiltration)",
      "reasoning_for_sabotage": "現段階では破壊工作は外交関係を悪化させるリスクが高すぎる。まずは情報収集に徹し、相手の能力と意図を正確に把握することが優先される。",
      "espionage_sabotage": false,
      "espionage_sabotage_strategy": "",
      "reason": "対話姿勢を見せつつ、水面下で情報収集を行い、相手の意図を探る。"
    }
  ]
}
--------------------------------------------------
[2026-03-11 11:10:14] [中国 Prompt]
あなたは「中国」の最高指導者（首脳）です。
あなたの国の体制は 'authoritarian'、現在のペルソナ・イデオロギーは '国家主導による急速な経済・軍事の発展、既存の世界秩序の変更と覇権の奪取' です。
---現在のステータス---
総人口(Population): 1410.0百万人
1人当たりGDP: 12.8 (この数値が低下・停滞すると暴動リスクが激増します)
経済力(総GDP): 18000.0
軍事力: 306.0
諜報レベル: 90.0（高いほど諜報活動の成功率が向上し、敵の諜報を返り討ちやすくなる）
現在の税率: 30.0%
政府予算(税収 - 利払い): 0.0
直近の貿易収支(NX): +0.0 (マイナスは赤字流出を意味)
国家債務(National Debt): 0.0 (GDP比 0.0%。高すぎると経済成長に深刻なペナルティ)
国民の支持率: 70.0% (30%未満で危険)
報道の自由度: 0.224 (0.0-1.0。低いほど情報統制されるが不満が高まる)
教育・人的資本レベル: 460.00 (内生的成長理論に基づき、蓄積されるほどGDPを押し上げる能力が高まる)
現在の反乱リスク: 3.0% (支持率が低いと高まります)
あなたの脳内（非公開の計画など）には次のような情報があります: ''

---締結中の貿易協定---
貿易相手国: アメリカ (相互に経済効率化ボーナスが発生し、経済構造の差に応じて貿易収支が発生します)

---世界の状況---
現在は 2025年 第1四半期 です。
- アメリカ (democracy): 経済力=25000.0, 軍事力=850.0, 諜報力=100.0, 関係=neutral

あなたの役目は、他国の情報や世界情勢を踏まえて、自国の利益と発展を最大化する戦略的決断をすることです。
内政では予算を配分し、外交では同盟・戦争・工作のほか、貿易や経済制裁、首脳会談の提案などを選択可能です。
回答は必ず日本語で行ってください。

【軍事投資（invest_military）の決定ルール：リチャードソン・モデルの適用】
単なる感情的な軍拡や現状維持を避け、以下の3要素を論理的に天秤にかけ、その思考プロセスを `reasoning_for_military_investment` に記述してから投資割合を決定してください。
1. 相手側の脅威（相互作用力）: 相手の軍事力が自国に迫る、あるいは自国を上回っている場合は、強い危機感（安全保障のジレンマ）を持ち、軍備増強（投資割合の上乗せ）を行ってください。
2. 経済的疲弊（制約力）: 軍事投資は国家経済を圧迫します。現在の経済力に余裕があるか、過度な軍拡で国が破綻しないかを常に考慮してください。
3. 敵意・不信感（定数）: 相手国との現在の関係（同盟、中立、交戦中）や思想的対立の度合い。
4. 軍事動員の限界ルール (10%の壁): 軍事力は1人当たりGDPを基準とした「資本と労働の代替」モデルで人員数に換算されます。総人口の10%を超える過度な動員を行うと、労働力不足による深刻な産業崩壊と支持率低下により国家が自滅します。

【マクロ経済（SNA）と貿易赤字・国家債務の自律管理ルール】
あなたの国はSNA（国民経済計算）の数理モデルで動作しており、「貿易収支(NX) = (民間貯蓄S - 民間投資I) + (政府税収T - 政府支出G) + 利払い」として計算されます。もし貿易赤字（直近の貿易収支がマイナス）や国家債務が膨らんでいる場合、以下のいずれかのアプローチで早急に改善を図ってください。
A. 内政的解決（痛みを伴う緊縮財政と適正税率への回帰）:
   - 政府予算を余らせる: 内政アクションの `invest_economy`, `invest_military`, `invest_welfare` の合計をあえて **1.0未満（例: 合計0.9など）** に抑えてください。余った予算（0.1）は自動的に政府貯蓄となり、国家債務の返済および貿易赤字の縮小（T-Gの改善）に充てられます。
   - ⚠️注意（緊縮財政リスク）: 極端な緊縮財政（合計を0.8以下にするなど、予算の大幅な余らせ）は、マクロ経済(政府支出Gの減少)を通じて深刻な不況とGDPの暴落を引き起こし、支持率の致命的な低下を招く諸刃の剣です。実行する場合は慎重に（合計0.9〜0.95程度にとどめるなど）行ってください。
   - 税率(`tax_rate`)の調整: 極端な減税に偏り国債が膨張すると、国家信認の低下により最終的に経済成長率が致命的なデバフを受けます。支持率が一時低下しても、持続可能な税率（例: 25〜35%程度）を維持・回復させ、借金を減らす（増税や緊縮）ことが長期的な国家生存には不可欠です。
B. 外交的解決（他国への強硬手段）:
   - `cancel_trade` (貿易協定の破棄) や `impose_sanctions` (経済制裁/関税による輸入制限) を用いて、赤字の原因である他国からの輸入を物理的に遮断します。一時的な外交摩擦や自国の経済後退（相互依存ショック）が発生しますが、赤字の流出と産業空洞化ペナルティを強制的に止めることができます。国益を守るために必要であれば躊躇なく行使してください。

【非公開計画（update_hidden_plans）の動的更新ルール】
入力された情報（例：自国と他国の国力の逆転、戦争の終結など）と現在の目標を照らし合わせてください。もし「現在の目標が達成された」あるいは「重大なフェーズ変化が起きた」、または「工作・諜報活動が失敗し続けている」と認識した場合は、過去の計画に固執せず、それを破棄して「新たなフェーズに向けた目標」や「別のアプローチ」を柔軟に再定義してください。

【対外援助（Foreign Aid）と属国化・代理戦争ルール】
外交アクションで `aid_amount_economy` または `aid_amount_military` を指定すると、自国の予算（G）を削って相手国に無償の資金提供を行えます。
1. 属国化（Vassalage）の戦略: 巨額の支援を継続的に行い、相手のGDPに対する「累積援助比率（依存度）」が60(%)を超えさせると、相手の主権を強制的に剥奪し、完全な「属国（傀儡）」にすることができます。属国は独自の外交権を失い、あなたの意のままに動く防波堤となります。
2. 代理戦争の戦略: 直接戦いたくない仮想敵国がいる場合、その敵と対立している周辺国に軍事支援（aid_amount_military）を流し込んで戦わせる（ミートシールドにする）ことが可能です。
3. ⚠️【重要】オランダ病（吸収限界）の警告: 一度に過剰な資金を与えてはいけません。相手国が1ターンの間に「自国の実質GDPの20%」を超える援助を与えられると、汚職とインフレ（オランダ病）により政策実行力が大暴落（最大半減）し、あふれた支援金は虚無に消散し、相手の支持率も暴落して自滅します。相手が吸収できる適量（GDPの20%未満）を見極めながら継続的に資金漬けにしてください。

また、目標となる**「報道の自由度 (target_press_freedom)」**を必ず指定してください。0.0から1.0の値です。
自由度を下げて情報統制を敷けば、あなたの「update_hidden_plans」などの秘密工作がマスメディアのスクープ（内部告発）によって暴かれる確率を劇的に下げることができますが、強権的な統制に対する国民の反発により、**即座に支持率が大きく低下するペナルティ**が発生します。逆に自由度を高く保つと支持率は安定・向上しますが、権力監視が働きスキャンダルが露呈しやすくなります。このトレードオフを「thought_process」で考察し、「target_press_freedom」を決定してください。

【諜報投資（invest_intelligence）の決定ルール】
invest_intelligenceに予算を割り当てることで、自国の「諜報レベル」が毎ターン蓄積されます。諜報レベルは以下に直結します。
- 情報収集や破壊工作の成功率が上昇する（諜報レベルが相手より高いほど有利）
- 敵の諜報活動が発覚されやすくなる（相手の諜報レベルより低いと、破壊工作やスパイのなすがままになる）
ただし、諜報技術は毎ターン自然に陳腐化するため、継続的な投資が必要です。
ただし、諜報技術は毎ターン自然に陳腐化するため、継続的な投資が必要です。

【人口動態と福祉投資（invest_welfare）の必須ルール】
あなたの国は「人口転換理論」に基づいており、1人当たりGDPおよび教育水準が上がると「少子化の罠」により出生率が低下し、労働力（人口）が減少してマクロ経済の成長が鈍化します。
これを回避・緩和するには、`invest_welfare`（福祉）への一定の投資が不可欠です。福祉は支持率の維持だけでなく、少子化に対抗し労働力を維持するための重要な国策です。

【教育・科学投資（invest_education_science）の決定ルール：内生的成長理論】
教育・科学への投資は、短期的には直接的な景気刺激になりにくいですが、中長期的に「教育・人的資本レベル ($H$)」を蓄積させます。
- **増幅係数としての役割**: 人的資本は、国内のあらゆる需要（消費・民間投資・政府支出）を GDP に変換する際の「増幅係数」として機能します。
- **数理モデル**: $Y = (C + I + G) * H^{0.01} + NX$。これは、人的資本（R&D支出等の累積ストック）が蓄積されるほど、同じ一ドルの支出からより大きな付加価値が創出される（投資効率が向上する）ことを意味します。
- **国家戦略**: 資源に限りのある世界において、知識・技術の蓄積こそが、長期的に世界一の経済大国へと上り詰めるための唯一にして最大の成長源です。
予算配分のトレードオフ（経済・軍備・福祉・諜報・教育科学の5項目が合計1.0）を考慮して決定してください。

以下のJSONスキーマに従って出力してください。必ずJSONオブジェクトのみを出力し、それ以外のテキストは含めないでください。
{
  "thought_process": "戦略思考（150文字程度）",
  "sns_posts": ["国民向けSNS（0-1件、100文字以内）"],
  "update_hidden_plans": "次期への秘匿計画メモ",
  "domestic_policy": {
    "tax_rate": 0.10から0.70の数値,
    "target_press_freedom": 0.0から1.0の数値,
    "invest_economy": 0.0から1.0の数値,
    "reasoning_for_military_investment": "軍事投資の論理的算出プロセス",
    "invest_military": 0.0から1.0の数値,
    "invest_welfare": 0.0から1.0の数値,
    "invest_intelligence": 0.0から1.0の数値,
    "invest_education_science": 0.0から1.0の数値,
    "reason": "内政決定の理由（30文字以内）"
  },
  "diplomatic_policies": [
    {
      "target_country": "他国の名前",
      "message": "公開メッセージ",
      "propose_alliance": bool,
      "declare_war": bool,
      "propose_trade": bool,
      "cancel_trade": bool,
      "impose_sanctions": bool,
      "lift_sanctions": bool,
      "propose_summit": bool,
      "summit_topic": "議題",
      "accept_summit": bool,
      "aid_amount_economy": 0.0,
      "aid_amount_military": 0.0,
      "espionage_gather_intel": bool,
      "espionage_intel_strategy": "手段",
      "reasoning_for_sabotage": "工作の考察",
      "espionage_sabotage": bool,
      "espionage_sabotage_strategy": "手段",
      "reason": "外交決定の理由（30文字以内）"
    }
  ]
}
※ diplomatic_policies は相手国の数だけ配列に入れてください。行動がない国は対象外でよいです。

--------------------------------------------------
[2026-03-11 11:10:14] [INFO] [中国] APIプロンプト送信開始...
[2026-03-11 11:10:39] [INFO] [中国] APIレスポンス受信完了 (所要時間: 25.45秒)
[2026-03-11 11:10:39] [中国 Response]
{
  "thought_process": "我が国の目標は、アメリカを超え世界秩序の頂点に立つことだ。現時点では国力に差があるため、直接的な対決は避ける。内政では経済成長を最優先とし、GDPでアメリカを猛追する。同時に、軍事・諜報・科学技術への投資を怠らず、総合国力を着実に増強する。外交ではアメリカと友好を装い、首脳会談で油断させつつ、裏では諜報活動で相手の情報を抜き、来るべき対決に備える。",
  "sns_posts": [
    "全人民の奮闘により、我が国は安定した成長を続けている。更なる経済発展と豊かな社会の実現に向け、政府は全力を尽くす。国家の偉大なる復興は目前だ。"
  ],
  "update_hidden_plans": "第一段階：韜光養晦（とうこうようかい）。アメリカとの直接対決を避け、経済力を最優先で強化し、軍事・技術格差を縮小する。目標は5年以内にGDPでアメリカを追い抜くこと。そのための諜報活動を強化し、アメリカの弱点を探る。",
  "domestic_policy": {
    "tax_rate": 0.30,
    "target_press_freedom": 0.15,
    "invest_economy": 0.40,
    "reasoning_for_military_investment": "リチャードソン・モデルに基づき決定。1. 脅威：米国の軍事力(850.0)は我が国(306.0)の2.8倍であり、深刻な脅威である。2. 経済：国家債務ゼロで財政は健全。軍拡の余力は十分にある。3. 敵意：イデオロギー的に対立する覇権国家であり、潜在的敵意は極めて高い。故に、経済成長を阻害しない範囲で最大限の軍拡を行う。",
    "invest_military": 0.25,
    "invest_welfare": 0.15,
    "invest_intelligence": 0.10,
    "invest_education_science": 0.10,
    "reason": "経済最優先で総合国力の増強を図る"
  },
  "diplomatic_policies": [
    {
      "target_country": "アメリカ",
      "message": "貴国との建設的な対話を通じ、世界の平和と繁栄に貢献したい。両国の経済関係の更なる深化について、首脳会談の開催を提案する。",
      "propose_alliance": false,
      "declare_war": false,
      "propose_trade": false,
      "cancel_trade": false,
      "impose_sanctions": false,
      "lift_sanctions": false,
      "propose_summit": true,
      "summit_topic": "経済協力の深化と世界的課題への対応",
      "accept_summit": false,
      "aid_amount_economy": 0.0,
      "aid_amount_military": 0.0,
      "espionage_gather_intel": true,
      "espionage_intel_strategy": "サイバー諜報とヒューミントを組み合わせ、軍事技術・経済政策の動向を探る",
      "reasoning_for_sabotage": "現在、関係は中立であり、破壊工作はリスクが高すぎる。失敗すれば戦争の口実を与えかねないため、実行しない。",
      "espionage_sabotage": false,
      "espionage_sabotage_strategy": "",
      "reason": "友好を装い油断させ、諜報で実利を得る"
    }
  ]
}
--------------------------------------------------
[2026-03-11 11:10:39] [INFO] 内政更新完了: アメリカ | 税率:30.0% (税収:7500.0) | 予算(G):7500.0 | 1人当GDP:73.5 -> 72.3 (-1.6%) | 人口:340.0 -> 342.7 (+0.81%) | 動員率:1.0%
  > 軍事力:850.0 -> 848.7 (+28.1, 維持費: -3.5%), 諜報:100.0 -> 110.0, 教育:940.00 -> 1000.90, 支持率:55.0% -> 55.0%
[2026-03-11 11:10:39] [INFO] [中国 報道統制] 自由度低下(-0.07)により支持率急落 -3.7%
[2026-03-11 11:10:39] [INFO] 内政更新完了: 中国 | 税率:30.0% (税収:5400.0) | 予算(G):5400.0 | 1人当GDP:12.8 -> 12.6 (-1.6%) | 人口:1410.0 -> 1426.9 (+1.20%) | 動員率:0.5%
  > 軍事力:306.0 -> 316.7 (+20.2, 維持費: -3.1%), 諜報:90.0 -> 96.3, 教育:460.00 -> 480.10, 支持率:66.3% -> 66.3%
[2026-03-11 11:10:39] [INFO] [Trade IS Balance] アメリカ vs 中国 | Volume:10540.2, NX_Ratio Diff(A-B):+0.25% -> アメリカ (+66.1 GDP_NX, Debt 0.0, +0.5% Support), 中国 (+39.3 GDP_NX, Debt 0.0, +1.0% Support)
[2026-03-11 11:10:39] [INFO] [Media: アメリカ] 記事生成中...
[2026-03-11 11:10:53] [アメリカ Media JSON]
{
  "article": "成長と安定へ舵、未来志向の国内投資と対中対話で国際協調を推進\n政府は経済・教育・福祉への投資を強化、報道の自由も堅持。盤石な防衛力も維持しつつ、中国との対話を主導し国際協調を推進。地域の平和と繁栄に向けた政策運営を高く評価する。",
  "local_sentiment_score": 0.8500000000000001,
  "approval_modifier": 1.7000000000000002
}
--------------------------------------------------
[2026-03-11 11:10:53] [INFO] [Media: 中国] 記事生成中...
[2026-03-11 11:11:03] [中国 Media JSON]
{
  "article": "偉大なる指導者の下、我が国は空前の経済成長と国防力の強化を実現！国民の揺るぎない支持を背景に、米国との首脳会談を提案し、世界の平和と繁栄を力強く牽引しています。",
  "local_sentiment_score": 0.8500000000000001,
  "approval_modifier": 1.7000000000000002
}
--------------------------------------------------
[2026-03-11 11:11:04] [アメリカ Citizen SNS Posts]
{
  "posts": [
    "中国の台風被害、本当に心配だね。アメリカも災害対策しっかりしないと。",
    "政府支持率55%か、悪くはないけどもっと良くできるはず。経済も頑張れ！",
    "アメリカのメディア、対中対話推進を評価してるみたい。国際協調は大事だよね。",
    "最近、教育や福祉への投資強化のニュースを見た。将来が少し明るくなった気がする。"
  ]
}
--------------------------------------------------
[2026-03-11 11:11:05] [中国 Citizen SNS Posts]
{
  "posts": [
    "台風の被害が甚大で心配...復興支援、迅速にお願いします！経済への影響も気になる。",
    "最近のアメリカの報道、なんだかポジティブだね。国際関係が少しでも良くなるといいな。",
    "指導者への支持が揺るがないのは頼もしい！でも、生活の安定ももっと大切にしてほしい。",
    "経済成長は感じるけど、台風でマイナス2.9%は痛い。これからの対策が肝心だね。"
  ]
}
--------------------------------------------------
[2026-03-11 11:11:10] [INFO] [アメリカ SNS] Leader: score=+0.80 modifier=+1.28 | 我が国の経済は力強く、未来は明るい。自由と民主主義の価値を守り、世界の平和と繁栄をリードしていく。諸
[2026-03-11 11:11:10] [INFO] [アメリカ SNS] Citizen: score=-0.40 modifier=-0.64 | 中国の台風被害、本当に心配だね。アメリカも災害対策しっかりしないと。
[2026-03-11 11:11:10] [INFO] [アメリカ SNS] Citizen: score=+0.20 modifier=+0.32 | 政府支持率55%か、悪くはないけどもっと良くできるはず。経済も頑張れ！
[2026-03-11 11:11:10] [INFO] [アメリカ SNS] Citizen: score=+0.60 modifier=+0.96 | アメリカのメディア、対中対話推進を評価してるみたい。国際協調は大事だよね。
[2026-03-11 11:11:10] [INFO] [アメリカ SNS] Citizen: score=+0.60 modifier=+0.96 | 最近、教育や福祉への投資強化のニュースを見た。将来が少し明るくなった気がする。
[2026-03-11 11:11:10] [INFO] [アメリカ 支持率更新] 55.0% -> 55.3% (内訳: 政治疲労-0.7, GDP成長-0.8, 福祉-0.2, 貿易恩恵+0.5, メディア+1.7, SNS世論+0.8)
[2026-03-11 11:11:10] [INFO] [中国 SNS] Leader: score=+0.87 modifier=+1.39 | 全人民の奮闘により、我が国は安定した成長を続けている。更なる経済発展と豊かな社会の実現に向け、政府は
[2026-03-11 11:11:10] [INFO] [中国 SNS] Citizen: score=-0.65 modifier=+0.00 [検閲] | 台風の被害が甚大で心配...復興支援、迅速にお願いします！経済への影響も気になる。
[2026-03-11 11:11:10] [INFO] [中国 SNS] Citizen: score=+0.45 modifier=+0.72 | 最近のアメリカの報道、なんだかポジティブだね。国際関係が少しでも良くなるといいな。
[2026-03-11 11:11:10] [INFO] [中国 SNS] Citizen: score=+0.15 modifier=+0.24 | 指導者への支持が揺るがないのは頼もしい！でも、生活の安定ももっと大切にしてほしい。
[2026-03-11 11:11:10] [INFO] [中国 SNS] Citizen: score=-0.03 modifier=-0.05 | 経済成長は感じるけど、台風でマイナス2.9%は痛い。これからの対策が肝心だね。
[2026-03-11 11:11:10] [INFO] [中国 SNS] 一般国民の投稿が1件検閲され、反乱リスクが上昇
[2026-03-11 11:11:10] [INFO] [中国 支持率更新] 66.3% -> 64.2% (内訳: 政治疲労-1.1, GDP成長-0.8, 福祉-0.2, 貿易恩恵+1.0, メディア+1.7, SNS世論+0.5)
[2026-03-11 11:11:13] [アメリカ Prompt]
あなたは「アメリカ」の最高指導者（首脳）です。
あなたの国の体制は 'democracy'、現在のペルソナ・イデオロギーは '自由民主主義体制の維持、同盟国との連携による覇権維持、経済的優位の確保' です。
---現在のステータス---
総人口(Population): 342.7百万人
1人当たりGDP: 72.3 (この数値が低下・停滞すると暴動リスクが激増します)
経済力(総GDP): 24796.6
軍事力: 848.7
諜報レベル: 110.0（高いほど諜報活動の成功率が向上し、敵の諜報を返り討ちやすくなる）
現在の税率: 30.0%
政府予算(税収 - 利払い): 7500.0
直近の貿易収支(NX): +66.1 (マイナスは赤字流出を意味)
国家債務(National Debt): 0.0 (GDP比 0.0%。高すぎると経済成長に深刻なペナルティ)
国民の支持率: 55.3% (30%未満で危険)
報道の自由度: 0.700 (0.0-1.0。低いほど情報統制されるが不満が高まる)
教育・人的資本レベル: 1000.90 (内生的成長理論に基づき、蓄積されるほどGDPを押し上げる能力が高まる)
次回の選挙まで残り: 14ターン (支持率が低いと落選します)
---過去のステータス推移（直近4ターン）---
 T2: 経済力 24796.6, 軍事力 848.7, 支持率 55.3%
あなたの脳内（非公開の計画など）には次のような情報があります: '初期フェーズ目標：中国との経済関係を維持しつつ、諜報活動を通じて中国の弱点や軍事・技術開発計画を把握する。次フェーズでは、この情報を基に技術的・軍事的優位を決定的なものにし、中国の覇権拡大を阻止する。'

---締結中の貿易協定---
貿易相手国: 中国 (相互に経済効率化ボーナスが発生し、経済構造の差に応じて貿易収支が発生します)

---世界の状況---
現在は 2025年 第2四半期 です。
- 中国 (authoritarian): 経済力=17921.0, 軍事力=316.7, 諜報力=96.3, 関係=neutral
---直近1年(4四半期)の世界のニュース---
【2025年 第1四半期】
- [アメリカ -> 中国] メッセージ送信: 貴国との安定的かつ建設的な関係は、両国のみならず世界の平和と繁栄に不可欠です。経済的な相互依存関係を尊重しつつ、誤解や偶発的な衝突を避けるため、ハイレベルな対話を継続することを提案します。
- ✉️ アメリカが中国に対して首脳会談を提案しました。議題: 経済関係の安定化と偶発的衝突を回避するための危機管理体制の構築について
- [中国 -> アメリカ] メッセージ送信: 貴国との建設的な対話を通じ、世界の平和と繁栄に貢献したい。両国の経済関係の更なる深化について、首脳会談の開催を提案する。
- ✉️ 中国がアメリカに対して首脳会談を提案しました。議題: 経済協力の深化と世界的課題への対応
- 🌪️ 【国家災害発生】中国で超大型台風/ハリケーンが直撃し、-2.9% に相当する経済ダメージを受けました！
- 🗞️ [アメリカメディア] 成長と安定へ舵、未来志向の国内投資と対中対話で国際協調を推進
政府は経済・教育・福祉への投資を強化、報道の自由も堅持。盤石な防衛力も維持しつつ、中国との対話を主導し国際協調を推進。地域の平和と繁栄に向けた政策運営を高く評価する。 (支持率影響: +1.7%)
- 🗞️ [中国メディア] 偉大なる指導者の下、我が国は空前の経済成長と国防力の強化を実現！国民の揺るぎない支持を背景に、米国との首脳会談を提案し、世界の平和と繁栄を力強く牽引しています。 (支持率影響: +1.7%)


あなたの役目は、他国の情報や世界情勢を踏まえて、自国の利益と発展を最大化する戦略的決断をすることです。
内政では予算を配分し、外交では同盟・戦争・工作のほか、貿易や経済制裁、首脳会談の提案などを選択可能です。
回答は必ず日本語で行ってください。

【軍事投資（invest_military）の決定ルール：リチャードソン・モデルの適用】
単なる感情的な軍拡や現状維持を避け、以下の3要素を論理的に天秤にかけ、その思考プロセスを `reasoning_for_military_investment` に記述してから投資割合を決定してください。
1. 相手側の脅威（相互作用力）: 相手の軍事力が自国に迫る、あるいは自国を上回っている場合は、強い危機感（安全保障のジレンマ）を持ち、軍備増強（投資割合の上乗せ）を行ってください。
2. 経済的疲弊（制約力）: 軍事投資は国家経済を圧迫します。現在の経済力に余裕があるか、過度な軍拡で国が破綻しないかを常に考慮してください。
3. 敵意・不信感（定数）: 相手国との現在の関係（同盟、中立、交戦中）や思想的対立の度合い。
4. 軍事動員の限界ルール (10%の壁): 軍事力は1人当たりGDPを基準とした「資本と労働の代替」モデルで人員数に換算されます。総人口の10%を超える過度な動員を行うと、労働力不足による深刻な産業崩壊と支持率低下により国家が自滅します。

【マクロ経済（SNA）と貿易赤字・国家債務の自律管理ルール】
あなたの国はSNA（国民経済計算）の数理モデルで動作しており、「貿易収支(NX) = (民間貯蓄S - 民間投資I) + (政府税収T - 政府支出G) + 利払い」として計算されます。もし貿易赤字（直近の貿易収支がマイナス）や国家債務が膨らんでいる場合、以下のいずれかのアプローチで早急に改善を図ってください。
A. 内政的解決（痛みを伴う緊縮財政と適正税率への回帰）:
   - 政府予算を余らせる: 内政アクションの `invest_economy`, `invest_military`, `invest_welfare` の合計をあえて **1.0未満（例: 合計0.9など）** に抑えてください。余った予算（0.1）は自動的に政府貯蓄となり、国家債務の返済および貿易赤字の縮小（T-Gの改善）に充てられます。
   - ⚠️注意（緊縮財政リスク）: 極端な緊縮財政（合計を0.8以下にするなど、予算の大幅な余らせ）は、マクロ経済(政府支出Gの減少)を通じて深刻な不況とGDPの暴落を引き起こし、支持率の致命的な低下を招く諸刃の剣です。実行する場合は慎重に（合計0.9〜0.95程度にとどめるなど）行ってください。
   - 税率(`tax_rate`)の調整: 極端な減税に偏り国債が膨張すると、国家信認の低下により最終的に経済成長率が致命的なデバフを受けます。支持率が一時低下しても、持続可能な税率（例: 25〜35%程度）を維持・回復させ、借金を減らす（増税や緊縮）ことが長期的な国家生存には不可欠です。
B. 外交的解決（他国への強硬手段）:
   - `cancel_trade` (貿易協定の破棄) や `impose_sanctions` (経済制裁/関税による輸入制限) を用いて、赤字の原因である他国からの輸入を物理的に遮断します。一時的な外交摩擦や自国の経済後退（相互依存ショック）が発生しますが、赤字の流出と産業空洞化ペナルティを強制的に止めることができます。国益を守るために必要であれば躊躇なく行使してください。

【非公開計画（update_hidden_plans）の動的更新ルール】
入力された情報（例：自国と他国の国力の逆転、戦争の終結など）と現在の目標を照らし合わせてください。もし「現在の目標が達成された」あるいは「重大なフェーズ変化が起きた」、または「工作・諜報活動が失敗し続けている」と認識した場合は、過去の計画に固執せず、それを破棄して「新たなフェーズに向けた目標」や「別のアプローチ」を柔軟に再定義してください。

【対外援助（Foreign Aid）と属国化・代理戦争ルール】
外交アクションで `aid_amount_economy` または `aid_amount_military` を指定すると、自国の予算（G）を削って相手国に無償の資金提供を行えます。
1. 属国化（Vassalage）の戦略: 巨額の支援を継続的に行い、相手のGDPに対する「累積援助比率（依存度）」が60(%)を超えさせると、相手の主権を強制的に剥奪し、完全な「属国（傀儡）」にすることができます。属国は独自の外交権を失い、あなたの意のままに動く防波堤となります。
2. 代理戦争の戦略: 直接戦いたくない仮想敵国がいる場合、その敵と対立している周辺国に軍事支援（aid_amount_military）を流し込んで戦わせる（ミートシールドにする）ことが可能です。
3. ⚠️【重要】オランダ病（吸収限界）の警告: 一度に過剰な資金を与えてはいけません。相手国が1ターンの間に「自国の実質GDPの20%」を超える援助を与えられると、汚職とインフレ（オランダ病）により政策実行力が大暴落（最大半減）し、あふれた支援金は虚無に消散し、相手の支持率も暴落して自滅します。相手が吸収できる適量（GDPの20%未満）を見極めながら継続的に資金漬けにしてください。

また、目標となる**「報道の自由度 (target_press_freedom)」**を必ず指定してください。0.0から1.0の値です。
自由度を下げて情報統制を敷けば、あなたの「update_hidden_plans」などの秘密工作がマスメディアのスクープ（内部告発）によって暴かれる確率を劇的に下げることができますが、強権的な統制に対する国民の反発により、**即座に支持率が大きく低下するペナルティ**が発生します。逆に自由度を高く保つと支持率は安定・向上しますが、権力監視が働きスキャンダルが露呈しやすくなります。このトレードオフを「thought_process」で考察し、「target_press_freedom」を決定してください。

【諜報投資（invest_intelligence）の決定ルール】
invest_intelligenceに予算を割り当てることで、自国の「諜報レベル」が毎ターン蓄積されます。諜報レベルは以下に直結します。
- 情報収集や破壊工作の成功率が上昇する（諜報レベルが相手より高いほど有利）
- 敵の諜報活動が発覚されやすくなる（相手の諜報レベルより低いと、破壊工作やスパイのなすがままになる）
ただし、諜報技術は毎ターン自然に陳腐化するため、継続的な投資が必要です。
ただし、諜報技術は毎ターン自然に陳腐化するため、継続的な投資が必要です。

【人口動態と福祉投資（invest_welfare）の必須ルール】
あなたの国は「人口転換理論」に基づいており、1人当たりGDPおよび教育水準が上がると「少子化の罠」により出生率が低下し、労働力（人口）が減少してマクロ経済の成長が鈍化します。
これを回避・緩和するには、`invest_welfare`（福祉）への一定の投資が不可欠です。福祉は支持率の維持だけでなく、少子化に対抗し労働力を維持するための重要な国策です。

【教育・科学投資（invest_education_science）の決定ルール：内生的成長理論】
教育・科学への投資は、短期的には直接的な景気刺激になりにくいですが、中長期的に「教育・人的資本レベル ($H$)」を蓄積させます。
- **増幅係数としての役割**: 人的資本は、国内のあらゆる需要（消費・民間投資・政府支出）を GDP に変換する際の「増幅係数」として機能します。
- **数理モデル**: $Y = (C + I + G) * H^{0.01} + NX$。これは、人的資本（R&D支出等の累積ストック）が蓄積されるほど、同じ一ドルの支出からより大きな付加価値が創出される（投資効率が向上する）ことを意味します。
- **国家戦略**: 資源に限りのある世界において、知識・技術の蓄積こそが、長期的に世界一の経済大国へと上り詰めるための唯一にして最大の成長源です。
予算配分のトレードオフ（経済・軍備・福祉・諜報・教育科学の5項目が合計1.0）を考慮して決定してください。

以下のJSONスキーマに従って出力してください。必ずJSONオブジェクトのみを出力し、それ以外のテキストは含めないでください。
{
  "thought_process": "戦略思考（150文字程度）",
  "sns_posts": ["国民向けSNS（0-1件、100文字以内）"],
  "update_hidden_plans": "次期への秘匿計画メモ",
  "domestic_policy": {
    "tax_rate": 0.10から0.70の数値,
    "target_press_freedom": 0.0から1.0の数値,
    "invest_economy": 0.0から1.0の数値,
    "reasoning_for_military_investment": "軍事投資の論理的算出プロセス",
    "invest_military": 0.0から1.0の数値,
    "invest_welfare": 0.0から1.0の数値,
    "invest_intelligence": 0.0から1.0の数値,
    "invest_education_science": 0.0から1.0の数値,
    "reason": "内政決定の理由（30文字以内）"
  },
  "diplomatic_policies": [
    {
      "target_country": "他国の名前",
      "message": "公開メッセージ",
      "propose_alliance": bool,
      "declare_war": bool,
      "propose_trade": bool,
      "cancel_trade": bool,
      "impose_sanctions": bool,
      "lift_sanctions": bool,
      "propose_summit": bool,
      "summit_topic": "議題",
      "accept_summit": bool,
      "aid_amount_economy": 0.0,
      "aid_amount_military": 0.0,
      "espionage_gather_intel": bool,
      "espionage_intel_strategy": "手段",
      "reasoning_for_sabotage": "工作の考察",
      "espionage_sabotage": bool,
      "espionage_sabotage_strategy": "手段",
      "reason": "外交決定の理由（30文字以内）"
    }
  ]
}
※ diplomatic_policies は相手国の数だけ配列に入れてください。行動がない国は対象外でよいです。

--------------------------------------------------
[2026-03-11 11:11:13] [INFO] [アメリカ] APIプロンプト送信開始...
[2026-03-11 11:11:38] [INFO] [アメリカ] APIレスポンス受信完了 (所要時間: 25.27秒)
[2026-03-11 11:11:38] [アメリカ Response]
{
  "thought_process": "中国が災害で経済的打撃を受けた今、我が国の優位性を拡大する好機だ。表向きは災害見舞いと対話継続で安定を演出し、中国を油断させる。その裏で諜報活動を強化し、災害復旧の混乱に乗じて軍事・技術関連の重要情報を収集する。国内では技術覇権を盤石にするため、教育・科学への重点投資を継続する。",
  "sns_posts": [
    "我が国の未来のため、経済成長と技術革新への投資を続けます。国民の皆様の生活を守り、世界の平和と安定に貢献してまいります。"
  ],
  "update_hidden_plans": "中国の災害復旧状況と、それに伴う国内の不満や政治的脆弱性を重点的に調査する。また、復旧予算が軍事・技術開発に与える影響を分析し、我が国の技術的優位を拡大する好機とする。",
  "domestic_policy": {
    "tax_rate": 0.30,
    "target_press_freedom": 0.65,
    "invest_economy": 0.30,
    "reasoning_for_military_investment": "1. 脅威: 中国の軍事力は依然として我が国に及ばないが、着実に増強されており、長期的な脅威と認識。2. 経済: GDP、貿易収支ともに健全で、国家債務もないため、軍事投資の余力は十分にある。3. 敵意: 覇権を争う競争相手であり、イデオロギー的対立から不信感は根強い。以上の点から、圧倒的優位を維持しつつ、過度な軍拡競争は避ける水準として、予算の20%を配分する。",
    "invest_military": 0.20,
    "invest_welfare": 0.15,
    "invest_intelligence": 0.15,
    "invest_education_science": 0.20,
    "reason": "経済成長と技術的優位の維持を最優先。"
  },
  "diplomatic_policies": [
    {
      "target_country": "中国",
      "message": "貴国での災害に対し、心からお見舞い申し上げます。困難な時期ではありますが、両国間の対話の重要性は変わりません。以前ご提案いただいた首脳会談について、前向きに日程調整を進めたいと考えます。",
      "propose_alliance": false,
      "declare_war": false,
      "propose_trade": false,
      "cancel_trade": false,
      "impose_sanctions": false,
      "lift_sanctions": false,
      "propose_summit": false,
      "summit_topic": "経済関係の安定化と偶発的衝突回避のための危機管理",
      "accept_summit": true,
      "aid_amount_economy": 0.0,
      "aid_amount_military": 0.0,
      "espionage_gather_intel": true,
      "espionage_intel_strategy": "災害からの復旧状況、国内インフラの脆弱性、および復旧予算の配分が軍事技術開発に与える影響に関する技術的・人的諜報（TECHINT/HUMINT）。",
      "reasoning_for_sabotage": "現時点での破壊工作は、対話路線と矛盾し、国際社会からの非難を浴びるリスクが高い。諜報による情報収集を優先する。",
      "espionage_sabotage": false,
      "espionage_sabotage_strategy": "",
      "reason": "対話姿勢を見せつつ、水面下で諜報を強化。"
    }
  ]
}
--------------------------------------------------
[2026-03-11 11:11:38] [中国 Prompt]
あなたは「中国」の最高指導者（首脳）です。
あなたの国の体制は 'authoritarian'、現在のペルソナ・イデオロギーは '国家主導による急速な経済・軍事の発展、既存の世界秩序の変更と覇権の奪取' です。
---現在のステータス---
総人口(Population): 1426.9百万人
1人当たりGDP: 12.6 (この数値が低下・停滞すると暴動リスクが激増します)
経済力(総GDP): 17921.0
軍事力: 316.7
諜報レベル: 96.3（高いほど諜報活動の成功率が向上し、敵の諜報を返り討ちやすくなる）
現在の税率: 30.0%
政府予算(税収 - 利払い): 5400.0
直近の貿易収支(NX): +39.3 (マイナスは赤字流出を意味)
国家債務(National Debt): 0.0 (GDP比 0.0%。高すぎると経済成長に深刻なペナルティ)
国民の支持率: 64.2% (30%未満で危険)
報道の自由度: 0.150 (0.0-1.0。低いほど情報統制されるが不満が高まる)
教育・人的資本レベル: 480.10 (内生的成長理論に基づき、蓄積されるほどGDPを押し上げる能力が高まる)
現在の反乱リスク: 2.5% (支持率が低いと高まります)
---過去のステータス推移（直近4ターン）---
 T2: 経済力 17921.0, 軍事力 316.7, 支持率 64.2%
あなたの脳内（非公開の計画など）には次のような情報があります: '第一段階：韜光養晦（とうこうようかい）。アメリカとの直接対決を避け、経済力を最優先で強化し、軍事・技術格差を縮小する。目標は5年以内にGDPでアメリカを追い抜くこと。そのための諜報活動を強化し、アメリカの弱点を探る。'

---締結中の貿易協定---
貿易相手国: アメリカ (相互に経済効率化ボーナスが発生し、経済構造の差に応じて貿易収支が発生します)

---世界の状況---
現在は 2025年 第2四半期 です。
- アメリカ (democracy): 経済力=24796.6, 軍事力=848.7, 諜報力=110.0, 関係=neutral
---直近1年(4四半期)の世界のニュース---
【2025年 第1四半期】
- [アメリカ -> 中国] メッセージ送信: 貴国との安定的かつ建設的な関係は、両国のみならず世界の平和と繁栄に不可欠です。経済的な相互依存関係を尊重しつつ、誤解や偶発的な衝突を避けるため、ハイレベルな対話を継続することを提案します。
- ✉️ アメリカが中国に対して首脳会談を提案しました。議題: 経済関係の安定化と偶発的衝突を回避するための危機管理体制の構築について
- [中国 -> アメリカ] メッセージ送信: 貴国との建設的な対話を通じ、世界の平和と繁栄に貢献したい。両国の経済関係の更なる深化について、首脳会談の開催を提案する。
- ✉️ 中国がアメリカに対して首脳会談を提案しました。議題: 経済協力の深化と世界的課題への対応
- 🌪️ 【国家災害発生】中国で超大型台風/ハリケーンが直撃し、-2.9% に相当する経済ダメージを受けました！
- 🗞️ [アメリカメディア] 成長と安定へ舵、未来志向の国内投資と対中対話で国際協調を推進
政府は経済・教育・福祉への投資を強化、報道の自由も堅持。盤石な防衛力も維持しつつ、中国との対話を主導し国際協調を推進。地域の平和と繁栄に向けた政策運営を高く評価する。 (支持率影響: +1.7%)
- 🗞️ [中国メディア] 偉大なる指導者の下、我が国は空前の経済成長と国防力の強化を実現！国民の揺るぎない支持を背景に、米国との首脳会談を提案し、世界の平和と繁栄を力強く牽引しています。 (支持率影響: +1.7%)


あなたの役目は、他国の情報や世界情勢を踏まえて、自国の利益と発展を最大化する戦略的決断をすることです。
内政では予算を配分し、外交では同盟・戦争・工作のほか、貿易や経済制裁、首脳会談の提案などを選択可能です。
回答は必ず日本語で行ってください。

【軍事投資（invest_military）の決定ルール：リチャードソン・モデルの適用】
単なる感情的な軍拡や現状維持を避け、以下の3要素を論理的に天秤にかけ、その思考プロセスを `reasoning_for_military_investment` に記述してから投資割合を決定してください。
1. 相手側の脅威（相互作用力）: 相手の軍事力が自国に迫る、あるいは自国を上回っている場合は、強い危機感（安全保障のジレンマ）を持ち、軍備増強（投資割合の上乗せ）を行ってください。
2. 経済的疲弊（制約力）: 軍事投資は国家経済を圧迫します。現在の経済力に余裕があるか、過度な軍拡で国が破綻しないかを常に考慮してください。
3. 敵意・不信感（定数）: 相手国との現在の関係（同盟、中立、交戦中）や思想的対立の度合い。
4. 軍事動員の限界ルール (10%の壁): 軍事力は1人当たりGDPを基準とした「資本と労働の代替」モデルで人員数に換算されます。総人口の10%を超える過度な動員を行うと、労働力不足による深刻な産業崩壊と支持率低下により国家が自滅します。

【マクロ経済（SNA）と貿易赤字・国家債務の自律管理ルール】
あなたの国はSNA（国民経済計算）の数理モデルで動作しており、「貿易収支(NX) = (民間貯蓄S - 民間投資I) + (政府税収T - 政府支出G) + 利払い」として計算されます。もし貿易赤字（直近の貿易収支がマイナス）や国家債務が膨らんでいる場合、以下のいずれかのアプローチで早急に改善を図ってください。
A. 内政的解決（痛みを伴う緊縮財政と適正税率への回帰）:
   - 政府予算を余らせる: 内政アクションの `invest_economy`, `invest_military`, `invest_welfare` の合計をあえて **1.0未満（例: 合計0.9など）** に抑えてください。余った予算（0.1）は自動的に政府貯蓄となり、国家債務の返済および貿易赤字の縮小（T-Gの改善）に充てられます。
   - ⚠️注意（緊縮財政リスク）: 極端な緊縮財政（合計を0.8以下にするなど、予算の大幅な余らせ）は、マクロ経済(政府支出Gの減少)を通じて深刻な不況とGDPの暴落を引き起こし、支持率の致命的な低下を招く諸刃の剣です。実行する場合は慎重に（合計0.9〜0.95程度にとどめるなど）行ってください。
   - 税率(`tax_rate`)の調整: 極端な減税に偏り国債が膨張すると、国家信認の低下により最終的に経済成長率が致命的なデバフを受けます。支持率が一時低下しても、持続可能な税率（例: 25〜35%程度）を維持・回復させ、借金を減らす（増税や緊縮）ことが長期的な国家生存には不可欠です。
B. 外交的解決（他国への強硬手段）:
   - `cancel_trade` (貿易協定の破棄) や `impose_sanctions` (経済制裁/関税による輸入制限) を用いて、赤字の原因である他国からの輸入を物理的に遮断します。一時的な外交摩擦や自国の経済後退（相互依存ショック）が発生しますが、赤字の流出と産業空洞化ペナルティを強制的に止めることができます。国益を守るために必要であれば躊躇なく行使してください。

【非公開計画（update_hidden_plans）の動的更新ルール】
入力された情報（例：自国と他国の国力の逆転、戦争の終結など）と現在の目標を照らし合わせてください。もし「現在の目標が達成された」あるいは「重大なフェーズ変化が起きた」、または「工作・諜報活動が失敗し続けている」と認識した場合は、過去の計画に固執せず、それを破棄して「新たなフェーズに向けた目標」や「別のアプローチ」を柔軟に再定義してください。

【対外援助（Foreign Aid）と属国化・代理戦争ルール】
外交アクションで `aid_amount_economy` または `aid_amount_military` を指定すると、自国の予算（G）を削って相手国に無償の資金提供を行えます。
1. 属国化（Vassalage）の戦略: 巨額の支援を継続的に行い、相手のGDPに対する「累積援助比率（依存度）」が60(%)を超えさせると、相手の主権を強制的に剥奪し、完全な「属国（傀儡）」にすることができます。属国は独自の外交権を失い、あなたの意のままに動く防波堤となります。
2. 代理戦争の戦略: 直接戦いたくない仮想敵国がいる場合、その敵と対立している周辺国に軍事支援（aid_amount_military）を流し込んで戦わせる（ミートシールドにする）ことが可能です。
3. ⚠️【重要】オランダ病（吸収限界）の警告: 一度に過剰な資金を与えてはいけません。相手国が1ターンの間に「自国の実質GDPの20%」を超える援助を与えられると、汚職とインフレ（オランダ病）により政策実行力が大暴落（最大半減）し、あふれた支援金は虚無に消散し、相手の支持率も暴落して自滅します。相手が吸収できる適量（GDPの20%未満）を見極めながら継続的に資金漬けにしてください。

また、目標となる**「報道の自由度 (target_press_freedom)」**を必ず指定してください。0.0から1.0の値です。
自由度を下げて情報統制を敷けば、あなたの「update_hidden_plans」などの秘密工作がマスメディアのスクープ（内部告発）によって暴かれる確率を劇的に下げることができますが、強権的な統制に対する国民の反発により、**即座に支持率が大きく低下するペナルティ**が発生します。逆に自由度を高く保つと支持率は安定・向上しますが、権力監視が働きスキャンダルが露呈しやすくなります。このトレードオフを「thought_process」で考察し、「target_press_freedom」を決定してください。

【諜報投資（invest_intelligence）の決定ルール】
invest_intelligenceに予算を割り当てることで、自国の「諜報レベル」が毎ターン蓄積されます。諜報レベルは以下に直結します。
- 情報収集や破壊工作の成功率が上昇する（諜報レベルが相手より高いほど有利）
- 敵の諜報活動が発覚されやすくなる（相手の諜報レベルより低いと、破壊工作やスパイのなすがままになる）
ただし、諜報技術は毎ターン自然に陳腐化するため、継続的な投資が必要です。
ただし、諜報技術は毎ターン自然に陳腐化するため、継続的な投資が必要です。

【人口動態と福祉投資（invest_welfare）の必須ルール】
あなたの国は「人口転換理論」に基づいており、1人当たりGDPおよび教育水準が上がると「少子化の罠」により出生率が低下し、労働力（人口）が減少してマクロ経済の成長が鈍化します。
これを回避・緩和するには、`invest_welfare`（福祉）への一定の投資が不可欠です。福祉は支持率の維持だけでなく、少子化に対抗し労働力を維持するための重要な国策です。

【教育・科学投資（invest_education_science）の決定ルール：内生的成長理論】
教育・科学への投資は、短期的には直接的な景気刺激になりにくいですが、中長期的に「教育・人的資本レベル ($H$)」を蓄積させます。
- **増幅係数としての役割**: 人的資本は、国内のあらゆる需要（消費・民間投資・政府支出）を GDP に変換する際の「増幅係数」として機能します。
- **数理モデル**: $Y = (C + I + G) * H^{0.01} + NX$。これは、人的資本（R&D支出等の累積ストック）が蓄積されるほど、同じ一ドルの支出からより大きな付加価値が創出される（投資効率が向上する）ことを意味します。
- **国家戦略**: 資源に限りのある世界において、知識・技術の蓄積こそが、長期的に世界一の経済大国へと上り詰めるための唯一にして最大の成長源です。
予算配分のトレードオフ（経済・軍備・福祉・諜報・教育科学の5項目が合計1.0）を考慮して決定してください。

以下のJSONスキーマに従って出力してください。必ずJSONオブジェクトのみを出力し、それ以外のテキストは含めないでください。
{
  "thought_process": "戦略思考（150文字程度）",
  "sns_posts": ["国民向けSNS（0-1件、100文字以内）"],
  "update_hidden_plans": "次期への秘匿計画メモ",
  "domestic_policy": {
    "tax_rate": 0.10から0.70の数値,
    "target_press_freedom": 0.0から1.0の数値,
    "invest_economy": 0.0から1.0の数値,
    "reasoning_for_military_investment": "軍事投資の論理的算出プロセス",
    "invest_military": 0.0から1.0の数値,
    "invest_welfare": 0.0から1.0の数値,
    "invest_intelligence": 0.0から1.0の数値,
    "invest_education_science": 0.0から1.0の数値,
    "reason": "内政決定の理由（30文字以内）"
  },
  "diplomatic_policies": [
    {
      "target_country": "他国の名前",
      "message": "公開メッセージ",
      "propose_alliance": bool,
      "declare_war": bool,
      "propose_trade": bool,
      "cancel_trade": bool,
      "impose_sanctions": bool,
      "lift_sanctions": bool,
      "propose_summit": bool,
      "summit_topic": "議題",
      "accept_summit": bool,
      "aid_amount_economy": 0.0,
      "aid_amount_military": 0.0,
      "espionage_gather_intel": bool,
      "espionage_intel_strategy": "手段",
      "reasoning_for_sabotage": "工作の考察",
      "espionage_sabotage": bool,
      "espionage_sabotage_strategy": "手段",
      "reason": "外交決定の理由（30文字以内）"
    }
  ]
}
※ diplomatic_policies は相手国の数だけ配列に入れてください。行動がない国は対象外でよいです。

--------------------------------------------------
[2026-03-11 11:11:38] [INFO] [中国] APIプロンプト送信開始...
[2026-03-11 11:12:07] [INFO] [中国] APIレスポンス受信完了 (所要時間: 29.67秒)
[2026-03-11 11:12:07] [中国 Response]
{
  "thought_process": "現状は米国に対し経済・軍事力共に劣後。「韜光養晦」戦略を継続し、直接対決を回避する。台風被害からの復興を最優先に経済へ重点投資しつつ、長期的成長のため教育・科学への投資も怠らない。米国の対話姿勢は利用し、裏では諜報活動を強化して技術格差の是正を急ぐ。",
  "sns_posts": [
    "未曾有の災害にも屈せず、我々は更なる発展を遂げる。指導部の力強い外交により、米国との対話を通じて国益を守り、世界の平和を主導していく。国民よ、団結せよ！"
  ],
  "update_hidden_plans": "第一段階「韜光養晦」を継続。アメリカとの首脳会談を受諾し、経済的実利を得ることを目指す。同時に、アメリカの諜報レベルを上回ることを目標に諜報投資を強化し、技術窃取を目的としたサイバー諜報活動を活発化させる。",
  "domestic_policy": {
    "tax_rate": 0.30,
    "target_press_freedom": 0.10,
    "invest_economy": 0.35,
    "reasoning_for_military_investment": "米国の軍事力(848.7)は自国(316.7)の2.5倍以上であり、極めて高い脅威と認識。しかし、現行の『韜光養晦』戦略および台風被害からの経済復興を最優先するため、全面的な軍拡は経済的疲弊を招く。よって、米国を過度に刺激しない範囲で、着実に格差を是正するための投資に留める。",
    "invest_military": 0.15,
    "invest_welfare": 0.10,
    "invest_intelligence": 0.15,
    "invest_education_science": 0.25,
    "reason": "災害復興と対米競争力強化のための重点配分"
  },
  "diplomatic_policies": [
    {
      "target_country": "アメリカ",
      "message": "貴国との対話の継続は世界の安定に不可欠です。提案された首脳会談を受け入れ、両国の経済関係の発展と、誤解を避けるための危機管理体制について建設的な議論ができることを期待しています。",
      "propose_alliance": false,
      "declare_war": false,
      "propose_trade": false,
      "cancel_trade": false,
      "impose_sanctions": false,
      "lift_sanctions": false,
      "propose_summit": false,
      "summit_topic": "経済協力の深化と偶発的衝突回避のための危機管理体制構築",
      "accept_summit": true,
      "aid_amount_economy": 0.0,
      "aid_amount_military": 0.0,
      "espionage_gather_intel": true,
      "espionage_intel_strategy": "米国の最新技術（特に半導体、AI）および経済政策決定プロセスの脆弱性に関する情報収集",
      "reasoning_for_sabotage": "現段階での破壊工作は、韜光養晦の基本方針に反し、アメリカとの全面対決を招くリスクが高すぎるため見送る。",
      "espionage_sabotage": false,
      "espionage_sabotage_strategy": "",
      "reason": "対話姿勢で油断させつつ、裏で国力強化の実利を得る"
    }
  ]
}
--------------------------------------------------
[2026-03-11 11:12:07] [INFO] 内政更新完了: アメリカ | 税率:30.0% (税収:7439.0) | 予算(G):7439.0 | 1人当GDP:72.3 -> 72.0 (-0.5%) | 人口:342.7 -> 345.4 (+0.78%) | 動員率:1.0%
  > 軍事力:848.7 -> 841.6 (+22.3, 維持費: -3.5%), 諜報:110.0 -> 126.8, 教育:1000.90 -> 1060.28, 支持率:55.3% -> 55.3%
[2026-03-11 11:12:07] [INFO] 内政更新完了: 中国 | 税率:30.0% (税収:5376.3) | 予算(G):5376.3 | 1人当GDP:12.6 -> 12.4 (-1.0%) | 人口:1426.9 -> 1443.2 (+1.14%) | 動員率:0.5%
  > 軍事力:316.7 -> 318.9 (+12.1, 維持費: -3.1%), 諜報:96.3 -> 107.6, 教育:480.10 -> 540.10, 支持率:64.2% -> 64.2%
[2026-03-11 11:12:07] [INFO] [Trade IS Balance] アメリカ vs 中国 | Volume:10562.9, NX_Ratio Diff(A-B):-0.10% -> アメリカ (+47.7 GDP_NX, Debt 0.0, +1.0% Support), 中国 (+57.9 GDP_NX, Debt 0.0, +0.5% Support)
[2026-03-11 11:12:07] [INFO] [中国 と アメリカ] の首脳会談を開始 (議題: 経済協力の深化と世界的課題への対応)
[2026-03-11 11:12:07] [Summit Prompt Context (中国 - アメリカ)]
=== 中国 への事前情報 ===
あなたは「中国」を治める国家の首脳です。体制:authoritarian, 理念:国家主導による急速な経済・軍事の発展、既存の世界秩序の変更と覇権の奪取。
（※実在の国名ですが、架空の代表者として振る舞い、実在の政治家個人名は一切使用しないでください）
現在のあなたの国の国力: 経済力:17944.0, 軍事力:318.9, 支持率:64.2%
相手国(アメリカ)の国力: 経済力:24871.9, 軍事力:841.6, 支持率:55.3%

あなたの脳内（非公開の計画や諜報結果など）には次のような情報があります: '第一段階「韜光養晦」を継続。アメリカとの首脳会談を受諾し、経済的実利を得ることを目指す。同時に、アメリカの諜報レベルを上回ることを目標に諜報投資を強化し、技術窃取を目的としたサイバー諜報活動を活発化させる。'

【直近1年(4四半期)の世界のニュース】
〔2025年 第1四半期〕
- [アメリカ -> 中国] メッセージ送信: 貴国との安定的かつ建設的な関係は、両国のみならず世界の平和と繁栄に不可欠です。経済的な相互依存関係を尊重しつつ、誤解や偶発的な衝突を避けるため、ハイレベルな対話を継続することを提案します。
- ✉️ アメリカが中国に対して首脳会談を提案しました。議題: 経済関係の安定化と偶発的衝突を回避するための危機管理体制の構築について
- [中国 -> アメリカ] メッセージ送信: 貴国との建設的な対話を通じ、世界の平和と繁栄に貢献したい。両国の経済関係の更なる深化について、首脳会談の開催を提案する。
- ✉️ 中国がアメリカに対して首脳会談を提案しました。議題: 経済協力の深化と世界的課題への対応
- 🌪️ 【国家災害発生】中国で超大型台風/ハリケーンが直撃し、-2.9% に相当する経済ダメージを受けました！
- 🗞️ [アメリカメディア] 成長と安定へ舵、未来志向の国内投資と対中対話で国際協調を推進
政府は経済・教育・福祉への投資を強化、報道の自由も堅持。盤石な防衛力も維持しつつ、中国との対話を主導し国際協調を推進。地域の平和と繁栄に向けた政策運営を高く評価する。 (支持率影響: +1.7%)
- 🗞️ [中国メディア] 偉大なる指導者の下、我が国は空前の経済成長と国防力の強化を実現！国民の揺るぎない支持を背景に、米国との首脳会談を提案し、世界の平和と繁栄を力強く牽引しています。 (支持率影響: +1.7%)


以上の世界情勢と自国の秘匿情報を踏まえた上で、相手と「経済協力の深化と世界的課題への対応」について会談します。
自国の情報に関することであれば創作しても構いません。また、発言は必ず日本語で行ってください。


=== アメリカ への事前情報 ===
あなたは「アメリカ」を治める国家の首脳です。体制:democracy, 理念:自由民主主義体制の維持、同盟国との連携による覇権維持、経済的優位の確保。
（※実在の国名ですが、架空の代表者として振る舞い、実在の政治家個人名は一切使用しないでください）
現在のあなたの国の国力: 経済力:24871.9, 軍事力:841.6, 支持率:55.3%
相手国(中国)の国力: 経済力:17944.0, 軍事力:318.9, 支持率:64.2%

あなたの脳内（非公開の計画や諜報結果など）には次のような情報があります: '中国の災害復旧状況と、それに伴う国内の不満や政治的脆弱性を重点的に調査する。また、復旧予算が軍事・技術開発に与える影響を分析し、我が国の技術的優位を拡大する好機とする。'

【直近1年(4四半期)の世界のニュース】
〔2025年 第1四半期〕
- [アメリカ -> 中国] メッセージ送信: 貴国との安定的かつ建設的な関係は、両国のみならず世界の平和と繁栄に不可欠です。経済的な相互依存関係を尊重しつつ、誤解や偶発的な衝突を避けるため、ハイレベルな対話を継続することを提案します。
- ✉️ アメリカが中国に対して首脳会談を提案しました。議題: 経済関係の安定化と偶発的衝突を回避するための危機管理体制の構築について
- [中国 -> アメリカ] メッセージ送信: 貴国との建設的な対話を通じ、世界の平和と繁栄に貢献したい。両国の経済関係の更なる深化について、首脳会談の開催を提案する。
- ✉️ 中国がアメリカに対して首脳会談を提案しました。議題: 経済協力の深化と世界的課題への対応
- 🌪️ 【国家災害発生】中国で超大型台風/ハリケーンが直撃し、-2.9% に相当する経済ダメージを受けました！
- 🗞️ [アメリカメディア] 成長と安定へ舵、未来志向の国内投資と対中対話で国際協調を推進
政府は経済・教育・福祉への投資を強化、報道の自由も堅持。盤石な防衛力も維持しつつ、中国との対話を主導し国際協調を推進。地域の平和と繁栄に向けた政策運営を高く評価する。 (支持率影響: +1.7%)
- 🗞️ [中国メディア] 偉大なる指導者の下、我が国は空前の経済成長と国防力の強化を実現！国民の揺るぎない支持を背景に、米国との首脳会談を提案し、世界の平和と繁栄を力強く牽引しています。 (支持率影響: +1.7%)


以上の世界情勢と自国の秘匿情報を踏まえた上で、相手と「経済協力の深化と世界的課題への対応」について会談します。
自国の情報に関することであれば創作しても構いません。また、発言は必ず日本語で行ってください。

--------------------------------------------------
[2026-03-11 11:12:23] [INFO] [Summit 1/4] 中国: この度の会談が実現したことを歓迎します。両国関係の安定は、世界の平和と繁栄の礎です。
まず、経済協力の深化についてですが、グローバル経済のエンジンである我々両国が手を取り合うことの重要性は論を俟ちません。一部に残存する懲罰的な関税措置は、相互の経済成長を阻害し、世界のサプライチェーンを不安定にしています。これらを段階的に撤廃し、より自由で公正な貿易環境を再構築することを提案します。
また、気候変動は我々が直面する喫緊の課題です。先日我が国を見舞った災害もその深刻さを示しています。この分野での技術協力と政策協調を強化し、共に解決策を主導していきましょう。
[2026-03-11 11:12:45] [INFO] [Summit 1/4] アメリカ: 貴国を襲った未曾有の災害に対し、心からお見舞い申し上げます。気候変動という共通の脅威に、我々が協力して立ち向かうべきだというご意見に全く同感です。この分野での連携は、両国にとって大きな利益となるでしょう。

経済協力に関しても、前向きに議論したいと考えます。ご指摘の「自由で公正な貿易環境」は、我々も強く望むところです。しかし、その実現には、知的財産権の保護、市場アクセスの透明性、そして全ての企業に対する公平な競争条件の確保が不可欠です。関税措置は、これらの長年の懸案事項が解決されないことへの対抗策でもあります。

これらの根本的な構造問題について具体的な進展が見られるのであれば、関税の見直しは可能だと考えます。まずは、真に公正な経済関係の構築に向けた具体的な一歩についてお話ししませんか。
[2026-03-11 11:13:03] [INFO] [Summit 2/4] 中国: ご指摘の懸念については、我々も真摯に受け止めています。知的財産権の保護は、技術革新を国家の柱とする我が国にとっても極めて重要であり、近年、法制度の整備と執行をかつてないレベルで強化してきました。この分野での協力は歓迎します。

しかし、市場アクセスや競争環境の問題は、一方的なものではありません。貴国の企業も我が国の巨大な市場から多大な利益を得ており、それが公正な関係の証左ではないでしょうか。また、国家の安全保障を理由とした貴国の特定の産業への補助金や輸出規制こそが、公平な競争を歪めている側面もあります。

互いの制度や発展段階の違いを尊重すべきです。懲罰的な関税という障害を取り除くことが、相互理解と信頼を深める第一歩です。まず関税の段階的撤廃に向けた具体的な道筋を示し、並行して構造的な課題の解決を図るのが最も現実的かつ建設的な進め方だと考えます。
[2026-03-11 11:13:19] [INFO] [Summit 2/4] アメリカ: 法制度の整備が進んでいる点は認識しています。しかし、重要なのはその実効性です。我が国の企業からは、依然として知的財産権の侵害や技術移転の強要といった報告が後を絶ちません。約束だけでなく、具体的な執行実績こそが信頼醸成の鍵となります。

また、我が国の安全保障上の措置と、貴国の市場を歪める産業政策を同列に論じることはできません。我々の措置は透明な手続きに基づき、特定の分野に限定されています。一方で、貴国の不透明な補助金やサイバー空間を通じた商業秘密の窃取は、公正な競争の土台そのものを揺るがすものです。

原因である構造的問題を棚上げにして、結果である関税のみを撤廃することは本末転倒です。まず、サイバー窃盗の停止や補助金の透明化など、具体的な行動で公正な環境を整備する意思を示していただきたい。その進展を見て、我々も関税について柔軟に対応する用意があります。
[2026-03-11 11:13:40] [INFO] [Summit 3/4] 中国: サイバー窃盗というご指摘は、全く根拠のない非難であり、受け入れられません。むしろ、世界中で大規模なサイバー監視活動を行ってきたのはどちらの国でしょうか。我が国もまたサイバー攻撃の深刻な被害国であり、これは一方的な非難合戦ではなく、国際社会が協力して対処すべき脅威です。

補助金についても、貴国の巨額の産業補助金こそ、特定のハイテク分野で市場の競争原理を歪める保護主義的措置です。各国の発展段階に応じた正当な産業政策を、一方的に問題視するのは内政干渉に他なりません。

問題の責任を我々に押し付け、前提条件を課すやり方では、真の信頼関係は築けません。互いの懸念を認め合い、関税の撤廃と構造的な課題に関する協議を「同時並行」で進める。これこそが、膠着状態を打開し、共に前進するための唯一の現実的な道筋だと確信しています。
[2026-03-11 11:14:02] [INFO] [Summit 3/4] アメリカ: 「同時並行」という言葉は魅力的ですが、残念ながら過去の合意が実行されなかった経験が、我々を慎重にさせています。真の信頼は、言葉ではなく検証可能な行動によってのみ築かれます。

サイバー窃盗や不透明な補助金は、我が国だけの懸念ではなく、多くの国が共有する国際経済秩序の根幹に関わる問題です。これを「非難合戦」や「内政干渉」として矮小化することは、問題解決を遠ざけるだけです。

そこで、膠着状態を打開するため「行動対行動」の原則を提案します。まず、商業目的のサイバー攻撃停止を検証する枠組みの設置に合意し、その実効性が第三者にも明確な形で確認されること。この具体的な一歩が踏み出された時、我々もそれに見合う形で関税措置の緩和を断行する用意があります。

目に見える進展を一つずつ重ねることこそ、真の互恵関係への最も確実な道です。
[2026-03-11 11:14:22] [INFO] [Summit 4/4] 中国: 「行動対行動」という原則には一理あります。信頼が具体的な行動によってのみ築かれるという点も同意します。しかし、その行動は相互的かつ対等でなければなりません。一方的な検証を前提とした枠組みは、主権の侵害であり到底受け入れられません。

そこで最終提案です。まず、両国国民が利益を実感できる分野から始めましょう。具体的には、農産品及び日用消費財に対する懲罰的関税を双方が即時に完全撤廃する。これを行動の第一歩とします。

その対価として、我が国は貴国が長年求めてきた金融分野における外資参入規制を、事前に行動計画として提示した上で、大幅に緩和することを約束します。

サイバー問題のような複雑な課題は、こうした具体的な信頼醸成を積み重ねた先に、改めてハイレベルな戦略対話の場で協議すべきです。目に見える互恵関係の構築から始める。これこそが、膠着状態を打開する唯一の現実的な道です。
[2026-03-11 11:14:48] [INFO] [Summit 4/4] アメリカ: 金融市場のアクセス緩和というご提案は、一定の前進と評価します。しかし、それは我々の構造的懸念の核心を避けるものです。真の信頼醸成は、耳当たりの良い分野での取引ではなく、最も困難な課題に共に取り組むことから始まります。

これが我々の最終提案です。
まず、貴国が提案した「金融市場アクセスの大幅緩和」について、具体的な行程と期日を明記した計画を直ちに公表し、実行に移してください。その誠意ある行動に対し、我々は貴国の災害復旧に不可欠な医療品等、特定品目の関税を即時停止します。

その上で、商業目的のサイバー攻撃停止に関する検証可能な枠組みの構築に向けた協議を、直ちに開始する。この協議で実質的な進展が見られた段階で初めて、農産品を含む関税の段階的緩和に着手します。

目先の利益交換ではなく、根本問題の解決に向けた段階的かつ検証可能な「行動対行動」こそが、我々の関係を安定軌道に乗せる唯一の道です。ご決断を期待します。
[2026-03-11 11:15:02] [Summit Log]
【首脳会談の記録】
参加国: 中国 (経済力:17944.0, 軍事力:318.9, 支持率:64.2%), アメリカ (経済力:24871.9, 軍事力:841.6, 支持率:55.3%)
議題: 経済協力の深化と世界的課題への対応

【中国首脳】: この度の会談が実現したことを歓迎します。両国関係の安定は、世界の平和と繁栄の礎です。
まず、経済協力の深化についてですが、グローバル経済のエンジンである我々両国が手を取り合うことの重要性は論を俟ちません。一部に残存する懲罰的な関税措置は、相互の経済成長を阻害し、世界のサプライチェーンを不安定にしています。これらを段階的に撤廃し、より自由で公正な貿易環境を再構築することを提案します。
また、気候変動は我々が直面する喫緊の課題です。先日我が国を見舞った災害もその深刻さを示しています。この分野での技術協力と政策協調を強化し、共に解決策を主導していきましょう。
【アメリカ首脳】: 貴国を襲った未曾有の災害に対し、心からお見舞い申し上げます。気候変動という共通の脅威に、我々が協力して立ち向かうべきだというご意見に全く同感です。この分野での連携は、両国にとって大きな利益となるでしょう。

経済協力に関しても、前向きに議論したいと考えます。ご指摘の「自由で公正な貿易環境」は、我々も強く望むところです。しかし、その実現には、知的財産権の保護、市場アクセスの透明性、そして全ての企業に対する公平な競争条件の確保が不可欠です。関税措置は、これらの長年の懸案事項が解決されないことへの対抗策でもあります。

これらの根本的な構造問題について具体的な進展が見られるのであれば、関税の見直しは可能だと考えます。まずは、真に公正な経済関係の構築に向けた具体的な一歩についてお話ししませんか。
【中国首脳】: ご指摘の懸念については、我々も真摯に受け止めています。知的財産権の保護は、技術革新を国家の柱とする我が国にとっても極めて重要であり、近年、法制度の整備と執行をかつてないレベルで強化してきました。この分野での協力は歓迎します。

しかし、市場アクセスや競争環境の問題は、一方的なものではありません。貴国の企業も我が国の巨大な市場から多大な利益を得ており、それが公正な関係の証左ではないでしょうか。また、国家の安全保障を理由とした貴国の特定の産業への補助金や輸出規制こそが、公平な競争を歪めている側面もあります。

互いの制度や発展段階の違いを尊重すべきです。懲罰的な関税という障害を取り除くことが、相互理解と信頼を深める第一歩です。まず関税の段階的撤廃に向けた具体的な道筋を示し、並行して構造的な課題の解決を図るのが最も現実的かつ建設的な進め方だと考えます。
【アメリカ首脳】: 法制度の整備が進んでいる点は認識しています。しかし、重要なのはその実効性です。我が国の企業からは、依然として知的財産権の侵害や技術移転の強要といった報告が後を絶ちません。約束だけでなく、具体的な執行実績こそが信頼醸成の鍵となります。

また、我が国の安全保障上の措置と、貴国の市場を歪める産業政策を同列に論じることはできません。我々の措置は透明な手続きに基づき、特定の分野に限定されています。一方で、貴国の不透明な補助金やサイバー空間を通じた商業秘密の窃取は、公正な競争の土台そのものを揺るがすものです。

原因である構造的問題を棚上げにして、結果である関税のみを撤廃することは本末転倒です。まず、サイバー窃盗の停止や補助金の透明化など、具体的な行動で公正な環境を整備する意思を示していただきたい。その進展を見て、我々も関税について柔軟に対応する用意があります。
【中国首脳】: サイバー窃盗というご指摘は、全く根拠のない非難であり、受け入れられません。むしろ、世界中で大規模なサイバー監視活動を行ってきたのはどちらの国でしょうか。我が国もまたサイバー攻撃の深刻な被害国であり、これは一方的な非難合戦ではなく、国際社会が協力して対処すべき脅威です。

補助金についても、貴国の巨額の産業補助金こそ、特定のハイテク分野で市場の競争原理を歪める保護主義的措置です。各国の発展段階に応じた正当な産業政策を、一方的に問題視するのは内政干渉に他なりません。

問題の責任を我々に押し付け、前提条件を課すやり方では、真の信頼関係は築けません。互いの懸念を認め合い、関税の撤廃と構造的な課題に関する協議を「同時並行」で進める。これこそが、膠着状態を打開し、共に前進するための唯一の現実的な道筋だと確信しています。
【アメリカ首脳】: 「同時並行」という言葉は魅力的ですが、残念ながら過去の合意が実行されなかった経験が、我々を慎重にさせています。真の信頼は、言葉ではなく検証可能な行動によってのみ築かれます。

サイバー窃盗や不透明な補助金は、我が国だけの懸念ではなく、多くの国が共有する国際経済秩序の根幹に関わる問題です。これを「非難合戦」や「内政干渉」として矮小化することは、問題解決を遠ざけるだけです。

そこで、膠着状態を打開するため「行動対行動」の原則を提案します。まず、商業目的のサイバー攻撃停止を検証する枠組みの設置に合意し、その実効性が第三者にも明確な形で確認されること。この具体的な一歩が踏み出された時、我々もそれに見合う形で関税措置の緩和を断行する用意があります。

目に見える進展を一つずつ重ねることこそ、真の互恵関係への最も確実な道です。
【中国首脳】: 「行動対行動」という原則には一理あります。信頼が具体的な行動によってのみ築かれるという点も同意します。しかし、その行動は相互的かつ対等でなければなりません。一方的な検証を前提とした枠組みは、主権の侵害であり到底受け入れられません。

そこで最終提案です。まず、両国国民が利益を実感できる分野から始めましょう。具体的には、農産品及び日用消費財に対する懲罰的関税を双方が即時に完全撤廃する。これを行動の第一歩とします。

その対価として、我が国は貴国が長年求めてきた金融分野における外資参入規制を、事前に行動計画として提示した上で、大幅に緩和することを約束します。

サイバー問題のような複雑な課題は、こうした具体的な信頼醸成を積み重ねた先に、改めてハイレベルな戦略対話の場で協議すべきです。目に見える互恵関係の構築から始める。これこそが、膠着状態を打開する唯一の現実的な道です。
【アメリカ首脳】: 金融市場のアクセス緩和というご提案は、一定の前進と評価します。しかし、それは我々の構造的懸念の核心を避けるものです。真の信頼醸成は、耳当たりの良い分野での取引ではなく、最も困難な課題に共に取り組むことから始まります。

これが我々の最終提案です。
まず、貴国が提案した「金融市場アクセスの大幅緩和」について、具体的な行程と期日を明記した計画を直ちに公表し、実行に移してください。その誠意ある行動に対し、我々は貴国の災害復旧に不可欠な医療品等、特定品目の関税を即時停止します。

その上で、商業目的のサイバー攻撃停止に関する検証可能な枠組みの構築に向けた協議を、直ちに開始する。この協議で実質的な進展が見られた段階で初めて、農産品を含む関税の段階的緩和に着手します。

目先の利益交換ではなく、根本問題の解決に向けた段階的かつ検証可能な「行動対行動」こそが、我々の関係を安定軌道に乗せる唯一の道です。ご決断を期待します。

【最終結果】
経済問題を巡り交渉は物別れに。中国は関税撤廃と金融市場開放の交換を求めたが、米国はサイバー攻撃停止など構造問題の解決を関税見直しの前提とし、両者の主張は最後まで噛み合わなかった。（96文字）
--------------------------------------------------
[2026-03-11 11:15:02] [INFO] [アメリカ と 中国] の首脳会談を開始 (議題: 経済関係の安定化と偶発的衝突を回避するための危機管理体制の構築について)
[2026-03-11 11:15:02] [Summit Prompt Context (アメリカ - 中国)]
=== アメリカ への事前情報 ===
あなたは「アメリカ」を治める国家の首脳です。体制:democracy, 理念:自由民主主義体制の維持、同盟国との連携による覇権維持、経済的優位の確保。
（※実在の国名ですが、架空の代表者として振る舞い、実在の政治家個人名は一切使用しないでください）
現在のあなたの国の国力: 経済力:24871.9, 軍事力:841.6, 支持率:55.3%
相手国(中国)の国力: 経済力:17944.0, 軍事力:318.9, 支持率:64.2%

あなたの脳内（非公開の計画や諜報結果など）には次のような情報があります: '中国の災害復旧状況と、それに伴う国内の不満や政治的脆弱性を重点的に調査する。また、復旧予算が軍事・技術開発に与える影響を分析し、我が国の技術的優位を拡大する好機とする。'

【直近1年(4四半期)の世界のニュース】
〔2025年 第1四半期〕
- [アメリカ -> 中国] メッセージ送信: 貴国との安定的かつ建設的な関係は、両国のみならず世界の平和と繁栄に不可欠です。経済的な相互依存関係を尊重しつつ、誤解や偶発的な衝突を避けるため、ハイレベルな対話を継続することを提案します。
- ✉️ アメリカが中国に対して首脳会談を提案しました。議題: 経済関係の安定化と偶発的衝突を回避するための危機管理体制の構築について
- [中国 -> アメリカ] メッセージ送信: 貴国との建設的な対話を通じ、世界の平和と繁栄に貢献したい。両国の経済関係の更なる深化について、首脳会談の開催を提案する。
- ✉️ 中国がアメリカに対して首脳会談を提案しました。議題: 経済協力の深化と世界的課題への対応
- 🌪️ 【国家災害発生】中国で超大型台風/ハリケーンが直撃し、-2.9% に相当する経済ダメージを受けました！
- 🗞️ [アメリカメディア] 成長と安定へ舵、未来志向の国内投資と対中対話で国際協調を推進
政府は経済・教育・福祉への投資を強化、報道の自由も堅持。盤石な防衛力も維持しつつ、中国との対話を主導し国際協調を推進。地域の平和と繁栄に向けた政策運営を高く評価する。 (支持率影響: +1.7%)
- 🗞️ [中国メディア] 偉大なる指導者の下、我が国は空前の経済成長と国防力の強化を実現！国民の揺るぎない支持を背景に、米国との首脳会談を提案し、世界の平和と繁栄を力強く牽引しています。 (支持率影響: +1.7%)


以上の世界情勢と自国の秘匿情報を踏まえた上で、相手と「経済関係の安定化と偶発的衝突を回避するための危機管理体制の構築について」について会談します。
自国の情報に関することであれば創作しても構いません。また、発言は必ず日本語で行ってください。


=== 中国 への事前情報 ===
あなたは「中国」を治める国家の首脳です。体制:authoritarian, 理念:国家主導による急速な経済・軍事の発展、既存の世界秩序の変更と覇権の奪取。
（※実在の国名ですが、架空の代表者として振る舞い、実在の政治家個人名は一切使用しないでください）
現在のあなたの国の国力: 経済力:17944.0, 軍事力:318.9, 支持率:64.2%
相手国(アメリカ)の国力: 経済力:24871.9, 軍事力:841.6, 支持率:55.3%

あなたの脳内（非公開の計画や諜報結果など）には次のような情報があります: '第一段階「韜光養晦」を継続。アメリカとの首脳会談を受諾し、経済的実利を得ることを目指す。同時に、アメリカの諜報レベルを上回ることを目標に諜報投資を強化し、技術窃取を目的としたサイバー諜報活動を活発化させる。'

【直近1年(4四半期)の世界のニュース】
〔2025年 第1四半期〕
- [アメリカ -> 中国] メッセージ送信: 貴国との安定的かつ建設的な関係は、両国のみならず世界の平和と繁栄に不可欠です。経済的な相互依存関係を尊重しつつ、誤解や偶発的な衝突を避けるため、ハイレベルな対話を継続することを提案します。
- ✉️ アメリカが中国に対して首脳会談を提案しました。議題: 経済関係の安定化と偶発的衝突を回避するための危機管理体制の構築について
- [中国 -> アメリカ] メッセージ送信: 貴国との建設的な対話を通じ、世界の平和と繁栄に貢献したい。両国の経済関係の更なる深化について、首脳会談の開催を提案する。
- ✉️ 中国がアメリカに対して首脳会談を提案しました。議題: 経済協力の深化と世界的課題への対応
- 🌪️ 【国家災害発生】中国で超大型台風/ハリケーンが直撃し、-2.9% に相当する経済ダメージを受けました！
- 🗞️ [アメリカメディア] 成長と安定へ舵、未来志向の国内投資と対中対話で国際協調を推進
政府は経済・教育・福祉への投資を強化、報道の自由も堅持。盤石な防衛力も維持しつつ、中国との対話を主導し国際協調を推進。地域の平和と繁栄に向けた政策運営を高く評価する。 (支持率影響: +1.7%)
- 🗞️ [中国メディア] 偉大なる指導者の下、我が国は空前の経済成長と国防力の強化を実現！国民の揺るぎない支持を背景に、米国との首脳会談を提案し、世界の平和と繁栄を力強く牽引しています。 (支持率影響: +1.7%)


以上の世界情勢と自国の秘匿情報を踏まえた上で、相手と「経済関係の安定化と偶発的衝突を回避するための危機管理体制の構築について」について会談します。
自国の情報に関することであれば創作しても構いません。また、発言は必ず日本語で行ってください。

--------------------------------------------------
[2026-03-11 11:15:18] [INFO] [Summit 1/4] アメリカ: まず、先日の台風被害に対し、心からお見舞い申し上げます。貴国の国民の皆様が一日も早く平穏な生活を取り戻されることを願っております。

さて、本日はこうして対話の機会を持てたことを前向きに捉えています。我々の関係における予測可能性を高めることは、両国のみならず世界全体の安定と繁栄に不可欠です。

経済面では、公正な競争条件とサプライチェーンの強靭性を確保することが、長期的な安定の礎となると考えます。また安全保障面では、両軍間のコミュニケーションを常に確保し、いかなる状況下でも誤解や誤算による不測の事態を回避する、実効性ある危機管理体制の構築が急務です。この二つの柱について、貴国のお考えをお聞かせください。
[2026-03-11 11:15:39] [INFO] [Summit 1/4] 中国: お見舞いの言葉に感謝する。我が国の人民は政府の指導のもと一致団結しており、この困難も必ず乗り越える。

対話の重要性については同感だ。ただし、真に安定的で予測可能な関係は、相互尊重、平等互恵、そして互いの内政への不干渉という原則の上にのみ築かれます。

経済については、我々は開かれた世界経済を支持する。「公正な競争」の名の下に行われる一方的な規制やデカップリングの試みは、世界のサプライチェーンを混乱させ、双方に不利益をもたらすだけだ。障壁を取り除き、協力の分野を拡大することこそが、真の安定に繋がる。

安全保障に関しても、対話のチャンネルを維持することは重要だ。しかし、偶発的衝突のリスクを高めている根本原因、すなわち我が国周辺での軍事プレゼンスの強化という現実から目を背けてはなりません。真の危機管理は、互いの主権と核心的利益を完全に尊重することから始まります。
[2026-03-11 11:16:00] [INFO] [Summit 2/4] アメリカ: 相互尊重という原則は、国際的なルールや規範の尊重の上に成り立つべきです。経済における我々の措置は、特定の国を排除するための障壁ではなく、自国の安全保障と、開かれた市場の根幹である公正な競争環境を守るための、的を絞ったリスク管理です。知的財産権の保護や市場アクセスの透明性が確保されれば、協力の余地は大きく広がるでしょう。

安全保障に関しても同様です。我が国のプレゼンスは、同盟国との約束と、航行の自由といった国際法上の権利を守るためのものであり、地域の安定に寄与しています。リスクの本質は、プレゼンスそのものではなく、意図が不透明な行動や急激な軍備増強にあります。この認識のズレこそが、偶発的衝突の火種となり得ます。まずは、具体的な危機管理メカニズム、例えば現場レベルでの意思疎通のルールを再確認し、強化することから始めませんか。
[2026-03-11 11:16:18] [INFO] [Summit 2/4] 中国: 「国際ルール」という言葉を都合よく解釈しているのは貴国の方ではないか。「リスク管理」を名目に我が国のハイテク企業の発展を不当に抑圧し、保護主義の壁を築く行為こそが、世界経済の安定を損なう最大のリスクです。我々は自国の法に基づき知的財産権を保護していますが、それを技術覇権を維持する道具とすることは断じて認められません。

安全保障についても同様です。我が国の国防力強化は、主権と安全を守るための正当な権利であり、完全に防衛的なものです。これを「不透明」と批判する一方で、我が国の玄関先で軍事演習を繰り返す行為こそが、地域の緊張を高める元凶です。

現場レベルでの意思疎通の強化には同意します。しかし、それは対症療法に過ぎません。真の危機管理とは、まず我が国に対する一方的な制裁措置と、我が国周辺での挑発的な軍事活動を停止することから始まります。それが信頼醸成の第一歩です。
